[0.015s] Invoking command in '/home/colcon_ws/src/moveit2-humble/build/moveit_core': AMENT_PREFIX_PATH=/home/colcon_ws/src/moveit2-humble/install/moveit_common:${AMENT_PREFIX_PATH} CMAKE_PREFIX_PATH=/home/colcon_ws/src/moveit2-humble/install/moveit_common:/home/colcon_ws/install/pilz_industrial_motion_planner_testutils:/home/colcon_ws/install/moveit_runtime:/home/colcon_ws/install/moveit2_tutorials:/home/colcon_ws/install/moveit:/home/colcon_ws/install/moveit_planners:/home/colcon_ws/install/pilz_industrial_motion_planner:/home/colcon_ws/install/moveit_visual_tools:/home/colcon_ws/install/moveit_task_constructor_visualization:/home/colcon_ws/install/moveit_task_constructor_demo:/home/colcon_ws/install/moveit_task_constructor_capabilities:/home/colcon_ws/install/moveit_task_constructor_core:/home/colcon_ws/install/moveit_ros_control_interface:/home/colcon_ws/install/moveit_plugins:/home/colcon_ws/install/moveit_simple_controller_manager:/home/colcon_ws/install/moveit_setup_assistant:/home/colcon_ws/install/moveit_setup_srdf_plugins:/home/colcon_ws/install/moveit_setup_core_plugins:/home/colcon_ws/install/moveit_setup_controllers:/home/colcon_ws/install/moveit_setup_app_plugins:/home/colcon_ws/install/moveit_setup_framework:/home/colcon_ws/install/moveit_servo:/home/colcon_ws/install/moveit_ros:/home/colcon_ws/install/moveit_ros_visualization:/home/colcon_ws/install/moveit_hybrid_planning:/home/colcon_ws/install/moveit_ros_planning_interface:/home/colcon_ws/install/moveit_ros_benchmarks:/home/colcon_ws/install/moveit_ros_warehouse:/home/colcon_ws/install/moveit_ros_robot_interaction:/home/colcon_ws/install/moveit_ros_perception:/home/colcon_ws/install/moveit_resources_prbt_pg70_support:/home/colcon_ws/install/moveit_resources_prbt_moveit_config:/home/colcon_ws/install/moveit_ros_move_group:/home/colcon_ws/install/moveit_planners_ompl:/home/colcon_ws/install/moveit_ros_planning:/home/colcon_ws/install/moveit_ros_occupancy_map_monitor:/home/colcon_ws/install/moveit_resources_prbt_ikfast_manipulator_plugin:/home/colcon_ws/install/moveit_planners_chomp:/home/colcon_ws/install/moveit_kinematics:/home/colcon_ws/install/moveit_chomp_optimizer_adapter:/home/colcon_ws/install/chomp_motion_planner:/home/colcon_ws/install/moveit_core:/home/colcon_ws/install/srdfdom:/home/colcon_ws/install/rviz_marker_tools:/home/colcon_ws/install/rosparam_shortcuts:/home/colcon_ws/install/my_messages:/home/colcon_ws/install/moveit_task_constructor_msgs:/home/colcon_ws/install/moveit_resources_prbt_support:/home/colcon_ws/install/moveit_resources:/home/colcon_ws/install/moveit_resources_pr2_description:/home/colcon_ws/install/moveit_resources_panda_moveit_config:/home/colcon_ws/install/moveit_resources_panda_description:/home/colcon_ws/install/moveit_resources_fanuc_moveit_config:/home/colcon_ws/install/moveit_resources_fanuc_description:/home/colcon_ws/install/moveit_common:/home/colcon_ws/install/goal_change_interfaces:/home/colcon_ws/install/cpp_srvcli:/home/colcon_ws/install/moveit_configs_utils:/home/colcon_ws/install/launch_param_builder:/opt/ros/humble /usr/bin/cmake /home/colcon_ws/src/moveit2-humble/moveit_core -DCMAKE_BUILD_TYPE=Debug -DCMAKE_INSTALL_PREFIX=/home/colcon_ws/src/moveit2-humble/install/moveit_core
[0.092s] -- The CXX compiler identification is GNU 11.3.0
[0.100s] -- Detecting CXX compiler ABI info
[0.183s] -- Detecting CXX compiler ABI info - done
[0.191s] -- Check for working CXX compiler: /usr/bin/c++ - skipped
[0.191s] -- Detecting CXX compile features
[0.192s] -- Detecting CXX compile features - done
[0.192s] -- Found moveit_common: 2.5.4 (/home/colcon_ws/src/moveit2-humble/install/moveit_common/share/moveit_common/cmake)
[0.201s] -- Found ament_cmake: 1.3.4 (/opt/ros/humble/share/ament_cmake/cmake)
[0.414s] -- Found Python3: /usr/bin/python3.10 (found version "3.10.6") found components: Interpreter 
[0.654s] -- Found libdw: /usr/lib/x86_64-linux-gnu/libdw.so  
[0.659s] -- Could NOT find libbfd (missing: LIBBFD_LIBRARY LIBBFD_INCLUDE_DIR) 
[0.659s] -- BACKWARD_HAS_UNWIND=1
[0.660s] -- BACKWARD_HAS_BACKTRACE=0
[0.660s] -- BACKWARD_HAS_BACKTRACE_SYMBOL=0
[0.660s] -- BACKWARD_HAS_DW=1
[0.660s] -- BACKWARD_HAS_BFD=0
[0.660s] -- Found Backward: /opt/ros/humble/share/backward_ros/cmake  
[0.668s] -- Found rclcpp: 16.0.4 (/opt/ros/humble/share/rclcpp/cmake)
[0.774s] -- Found rosidl_generator_c: 3.1.4 (/opt/ros/humble/share/rosidl_generator_c/cmake)
[0.792s] -- Found rosidl_adapter: 3.1.4 (/opt/ros/humble/share/rosidl_adapter/cmake)
[0.813s] -- Found rosidl_generator_cpp: 3.1.4 (/opt/ros/humble/share/rosidl_generator_cpp/cmake)
[0.839s] -- Using all available rosidl_typesupport_c: rosidl_typesupport_fastrtps_c;rosidl_typesupport_introspection_c
[0.884s] -- Using all available rosidl_typesupport_cpp: rosidl_typesupport_fastrtps_cpp;rosidl_typesupport_introspection_cpp
[1.017s] -- Found rmw_implementation_cmake: 6.1.1 (/opt/ros/humble/share/rmw_implementation_cmake/cmake)
[1.029s] -- Found rmw_fastrtps_cpp: 6.2.2 (/opt/ros/humble/share/rmw_fastrtps_cpp/cmake)
[1.176s] -- Found OpenSSL: /usr/lib/x86_64-linux-gnu/libcrypto.so (found version "3.0.2")  
[1.206s] -- Found FastRTPS: /opt/ros/humble/include  
[1.266s] -- Using RMW implementation 'rmw_fastrtps_cpp' as default
[1.296s] -- Looking for C++ include pthread.h
[1.402s] -- Looking for C++ include pthread.h - found
[1.402s] -- Performing Test CMAKE_HAVE_LIBC_PTHREAD
[1.512s] -- Performing Test CMAKE_HAVE_LIBC_PTHREAD - Success
[1.513s] -- Found Threads: TRUE  
[1.692s] -- Found eigen3_cmake_module: 0.1.1 (/opt/ros/humble/share/eigen3_cmake_module/cmake)
[1.706s] -- Found Eigen3: TRUE (found version "3.4.0") 
[1.710s] -- Found PkgConfig: /usr/bin/pkg-config (found version "0.29.2") 
[1.710s] -- Checking for module 'fcl>=0.5.0'
[1.728s] --   Found fcl, version 0.7.0
[1.786s] -- Found Bullet: /usr/lib/x86_64-linux-gnu/libBulletDynamics.so (Required is at least version "2.87") 
[1.795s] -- Found angles: 1.15.0 (/opt/ros/humble/share/angles/cmake)
[1.840s] -- Found urdf: 2.6.0 (/opt/ros/humble/share/urdf/cmake)
[1.907s] -- Found tf2_eigen: 0.25.2 (/opt/ros/humble/share/tf2_eigen/cmake)
[2.344s] -- Found tf2_kdl: 0.25.2 (/opt/ros/humble/share/tf2_kdl/cmake)
[2.370s] -- Ensuring Eigen3 include directory is part of orocos-kdl CMake target
[2.388s] -- Found tf2_geometry_msgs: 0.25.2 (/opt/ros/humble/share/tf2_geometry_msgs/cmake)
[2.408s] -- Found eigen_stl_containers: 1.0.0 (/opt/ros/humble/share/eigen_stl_containers/cmake)
[2.417s] -- Found generate_parameter_library: 0.3.3 (/opt/ros/humble/share/generate_parameter_library/cmake)
[2.426s] -- Found parameter_traits: 0.3.3 (/opt/ros/humble/share/parameter_traits/cmake)
[2.473s] -- Found rclcpp_lifecycle: 16.0.4 (/opt/ros/humble/share/rclcpp_lifecycle/cmake)
[2.530s] -- Found geometric_shapes: 2.1.3 (/opt/ros/humble/share/geometric_shapes/cmake)
[2.558s] -- Found Boost: /usr/lib/x86_64-linux-gnu/cmake/Boost-1.74.0/BoostConfig.cmake (found version "1.74.0") found components: filesystem 
[2.693s] -- library: /usr/lib/x86_64-linux-gnu/libcurl.so
[2.997s] -- Found kdl_parser: 2.6.4 (/opt/ros/humble/share/kdl_parser/cmake)
[3.006s] -- Found moveit_msgs: 2.2.1 (/opt/ros/humble/share/moveit_msgs/cmake)
[3.556s] -- Found srdfdom: 2.0.4 (/home/colcon_ws/install/srdfdom/share/srdfdom/cmake)
[3.566s] -- Found common_interfaces: 4.2.3 (/opt/ros/humble/share/common_interfaces/cmake)
[3.653s] -- Found Boost: /usr/lib/x86_64-linux-gnu/cmake/Boost-1.74.0/BoostConfig.cmake (found version "1.74.0") found components: chrono date_time filesystem iostreams program_options regex serialization system thread 
[3.654s] --  *** Building MoveIt 2.5.4-Alpha ***
[3.658s] -- Performing Test COMPILER_HAS_HIDDEN_VISIBILITY
[3.759s] -- Performing Test COMPILER_HAS_HIDDEN_VISIBILITY - Success
[3.759s] -- Performing Test COMPILER_HAS_HIDDEN_INLINE_VISIBILITY
[3.860s] -- Performing Test COMPILER_HAS_HIDDEN_INLINE_VISIBILITY - Success
[3.861s] -- Performing Test COMPILER_HAS_DEPRECATED_ATTR
[3.961s] -- Performing Test COMPILER_HAS_DEPRECATED_ATTR - Success
[3.980s] -- Found ament_cmake_gtest: 1.3.4 (/opt/ros/humble/share/ament_cmake_gtest/cmake)
[3.988s] -- Found gtest sources under '/opt/ros/humble/src/gtest_vendor': C++ tests using 'Google Test' will be built
[4.033s] -- The C compiler identification is GNU 11.3.0
[4.040s] -- Detecting C compiler ABI info
[4.132s] -- Detecting C compiler ABI info - done
[4.138s] -- Check for working C compiler: /usr/bin/cc - skipped
[4.138s] -- Detecting C compile features
[4.138s] -- Detecting C compile features - done
[4.166s] -- Found ament_cmake_gmock: 1.3.4 (/opt/ros/humble/share/ament_cmake_gmock/cmake)
[4.176s] -- Found gmock sources under '/opt/ros/humble/src/gmock_vendor': C++ tests using 'Google Mock' will be built
[4.179s] -- Found ament_cmake_gtest: 1.3.4 (/opt/ros/humble/share/ament_cmake_gtest/cmake)
[4.179s] -- Found gtest sources under '/opt/ros/humble/src/gtest_vendor': C++ tests using 'Google Test' will be built
[4.198s] -- Found ament_cmake_gtest: 1.3.4 (/opt/ros/humble/share/ament_cmake_gtest/cmake)
[4.199s] -- Found gtest sources under '/opt/ros/humble/src/gtest_vendor': C++ tests using 'Google Test' will be built
[4.246s] -- Found ament_cmake_gtest: 1.3.4 (/opt/ros/humble/share/ament_cmake_gtest/cmake)
[4.247s] -- Found gtest sources under '/opt/ros/humble/src/gtest_vendor': C++ tests using 'Google Test' will be built
[4.275s] -- Found ament_lint_auto: 0.12.6 (/opt/ros/humble/share/ament_lint_auto/cmake)
[4.275s] -- Found ament_cmake_gtest: 1.3.4 (/opt/ros/humble/share/ament_cmake_gtest/cmake)
[4.276s] -- Found gtest sources under '/opt/ros/humble/src/gtest_vendor': C++ tests using 'Google Test' will be built
[4.310s] -- Found ament_cmake_gtest: 1.3.4 (/opt/ros/humble/share/ament_cmake_gtest/cmake)
[4.311s] -- Found gtest sources under '/opt/ros/humble/src/gtest_vendor': C++ tests using 'Google Test' will be built
[4.337s] -- Found ament_cmake_gtest: 1.3.4 (/opt/ros/humble/share/ament_cmake_gtest/cmake)
[4.338s] -- Found gtest sources under '/opt/ros/humble/src/gtest_vendor': C++ tests using 'Google Test' will be built
[4.354s] -- Found ament_cmake_gtest: 1.3.4 (/opt/ros/humble/share/ament_cmake_gtest/cmake)
[4.355s] -- Found gtest sources under '/opt/ros/humble/src/gtest_vendor': C++ tests using 'Google Test' will be built
[4.369s] -- Found gtest sources under '/opt/ros/humble/src/gtest_vendor': C++ tests using 'Google Test' will be built
[4.385s] -- Found gtest sources under '/opt/ros/humble/src/gtest_vendor': C++ tests using 'Google Test' will be built
[4.403s] -- Found ament_cmake_gtest: 1.3.4 (/opt/ros/humble/share/ament_cmake_gtest/cmake)
[4.404s] -- Found gtest sources under '/opt/ros/humble/src/gtest_vendor': C++ tests using 'Google Test' will be built
[4.443s] -- Found gtest sources under '/opt/ros/humble/src/gtest_vendor': C++ tests using 'Google Test' will be built
[4.472s] -- Found gtest sources under '/opt/ros/humble/src/gtest_vendor': C++ tests using 'Google Test' will be built
[4.497s] -- Found gtest sources under '/opt/ros/humble/src/gtest_vendor': C++ tests using 'Google Test' will be built
[4.503s] -- Found ament_lint_auto: 0.12.6 (/opt/ros/humble/share/ament_lint_auto/cmake)
[4.579s] -- Added test 'cppcheck' to perform static code analysis on C / C++ code
[4.581s] -- Configured cppcheck include dirs: /home/colcon_ws/src/moveit2-humble/moveit_core/exceptions/include;/home/colcon_ws/src/moveit2-humble/moveit_core/collision_detection/include;/home/colcon_ws/src/moveit2-humble/moveit_core/collision_detection_fcl/include;/home/colcon_ws/src/moveit2-humble/moveit_core/collision_detection_bullet/include;/home/colcon_ws/src/moveit2-humble/moveit_core/constraint_samplers/include;/home/colcon_ws/src/moveit2-humble/moveit_core/controller_manager/include;/home/colcon_ws/src/moveit2-humble/moveit_core/distance_field/include;/home/colcon_ws/src/moveit2-humble/moveit_core/collision_distance_field/include;/home/colcon_ws/src/moveit2-humble/moveit_core/dynamics_solver/include;/home/colcon_ws/src/moveit2-humble/moveit_core/kinematics_base/include;/home/colcon_ws/src/moveit2-humble/moveit_core/kinematics_metrics/include;/home/colcon_ws/src/moveit2-humble/moveit_core/robot_model/include;/home/colcon_ws/src/moveit2-humble/moveit_core/transforms/include;/home/colcon_ws/src/moveit2-humble/moveit_core/robot_state/include;/home/colcon_ws/src/moveit2-humble/moveit_core/robot_trajectory/include;/home/colcon_ws/src/moveit2-humble/moveit_core/kinematic_constraints/include;/home/colcon_ws/src/moveit2-humble/moveit_core/macros/include;/home/colcon_ws/src/moveit2-humble/moveit_core/online_signal_smoothing/include;/home/colcon_ws/src/moveit2-humble/moveit_core/planning_interface/include;/home/colcon_ws/src/moveit2-humble/moveit_core/planning_request_adapter/include;/home/colcon_ws/src/moveit2-humble/moveit_core/planning_scene/include;/home/colcon_ws/src/moveit2-humble/moveit_core/sensor_manager/include;/home/colcon_ws/src/moveit2-humble/moveit_core/trajectory_processing/include;/home/colcon_ws/src/moveit2-humble/moveit_core/utils/include
[4.581s] -- Configured cppcheck exclude dirs and/or files: 
[4.585s] -- Added test 'pep257' to check Python code against some of the docstring style conventions in PEP 257
[4.590s] -- Added test 'xmllint' to check XML markup files
[4.594s] -- Configuring done
[5.376s] -- Generating done
[5.385s] -- Build files have been written to: /home/colcon_ws/src/moveit2-humble/build/moveit_core
[5.418s] Invoked command in '/home/colcon_ws/src/moveit2-humble/build/moveit_core' returned '0': AMENT_PREFIX_PATH=/home/colcon_ws/src/moveit2-humble/install/moveit_common:${AMENT_PREFIX_PATH} CMAKE_PREFIX_PATH=/home/colcon_ws/src/moveit2-humble/install/moveit_common:/home/colcon_ws/install/pilz_industrial_motion_planner_testutils:/home/colcon_ws/install/moveit_runtime:/home/colcon_ws/install/moveit2_tutorials:/home/colcon_ws/install/moveit:/home/colcon_ws/install/moveit_planners:/home/colcon_ws/install/pilz_industrial_motion_planner:/home/colcon_ws/install/moveit_visual_tools:/home/colcon_ws/install/moveit_task_constructor_visualization:/home/colcon_ws/install/moveit_task_constructor_demo:/home/colcon_ws/install/moveit_task_constructor_capabilities:/home/colcon_ws/install/moveit_task_constructor_core:/home/colcon_ws/install/moveit_ros_control_interface:/home/colcon_ws/install/moveit_plugins:/home/colcon_ws/install/moveit_simple_controller_manager:/home/colcon_ws/install/moveit_setup_assistant:/home/colcon_ws/install/moveit_setup_srdf_plugins:/home/colcon_ws/install/moveit_setup_core_plugins:/home/colcon_ws/install/moveit_setup_controllers:/home/colcon_ws/install/moveit_setup_app_plugins:/home/colcon_ws/install/moveit_setup_framework:/home/colcon_ws/install/moveit_servo:/home/colcon_ws/install/moveit_ros:/home/colcon_ws/install/moveit_ros_visualization:/home/colcon_ws/install/moveit_hybrid_planning:/home/colcon_ws/install/moveit_ros_planning_interface:/home/colcon_ws/install/moveit_ros_benchmarks:/home/colcon_ws/install/moveit_ros_warehouse:/home/colcon_ws/install/moveit_ros_robot_interaction:/home/colcon_ws/install/moveit_ros_perception:/home/colcon_ws/install/moveit_resources_prbt_pg70_support:/home/colcon_ws/install/moveit_resources_prbt_moveit_config:/home/colcon_ws/install/moveit_ros_move_group:/home/colcon_ws/install/moveit_planners_ompl:/home/colcon_ws/install/moveit_ros_planning:/home/colcon_ws/install/moveit_ros_occupancy_map_monitor:/home/colcon_ws/install/moveit_resources_prbt_ikfast_manipulator_plugin:/home/colcon_ws/install/moveit_planners_chomp:/home/colcon_ws/install/moveit_kinematics:/home/colcon_ws/install/moveit_chomp_optimizer_adapter:/home/colcon_ws/install/chomp_motion_planner:/home/colcon_ws/install/moveit_core:/home/colcon_ws/install/srdfdom:/home/colcon_ws/install/rviz_marker_tools:/home/colcon_ws/install/rosparam_shortcuts:/home/colcon_ws/install/my_messages:/home/colcon_ws/install/moveit_task_constructor_msgs:/home/colcon_ws/install/moveit_resources_prbt_support:/home/colcon_ws/install/moveit_resources:/home/colcon_ws/install/moveit_resources_pr2_description:/home/colcon_ws/install/moveit_resources_panda_moveit_config:/home/colcon_ws/install/moveit_resources_panda_description:/home/colcon_ws/install/moveit_resources_fanuc_moveit_config:/home/colcon_ws/install/moveit_resources_fanuc_description:/home/colcon_ws/install/moveit_common:/home/colcon_ws/install/goal_change_interfaces:/home/colcon_ws/install/cpp_srvcli:/home/colcon_ws/install/moveit_configs_utils:/home/colcon_ws/install/launch_param_builder:/opt/ros/humble /usr/bin/cmake /home/colcon_ws/src/moveit2-humble/moveit_core -DCMAKE_BUILD_TYPE=Debug -DCMAKE_INSTALL_PREFIX=/home/colcon_ws/src/moveit2-humble/install/moveit_core
[5.420s] Invoking command in '/home/colcon_ws/src/moveit2-humble/build/moveit_core': AMENT_PREFIX_PATH=/home/colcon_ws/src/moveit2-humble/install/moveit_common:${AMENT_PREFIX_PATH} CMAKE_PREFIX_PATH=/home/colcon_ws/src/moveit2-humble/install/moveit_common:/home/colcon_ws/install/pilz_industrial_motion_planner_testutils:/home/colcon_ws/install/moveit_runtime:/home/colcon_ws/install/moveit2_tutorials:/home/colcon_ws/install/moveit:/home/colcon_ws/install/moveit_planners:/home/colcon_ws/install/pilz_industrial_motion_planner:/home/colcon_ws/install/moveit_visual_tools:/home/colcon_ws/install/moveit_task_constructor_visualization:/home/colcon_ws/install/moveit_task_constructor_demo:/home/colcon_ws/install/moveit_task_constructor_capabilities:/home/colcon_ws/install/moveit_task_constructor_core:/home/colcon_ws/install/moveit_ros_control_interface:/home/colcon_ws/install/moveit_plugins:/home/colcon_ws/install/moveit_simple_controller_manager:/home/colcon_ws/install/moveit_setup_assistant:/home/colcon_ws/install/moveit_setup_srdf_plugins:/home/colcon_ws/install/moveit_setup_core_plugins:/home/colcon_ws/install/moveit_setup_controllers:/home/colcon_ws/install/moveit_setup_app_plugins:/home/colcon_ws/install/moveit_setup_framework:/home/colcon_ws/install/moveit_servo:/home/colcon_ws/install/moveit_ros:/home/colcon_ws/install/moveit_ros_visualization:/home/colcon_ws/install/moveit_hybrid_planning:/home/colcon_ws/install/moveit_ros_planning_interface:/home/colcon_ws/install/moveit_ros_benchmarks:/home/colcon_ws/install/moveit_ros_warehouse:/home/colcon_ws/install/moveit_ros_robot_interaction:/home/colcon_ws/install/moveit_ros_perception:/home/colcon_ws/install/moveit_resources_prbt_pg70_support:/home/colcon_ws/install/moveit_resources_prbt_moveit_config:/home/colcon_ws/install/moveit_ros_move_group:/home/colcon_ws/install/moveit_planners_ompl:/home/colcon_ws/install/moveit_ros_planning:/home/colcon_ws/install/moveit_ros_occupancy_map_monitor:/home/colcon_ws/install/moveit_resources_prbt_ikfast_manipulator_plugin:/home/colcon_ws/install/moveit_planners_chomp:/home/colcon_ws/install/moveit_kinematics:/home/colcon_ws/install/moveit_chomp_optimizer_adapter:/home/colcon_ws/install/chomp_motion_planner:/home/colcon_ws/install/moveit_core:/home/colcon_ws/install/srdfdom:/home/colcon_ws/install/rviz_marker_tools:/home/colcon_ws/install/rosparam_shortcuts:/home/colcon_ws/install/my_messages:/home/colcon_ws/install/moveit_task_constructor_msgs:/home/colcon_ws/install/moveit_resources_prbt_support:/home/colcon_ws/install/moveit_resources:/home/colcon_ws/install/moveit_resources_pr2_description:/home/colcon_ws/install/moveit_resources_panda_moveit_config:/home/colcon_ws/install/moveit_resources_panda_description:/home/colcon_ws/install/moveit_resources_fanuc_moveit_config:/home/colcon_ws/install/moveit_resources_fanuc_description:/home/colcon_ws/install/moveit_common:/home/colcon_ws/install/goal_change_interfaces:/home/colcon_ws/install/cpp_srvcli:/home/colcon_ws/install/moveit_configs_utils:/home/colcon_ws/install/launch_param_builder:/opt/ros/humble /usr/bin/cmake --build /home/colcon_ws/src/moveit2-humble/build/moveit_core -- -j16 -l16
[5.505s] [  0%] [32mBuilding CXX object kinematics_base/CMakeFiles/moveit_kinematics_base.dir/src/kinematics_base.cpp.o[0m
[5.505s] [  0%] [32mBuilding CXX object online_signal_smoothing/CMakeFiles/moveit_smoothing_base.dir/src/smoothing_base_class.cpp.o[0m
[5.506s] [  0%] [32mBuilding CXX object transforms/CMakeFiles/moveit_transforms.dir/src/transforms.cpp.o[0m
[5.506s] [  1%] [32mBuilding CXX object utils/CMakeFiles/moveit_utils.dir/src/lexical_casts.cpp.o[0m
[5.507s] [  2%] [32mBuilding CXX object distance_field/CMakeFiles/moveit_distance_field.dir/src/distance_field.cpp.o[0m
[5.510s] [  2%] [32mBuilding CXX object distance_field/CMakeFiles/moveit_distance_field.dir/src/find_internal_points.cpp.o[0m
[5.511s] [  2%] [32mBuilding CXX object utils/CMakeFiles/moveit_utils.dir/src/message_checks.cpp.o[0m
[5.511s] [  3%] [32mBuilding CXX object distance_field/CMakeFiles/moveit_distance_field.dir/src/propagation_distance_field.cpp.o[0m
[5.514s] [  3%] [32mBuilding CXX object gtest/CMakeFiles/gtest.dir/src/gtest-all.cc.o[0m
[5.515s] [  4%] [32mBuilding CXX object utils/CMakeFiles/moveit_utils.dir/src/rclcpp_utils.cpp.o[0m
[5.517s] [  6%] [34m[1mRunning `/opt/ros/humble/bin/generate_parameter_library_py /home/colcon_ws/src/moveit2-humble/build/moveit_core/online_signal_smoothing/moveit_butterworth_parameters/include//moveit_butterworth_parameters.hpp /home/colcon_ws/src/moveit2-humble/moveit_core/online_signal_smoothing/src/butterworth_parameters.yaml `[0m
[5.517s] [  6%] [32mBuilding CXX object gtest/CMakeFiles/gtest_main.dir/src/gtest_main.cc.o[0m
[5.521s] [  6%] [32mBuilding CXX object exceptions/CMakeFiles/moveit_exceptions.dir/src/exceptions.cpp.o[0m
[5.524s] [  6%] [32mBuilding CXX object gmock/CMakeFiles/gmock.dir/opt/ros/humble/src/gtest_vendor/src/gtest-all.cc.o[0m
[5.528s] [  6%] [32mBuilding CXX object gmock/CMakeFiles/gmock_main.dir/src/gmock_main.cc.o[0m
[5.533s] [  7%] [32mBuilding CXX object version/CMakeFiles/moveit_version.dir/version.cpp.o[0m
[5.734s] [  8%] [32m[1mLinking CXX executable moveit_version[0m
[6.005s] [  8%] Built target moveit_butterworth_parameters
[6.090s] [  9%] [32mBuilding CXX object gmock/CMakeFiles/gmock.dir/src/gmock-all.cc.o[0m
[6.176s] [  9%] Built target moveit_version
[6.699s] [ 10%] [32m[1mLinking CXX shared library libmoveit_exceptions.so[0m
[6.984s] [ 10%] Built target moveit_exceptions
[7.318s] [ 10%] [32m[1mLinking CXX static library libgtest_main.a[0m
[7.372s] [ 10%] [32m[1mLinking CXX shared library libmoveit_utils.so[0m
[7.442s] [ 10%] Built target gtest_main
[7.605s] [ 11%] [32m[1mLinking CXX static library libgmock_main.a[0m
[7.678s] [ 11%] Built target gmock_main
[8.541s] [ 11%] Built target moveit_utils
[10.163s] [ 12%] [32m[1mLinking CXX static library libgtest.a[0m
[10.285s] [ 12%] Built target gtest
[10.471s] [ 13%] [32m[1mLinking CXX static library libgmock.a[0m
[10.473s] [ 14%] [32m[1mLinking CXX shared library libmoveit_smoothing_base.so[0m
[10.578s] [ 14%] Built target gmock
[10.636s] [ 14%] Built target moveit_smoothing_base
[12.007s] [ 15%] [32m[1mLinking CXX shared library libmoveit_kinematics_base.so[0m
[12.182s] [ 15%] Built target moveit_kinematics_base
[12.217s] [ 16%] [32mBuilding CXX object robot_model/CMakeFiles/moveit_robot_model.dir/src/aabb.cpp.o[0m
[12.217s] [ 17%] [32mBuilding CXX object robot_model/CMakeFiles/moveit_robot_model.dir/src/joint_model.cpp.o[0m
[12.218s] [ 17%] [32mBuilding CXX object robot_model/CMakeFiles/moveit_robot_model.dir/src/joint_model_group.cpp.o[0m
[12.218s] [ 17%] [32mBuilding CXX object robot_model/CMakeFiles/moveit_robot_model.dir/src/fixed_joint_model.cpp.o[0m
[12.219s] [ 18%] [32mBuilding CXX object robot_model/CMakeFiles/moveit_robot_model.dir/src/planar_joint_model.cpp.o[0m
[12.220s] [ 19%] [32mBuilding CXX object robot_model/CMakeFiles/moveit_robot_model.dir/src/prismatic_joint_model.cpp.o[0m
[12.220s] [ 19%] [32mBuilding CXX object robot_model/CMakeFiles/moveit_robot_model.dir/src/floating_joint_model.cpp.o[0m
[12.222s] [ 20%] [32mBuilding CXX object robot_model/CMakeFiles/moveit_robot_model.dir/src/revolute_joint_model.cpp.o[0m
[12.231s] [ 21%] [32mBuilding CXX object robot_model/CMakeFiles/moveit_robot_model.dir/src/link_model.cpp.o[0m
[12.234s] [ 21%] [32mBuilding CXX object robot_model/CMakeFiles/moveit_robot_model.dir/src/robot_model.cpp.o[0m
[14.629s] [ 21%] [32m[1mLinking CXX shared library libmoveit_distance_field.so[0m
[15.127s] [ 21%] Built target moveit_distance_field
[15.166s] [ 21%] [32mBuilding CXX object distance_field/CMakeFiles/test_distance_field.dir/test/test_distance_field.cpp.o[0m
[15.167s] [ 22%] [32mBuilding CXX object distance_field/CMakeFiles/test_voxel_grid.dir/test/test_voxel_grid.cpp.o[0m
[16.918s] [ 23%] [32m[1mLinking CXX shared library libmoveit_transforms.so[0m
[17.361s] [ 23%] Built target moveit_transforms
[17.399s] [ 23%] [32mBuilding CXX object transforms/CMakeFiles/test_transforms.dir/test/test_transforms.cpp.o[0m
[20.980s] [ 23%] [32m[1mLinking CXX executable test_voxel_grid[0m
[21.238s] [ 23%] Built target test_voxel_grid
[21.288s] [ 24%] [32m[1mLinking CXX executable test_transforms[0m
[21.599s] [ 24%] Built target test_transforms
[23.843s] [ 25%] [32m[1mLinking CXX shared library libmoveit_robot_model.so[0m
[24.250s] [ 26%] [32m[1mLinking CXX executable test_distance_field[0m
[24.616s] [ 26%] Built target test_distance_field
[24.863s] [ 26%] Built target moveit_robot_model
[24.891s] [ 28%] [32mBuilding CXX object robot_state/CMakeFiles/moveit_robot_state.dir/src/conversions.cpp.o[0m
[24.891s] [ 28%] [32mBuilding CXX object online_signal_smoothing/CMakeFiles/moveit_butterworth_filter.dir/src/butterworth_filter.cpp.o[0m
[24.891s] [ 28%] [32mBuilding CXX object robot_state/CMakeFiles/moveit_robot_state.dir/src/attached_body.cpp.o[0m
[24.891s] [ 28%] [32mBuilding CXX object robot_state/CMakeFiles/moveit_robot_state.dir/src/cartesian_interpolator.cpp.o[0m
[24.892s] [ 29%] [32mBuilding CXX object utils/CMakeFiles/moveit_test_utils.dir/src/robot_model_test_utils.cpp.o[0m
[24.893s] [ 30%] [32mBuilding CXX object robot_state/CMakeFiles/moveit_robot_state.dir/src/robot_state.cpp.o[0m
[32.015s] [ 30%] [32m[1mLinking CXX shared library libmoveit_butterworth_filter.so[0m
[32.274s] [ 30%] Built target moveit_butterworth_filter
[32.309s] [ 30%] [32mBuilding CXX object online_signal_smoothing/CMakeFiles/test_butterworth_filter.dir/test/test_butterworth_filter.cpp.o[0m
[32.494s] [ 30%] [32m[1mLinking CXX shared library libmoveit_test_utils.so[0m
[32.941s] [ 30%] Built target moveit_test_utils
[32.974s] [ 31%] [32mBuilding CXX object robot_model/CMakeFiles/test_robot_model.dir/test/test.cpp.o[0m
[38.019s] [ 31%] [32m[1mLinking CXX executable test_robot_model[0m
[38.562s] [ 31%] Built target test_robot_model
[39.102s] [ 32%] [32m[1mLinking CXX executable test_butterworth_filter[0m
[39.364s] [ 32%] Built target test_butterworth_filter
[47.223s] [ 33%] [32m[1mLinking CXX shared library libmoveit_robot_state.so[0m
[48.542s] [ 33%] Built target moveit_robot_state
[48.580s] [ 34%] [32mBuilding CXX object robot_state/CMakeFiles/test_robot_state.dir/test/robot_state_test.cpp.o[0m
[48.581s] [ 34%] [32mBuilding CXX object robot_trajectory/CMakeFiles/moveit_robot_trajectory.dir/src/robot_trajectory.cpp.o[0m
[48.582s] [ 34%] [32mBuilding CXX object collision_detection/CMakeFiles/moveit_collision_detection.dir/src/collision_octomap_filter.cpp.o[0m
[48.583s] [ 34%] [32mBuilding CXX object collision_detection/CMakeFiles/moveit_collision_detection.dir/src/collision_common.cpp.o[0m
[48.584s] [ 35%] [32mBuilding CXX object collision_detection/CMakeFiles/moveit_collision_detection.dir/src/collision_tools.cpp.o[0m
[48.584s] [ 36%] [32mBuilding CXX object dynamics_solver/CMakeFiles/moveit_dynamics_solver.dir/src/dynamics_solver.cpp.o[0m
[48.585s] [ 36%] [32mBuilding CXX object kinematics_metrics/CMakeFiles/moveit_kinematics_metrics.dir/src/kinematics_metrics.cpp.o[0m
[48.586s] [ 36%] [32mBuilding CXX object robot_state/CMakeFiles/test_robot_state_benchmark.dir/test/robot_state_benchmark.cpp.o[0m
[48.586s] [ 37%] [32mBuilding CXX object collision_detection/CMakeFiles/moveit_collision_detection.dir/src/collision_matrix.cpp.o[0m
[48.586s] [ 37%] [32mBuilding CXX object robot_state/CMakeFiles/test_aabb.dir/test/test_aabb.cpp.o[0m
[48.590s] [ 37%] [32mBuilding CXX object robot_state/CMakeFiles/test_cartesian_interpolator.dir/test/test_cartesian_interpolator.cpp.o[0m
[48.591s] [ 37%] [32mBuilding CXX object robot_state/CMakeFiles/test_robot_state_complex.dir/test/test_kinematic_complex.cpp.o[0m
[48.591s] [ 38%] [32mBuilding CXX object collision_detection/CMakeFiles/moveit_collision_detection.dir/src/allvalid/collision_env_allvalid.cpp.o[0m
[48.595s] [ 39%] [32mBuilding CXX object collision_detection/CMakeFiles/moveit_collision_detection.dir/src/world.cpp.o[0m
[48.598s] [ 39%] [32mBuilding CXX object collision_detection/CMakeFiles/moveit_collision_detection.dir/src/world_diff.cpp.o[0m
[48.600s] [ 40%] [32mBuilding CXX object collision_detection/CMakeFiles/moveit_collision_detection.dir/src/collision_env.cpp.o[0m
[52.998s] [ 40%] [32mBuilding CXX object collision_detection/CMakeFiles/moveit_collision_detection.dir/src/collision_plugin_cache.cpp.o[0m
[59.715s] [ 41%] [32m[1mLinking CXX executable test_cartesian_interpolator[0m
[60.611s] [ 42%] [32m[1mLinking CXX shared library libmoveit_dynamics_solver.so[0m
[61.117s] [ 42%] Built target test_cartesian_interpolator
[61.877s] [ 42%] Built target moveit_dynamics_solver
[62.640s] [ 43%] [32m[1mLinking CXX executable test_aabb[0m
[62.939s] [ 44%] [32m[1mLinking CXX executable test_robot_state_benchmark[0m
[63.585s] [ 45%] [32m[1mLinking CXX shared library libmoveit_robot_trajectory.so[0m
[63.601s] [ 46%] [32m[1mLinking CXX executable test_robot_state[0m
[63.692s] [ 47%] [32m[1mLinking CXX executable test_robot_state_complex[0m
[64.139s] [ 47%] Built target test_aabb
[64.696s] [ 47%] Built target test_robot_state_benchmark
[65.063s] [ 47%] Built target moveit_robot_trajectory
[65.097s] [ 47%] [32mBuilding CXX object trajectory_processing/CMakeFiles/moveit_trajectory_processing.dir/src/iterative_spline_parameterization.cpp.o[0m
[65.098s] [ 48%] [32mBuilding CXX object robot_trajectory/CMakeFiles/test_robot_trajectory.dir/test/test_robot_trajectory.cpp.o[0m
[65.100s] [ 49%] [32mBuilding CXX object trajectory_processing/CMakeFiles/moveit_trajectory_processing.dir/src/iterative_time_parameterization.cpp.o[0m
[65.100s] [ 50%] [32mBuilding CXX object trajectory_processing/CMakeFiles/moveit_trajectory_processing.dir/src/ruckig_traj_smoothing.cpp.o[0m
[65.101s] [ 50%] [32mBuilding CXX object trajectory_processing/CMakeFiles/moveit_trajectory_processing.dir/src/time_optimal_trajectory_generation.cpp.o[0m
[65.103s] [ 52%] [32mBuilding CXX object planning_interface/CMakeFiles/moveit_planning_interface.dir/src/planning_interface.cpp.o[0m
[65.103s] [ 52%] [32mBuilding CXX object trajectory_processing/CMakeFiles/moveit_trajectory_processing.dir/src/trajectory_tools.cpp.o[0m
[65.106s] [ 52%] [32mBuilding CXX object planning_interface/CMakeFiles/moveit_planning_interface.dir/src/planning_response.cpp.o[0m
[65.457s] [ 52%] Built target test_robot_state
[65.693s] [ 52%] Built target test_robot_state_complex
[68.872s] [ 53%] [32m[1mLinking CXX shared library libmoveit_collision_detection.so[0m
[70.006s] [ 53%] Built target moveit_collision_detection
[70.064s] [ 54%] [32mBuilding CXX object collision_detection_bullet/CMakeFiles/moveit_collision_detection_bullet.dir/src/bullet_integration/bullet_utils.cpp.o[0m
[70.083s] [ 54%] [32mBuilding CXX object collision_detection_bullet/CMakeFiles/moveit_collision_detection_bullet.dir/src/bullet_integration/bullet_discrete_bvh_manager.cpp.o[0m
[70.089s] [ 55%] [32mBuilding CXX object collision_detection_bullet/CMakeFiles/moveit_collision_detection_bullet.dir/src/bullet_integration/bullet_cast_bvh_manager.cpp.o[0m
[70.092s] [ 55%] [32mBuilding CXX object collision_detection/CMakeFiles/test_all_valid.dir/test/test_all_valid.cpp.o[0m
[70.096s] [ 56%] [32mBuilding CXX object collision_detection/CMakeFiles/test_world.dir/test/test_world.cpp.o[0m
[70.104s] [ 57%] [32mBuilding CXX object collision_detection/CMakeFiles/test_world_diff.dir/test/test_world_diff.cpp.o[0m
[70.107s] [ 57%] [32mBuilding CXX object collision_detection_bullet/CMakeFiles/moveit_collision_detection_bullet.dir/src/collision_env_bullet.cpp.o[0m
[70.133s] [ 57%] [32mBuilding CXX object collision_detection_fcl/CMakeFiles/moveit_collision_detection_fcl.dir/src/collision_common.cpp.o[0m
[76.193s] [ 58%] [32mBuilding CXX object collision_detection_fcl/CMakeFiles/moveit_collision_detection_fcl.dir/src/collision_env_fcl.cpp.o[0m
[76.973s] [ 58%] [32m[1mLinking CXX executable test_world[0m
[77.005s] [ 59%] [32mBuilding CXX object collision_detection_bullet/CMakeFiles/moveit_collision_detection_bullet.dir/src/bullet_integration/bullet_bvh_manager.cpp.o[0m
[77.036s] [ 60%] [32m[1mLinking CXX executable test_world_diff[0m
[77.374s] [ 61%] [32mBuilding CXX object collision_detection_bullet/CMakeFiles/moveit_collision_detection_bullet.dir/src/bullet_integration/contact_checker_common.cpp.o[0m
[77.610s] [ 61%] [32mBuilding CXX object collision_detection_bullet/CMakeFiles/moveit_collision_detection_bullet.dir/src/bullet_integration/ros_bullet_utils.cpp.o[0m
[78.512s] [ 61%] Built target test_world
[78.787s] [ 61%] Built target test_world_diff
[78.824s] [ 62%] [32m[1mLinking CXX shared library libmoveit_planning_interface.so[0m
[78.920s] [ 62%] [32m[1mLinking CXX executable test_robot_trajectory[0m
[79.013s] [ 63%] [32m[1mLinking CXX shared library libmoveit_trajectory_processing.so[0m
[80.599s] [ 63%] Built target moveit_planning_interface
[81.455s] [ 63%] Built target test_robot_trajectory
[81.507s] [ 63%] Built target moveit_trajectory_processing
[81.547s] [ 64%] [32mBuilding CXX object trajectory_processing/CMakeFiles/test_time_optimal_trajectory_generation.dir/test/test_time_optimal_trajectory_generation.cpp.o[0m
[81.555s] [ 64%] [32mBuilding CXX object trajectory_processing/CMakeFiles/test_time_parameterization.dir/test/test_time_parameterization.cpp.o[0m
[81.559s] [ 65%] [32mBuilding CXX object trajectory_processing/CMakeFiles/test_ruckig_traj_smoothing.dir/test/test_ruckig_traj_smoothing.cpp.o[0m
[81.731s] [ 66%] [32m[1mLinking CXX shared library libmoveit_kinematics_metrics.so[0m
[83.126s] [ 67%] [32m[1mLinking CXX executable test_all_valid[0m
[84.116s] [ 67%] Built target moveit_kinematics_metrics
[84.464s] [ 67%] Built target test_all_valid
[85.848s] [ 68%] [32m[1mLinking CXX shared library libmoveit_collision_detection_bullet.so[0m
[87.114s] [ 68%] Built target moveit_collision_detection_bullet
[87.148s] [ 69%] [32mBuilding CXX object collision_detection_bullet/CMakeFiles/test_bullet_collision_detection_panda.dir/test/test_bullet_collision_detection_panda.cpp.o[0m
[87.148s] [ 70%] [32mBuilding CXX object collision_detection_bullet/CMakeFiles/test_bullet_collision_detection.dir/test/test_bullet_collision_detection_pr2.cpp.o[0m
[87.148s] [ 71%] [32mBuilding CXX object collision_detection_bullet/CMakeFiles/test_bullet_continuous_collision_checking.dir/test/test_bullet_continuous_collision_checking.cpp.o[0m
[89.683s] [ 72%] [32m[1mLinking CXX shared library libmoveit_collision_detection_fcl.so[0m
[91.342s] [ 72%] Built target moveit_collision_detection_fcl
[91.377s] [ 73%] [32mBuilding CXX object collision_detection_fcl/CMakeFiles/test_fcl_collision_env.dir/test/test_fcl_env.cpp.o[0m
[91.381s] [ 73%] [32mBuilding CXX object kinematic_constraints/CMakeFiles/moveit_kinematic_constraints.dir/src/kinematic_constraint.cpp.o[0m
[91.381s] [ 74%] [32mBuilding CXX object collision_detection_fcl/CMakeFiles/test_fcl_collision_detection.dir/test/test_fcl_collision_detection_pr2.cpp.o[0m
[91.383s] [ 75%] [32mBuilding CXX object collision_detection_fcl/CMakeFiles/test_fcl_collision_detection_panda.dir/test/test_fcl_collision_detection_panda.cpp.o[0m
[91.384s] [ 76%] [32mBuilding CXX object kinematic_constraints/CMakeFiles/moveit_kinematic_constraints.dir/src/utils.cpp.o[0m
[92.263s] [ 77%] [32m[1mLinking CXX executable test_time_parameterization[0m
[92.397s] [ 77%] [32m[1mLinking CXX executable test_ruckig_traj_smoothing[0m
[92.990s] [ 78%] [32m[1mLinking CXX executable test_time_optimal_trajectory_generation[0m
[94.674s] [ 78%] Built target test_time_parameterization
[94.873s] [ 78%] Built target test_ruckig_traj_smoothing
[95.048s] [ 78%] Built target test_time_optimal_trajectory_generation
[96.947s] [ 78%] [32m[1mLinking CXX executable test_bullet_collision_detection_panda[0m
[98.618s] [ 78%] Built target test_bullet_collision_detection_panda
[99.028s] [ 78%] [32m[1mLinking CXX executable test_bullet_collision_detection[0m
[99.282s] [ 79%] [32m[1mLinking CXX executable test_bullet_continuous_collision_checking[0m
[100.911s] [ 79%] Built target test_bullet_collision_detection
[101.132s] [ 79%] Built target test_bullet_continuous_collision_checking
[103.401s] [ 80%] [32m[1mLinking CXX executable test_fcl_collision_env[0m
[104.070s] [ 80%] [32m[1mLinking CXX executable test_fcl_collision_detection[0m
[104.116s] [ 80%] [32m[1mLinking CXX executable test_fcl_collision_detection_panda[0m
[104.993s] [ 80%] Built target test_fcl_collision_env
[105.918s] [ 80%] Built target test_fcl_collision_detection_panda
[105.921s] [ 80%] Built target test_fcl_collision_detection
[110.143s] [ 81%] [32m[1mLinking CXX shared library libmoveit_kinematic_constraints.so[0m
[111.234s] [ 81%] Built target moveit_kinematic_constraints
[111.260s] [ 81%] [32mBuilding CXX object kinematic_constraints/CMakeFiles/test_constraints.dir/test/test_constraints.cpp.o[0m
[111.260s] [ 82%] [32mBuilding CXX object planning_scene/CMakeFiles/moveit_planning_scene.dir/src/planning_scene.cpp.o[0m
[111.262s] [ 82%] [32mBuilding CXX object kinematic_constraints/CMakeFiles/test_orientation_constraints.dir/test/test_orientation_constraints.cpp.o[0m
[119.883s] [ 83%] [32m[1mLinking CXX executable test_constraints[0m
[120.058s] [ 84%] [32m[1mLinking CXX executable test_orientation_constraints[0m
[121.104s] [ 84%] Built target test_constraints
[121.254s] [ 84%] Built target test_orientation_constraints
[126.480s] [ 84%] [32m[1mLinking CXX shared library libmoveit_planning_scene.so[0m
[127.546s] [ 84%] Built target moveit_planning_scene
[127.581s] [ 84%] [32mBuilding CXX object collision_distance_field/CMakeFiles/moveit_collision_distance_field.dir/src/collision_distance_field_types.cpp.o[0m
[127.583s] [ 84%] [32mBuilding CXX object collision_distance_field/CMakeFiles/moveit_collision_distance_field.dir/src/collision_env_distance_field.cpp.o[0m
[127.584s] [ 84%] [32mBuilding CXX object constraint_samplers/CMakeFiles/moveit_constraint_samplers.dir/src/constraint_sampler_tools.cpp.o[0m
[127.584s] [ 85%] [32mBuilding CXX object constraint_samplers/CMakeFiles/moveit_constraint_samplers.dir/src/constraint_sampler_manager.cpp.o[0m
[127.585s] [ 86%] [32mBuilding CXX object collision_distance_field/CMakeFiles/moveit_collision_distance_field.dir/src/collision_env_hybrid.cpp.o[0m
[127.586s] [ 87%] [32mBuilding CXX object planning_scene/CMakeFiles/test_planning_scene.dir/test/test_planning_scene.cpp.o[0m
[127.587s] [ 87%] [32mBuilding CXX object planning_request_adapter/CMakeFiles/moveit_planning_request_adapter.dir/src/planning_request_adapter.cpp.o[0m
[127.588s] [ 87%] [32mBuilding CXX object constraint_samplers/CMakeFiles/moveit_constraint_samplers.dir/src/constraint_sampler.cpp.o[0m
[127.589s] [ 87%] [32mBuilding CXX object constraint_samplers/CMakeFiles/moveit_constraint_samplers.dir/src/union_constraint_sampler.cpp.o[0m
[127.589s] [ 88%] [32mBuilding CXX object collision_distance_field/CMakeFiles/moveit_collision_distance_field.dir/src/collision_common_distance_field.cpp.o[0m
[127.592s] [ 88%] [32mBuilding CXX object collision_detection_fcl/CMakeFiles/collision_detector_fcl_plugin.dir/src/collision_detector_fcl_plugin_loader.cpp.o[0m
[127.596s] [ 88%] [32mBuilding CXX object planning_scene/CMakeFiles/test_multi_threaded.dir/test/test_multi_threaded.cpp.o[0m
[127.596s] [ 88%] [32mBuilding CXX object collision_detection_bullet/CMakeFiles/collision_detector_bullet_plugin.dir/src/collision_detector_bullet_plugin_loader.cpp.o[0m
[127.596s] [ 89%] [32mBuilding CXX object constraint_samplers/CMakeFiles/moveit_constraint_samplers.dir/src/default_constraint_samplers.cpp.o[0m
[127.599s] [ 90%] [32mBuilding CXX object planning_scene/CMakeFiles/test_collision_objects.dir/test/test_collision_objects.cpp.o[0m
[141.683s] [ 91%] [32m[1mLinking CXX shared library libmoveit_planning_request_adapter.so[0m
[142.140s] [ 91%] Built target moveit_planning_request_adapter
[142.564s] [ 92%] [32m[1mLinking CXX shared library libcollision_detector_bullet_plugin.so[0m
[142.822s] [ 93%] [32m[1mLinking CXX executable test_multi_threaded[0m
[143.862s] [ 93%] Built target collision_detector_bullet_plugin
[144.688s] [ 93%] Built target test_multi_threaded
[145.004s] [ 94%] [32m[1mLinking CXX shared library libcollision_detector_fcl_plugin.so[0m
[145.020s] [ 94%] [32m[1mLinking CXX executable test_collision_objects[0m
[145.812s] [ 95%] [32m[1mLinking CXX shared library libmoveit_constraint_samplers.so[0m
[146.007s] [ 95%] Built target collision_detector_fcl_plugin
[146.248s] [ 95%] Built target test_collision_objects
[146.906s] [ 95%] Built target moveit_constraint_samplers
[146.933s] [ 95%] [32mBuilding CXX object constraint_samplers/CMakeFiles/test_constraint_samplers.dir/test/pr2_arm_ik.cpp.o[0m
[146.933s] [ 97%] [32mBuilding CXX object constraint_samplers/CMakeFiles/test_constraint_samplers.dir/test/pr2_arm_kinematics_plugin.cpp.o[0m
[146.933s] [ 97%] [32mBuilding CXX object constraint_samplers/CMakeFiles/test_constraint_samplers.dir/test/test_constraint_samplers.cpp.o[0m
[147.409s] [ 98%] [32m[1mLinking CXX shared library libmoveit_collision_distance_field.so[0m
[148.754s] [ 98%] [32m[1mLinking CXX executable test_planning_scene[0m
[149.268s] [ 98%] Built target moveit_collision_distance_field
[149.302s] [ 99%] [32mBuilding CXX object collision_distance_field/CMakeFiles/test_collision_distance_field.dir/test/test_collision_distance_field.cpp.o[0m
[150.339s] [ 99%] Built target test_planning_scene
[157.868s] [100%] [32m[1mLinking CXX executable test_constraint_samplers[0m
[158.611s] [100%] [32m[1mLinking CXX executable test_collision_distance_field[0m
[159.143s] [100%] Built target test_constraint_samplers
[159.480s] [100%] Built target test_collision_distance_field
[159.492s] Invoked command in '/home/colcon_ws/src/moveit2-humble/build/moveit_core' returned '0': AMENT_PREFIX_PATH=/home/colcon_ws/src/moveit2-humble/install/moveit_common:${AMENT_PREFIX_PATH} CMAKE_PREFIX_PATH=/home/colcon_ws/src/moveit2-humble/install/moveit_common:/home/colcon_ws/install/pilz_industrial_motion_planner_testutils:/home/colcon_ws/install/moveit_runtime:/home/colcon_ws/install/moveit2_tutorials:/home/colcon_ws/install/moveit:/home/colcon_ws/install/moveit_planners:/home/colcon_ws/install/pilz_industrial_motion_planner:/home/colcon_ws/install/moveit_visual_tools:/home/colcon_ws/install/moveit_task_constructor_visualization:/home/colcon_ws/install/moveit_task_constructor_demo:/home/colcon_ws/install/moveit_task_constructor_capabilities:/home/colcon_ws/install/moveit_task_constructor_core:/home/colcon_ws/install/moveit_ros_control_interface:/home/colcon_ws/install/moveit_plugins:/home/colcon_ws/install/moveit_simple_controller_manager:/home/colcon_ws/install/moveit_setup_assistant:/home/colcon_ws/install/moveit_setup_srdf_plugins:/home/colcon_ws/install/moveit_setup_core_plugins:/home/colcon_ws/install/moveit_setup_controllers:/home/colcon_ws/install/moveit_setup_app_plugins:/home/colcon_ws/install/moveit_setup_framework:/home/colcon_ws/install/moveit_servo:/home/colcon_ws/install/moveit_ros:/home/colcon_ws/install/moveit_ros_visualization:/home/colcon_ws/install/moveit_hybrid_planning:/home/colcon_ws/install/moveit_ros_planning_interface:/home/colcon_ws/install/moveit_ros_benchmarks:/home/colcon_ws/install/moveit_ros_warehouse:/home/colcon_ws/install/moveit_ros_robot_interaction:/home/colcon_ws/install/moveit_ros_perception:/home/colcon_ws/install/moveit_resources_prbt_pg70_support:/home/colcon_ws/install/moveit_resources_prbt_moveit_config:/home/colcon_ws/install/moveit_ros_move_group:/home/colcon_ws/install/moveit_planners_ompl:/home/colcon_ws/install/moveit_ros_planning:/home/colcon_ws/install/moveit_ros_occupancy_map_monitor:/home/colcon_ws/install/moveit_resources_prbt_ikfast_manipulator_plugin:/home/colcon_ws/install/moveit_planners_chomp:/home/colcon_ws/install/moveit_kinematics:/home/colcon_ws/install/moveit_chomp_optimizer_adapter:/home/colcon_ws/install/chomp_motion_planner:/home/colcon_ws/install/moveit_core:/home/colcon_ws/install/srdfdom:/home/colcon_ws/install/rviz_marker_tools:/home/colcon_ws/install/rosparam_shortcuts:/home/colcon_ws/install/my_messages:/home/colcon_ws/install/moveit_task_constructor_msgs:/home/colcon_ws/install/moveit_resources_prbt_support:/home/colcon_ws/install/moveit_resources:/home/colcon_ws/install/moveit_resources_pr2_description:/home/colcon_ws/install/moveit_resources_panda_moveit_config:/home/colcon_ws/install/moveit_resources_panda_description:/home/colcon_ws/install/moveit_resources_fanuc_moveit_config:/home/colcon_ws/install/moveit_resources_fanuc_description:/home/colcon_ws/install/moveit_common:/home/colcon_ws/install/goal_change_interfaces:/home/colcon_ws/install/cpp_srvcli:/home/colcon_ws/install/moveit_configs_utils:/home/colcon_ws/install/launch_param_builder:/opt/ros/humble /usr/bin/cmake --build /home/colcon_ws/src/moveit2-humble/build/moveit_core -- -j16 -l16
[159.659s] Invoking command in '/home/colcon_ws/src/moveit2-humble/build/moveit_core': AMENT_PREFIX_PATH=/home/colcon_ws/src/moveit2-humble/install/moveit_common:${AMENT_PREFIX_PATH} CMAKE_PREFIX_PATH=/home/colcon_ws/src/moveit2-humble/install/moveit_common:/home/colcon_ws/install/pilz_industrial_motion_planner_testutils:/home/colcon_ws/install/moveit_runtime:/home/colcon_ws/install/moveit2_tutorials:/home/colcon_ws/install/moveit:/home/colcon_ws/install/moveit_planners:/home/colcon_ws/install/pilz_industrial_motion_planner:/home/colcon_ws/install/moveit_visual_tools:/home/colcon_ws/install/moveit_task_constructor_visualization:/home/colcon_ws/install/moveit_task_constructor_demo:/home/colcon_ws/install/moveit_task_constructor_capabilities:/home/colcon_ws/install/moveit_task_constructor_core:/home/colcon_ws/install/moveit_ros_control_interface:/home/colcon_ws/install/moveit_plugins:/home/colcon_ws/install/moveit_simple_controller_manager:/home/colcon_ws/install/moveit_setup_assistant:/home/colcon_ws/install/moveit_setup_srdf_plugins:/home/colcon_ws/install/moveit_setup_core_plugins:/home/colcon_ws/install/moveit_setup_controllers:/home/colcon_ws/install/moveit_setup_app_plugins:/home/colcon_ws/install/moveit_setup_framework:/home/colcon_ws/install/moveit_servo:/home/colcon_ws/install/moveit_ros:/home/colcon_ws/install/moveit_ros_visualization:/home/colcon_ws/install/moveit_hybrid_planning:/home/colcon_ws/install/moveit_ros_planning_interface:/home/colcon_ws/install/moveit_ros_benchmarks:/home/colcon_ws/install/moveit_ros_warehouse:/home/colcon_ws/install/moveit_ros_robot_interaction:/home/colcon_ws/install/moveit_ros_perception:/home/colcon_ws/install/moveit_resources_prbt_pg70_support:/home/colcon_ws/install/moveit_resources_prbt_moveit_config:/home/colcon_ws/install/moveit_ros_move_group:/home/colcon_ws/install/moveit_planners_ompl:/home/colcon_ws/install/moveit_ros_planning:/home/colcon_ws/install/moveit_ros_occupancy_map_monitor:/home/colcon_ws/install/moveit_resources_prbt_ikfast_manipulator_plugin:/home/colcon_ws/install/moveit_planners_chomp:/home/colcon_ws/install/moveit_kinematics:/home/colcon_ws/install/moveit_chomp_optimizer_adapter:/home/colcon_ws/install/chomp_motion_planner:/home/colcon_ws/install/moveit_core:/home/colcon_ws/install/srdfdom:/home/colcon_ws/install/rviz_marker_tools:/home/colcon_ws/install/rosparam_shortcuts:/home/colcon_ws/install/my_messages:/home/colcon_ws/install/moveit_task_constructor_msgs:/home/colcon_ws/install/moveit_resources_prbt_support:/home/colcon_ws/install/moveit_resources:/home/colcon_ws/install/moveit_resources_pr2_description:/home/colcon_ws/install/moveit_resources_panda_moveit_config:/home/colcon_ws/install/moveit_resources_panda_description:/home/colcon_ws/install/moveit_resources_fanuc_moveit_config:/home/colcon_ws/install/moveit_resources_fanuc_description:/home/colcon_ws/install/moveit_common:/home/colcon_ws/install/goal_change_interfaces:/home/colcon_ws/install/cpp_srvcli:/home/colcon_ws/install/moveit_configs_utils:/home/colcon_ws/install/launch_param_builder:/opt/ros/humble /usr/bin/cmake --install /home/colcon_ws/src/moveit2-humble/build/moveit_core
[159.671s] -- Install configuration: "Debug"
[159.672s] -- Installing: /home/colcon_ws/src/moveit2-humble/install/moveit_core/include/moveit/version.h
[159.672s] -- Up-to-date: /home/colcon_ws/src/moveit2-humble/install/moveit_core/include
[159.672s] -- Up-to-date: /home/colcon_ws/src/moveit2-humble/install/moveit_core/include/moveit
[159.672s] -- Installing: /home/colcon_ws/src/moveit2-humble/install/moveit_core/include/moveit/collision_distance_field
[159.672s] -- Installing: /home/colcon_ws/src/moveit2-humble/install/moveit_core/include/moveit/collision_distance_field/collision_env_hybrid.h
[159.672s] -- Installing: /home/colcon_ws/src/moveit2-humble/install/moveit_core/include/moveit/collision_distance_field/collision_common_distance_field.h
[159.672s] -- Installing: /home/colcon_ws/src/moveit2-humble/install/moveit_core/include/moveit/collision_distance_field/collision_detector_allocator_hybrid.h
[159.672s] -- Installing: /home/colcon_ws/src/moveit2-humble/install/moveit_core/include/moveit/collision_distance_field/collision_env_distance_field.h
[159.672s] -- Installing: /home/colcon_ws/src/moveit2-humble/install/moveit_core/include/moveit/collision_distance_field/collision_distance_field_types.h
[159.672s] -- Installing: /home/colcon_ws/src/moveit2-humble/install/moveit_core/include/moveit/collision_distance_field/collision_detector_allocator_distance_field.h
[159.673s] -- Installing: /home/colcon_ws/src/moveit2-humble/install/moveit_core/include/moveit_collision_distance_field_export.h
[159.673s] -- Up-to-date: /home/colcon_ws/src/moveit2-humble/install/moveit_core/include
[159.673s] -- Up-to-date: /home/colcon_ws/src/moveit2-humble/install/moveit_core/include/moveit
[159.673s] -- Installing: /home/colcon_ws/src/moveit2-humble/install/moveit_core/include/moveit/constraint_samplers
[159.673s] -- Installing: /home/colcon_ws/src/moveit2-humble/install/moveit_core/include/moveit/constraint_samplers/union_constraint_sampler.h
[159.673s] -- Installing: /home/colcon_ws/src/moveit2-humble/install/moveit_core/include/moveit/constraint_samplers/constraint_sampler_manager.h
[159.673s] -- Installing: /home/colcon_ws/src/moveit2-humble/install/moveit_core/include/moveit/constraint_samplers/constraint_sampler.h
[159.674s] -- Installing: /home/colcon_ws/src/moveit2-humble/install/moveit_core/include/moveit/constraint_samplers/constraint_sampler_tools.h
[159.674s] -- Installing: /home/colcon_ws/src/moveit2-humble/install/moveit_core/include/moveit/constraint_samplers/constraint_sampler_allocator.h
[159.674s] -- Installing: /home/colcon_ws/src/moveit2-humble/install/moveit_core/include/moveit/constraint_samplers/default_constraint_samplers.h
[159.674s] -- Up-to-date: /home/colcon_ws/src/moveit2-humble/install/moveit_core/include
[159.674s] -- Up-to-date: /home/colcon_ws/src/moveit2-humble/install/moveit_core/include/moveit
[159.674s] -- Installing: /home/colcon_ws/src/moveit2-humble/install/moveit_core/include/moveit/controller_manager
[159.674s] -- Installing: /home/colcon_ws/src/moveit2-humble/install/moveit_core/include/moveit/controller_manager/controller_manager.h
[159.674s] -- Up-to-date: /home/colcon_ws/src/moveit2-humble/install/moveit_core/include
[159.674s] -- Up-to-date: /home/colcon_ws/src/moveit2-humble/install/moveit_core/include/moveit
[159.675s] -- Installing: /home/colcon_ws/src/moveit2-humble/install/moveit_core/include/moveit/distance_field
[159.675s] -- Installing: /home/colcon_ws/src/moveit2-humble/install/moveit_core/include/moveit/distance_field/voxel_grid.h
[159.675s] -- Installing: /home/colcon_ws/src/moveit2-humble/install/moveit_core/include/moveit/distance_field/find_internal_points.h
[159.675s] -- Installing: /home/colcon_ws/src/moveit2-humble/install/moveit_core/include/moveit/distance_field/distance_field.h
[159.675s] -- Installing: /home/colcon_ws/src/moveit2-humble/install/moveit_core/include/moveit/distance_field/propagation_distance_field.h
[159.675s] -- Up-to-date: /home/colcon_ws/src/moveit2-humble/install/moveit_core/include
[159.675s] -- Up-to-date: /home/colcon_ws/src/moveit2-humble/install/moveit_core/include/moveit
[159.675s] -- Installing: /home/colcon_ws/src/moveit2-humble/install/moveit_core/include/moveit/dynamics_solver
[159.675s] -- Installing: /home/colcon_ws/src/moveit2-humble/install/moveit_core/include/moveit/dynamics_solver/dynamics_solver.h
[159.675s] -- Up-to-date: /home/colcon_ws/src/moveit2-humble/install/moveit_core/include
[159.676s] -- Up-to-date: /home/colcon_ws/src/moveit2-humble/install/moveit_core/include/moveit
[159.676s] -- Installing: /home/colcon_ws/src/moveit2-humble/install/moveit_core/include/moveit/exceptions
[159.676s] -- Installing: /home/colcon_ws/src/moveit2-humble/install/moveit_core/include/moveit/exceptions/exceptions.h
[159.676s] -- Up-to-date: /home/colcon_ws/src/moveit2-humble/install/moveit_core/include
[159.676s] -- Up-to-date: /home/colcon_ws/src/moveit2-humble/install/moveit_core/include/moveit
[159.676s] -- Installing: /home/colcon_ws/src/moveit2-humble/install/moveit_core/include/moveit/kinematics_base
[159.676s] -- Installing: /home/colcon_ws/src/moveit2-humble/install/moveit_core/include/moveit/kinematics_base/kinematics_base.h
[159.676s] -- Installing: /home/colcon_ws/src/moveit2-humble/install/moveit_core/include/moveit_kinematics_base_export.h
[159.676s] -- Up-to-date: /home/colcon_ws/src/moveit2-humble/install/moveit_core/include
[159.677s] -- Up-to-date: /home/colcon_ws/src/moveit2-humble/install/moveit_core/include/moveit
[159.677s] -- Installing: /home/colcon_ws/src/moveit2-humble/install/moveit_core/include/moveit/kinematic_constraints
[159.677s] -- Installing: /home/colcon_ws/src/moveit2-humble/install/moveit_core/include/moveit/kinematic_constraints/kinematic_constraint.h
[159.677s] -- Installing: /home/colcon_ws/src/moveit2-humble/install/moveit_core/include/moveit/kinematic_constraints/utils.h
[159.677s] -- Up-to-date: /home/colcon_ws/src/moveit2-humble/install/moveit_core/include
[159.677s] -- Up-to-date: /home/colcon_ws/src/moveit2-humble/install/moveit_core/include/moveit
[159.677s] -- Installing: /home/colcon_ws/src/moveit2-humble/install/moveit_core/include/moveit/kinematics_metrics
[159.677s] -- Installing: /home/colcon_ws/src/moveit2-humble/install/moveit_core/include/moveit/kinematics_metrics/kinematics_metrics.h
[159.677s] -- Up-to-date: /home/colcon_ws/src/moveit2-humble/install/moveit_core/include
[159.677s] -- Up-to-date: /home/colcon_ws/src/moveit2-humble/install/moveit_core/include/moveit
[159.678s] -- Installing: /home/colcon_ws/src/moveit2-humble/install/moveit_core/include/moveit/macros
[159.678s] -- Installing: /home/colcon_ws/src/moveit2-humble/install/moveit_core/include/moveit/macros/console_colors.h
[159.678s] -- Installing: /home/colcon_ws/src/moveit2-humble/install/moveit_core/include/moveit/macros/class_forward.h
[159.678s] -- Installing: /home/colcon_ws/src/moveit2-humble/install/moveit_core/include/moveit/macros/deprecation.h
[159.678s] -- Installing: /home/colcon_ws/src/moveit2-humble/install/moveit_core/include/moveit/macros/declare_ptr.h
[159.678s] -- Installing: /home/colcon_ws/src/moveit2-humble/install/moveit_core/include/moveit_butterworth_parameters
[159.678s] -- Installing: /home/colcon_ws/src/moveit2-humble/install/moveit_core/include/moveit_butterworth_parameters/moveit_butterworth_parameters.hpp
[159.678s] -- Up-to-date: /home/colcon_ws/src/moveit2-humble/install/moveit_core/include
[159.678s] -- Up-to-date: /home/colcon_ws/src/moveit2-humble/install/moveit_core/include/moveit
[159.678s] -- Installing: /home/colcon_ws/src/moveit2-humble/install/moveit_core/include/moveit/online_signal_smoothing
[159.678s] -- Installing: /home/colcon_ws/src/moveit2-humble/install/moveit_core/include/moveit/online_signal_smoothing/smoothing_base_class.h
[159.679s] -- Installing: /home/colcon_ws/src/moveit2-humble/install/moveit_core/include/moveit/online_signal_smoothing/butterworth_filter.h
[159.679s] -- Installing: /home/colcon_ws/src/moveit2-humble/install/moveit_core/include/moveit_smoothing_base_export.h
[159.679s] -- Installing: /home/colcon_ws/src/moveit2-humble/install/moveit_core/include/moveit_butterworth_filter_export.h
[159.679s] -- Up-to-date: /home/colcon_ws/src/moveit2-humble/install/moveit_core/include
[159.679s] -- Up-to-date: /home/colcon_ws/src/moveit2-humble/install/moveit_core/include/moveit
[159.679s] -- Installing: /home/colcon_ws/src/moveit2-humble/install/moveit_core/include/moveit/planning_interface
[159.679s] -- Installing: /home/colcon_ws/src/moveit2-humble/install/moveit_core/include/moveit/planning_interface/planning_response.h
[159.679s] -- Installing: /home/colcon_ws/src/moveit2-humble/install/moveit_core/include/moveit/planning_interface/planning_interface.h
[159.679s] -- Installing: /home/colcon_ws/src/moveit2-humble/install/moveit_core/include/moveit/planning_interface/planning_request.h
[159.680s] -- Up-to-date: /home/colcon_ws/src/moveit2-humble/install/moveit_core/include
[159.680s] -- Up-to-date: /home/colcon_ws/src/moveit2-humble/install/moveit_core/include/moveit
[159.680s] -- Installing: /home/colcon_ws/src/moveit2-humble/install/moveit_core/include/moveit/planning_request_adapter
[159.680s] -- Installing: /home/colcon_ws/src/moveit2-humble/install/moveit_core/include/moveit/planning_request_adapter/planning_request_adapter.h
[159.680s] -- Up-to-date: /home/colcon_ws/src/moveit2-humble/install/moveit_core/include
[159.680s] -- Up-to-date: /home/colcon_ws/src/moveit2-humble/install/moveit_core/include/moveit
[159.680s] -- Installing: /home/colcon_ws/src/moveit2-humble/install/moveit_core/include/moveit/planning_scene
[159.680s] -- Installing: /home/colcon_ws/src/moveit2-humble/install/moveit_core/include/moveit/planning_scene/planning_scene.h
[159.680s] -- Installing: /home/colcon_ws/src/moveit2-humble/install/moveit_core/include/moveit_planning_scene_export.h
[159.681s] -- Up-to-date: /home/colcon_ws/src/moveit2-humble/install/moveit_core/include
[159.681s] -- Up-to-date: /home/colcon_ws/src/moveit2-humble/install/moveit_core/include/moveit
[159.681s] -- Installing: /home/colcon_ws/src/moveit2-humble/install/moveit_core/include/moveit/robot_model
[159.681s] -- Installing: /home/colcon_ws/src/moveit2-humble/install/moveit_core/include/moveit/robot_model/link_model.h
[159.681s] -- Installing: /home/colcon_ws/src/moveit2-humble/install/moveit_core/include/moveit/robot_model/prismatic_joint_model.h
[159.681s] -- Installing: /home/colcon_ws/src/moveit2-humble/install/moveit_core/include/moveit/robot_model/aabb.h
[159.681s] -- Installing: /home/colcon_ws/src/moveit2-humble/install/moveit_core/include/moveit/robot_model/revolute_joint_model.h
[159.681s] -- Installing: /home/colcon_ws/src/moveit2-humble/install/moveit_core/include/moveit/robot_model/robot_model.h
[159.681s] -- Installing: /home/colcon_ws/src/moveit2-humble/install/moveit_core/include/moveit/robot_model/joint_model.h
[159.681s] -- Installing: /home/colcon_ws/src/moveit2-humble/install/moveit_core/include/moveit/robot_model/joint_model_group.h
[159.682s] -- Installing: /home/colcon_ws/src/moveit2-humble/install/moveit_core/include/moveit/robot_model/floating_joint_model.h
[159.682s] -- Installing: /home/colcon_ws/src/moveit2-humble/install/moveit_core/include/moveit/robot_model/fixed_joint_model.h
[159.682s] -- Installing: /home/colcon_ws/src/moveit2-humble/install/moveit_core/include/moveit/robot_model/planar_joint_model.h
[159.682s] -- Up-to-date: /home/colcon_ws/src/moveit2-humble/install/moveit_core/include
[159.682s] -- Up-to-date: /home/colcon_ws/src/moveit2-humble/install/moveit_core/include/moveit
[159.682s] -- Installing: /home/colcon_ws/src/moveit2-humble/install/moveit_core/include/moveit/robot_state
[159.682s] -- Installing: /home/colcon_ws/src/moveit2-humble/install/moveit_core/include/moveit/robot_state/attached_body.h
[159.682s] -- Installing: /home/colcon_ws/src/moveit2-humble/install/moveit_core/include/moveit/robot_state/cartesian_interpolator.h
[159.682s] -- Installing: /home/colcon_ws/src/moveit2-humble/install/moveit_core/include/moveit/robot_state/robot_state.h
[159.683s] -- Installing: /home/colcon_ws/src/moveit2-humble/install/moveit_core/include/moveit/robot_state/conversions.h
[159.683s] -- Up-to-date: /home/colcon_ws/src/moveit2-humble/install/moveit_core/include
[159.683s] -- Up-to-date: /home/colcon_ws/src/moveit2-humble/install/moveit_core/include/moveit
[159.683s] -- Installing: /home/colcon_ws/src/moveit2-humble/install/moveit_core/include/moveit/robot_trajectory
[159.683s] -- Installing: /home/colcon_ws/src/moveit2-humble/install/moveit_core/include/moveit/robot_trajectory/robot_trajectory.h
[159.684s] -- Up-to-date: /home/colcon_ws/src/moveit2-humble/install/moveit_core/include
[159.684s] -- Up-to-date: /home/colcon_ws/src/moveit2-humble/install/moveit_core/include/moveit
[159.684s] -- Installing: /home/colcon_ws/src/moveit2-humble/install/moveit_core/include/moveit/sensor_manager
[159.684s] -- Installing: /home/colcon_ws/src/moveit2-humble/install/moveit_core/include/moveit/sensor_manager/sensor_manager.h
[159.684s] -- Up-to-date: /home/colcon_ws/src/moveit2-humble/install/moveit_core/include
[159.684s] -- Up-to-date: /home/colcon_ws/src/moveit2-humble/install/moveit_core/include/moveit
[159.684s] -- Installing: /home/colcon_ws/src/moveit2-humble/install/moveit_core/include/moveit/trajectory_processing
[159.684s] -- Installing: /home/colcon_ws/src/moveit2-humble/install/moveit_core/include/moveit/trajectory_processing/trajectory_tools.h
[159.685s] -- Installing: /home/colcon_ws/src/moveit2-humble/install/moveit_core/include/moveit/trajectory_processing/ruckig_traj_smoothing.h
[159.685s] -- Installing: /home/colcon_ws/src/moveit2-humble/install/moveit_core/include/moveit/trajectory_processing/time_parameterization.h
[159.685s] -- Installing: /home/colcon_ws/src/moveit2-humble/install/moveit_core/include/moveit/trajectory_processing/iterative_time_parameterization.h
[159.685s] -- Installing: /home/colcon_ws/src/moveit2-humble/install/moveit_core/include/moveit/trajectory_processing/time_optimal_trajectory_generation.h
[159.685s] -- Installing: /home/colcon_ws/src/moveit2-humble/install/moveit_core/include/moveit/trajectory_processing/iterative_spline_parameterization.h
[159.685s] -- Up-to-date: /home/colcon_ws/src/moveit2-humble/install/moveit_core/include
[159.685s] -- Up-to-date: /home/colcon_ws/src/moveit2-humble/install/moveit_core/include/moveit
[159.685s] -- Installing: /home/colcon_ws/src/moveit2-humble/install/moveit_core/include/moveit/transforms
[159.686s] -- Installing: /home/colcon_ws/src/moveit2-humble/install/moveit_core/include/moveit/transforms/transforms.h
[159.686s] -- Up-to-date: /home/colcon_ws/src/moveit2-humble/install/moveit_core/include
[159.686s] -- Up-to-date: /home/colcon_ws/src/moveit2-humble/install/moveit_core/include/moveit
[159.686s] -- Installing: /home/colcon_ws/src/moveit2-humble/install/moveit_core/include/moveit/utils
[159.686s] -- Installing: /home/colcon_ws/src/moveit2-humble/install/moveit_core/include/moveit/utils/message_checks.h
[159.686s] -- Installing: /home/colcon_ws/src/moveit2-humble/install/moveit_core/include/moveit/utils/lexical_casts.h
[159.686s] -- Installing: /home/colcon_ws/src/moveit2-humble/install/moveit_core/include/moveit/utils/rclcpp_utils.h
[159.686s] -- Installing: /home/colcon_ws/src/moveit2-humble/install/moveit_core/include/moveit/utils/moveit_error_code.h
[159.686s] -- Installing: /home/colcon_ws/src/moveit2-humble/install/moveit_core/include/moveit/utils/robot_model_test_utils.h
[159.686s] -- Installing: /home/colcon_ws/src/moveit2-humble/install/moveit_core/bin/moveit_version
[159.687s] -- Up-to-date: /home/colcon_ws/src/moveit2-humble/install/moveit_core/include
[159.687s] -- Up-to-date: /home/colcon_ws/src/moveit2-humble/install/moveit_core/include/moveit
[159.687s] -- Installing: /home/colcon_ws/src/moveit2-humble/install/moveit_core/include/moveit/collision_detection
[159.687s] -- Installing: /home/colcon_ws/src/moveit2-humble/install/moveit_core/include/moveit/collision_detection/collision_matrix.h
[159.687s] -- Installing: /home/colcon_ws/src/moveit2-humble/install/moveit_core/include/moveit/collision_detection/collision_plugin_cache.h
[159.687s] -- Installing: /home/colcon_ws/src/moveit2-humble/install/moveit_core/include/moveit/collision_detection/collision_tools.h
[159.687s] -- Installing: /home/colcon_ws/src/moveit2-humble/install/moveit_core/include/moveit/collision_detection/collision_plugin.h
[159.687s] -- Installing: /home/colcon_ws/src/moveit2-humble/install/moveit_core/include/moveit/collision_detection/occupancy_map.h
[159.687s] -- Installing: /home/colcon_ws/src/moveit2-humble/install/moveit_core/include/moveit/collision_detection/allvalid
[159.687s] -- Installing: /home/colcon_ws/src/moveit2-humble/install/moveit_core/include/moveit/collision_detection/allvalid/collision_detector_allocator_allvalid.h
[159.688s] -- Installing: /home/colcon_ws/src/moveit2-humble/install/moveit_core/include/moveit/collision_detection/allvalid/collision_env_allvalid.h
[159.688s] -- Installing: /home/colcon_ws/src/moveit2-humble/install/moveit_core/include/moveit/collision_detection/world_diff.h
[159.688s] -- Installing: /home/colcon_ws/src/moveit2-humble/install/moveit_core/include/moveit/collision_detection/collision_common.h
[159.688s] -- Installing: /home/colcon_ws/src/moveit2-humble/install/moveit_core/include/moveit/collision_detection/collision_octomap_filter.h
[159.688s] -- Installing: /home/colcon_ws/src/moveit2-humble/install/moveit_core/include/moveit/collision_detection/collision_env.h
[159.688s] -- Installing: /home/colcon_ws/src/moveit2-humble/install/moveit_core/include/moveit/collision_detection/world.h
[159.688s] -- Installing: /home/colcon_ws/src/moveit2-humble/install/moveit_core/include/moveit/collision_detection/collision_detector_allocator.h
[159.688s] -- Installing: /home/colcon_ws/src/moveit2-humble/install/moveit_core/include/moveit/collision_detection/test_collision_common_panda.h
[159.688s] -- Installing: /home/colcon_ws/src/moveit2-humble/install/moveit_core/include/moveit/collision_detection/test_collision_common_pr2.h
[159.689s] -- Installing: /home/colcon_ws/src/moveit2-humble/install/moveit_core/include/moveit_collision_detection_export.h
[159.689s] -- Installing: /home/colcon_ws/src/moveit2-humble/install/moveit_core/include/moveit_core
[159.689s] -- Installing: /home/colcon_ws/src/moveit2-humble/install/moveit_core/include/moveit_core/moveit
[159.689s] -- Installing: /home/colcon_ws/src/moveit2-humble/install/moveit_core/include/moveit_core/moveit/collision_detection_bullet
[159.689s] -- Installing: /home/colcon_ws/src/moveit2-humble/install/moveit_core/include/moveit_core/moveit/collision_detection_bullet/collision_env_bullet.h
[159.689s] -- Installing: /home/colcon_ws/src/moveit2-humble/install/moveit_core/include/moveit_core/moveit/collision_detection_bullet/collision_detector_allocator_bullet.h
[159.689s] -- Installing: /home/colcon_ws/src/moveit2-humble/install/moveit_core/include/moveit_core/moveit/collision_detection_bullet/bullet_integration
[159.689s] -- Installing: /home/colcon_ws/src/moveit2-humble/install/moveit_core/include/moveit_core/moveit/collision_detection_bullet/bullet_integration/bullet_discrete_bvh_manager.h
[159.689s] -- Installing: /home/colcon_ws/src/moveit2-humble/install/moveit_core/include/moveit_core/moveit/collision_detection_bullet/bullet_integration/bullet_utils.h
[159.690s] -- Installing: /home/colcon_ws/src/moveit2-humble/install/moveit_core/include/moveit_core/moveit/collision_detection_bullet/bullet_integration/bullet_bvh_manager.h
[159.690s] -- Installing: /home/colcon_ws/src/moveit2-humble/install/moveit_core/include/moveit_core/moveit/collision_detection_bullet/bullet_integration/basic_types.h
[159.690s] -- Installing: /home/colcon_ws/src/moveit2-humble/install/moveit_core/include/moveit_core/moveit/collision_detection_bullet/bullet_integration/bullet_cast_bvh_manager.h
[159.690s] -- Installing: /home/colcon_ws/src/moveit2-humble/install/moveit_core/include/moveit_core/moveit/collision_detection_bullet/bullet_integration/contact_checker_common.h
[159.690s] -- Installing: /home/colcon_ws/src/moveit2-humble/install/moveit_core/include/moveit_core/moveit/collision_detection_bullet/bullet_integration/ros_bullet_utils.h
[159.690s] -- Installing: /home/colcon_ws/src/moveit2-humble/install/moveit_core/include/moveit_core/moveit/collision_detection_bullet/collision_detector_bullet_plugin_loader.h
[159.690s] -- Installing: /home/colcon_ws/src/moveit2-humble/install/moveit_core/include/moveit_core/moveit_collision_detection_bullet_export.h
[159.690s] -- Up-to-date: /home/colcon_ws/src/moveit2-humble/install/moveit_core/include
[159.690s] -- Up-to-date: /home/colcon_ws/src/moveit2-humble/install/moveit_core/include/moveit
[159.691s] -- Installing: /home/colcon_ws/src/moveit2-humble/install/moveit_core/include/moveit/collision_detection_fcl
[159.691s] -- Installing: /home/colcon_ws/src/moveit2-humble/install/moveit_core/include/moveit/collision_detection_fcl/collision_detector_fcl_plugin_loader.h
[159.691s] -- Installing: /home/colcon_ws/src/moveit2-humble/install/moveit_core/include/moveit/collision_detection_fcl/collision_env_fcl.h
[159.691s] -- Installing: /home/colcon_ws/src/moveit2-humble/install/moveit_core/include/moveit/collision_detection_fcl/collision_detector_allocator_fcl.h
[159.691s] -- Installing: /home/colcon_ws/src/moveit2-humble/install/moveit_core/include/moveit/collision_detection_fcl/fcl_compat.h
[159.691s] -- Installing: /home/colcon_ws/src/moveit2-humble/install/moveit_core/include/moveit/collision_detection_fcl/collision_common.h
[159.691s] -- Installing: /home/colcon_ws/src/moveit2-humble/install/moveit_core/include/moveit_collision_detection_fcl_export.h
[159.691s] -- Installing: /home/colcon_ws/src/moveit2-humble/install/moveit_core/lib/libcollision_detector_bullet_plugin.so.2.5.4
[159.699s] -- Set runtime path of "/home/colcon_ws/src/moveit2-humble/install/moveit_core/lib/libcollision_detector_bullet_plugin.so.2.5.4" to ""
[159.699s] -- Installing: /home/colcon_ws/src/moveit2-humble/install/moveit_core/lib/libcollision_detector_bullet_plugin.so
[159.699s] -- Installing: /home/colcon_ws/src/moveit2-humble/install/moveit_core/lib/libmoveit_butterworth_filter.so.2.5.4
[159.704s] -- Set runtime path of "/home/colcon_ws/src/moveit2-humble/install/moveit_core/lib/libmoveit_butterworth_filter.so.2.5.4" to ""
[159.704s] -- Installing: /home/colcon_ws/src/moveit2-humble/install/moveit_core/lib/libmoveit_butterworth_filter.so
[159.704s] -- Installing: /home/colcon_ws/src/moveit2-humble/install/moveit_core/lib/libmoveit_collision_distance_field.so.2.5.4
[159.725s] -- Set runtime path of "/home/colcon_ws/src/moveit2-humble/install/moveit_core/lib/libmoveit_collision_distance_field.so.2.5.4" to ""
[159.725s] -- Installing: /home/colcon_ws/src/moveit2-humble/install/moveit_core/lib/libmoveit_collision_distance_field.so
[159.725s] -- Installing: /home/colcon_ws/src/moveit2-humble/install/moveit_core/lib/libmoveit_collision_detection.so.2.5.4
[159.747s] -- Set runtime path of "/home/colcon_ws/src/moveit2-humble/install/moveit_core/lib/libmoveit_collision_detection.so.2.5.4" to ""
[159.747s] -- Installing: /home/colcon_ws/src/moveit2-humble/install/moveit_core/lib/libmoveit_collision_detection.so
[159.747s] -- Installing: /home/colcon_ws/src/moveit2-humble/install/moveit_core/lib/libmoveit_collision_detection_fcl.so.2.5.4
[159.763s] -- Set runtime path of "/home/colcon_ws/src/moveit2-humble/install/moveit_core/lib/libmoveit_collision_detection_fcl.so.2.5.4" to ""
[159.763s] -- Installing: /home/colcon_ws/src/moveit2-humble/install/moveit_core/lib/libmoveit_collision_detection_fcl.so
[159.764s] -- Installing: /home/colcon_ws/src/moveit2-humble/install/moveit_core/lib/libmoveit_collision_detection_bullet.so.2.5.4
[159.781s] -- Set runtime path of "/home/colcon_ws/src/moveit2-humble/install/moveit_core/lib/libmoveit_collision_detection_bullet.so.2.5.4" to ""
[159.781s] -- Installing: /home/colcon_ws/src/moveit2-humble/install/moveit_core/lib/libmoveit_collision_detection_bullet.so
[159.781s] -- Installing: /home/colcon_ws/src/moveit2-humble/install/moveit_core/lib/libmoveit_dynamics_solver.so.2.5.4
[159.789s] -- Set runtime path of "/home/colcon_ws/src/moveit2-humble/install/moveit_core/lib/libmoveit_dynamics_solver.so.2.5.4" to ""
[159.789s] -- Installing: /home/colcon_ws/src/moveit2-humble/install/moveit_core/lib/libmoveit_dynamics_solver.so
[159.789s] -- Installing: /home/colcon_ws/src/moveit2-humble/install/moveit_core/lib/libmoveit_constraint_samplers.so.2.5.4
[159.810s] -- Set runtime path of "/home/colcon_ws/src/moveit2-humble/install/moveit_core/lib/libmoveit_constraint_samplers.so.2.5.4" to ""
[159.810s] -- Installing: /home/colcon_ws/src/moveit2-humble/install/moveit_core/lib/libmoveit_constraint_samplers.so
[159.810s] -- Installing: /home/colcon_ws/src/moveit2-humble/install/moveit_core/lib/libmoveit_distance_field.so.2.5.4
[159.816s] -- Set runtime path of "/home/colcon_ws/src/moveit2-humble/install/moveit_core/lib/libmoveit_distance_field.so.2.5.4" to ""
[159.816s] -- Installing: /home/colcon_ws/src/moveit2-humble/install/moveit_core/lib/libmoveit_distance_field.so
[159.816s] -- Installing: /home/colcon_ws/src/moveit2-humble/install/moveit_core/lib/libmoveit_exceptions.so.2.5.4
[159.816s] -- Set runtime path of "/home/colcon_ws/src/moveit2-humble/install/moveit_core/lib/libmoveit_exceptions.so.2.5.4" to ""
[159.816s] -- Installing: /home/colcon_ws/src/moveit2-humble/install/moveit_core/lib/libmoveit_exceptions.so
[159.816s] -- Installing: /home/colcon_ws/src/moveit2-humble/install/moveit_core/lib/libmoveit_kinematics_base.so
[159.820s] -- Set runtime path of "/home/colcon_ws/src/moveit2-humble/install/moveit_core/lib/libmoveit_kinematics_base.so" to ""
[159.820s] -- Installing: /home/colcon_ws/src/moveit2-humble/install/moveit_core/lib/libmoveit_kinematic_constraints.so.2.5.4
[159.843s] -- Set runtime path of "/home/colcon_ws/src/moveit2-humble/install/moveit_core/lib/libmoveit_kinematic_constraints.so.2.5.4" to ""
[159.843s] -- Installing: /home/colcon_ws/src/moveit2-humble/install/moveit_core/lib/libmoveit_kinematic_constraints.so
[159.843s] -- Installing: /home/colcon_ws/src/moveit2-humble/install/moveit_core/lib/libmoveit_kinematics_metrics.so.2.5.4
[159.873s] -- Set runtime path of "/home/colcon_ws/src/moveit2-humble/install/moveit_core/lib/libmoveit_kinematics_metrics.so.2.5.4" to ""
[159.873s] -- Installing: /home/colcon_ws/src/moveit2-humble/install/moveit_core/lib/libmoveit_kinematics_metrics.so
[159.874s] -- Installing: /home/colcon_ws/src/moveit2-humble/install/moveit_core/lib/libmoveit_planning_interface.so.2.5.4
[159.881s] -- Set runtime path of "/home/colcon_ws/src/moveit2-humble/install/moveit_core/lib/libmoveit_planning_interface.so.2.5.4" to ""
[159.881s] -- Installing: /home/colcon_ws/src/moveit2-humble/install/moveit_core/lib/libmoveit_planning_interface.so
[159.881s] -- Installing: /home/colcon_ws/src/moveit2-humble/install/moveit_core/lib/libmoveit_planning_scene.so.2.5.4
[159.898s] -- Set runtime path of "/home/colcon_ws/src/moveit2-humble/install/moveit_core/lib/libmoveit_planning_scene.so.2.5.4" to ""
[159.899s] -- Installing: /home/colcon_ws/src/moveit2-humble/install/moveit_core/lib/libmoveit_planning_scene.so
[159.899s] -- Installing: /home/colcon_ws/src/moveit2-humble/install/moveit_core/lib/libmoveit_planning_request_adapter.so.2.5.4
[159.904s] -- Set runtime path of "/home/colcon_ws/src/moveit2-humble/install/moveit_core/lib/libmoveit_planning_request_adapter.so.2.5.4" to ""
[159.904s] -- Installing: /home/colcon_ws/src/moveit2-humble/install/moveit_core/lib/libmoveit_planning_request_adapter.so
[159.905s] -- Installing: /home/colcon_ws/src/moveit2-humble/install/moveit_core/lib/libmoveit_robot_model.so.2.5.4
[159.929s] -- Set runtime path of "/home/colcon_ws/src/moveit2-humble/install/moveit_core/lib/libmoveit_robot_model.so.2.5.4" to ""
[159.929s] -- Installing: /home/colcon_ws/src/moveit2-humble/install/moveit_core/lib/libmoveit_robot_model.so
[159.929s] -- Installing: /home/colcon_ws/src/moveit2-humble/install/moveit_core/lib/libmoveit_robot_state.so.2.5.4
[159.971s] -- Set runtime path of "/home/colcon_ws/src/moveit2-humble/install/moveit_core/lib/libmoveit_robot_state.so.2.5.4" to ""
[159.971s] -- Installing: /home/colcon_ws/src/moveit2-humble/install/moveit_core/lib/libmoveit_robot_state.so
[159.971s] -- Installing: /home/colcon_ws/src/moveit2-humble/install/moveit_core/lib/libmoveit_robot_trajectory.so.2.5.4
[159.979s] -- Set runtime path of "/home/colcon_ws/src/moveit2-humble/install/moveit_core/lib/libmoveit_robot_trajectory.so.2.5.4" to ""
[159.979s] -- Installing: /home/colcon_ws/src/moveit2-humble/install/moveit_core/lib/libmoveit_robot_trajectory.so
[159.979s] -- Installing: /home/colcon_ws/src/moveit2-humble/install/moveit_core/lib/libmoveit_smoothing_base.so.2.5.4
[159.979s] -- Set runtime path of "/home/colcon_ws/src/moveit2-humble/install/moveit_core/lib/libmoveit_smoothing_base.so.2.5.4" to ""
[159.980s] -- Installing: /home/colcon_ws/src/moveit2-humble/install/moveit_core/lib/libmoveit_smoothing_base.so
[159.980s] -- Installing: /home/colcon_ws/src/moveit2-humble/install/moveit_core/lib/libmoveit_test_utils.so.2.5.4
[159.987s] -- Set runtime path of "/home/colcon_ws/src/moveit2-humble/install/moveit_core/lib/libmoveit_test_utils.so.2.5.4" to ""
[159.987s] -- Installing: /home/colcon_ws/src/moveit2-humble/install/moveit_core/lib/libmoveit_test_utils.so
[159.987s] -- Installing: /home/colcon_ws/src/moveit2-humble/install/moveit_core/lib/libmoveit_trajectory_processing.so.2.5.4
[160.003s] -- Set runtime path of "/home/colcon_ws/src/moveit2-humble/install/moveit_core/lib/libmoveit_trajectory_processing.so.2.5.4" to ""
[160.003s] -- Installing: /home/colcon_ws/src/moveit2-humble/install/moveit_core/lib/libmoveit_trajectory_processing.so
[160.003s] -- Installing: /home/colcon_ws/src/moveit2-humble/install/moveit_core/lib/libmoveit_transforms.so.2.5.4
[160.010s] -- Set runtime path of "/home/colcon_ws/src/moveit2-humble/install/moveit_core/lib/libmoveit_transforms.so.2.5.4" to ""
[160.010s] -- Installing: /home/colcon_ws/src/moveit2-humble/install/moveit_core/lib/libmoveit_transforms.so
[160.010s] -- Installing: /home/colcon_ws/src/moveit2-humble/install/moveit_core/lib/libmoveit_utils.so.2.5.4
[160.011s] -- Set runtime path of "/home/colcon_ws/src/moveit2-humble/install/moveit_core/lib/libmoveit_utils.so.2.5.4" to ""
[160.011s] -- Installing: /home/colcon_ws/src/moveit2-humble/install/moveit_core/lib/libmoveit_utils.so
[160.011s] -- Installing: /home/colcon_ws/src/moveit2-humble/install/moveit_core/share/moveit_core/environment/library_path.sh
[160.011s] -- Installing: /home/colcon_ws/src/moveit2-humble/install/moveit_core/share/moveit_core/environment/library_path.dsv
[160.012s] -- Installing: /home/colcon_ws/src/moveit2-humble/install/moveit_core/share/moveit_core/collision_detector_fcl_description.xml
[160.012s] -- Installing: /home/colcon_ws/src/moveit2-humble/install/moveit_core/share/moveit_core/collision_detector_bullet_description.xml
[160.013s] -- Installing: /home/colcon_ws/src/moveit2-humble/install/moveit_core/share/moveit_core/filter_plugin_butterworth.xml
[160.013s] -- Installing: /home/colcon_ws/src/moveit2-humble/install/moveit_core/share/ament_index/resource_index/package_run_dependencies/moveit_core
[160.013s] -- Installing: /home/colcon_ws/src/moveit2-humble/install/moveit_core/share/ament_index/resource_index/parent_prefix_path/moveit_core
[160.014s] -- Installing: /home/colcon_ws/src/moveit2-humble/install/moveit_core/share/moveit_core/environment/ament_prefix_path.sh
[160.014s] -- Installing: /home/colcon_ws/src/moveit2-humble/install/moveit_core/share/moveit_core/environment/ament_prefix_path.dsv
[160.014s] -- Installing: /home/colcon_ws/src/moveit2-humble/install/moveit_core/share/moveit_core/environment/path.sh
[160.014s] -- Installing: /home/colcon_ws/src/moveit2-humble/install/moveit_core/share/moveit_core/environment/path.dsv
[160.014s] -- Installing: /home/colcon_ws/src/moveit2-humble/install/moveit_core/share/moveit_core/local_setup.bash
[160.014s] -- Installing: /home/colcon_ws/src/moveit2-humble/install/moveit_core/share/moveit_core/local_setup.sh
[160.014s] -- Installing: /home/colcon_ws/src/moveit2-humble/install/moveit_core/share/moveit_core/local_setup.zsh
[160.014s] -- Installing: /home/colcon_ws/src/moveit2-humble/install/moveit_core/share/moveit_core/local_setup.dsv
[160.015s] -- Installing: /home/colcon_ws/src/moveit2-humble/install/moveit_core/share/moveit_core/package.dsv
[160.015s] -- Installing: /home/colcon_ws/src/moveit2-humble/install/moveit_core/share/ament_index/resource_index/packages/moveit_core
[160.015s] -- Installing: /home/colcon_ws/src/moveit2-humble/install/moveit_core/share/ament_index/resource_index/moveit_core__pluginlib__plugin/moveit_core
[160.015s] -- Installing: /home/colcon_ws/src/moveit2-humble/install/moveit_core/share/moveit_core/cmake/export_moveit_coreExport.cmake
[160.015s] -- Installing: /home/colcon_ws/src/moveit2-humble/install/moveit_core/share/moveit_core/cmake/export_moveit_coreExport-debug.cmake
[160.016s] -- Installing: /home/colcon_ws/src/moveit2-humble/install/moveit_core/share/moveit_core/cmake/ConfigExtras.cmake
[160.016s] -- Installing: /home/colcon_ws/src/moveit2-humble/install/moveit_core/share/moveit_core/cmake/ament_cmake_export_targets-extras.cmake
[160.016s] -- Installing: /home/colcon_ws/src/moveit2-humble/install/moveit_core/share/moveit_core/cmake/ament_cmake_export_dependencies-extras.cmake
[160.016s] -- Installing: /home/colcon_ws/src/moveit2-humble/install/moveit_core/share/moveit_core/cmake/moveit_coreConfig.cmake
[160.016s] -- Installing: /home/colcon_ws/src/moveit2-humble/install/moveit_core/share/moveit_core/cmake/moveit_coreConfig-version.cmake
[160.016s] -- Installing: /home/colcon_ws/src/moveit2-humble/install/moveit_core/share/moveit_core/package.xml
[160.020s] Invoked command in '/home/colcon_ws/src/moveit2-humble/build/moveit_core' returned '0': AMENT_PREFIX_PATH=/home/colcon_ws/src/moveit2-humble/install/moveit_common:${AMENT_PREFIX_PATH} CMAKE_PREFIX_PATH=/home/colcon_ws/src/moveit2-humble/install/moveit_common:/home/colcon_ws/install/pilz_industrial_motion_planner_testutils:/home/colcon_ws/install/moveit_runtime:/home/colcon_ws/install/moveit2_tutorials:/home/colcon_ws/install/moveit:/home/colcon_ws/install/moveit_planners:/home/colcon_ws/install/pilz_industrial_motion_planner:/home/colcon_ws/install/moveit_visual_tools:/home/colcon_ws/install/moveit_task_constructor_visualization:/home/colcon_ws/install/moveit_task_constructor_demo:/home/colcon_ws/install/moveit_task_constructor_capabilities:/home/colcon_ws/install/moveit_task_constructor_core:/home/colcon_ws/install/moveit_ros_control_interface:/home/colcon_ws/install/moveit_plugins:/home/colcon_ws/install/moveit_simple_controller_manager:/home/colcon_ws/install/moveit_setup_assistant:/home/colcon_ws/install/moveit_setup_srdf_plugins:/home/colcon_ws/install/moveit_setup_core_plugins:/home/colcon_ws/install/moveit_setup_controllers:/home/colcon_ws/install/moveit_setup_app_plugins:/home/colcon_ws/install/moveit_setup_framework:/home/colcon_ws/install/moveit_servo:/home/colcon_ws/install/moveit_ros:/home/colcon_ws/install/moveit_ros_visualization:/home/colcon_ws/install/moveit_hybrid_planning:/home/colcon_ws/install/moveit_ros_planning_interface:/home/colcon_ws/install/moveit_ros_benchmarks:/home/colcon_ws/install/moveit_ros_warehouse:/home/colcon_ws/install/moveit_ros_robot_interaction:/home/colcon_ws/install/moveit_ros_perception:/home/colcon_ws/install/moveit_resources_prbt_pg70_support:/home/colcon_ws/install/moveit_resources_prbt_moveit_config:/home/colcon_ws/install/moveit_ros_move_group:/home/colcon_ws/install/moveit_planners_ompl:/home/colcon_ws/install/moveit_ros_planning:/home/colcon_ws/install/moveit_ros_occupancy_map_monitor:/home/colcon_ws/install/moveit_resources_prbt_ikfast_manipulator_plugin:/home/colcon_ws/install/moveit_planners_chomp:/home/colcon_ws/install/moveit_kinematics:/home/colcon_ws/install/moveit_chomp_optimizer_adapter:/home/colcon_ws/install/chomp_motion_planner:/home/colcon_ws/install/moveit_core:/home/colcon_ws/install/srdfdom:/home/colcon_ws/install/rviz_marker_tools:/home/colcon_ws/install/rosparam_shortcuts:/home/colcon_ws/install/my_messages:/home/colcon_ws/install/moveit_task_constructor_msgs:/home/colcon_ws/install/moveit_resources_prbt_support:/home/colcon_ws/install/moveit_resources:/home/colcon_ws/install/moveit_resources_pr2_description:/home/colcon_ws/install/moveit_resources_panda_moveit_config:/home/colcon_ws/install/moveit_resources_panda_description:/home/colcon_ws/install/moveit_resources_fanuc_moveit_config:/home/colcon_ws/install/moveit_resources_fanuc_description:/home/colcon_ws/install/moveit_common:/home/colcon_ws/install/goal_change_interfaces:/home/colcon_ws/install/cpp_srvcli:/home/colcon_ws/install/moveit_configs_utils:/home/colcon_ws/install/launch_param_builder:/opt/ros/humble /usr/bin/cmake --install /home/colcon_ws/src/moveit2-humble/build/moveit_core
