[0.040s] Invoking command in '/home/colcon_ws/src/moveit2-humble/build/moveit_hybrid_planning': AMENT_PREFIX_PATH=/home/colcon_ws/src/moveit2-humble/install/moveit_ros_planning_interface:/home/colcon_ws/src/moveit2-humble/install/moveit_ros_move_group:/home/colcon_ws/src/moveit2-humble/install/moveit_ros_warehouse:/home/colcon_ws/src/moveit2-humble/install/moveit_planners_ompl:/home/colcon_ws/src/moveit2-humble/install/moveit_kinematics:/home/colcon_ws/src/moveit2-humble/install/moveit_ros_planning:/home/colcon_ws/src/moveit2-humble/install/moveit_ros_occupancy_map_monitor:/home/colcon_ws/src/moveit2-humble/install/moveit_core:/home/colcon_ws/src/moveit2-humble/install/moveit_common:${AMENT_PREFIX_PATH} CMAKE_PREFIX_PATH=/home/colcon_ws/src/moveit2-humble/install/moveit_ros_planning_interface:/home/colcon_ws/src/moveit2-humble/install/moveit_ros_move_group:/home/colcon_ws/src/moveit2-humble/install/moveit_ros_warehouse:/home/colcon_ws/src/moveit2-humble/install/moveit_planners_ompl:/home/colcon_ws/src/moveit2-humble/install/moveit_kinematics:/home/colcon_ws/src/moveit2-humble/install/moveit_ros_planning:/home/colcon_ws/src/moveit2-humble/install/moveit_ros_occupancy_map_monitor:/home/colcon_ws/src/moveit2-humble/install/moveit_core:/home/colcon_ws/src/moveit2-humble/install/moveit_common:/home/colcon_ws/install/pilz_industrial_motion_planner_testutils:/home/colcon_ws/install/moveit_runtime:/home/colcon_ws/install/moveit2_tutorials:/home/colcon_ws/install/moveit:/home/colcon_ws/install/moveit_planners:/home/colcon_ws/install/pilz_industrial_motion_planner:/home/colcon_ws/install/moveit_visual_tools:/home/colcon_ws/install/moveit_task_constructor_visualization:/home/colcon_ws/install/moveit_task_constructor_demo:/home/colcon_ws/install/moveit_task_constructor_capabilities:/home/colcon_ws/install/moveit_task_constructor_core:/home/colcon_ws/install/moveit_ros_control_interface:/home/colcon_ws/install/moveit_plugins:/home/colcon_ws/install/moveit_simple_controller_manager:/home/colcon_ws/install/moveit_setup_assistant:/home/colcon_ws/install/moveit_setup_srdf_plugins:/home/colcon_ws/install/moveit_setup_core_plugins:/home/colcon_ws/install/moveit_setup_controllers:/home/colcon_ws/install/moveit_setup_app_plugins:/home/colcon_ws/install/moveit_setup_framework:/home/colcon_ws/install/moveit_servo:/home/colcon_ws/install/moveit_ros:/home/colcon_ws/install/moveit_ros_visualization:/home/colcon_ws/install/moveit_hybrid_planning:/home/colcon_ws/install/moveit_ros_planning_interface:/home/colcon_ws/install/moveit_ros_benchmarks:/home/colcon_ws/install/moveit_ros_warehouse:/home/colcon_ws/install/moveit_ros_robot_interaction:/home/colcon_ws/install/moveit_ros_perception:/home/colcon_ws/install/moveit_resources_prbt_pg70_support:/home/colcon_ws/install/moveit_resources_prbt_moveit_config:/home/colcon_ws/install/moveit_ros_move_group:/home/colcon_ws/install/moveit_planners_ompl:/home/colcon_ws/install/moveit_ros_planning:/home/colcon_ws/install/moveit_ros_occupancy_map_monitor:/home/colcon_ws/install/moveit_resources_prbt_ikfast_manipulator_plugin:/home/colcon_ws/install/moveit_planners_chomp:/home/colcon_ws/install/moveit_kinematics:/home/colcon_ws/install/moveit_chomp_optimizer_adapter:/home/colcon_ws/install/chomp_motion_planner:/home/colcon_ws/install/moveit_core:/home/colcon_ws/install/srdfdom:/home/colcon_ws/install/rviz_marker_tools:/home/colcon_ws/install/rosparam_shortcuts:/home/colcon_ws/install/my_messages:/home/colcon_ws/install/moveit_task_constructor_msgs:/home/colcon_ws/install/moveit_resources_prbt_support:/home/colcon_ws/install/moveit_resources:/home/colcon_ws/install/moveit_resources_pr2_description:/home/colcon_ws/install/moveit_resources_panda_moveit_config:/home/colcon_ws/install/moveit_resources_panda_description:/home/colcon_ws/install/moveit_resources_fanuc_moveit_config:/home/colcon_ws/install/moveit_resources_fanuc_description:/home/colcon_ws/install/moveit_common:/home/colcon_ws/install/goal_change_interfaces:/home/colcon_ws/install/cpp_srvcli:/home/colcon_ws/install/moveit_configs_utils:/home/colcon_ws/install/launch_param_builder:/opt/ros/humble LD_LIBRARY_PATH=/home/colcon_ws/src/moveit2-humble/install/moveit_ros_planning_interface/lib:/home/colcon_ws/src/moveit2-humble/install/moveit_ros_move_group/lib:/home/colcon_ws/src/moveit2-humble/install/moveit_ros_warehouse/lib:/home/colcon_ws/src/moveit2-humble/install/moveit_planners_ompl/lib:/home/colcon_ws/src/moveit2-humble/install/moveit_kinematics/lib:/home/colcon_ws/src/moveit2-humble/install/moveit_ros_planning/lib:/home/colcon_ws/src/moveit2-humble/install/moveit_ros_occupancy_map_monitor/lib:/home/colcon_ws/src/moveit2-humble/install/moveit_core/lib:${LD_LIBRARY_PATH} PATH=/home/colcon_ws/src/moveit2-humble/install/moveit_core/bin:${PATH} /usr/bin/cmake /home/colcon_ws/src/moveit2-humble/moveit_ros/hybrid_planning -DCMAKE_INSTALL_PREFIX=/home/colcon_ws/src/moveit2-humble/install/moveit_hybrid_planning
[0.052s] -- Found moveit_common: 2.5.4 (/home/colcon_ws/src/moveit2-humble/install/moveit_common/share/moveit_common/cmake)
[0.053s] -- Found ament_cmake: 1.3.4 (/opt/ros/humble/share/ament_cmake/cmake)
[0.237s] -- Could NOT find libbfd (missing: LIBBFD_LIBRARY LIBBFD_INCLUDE_DIR) 
[0.237s] -- BACKWARD_HAS_UNWIND=1
[0.237s] -- BACKWARD_HAS_BACKTRACE=0
[0.237s] -- BACKWARD_HAS_BACKTRACE_SYMBOL=0
[0.237s] -- BACKWARD_HAS_DW=1
[0.237s] -- BACKWARD_HAS_BFD=0
[0.237s] -- Found Backward: /opt/ros/humble/share/backward_ros/cmake  
[0.238s] -- Found moveit_core: 2.5.4 (/home/colcon_ws/src/moveit2-humble/install/moveit_core/share/moveit_core/cmake)
[0.250s] -- Found Boost: /usr/lib/x86_64-linux-gnu/cmake/Boost-1.74.0/BoostConfig.cmake (found version "1.74.0") found components: chrono date_time filesystem iostreams program_options regex serialization system thread 
[0.257s] -- Found parameter_traits: 0.3.3 (/opt/ros/humble/share/parameter_traits/cmake)
[0.277s] -- Found rosidl_generator_c: 3.1.4 (/opt/ros/humble/share/rosidl_generator_c/cmake)
[0.279s] -- Found rosidl_adapter: 3.1.4 (/opt/ros/humble/share/rosidl_adapter/cmake)
[0.284s] -- Found rosidl_generator_cpp: 3.1.4 (/opt/ros/humble/share/rosidl_generator_cpp/cmake)
[0.296s] -- Using all available rosidl_typesupport_c: rosidl_typesupport_fastrtps_c;rosidl_typesupport_introspection_c
[0.311s] -- Using all available rosidl_typesupport_cpp: rosidl_typesupport_fastrtps_cpp;rosidl_typesupport_introspection_cpp
[0.363s] -- Found rmw_implementation_cmake: 6.1.1 (/opt/ros/humble/share/rmw_implementation_cmake/cmake)
[0.367s] -- Found rmw_fastrtps_cpp: 6.2.2 (/opt/ros/humble/share/rmw_fastrtps_cpp/cmake)
[0.502s] -- Using RMW implementation 'rmw_fastrtps_cpp' as default
[0.652s] -- Found rclcpp_lifecycle: 16.0.4 (/opt/ros/humble/share/rclcpp_lifecycle/cmake)
[0.689s] -- Found Boost: /usr/lib/x86_64-linux-gnu/cmake/Boost-1.74.0/BoostConfig.cmake (found version "1.74.0") found components: filesystem 
[0.771s] -- library: /usr/lib/x86_64-linux-gnu/libcurl.so
[1.037s] -- Ensuring Eigen3 include directory is part of orocos-kdl CMake target
[2.004s] -- Found moveit_ros_planning: 2.5.4 (/home/colcon_ws/src/moveit2-humble/install/moveit_ros_planning/share/moveit_ros_planning/cmake)
[2.008s] -- Found Boost: /usr/lib/x86_64-linux-gnu/cmake/Boost-1.74.0/BoostConfig.cmake (found version "1.74.0") found components: system filesystem date_time program_options thread chrono 
[2.411s] -- Found moveit_ros_planning_interface: 2.5.4 (/home/colcon_ws/src/moveit2-humble/install/moveit_ros_planning_interface/share/moveit_ros_planning_interface/cmake)
[2.415s] -- Found Boost: /usr/lib/x86_64-linux-gnu/cmake/Boost-1.74.0/BoostConfig.cmake (found version "1.74.0") found components: date_time filesystem program_options system thread 
[2.596s] -- Found Boost: /usr/lib/x86_64-linux-gnu/cmake/Boost-1.74.0/BoostConfig.cmake (found version "1.74.0") found components: thread system filesystem regex date_time program_options 
[2.818s] -- Found Boost: /usr/lib/x86_64-linux-gnu/cmake/Boost-1.74.0/BoostConfig.cmake (found version "1.74.0") found components: system filesystem date_time program_options thread 
[3.229s] -- Found goal_change_interfaces: 0.0.0 (/home/colcon_ws/install/goal_change_interfaces/share/goal_change_interfaces/cmake)
[3.559s] -- Found ament_lint_auto: 0.12.6 (/opt/ros/humble/share/ament_lint_auto/cmake)
[3.560s] -- Found ament_cmake_gtest: 1.3.4 (/opt/ros/humble/share/ament_cmake_gtest/cmake)
[3.560s] -- Found ros_testing: 0.4.0 (/opt/ros/humble/share/ros_testing/cmake)
[3.561s] -- Found launch_testing_ament_cmake: 1.0.4 (/opt/ros/humble/share/launch_testing_ament_cmake/cmake)
[3.561s] -- Found python_cmake_module: 0.10.0 (/opt/ros/humble/share/python_cmake_module/cmake)
[3.580s] -- Using PYTHON_EXECUTABLE: /usr/bin/python3
[3.580s] -- Using PYTHON_INCLUDE_DIRS: /usr/include/python3.10
[3.580s] -- Using PYTHON_LIBRARIES: /usr/lib/x86_64-linux-gnu/libpython3.10.so
[3.584s] -- Found Boost: /usr/lib/x86_64-linux-gnu/cmake/Boost-1.74.0/BoostConfig.cmake (found version "1.74.0") found components: filesystem 
[3.676s] -- Configuring done
[3.928s] -- Generating done
[3.934s] -- Build files have been written to: /home/colcon_ws/src/moveit2-humble/build/moveit_hybrid_planning
[3.947s] Invoked command in '/home/colcon_ws/src/moveit2-humble/build/moveit_hybrid_planning' returned '0': AMENT_PREFIX_PATH=/home/colcon_ws/src/moveit2-humble/install/moveit_ros_planning_interface:/home/colcon_ws/src/moveit2-humble/install/moveit_ros_move_group:/home/colcon_ws/src/moveit2-humble/install/moveit_ros_warehouse:/home/colcon_ws/src/moveit2-humble/install/moveit_planners_ompl:/home/colcon_ws/src/moveit2-humble/install/moveit_kinematics:/home/colcon_ws/src/moveit2-humble/install/moveit_ros_planning:/home/colcon_ws/src/moveit2-humble/install/moveit_ros_occupancy_map_monitor:/home/colcon_ws/src/moveit2-humble/install/moveit_core:/home/colcon_ws/src/moveit2-humble/install/moveit_common:${AMENT_PREFIX_PATH} CMAKE_PREFIX_PATH=/home/colcon_ws/src/moveit2-humble/install/moveit_ros_planning_interface:/home/colcon_ws/src/moveit2-humble/install/moveit_ros_move_group:/home/colcon_ws/src/moveit2-humble/install/moveit_ros_warehouse:/home/colcon_ws/src/moveit2-humble/install/moveit_planners_ompl:/home/colcon_ws/src/moveit2-humble/install/moveit_kinematics:/home/colcon_ws/src/moveit2-humble/install/moveit_ros_planning:/home/colcon_ws/src/moveit2-humble/install/moveit_ros_occupancy_map_monitor:/home/colcon_ws/src/moveit2-humble/install/moveit_core:/home/colcon_ws/src/moveit2-humble/install/moveit_common:/home/colcon_ws/install/pilz_industrial_motion_planner_testutils:/home/colcon_ws/install/moveit_runtime:/home/colcon_ws/install/moveit2_tutorials:/home/colcon_ws/install/moveit:/home/colcon_ws/install/moveit_planners:/home/colcon_ws/install/pilz_industrial_motion_planner:/home/colcon_ws/install/moveit_visual_tools:/home/colcon_ws/install/moveit_task_constructor_visualization:/home/colcon_ws/install/moveit_task_constructor_demo:/home/colcon_ws/install/moveit_task_constructor_capabilities:/home/colcon_ws/install/moveit_task_constructor_core:/home/colcon_ws/install/moveit_ros_control_interface:/home/colcon_ws/install/moveit_plugins:/home/colcon_ws/install/moveit_simple_controller_manager:/home/colcon_ws/install/moveit_setup_assistant:/home/colcon_ws/install/moveit_setup_srdf_plugins:/home/colcon_ws/install/moveit_setup_core_plugins:/home/colcon_ws/install/moveit_setup_controllers:/home/colcon_ws/install/moveit_setup_app_plugins:/home/colcon_ws/install/moveit_setup_framework:/home/colcon_ws/install/moveit_servo:/home/colcon_ws/install/moveit_ros:/home/colcon_ws/install/moveit_ros_visualization:/home/colcon_ws/install/moveit_hybrid_planning:/home/colcon_ws/install/moveit_ros_planning_interface:/home/colcon_ws/install/moveit_ros_benchmarks:/home/colcon_ws/install/moveit_ros_warehouse:/home/colcon_ws/install/moveit_ros_robot_interaction:/home/colcon_ws/install/moveit_ros_perception:/home/colcon_ws/install/moveit_resources_prbt_pg70_support:/home/colcon_ws/install/moveit_resources_prbt_moveit_config:/home/colcon_ws/install/moveit_ros_move_group:/home/colcon_ws/install/moveit_planners_ompl:/home/colcon_ws/install/moveit_ros_planning:/home/colcon_ws/install/moveit_ros_occupancy_map_monitor:/home/colcon_ws/install/moveit_resources_prbt_ikfast_manipulator_plugin:/home/colcon_ws/install/moveit_planners_chomp:/home/colcon_ws/install/moveit_kinematics:/home/colcon_ws/install/moveit_chomp_optimizer_adapter:/home/colcon_ws/install/chomp_motion_planner:/home/colcon_ws/install/moveit_core:/home/colcon_ws/install/srdfdom:/home/colcon_ws/install/rviz_marker_tools:/home/colcon_ws/install/rosparam_shortcuts:/home/colcon_ws/install/my_messages:/home/colcon_ws/install/moveit_task_constructor_msgs:/home/colcon_ws/install/moveit_resources_prbt_support:/home/colcon_ws/install/moveit_resources:/home/colcon_ws/install/moveit_resources_pr2_description:/home/colcon_ws/install/moveit_resources_panda_moveit_config:/home/colcon_ws/install/moveit_resources_panda_description:/home/colcon_ws/install/moveit_resources_fanuc_moveit_config:/home/colcon_ws/install/moveit_resources_fanuc_description:/home/colcon_ws/install/moveit_common:/home/colcon_ws/install/goal_change_interfaces:/home/colcon_ws/install/cpp_srvcli:/home/colcon_ws/install/moveit_configs_utils:/home/colcon_ws/install/launch_param_builder:/opt/ros/humble LD_LIBRARY_PATH=/home/colcon_ws/src/moveit2-humble/install/moveit_ros_planning_interface/lib:/home/colcon_ws/src/moveit2-humble/install/moveit_ros_move_group/lib:/home/colcon_ws/src/moveit2-humble/install/moveit_ros_warehouse/lib:/home/colcon_ws/src/moveit2-humble/install/moveit_planners_ompl/lib:/home/colcon_ws/src/moveit2-humble/install/moveit_kinematics/lib:/home/colcon_ws/src/moveit2-humble/install/moveit_ros_planning/lib:/home/colcon_ws/src/moveit2-humble/install/moveit_ros_occupancy_map_monitor/lib:/home/colcon_ws/src/moveit2-humble/install/moveit_core/lib:${LD_LIBRARY_PATH} PATH=/home/colcon_ws/src/moveit2-humble/install/moveit_core/bin:${PATH} /usr/bin/cmake /home/colcon_ws/src/moveit2-humble/moveit_ros/hybrid_planning -DCMAKE_INSTALL_PREFIX=/home/colcon_ws/src/moveit2-humble/install/moveit_hybrid_planning
[3.948s] Invoking command in '/home/colcon_ws/src/moveit2-humble/build/moveit_hybrid_planning': AMENT_PREFIX_PATH=/home/colcon_ws/src/moveit2-humble/install/moveit_ros_planning_interface:/home/colcon_ws/src/moveit2-humble/install/moveit_ros_move_group:/home/colcon_ws/src/moveit2-humble/install/moveit_ros_warehouse:/home/colcon_ws/src/moveit2-humble/install/moveit_planners_ompl:/home/colcon_ws/src/moveit2-humble/install/moveit_kinematics:/home/colcon_ws/src/moveit2-humble/install/moveit_ros_planning:/home/colcon_ws/src/moveit2-humble/install/moveit_ros_occupancy_map_monitor:/home/colcon_ws/src/moveit2-humble/install/moveit_core:/home/colcon_ws/src/moveit2-humble/install/moveit_common:${AMENT_PREFIX_PATH} CMAKE_PREFIX_PATH=/home/colcon_ws/src/moveit2-humble/install/moveit_ros_planning_interface:/home/colcon_ws/src/moveit2-humble/install/moveit_ros_move_group:/home/colcon_ws/src/moveit2-humble/install/moveit_ros_warehouse:/home/colcon_ws/src/moveit2-humble/install/moveit_planners_ompl:/home/colcon_ws/src/moveit2-humble/install/moveit_kinematics:/home/colcon_ws/src/moveit2-humble/install/moveit_ros_planning:/home/colcon_ws/src/moveit2-humble/install/moveit_ros_occupancy_map_monitor:/home/colcon_ws/src/moveit2-humble/install/moveit_core:/home/colcon_ws/src/moveit2-humble/install/moveit_common:/home/colcon_ws/install/pilz_industrial_motion_planner_testutils:/home/colcon_ws/install/moveit_runtime:/home/colcon_ws/install/moveit2_tutorials:/home/colcon_ws/install/moveit:/home/colcon_ws/install/moveit_planners:/home/colcon_ws/install/pilz_industrial_motion_planner:/home/colcon_ws/install/moveit_visual_tools:/home/colcon_ws/install/moveit_task_constructor_visualization:/home/colcon_ws/install/moveit_task_constructor_demo:/home/colcon_ws/install/moveit_task_constructor_capabilities:/home/colcon_ws/install/moveit_task_constructor_core:/home/colcon_ws/install/moveit_ros_control_interface:/home/colcon_ws/install/moveit_plugins:/home/colcon_ws/install/moveit_simple_controller_manager:/home/colcon_ws/install/moveit_setup_assistant:/home/colcon_ws/install/moveit_setup_srdf_plugins:/home/colcon_ws/install/moveit_setup_core_plugins:/home/colcon_ws/install/moveit_setup_controllers:/home/colcon_ws/install/moveit_setup_app_plugins:/home/colcon_ws/install/moveit_setup_framework:/home/colcon_ws/install/moveit_servo:/home/colcon_ws/install/moveit_ros:/home/colcon_ws/install/moveit_ros_visualization:/home/colcon_ws/install/moveit_hybrid_planning:/home/colcon_ws/install/moveit_ros_planning_interface:/home/colcon_ws/install/moveit_ros_benchmarks:/home/colcon_ws/install/moveit_ros_warehouse:/home/colcon_ws/install/moveit_ros_robot_interaction:/home/colcon_ws/install/moveit_ros_perception:/home/colcon_ws/install/moveit_resources_prbt_pg70_support:/home/colcon_ws/install/moveit_resources_prbt_moveit_config:/home/colcon_ws/install/moveit_ros_move_group:/home/colcon_ws/install/moveit_planners_ompl:/home/colcon_ws/install/moveit_ros_planning:/home/colcon_ws/install/moveit_ros_occupancy_map_monitor:/home/colcon_ws/install/moveit_resources_prbt_ikfast_manipulator_plugin:/home/colcon_ws/install/moveit_planners_chomp:/home/colcon_ws/install/moveit_kinematics:/home/colcon_ws/install/moveit_chomp_optimizer_adapter:/home/colcon_ws/install/chomp_motion_planner:/home/colcon_ws/install/moveit_core:/home/colcon_ws/install/srdfdom:/home/colcon_ws/install/rviz_marker_tools:/home/colcon_ws/install/rosparam_shortcuts:/home/colcon_ws/install/my_messages:/home/colcon_ws/install/moveit_task_constructor_msgs:/home/colcon_ws/install/moveit_resources_prbt_support:/home/colcon_ws/install/moveit_resources:/home/colcon_ws/install/moveit_resources_pr2_description:/home/colcon_ws/install/moveit_resources_panda_moveit_config:/home/colcon_ws/install/moveit_resources_panda_description:/home/colcon_ws/install/moveit_resources_fanuc_moveit_config:/home/colcon_ws/install/moveit_resources_fanuc_description:/home/colcon_ws/install/moveit_common:/home/colcon_ws/install/goal_change_interfaces:/home/colcon_ws/install/cpp_srvcli:/home/colcon_ws/install/moveit_configs_utils:/home/colcon_ws/install/launch_param_builder:/opt/ros/humble LD_LIBRARY_PATH=/home/colcon_ws/src/moveit2-humble/install/moveit_ros_planning_interface/lib:/home/colcon_ws/src/moveit2-humble/install/moveit_ros_move_group/lib:/home/colcon_ws/src/moveit2-humble/install/moveit_ros_warehouse/lib:/home/colcon_ws/src/moveit2-humble/install/moveit_planners_ompl/lib:/home/colcon_ws/src/moveit2-humble/install/moveit_kinematics/lib:/home/colcon_ws/src/moveit2-humble/install/moveit_ros_planning/lib:/home/colcon_ws/src/moveit2-humble/install/moveit_ros_occupancy_map_monitor/lib:/home/colcon_ws/src/moveit2-humble/install/moveit_core/lib:${LD_LIBRARY_PATH} PATH=/home/colcon_ws/src/moveit2-humble/install/moveit_core/bin:${PATH} /usr/bin/cmake --build /home/colcon_ws/src/moveit2-humble/build/moveit_hybrid_planning -- -j16 -l16
[4.003s] [35m[1mConsolidate compiler generated dependencies of target moveit_hybrid_planning_manager[0m
[4.004s] [35m[1mConsolidate compiler generated dependencies of target moveit_global_planner_component[0m
[4.004s] [35m[1mConsolidate compiler generated dependencies of target moveit_goal_change_service_caller_component[0m
[4.004s] [35m[1mConsolidate compiler generated dependencies of target motion_planning_pipeline_plugin[0m
[4.008s] [35m[1mConsolidate compiler generated dependencies of target simple_sampler_plugin[0m
[4.008s] [35m[1mConsolidate compiler generated dependencies of target moveit_local_planner_component[0m
[4.012s] [35m[1mConsolidate compiler generated dependencies of target forward_trajectory_plugin[0m
[4.032s] [  8%] Built target moveit_hybrid_planning_manager
[4.035s] [ 16%] Built target moveit_goal_change_service_caller_component
[4.053s] [ 25%] Built target simple_sampler_plugin
[4.054s] [35m[1mConsolidate compiler generated dependencies of target single_plan_execution_plugin[0m
[4.054s] [ 33%] Built target motion_planning_pipeline_plugin
[4.057s] [ 37%] [32mBuilding CXX object local_planner/local_planner_component/CMakeFiles/moveit_local_planner_component.dir/src/local_planner_component.cpp.o[0m
[4.058s] [ 45%] Built target moveit_global_planner_component
[4.065s] [ 54%] Built target forward_trajectory_plugin
[4.081s] [ 62%] Built target single_plan_execution_plugin
[4.098s] [35m[1mConsolidate compiler generated dependencies of target replan_invalidated_trajectory_plugin[0m
[4.122s] [ 70%] Built target replan_invalidated_trajectory_plugin
[10.024s] [01m[K/home/colcon_ws/src/moveit2-humble/moveit_ros/hybrid_planning/local_planner/local_planner_component/src/local_planner_component.cpp:[m[K In lambda function:
[10.024s] [01m[K/home/colcon_ws/src/moveit2-humble/moveit_ros/hybrid_planning/local_planner/local_planner_component/src/local_planner_component.cpp:236:76:[m[K [01;35m[Kwarning: [m[Kunused parameter ‘[01m[Krequest[m[K’ [[01;35m[K]8;;https://gcc.gnu.org/onlinedocs/gcc/Warning-Options.html#index-Wunused-parameter-Wunused-parameter]8;;[m[K]
[10.025s]   236 |   ([01;35m[Kconst std::shared_ptr<goal_change_interfaces::srv::GoalChange::Request> request[m[K,
[10.025s]       |    [01;35m[K~~~~~~~~~~~~~~~~~~~~~~~~~~~~~~~~~~~~~~~~~~~~~~~~~~~~~~~~~~~~~~~~~~~~~~~~^~~~~~~[m[K
[10.025s] [01m[K/home/colcon_ws/src/moveit2-humble/moveit_ros/hybrid_planning/local_planner/local_planner_component/src/local_planner_component.cpp:237:76:[m[K [01;35m[Kwarning: [m[Kunused parameter ‘[01m[Kresponse[m[K’ [[01;35m[K]8;;https://gcc.gnu.org/onlinedocs/gcc/Warning-Options.html#index-Wunused-parameter-Wunused-parameter]8;;[m[K]
[10.025s]   237 |   [01;35m[Kconst std::shared_ptr<goal_change_interfaces::srv::GoalChange::Response> response[m[K) {
[10.025s]       |   [01;35m[K~~~~~~~~~~~~~~~~~~~~~~~~~~~~~~~~~~~~~~~~~~~~~~~~~~~~~~~~~~~~~~~~~~~~~~~~~^~~~~~~~[m[K
[22.374s] [ 75%] [32m[1mLinking CXX shared library libmoveit_local_planner_component.so[0m
[24.329s] [ 75%] Built target moveit_local_planner_component
[24.345s] [35m[1mConsolidate compiler generated dependencies of target cancel_action[0m
[24.345s] [35m[1mConsolidate compiler generated dependencies of target hybrid_planning_demo_node[0m
[24.345s] [35m[1mConsolidate compiler generated dependencies of target goal_change_demo_node[0m
[24.368s] [ 79%] [32m[1mLinking CXX executable cancel_action[0m
[24.382s] [ 83%] [32m[1mLinking CXX executable hybrid_planning_demo_node[0m
[24.382s] [ 87%] [32m[1mLinking CXX executable goal_change_demo_node[0m
[24.885s] [ 91%] Built target cancel_action
[27.533s] [ 95%] Built target goal_change_demo_node
[27.562s] [100%] Built target hybrid_planning_demo_node
[27.573s] Invoked command in '/home/colcon_ws/src/moveit2-humble/build/moveit_hybrid_planning' returned '0': AMENT_PREFIX_PATH=/home/colcon_ws/src/moveit2-humble/install/moveit_ros_planning_interface:/home/colcon_ws/src/moveit2-humble/install/moveit_ros_move_group:/home/colcon_ws/src/moveit2-humble/install/moveit_ros_warehouse:/home/colcon_ws/src/moveit2-humble/install/moveit_planners_ompl:/home/colcon_ws/src/moveit2-humble/install/moveit_kinematics:/home/colcon_ws/src/moveit2-humble/install/moveit_ros_planning:/home/colcon_ws/src/moveit2-humble/install/moveit_ros_occupancy_map_monitor:/home/colcon_ws/src/moveit2-humble/install/moveit_core:/home/colcon_ws/src/moveit2-humble/install/moveit_common:${AMENT_PREFIX_PATH} CMAKE_PREFIX_PATH=/home/colcon_ws/src/moveit2-humble/install/moveit_ros_planning_interface:/home/colcon_ws/src/moveit2-humble/install/moveit_ros_move_group:/home/colcon_ws/src/moveit2-humble/install/moveit_ros_warehouse:/home/colcon_ws/src/moveit2-humble/install/moveit_planners_ompl:/home/colcon_ws/src/moveit2-humble/install/moveit_kinematics:/home/colcon_ws/src/moveit2-humble/install/moveit_ros_planning:/home/colcon_ws/src/moveit2-humble/install/moveit_ros_occupancy_map_monitor:/home/colcon_ws/src/moveit2-humble/install/moveit_core:/home/colcon_ws/src/moveit2-humble/install/moveit_common:/home/colcon_ws/install/pilz_industrial_motion_planner_testutils:/home/colcon_ws/install/moveit_runtime:/home/colcon_ws/install/moveit2_tutorials:/home/colcon_ws/install/moveit:/home/colcon_ws/install/moveit_planners:/home/colcon_ws/install/pilz_industrial_motion_planner:/home/colcon_ws/install/moveit_visual_tools:/home/colcon_ws/install/moveit_task_constructor_visualization:/home/colcon_ws/install/moveit_task_constructor_demo:/home/colcon_ws/install/moveit_task_constructor_capabilities:/home/colcon_ws/install/moveit_task_constructor_core:/home/colcon_ws/install/moveit_ros_control_interface:/home/colcon_ws/install/moveit_plugins:/home/colcon_ws/install/moveit_simple_controller_manager:/home/colcon_ws/install/moveit_setup_assistant:/home/colcon_ws/install/moveit_setup_srdf_plugins:/home/colcon_ws/install/moveit_setup_core_plugins:/home/colcon_ws/install/moveit_setup_controllers:/home/colcon_ws/install/moveit_setup_app_plugins:/home/colcon_ws/install/moveit_setup_framework:/home/colcon_ws/install/moveit_servo:/home/colcon_ws/install/moveit_ros:/home/colcon_ws/install/moveit_ros_visualization:/home/colcon_ws/install/moveit_hybrid_planning:/home/colcon_ws/install/moveit_ros_planning_interface:/home/colcon_ws/install/moveit_ros_benchmarks:/home/colcon_ws/install/moveit_ros_warehouse:/home/colcon_ws/install/moveit_ros_robot_interaction:/home/colcon_ws/install/moveit_ros_perception:/home/colcon_ws/install/moveit_resources_prbt_pg70_support:/home/colcon_ws/install/moveit_resources_prbt_moveit_config:/home/colcon_ws/install/moveit_ros_move_group:/home/colcon_ws/install/moveit_planners_ompl:/home/colcon_ws/install/moveit_ros_planning:/home/colcon_ws/install/moveit_ros_occupancy_map_monitor:/home/colcon_ws/install/moveit_resources_prbt_ikfast_manipulator_plugin:/home/colcon_ws/install/moveit_planners_chomp:/home/colcon_ws/install/moveit_kinematics:/home/colcon_ws/install/moveit_chomp_optimizer_adapter:/home/colcon_ws/install/chomp_motion_planner:/home/colcon_ws/install/moveit_core:/home/colcon_ws/install/srdfdom:/home/colcon_ws/install/rviz_marker_tools:/home/colcon_ws/install/rosparam_shortcuts:/home/colcon_ws/install/my_messages:/home/colcon_ws/install/moveit_task_constructor_msgs:/home/colcon_ws/install/moveit_resources_prbt_support:/home/colcon_ws/install/moveit_resources:/home/colcon_ws/install/moveit_resources_pr2_description:/home/colcon_ws/install/moveit_resources_panda_moveit_config:/home/colcon_ws/install/moveit_resources_panda_description:/home/colcon_ws/install/moveit_resources_fanuc_moveit_config:/home/colcon_ws/install/moveit_resources_fanuc_description:/home/colcon_ws/install/moveit_common:/home/colcon_ws/install/goal_change_interfaces:/home/colcon_ws/install/cpp_srvcli:/home/colcon_ws/install/moveit_configs_utils:/home/colcon_ws/install/launch_param_builder:/opt/ros/humble LD_LIBRARY_PATH=/home/colcon_ws/src/moveit2-humble/install/moveit_ros_planning_interface/lib:/home/colcon_ws/src/moveit2-humble/install/moveit_ros_move_group/lib:/home/colcon_ws/src/moveit2-humble/install/moveit_ros_warehouse/lib:/home/colcon_ws/src/moveit2-humble/install/moveit_planners_ompl/lib:/home/colcon_ws/src/moveit2-humble/install/moveit_kinematics/lib:/home/colcon_ws/src/moveit2-humble/install/moveit_ros_planning/lib:/home/colcon_ws/src/moveit2-humble/install/moveit_ros_occupancy_map_monitor/lib:/home/colcon_ws/src/moveit2-humble/install/moveit_core/lib:${LD_LIBRARY_PATH} PATH=/home/colcon_ws/src/moveit2-humble/install/moveit_core/bin:${PATH} /usr/bin/cmake --build /home/colcon_ws/src/moveit2-humble/build/moveit_hybrid_planning -- -j16 -l16
[27.622s] Invoking command in '/home/colcon_ws/src/moveit2-humble/build/moveit_hybrid_planning': AMENT_PREFIX_PATH=/home/colcon_ws/src/moveit2-humble/install/moveit_ros_planning_interface:/home/colcon_ws/src/moveit2-humble/install/moveit_ros_move_group:/home/colcon_ws/src/moveit2-humble/install/moveit_ros_warehouse:/home/colcon_ws/src/moveit2-humble/install/moveit_planners_ompl:/home/colcon_ws/src/moveit2-humble/install/moveit_kinematics:/home/colcon_ws/src/moveit2-humble/install/moveit_ros_planning:/home/colcon_ws/src/moveit2-humble/install/moveit_ros_occupancy_map_monitor:/home/colcon_ws/src/moveit2-humble/install/moveit_core:/home/colcon_ws/src/moveit2-humble/install/moveit_common:${AMENT_PREFIX_PATH} CMAKE_PREFIX_PATH=/home/colcon_ws/src/moveit2-humble/install/moveit_ros_planning_interface:/home/colcon_ws/src/moveit2-humble/install/moveit_ros_move_group:/home/colcon_ws/src/moveit2-humble/install/moveit_ros_warehouse:/home/colcon_ws/src/moveit2-humble/install/moveit_planners_ompl:/home/colcon_ws/src/moveit2-humble/install/moveit_kinematics:/home/colcon_ws/src/moveit2-humble/install/moveit_ros_planning:/home/colcon_ws/src/moveit2-humble/install/moveit_ros_occupancy_map_monitor:/home/colcon_ws/src/moveit2-humble/install/moveit_core:/home/colcon_ws/src/moveit2-humble/install/moveit_common:/home/colcon_ws/install/pilz_industrial_motion_planner_testutils:/home/colcon_ws/install/moveit_runtime:/home/colcon_ws/install/moveit2_tutorials:/home/colcon_ws/install/moveit:/home/colcon_ws/install/moveit_planners:/home/colcon_ws/install/pilz_industrial_motion_planner:/home/colcon_ws/install/moveit_visual_tools:/home/colcon_ws/install/moveit_task_constructor_visualization:/home/colcon_ws/install/moveit_task_constructor_demo:/home/colcon_ws/install/moveit_task_constructor_capabilities:/home/colcon_ws/install/moveit_task_constructor_core:/home/colcon_ws/install/moveit_ros_control_interface:/home/colcon_ws/install/moveit_plugins:/home/colcon_ws/install/moveit_simple_controller_manager:/home/colcon_ws/install/moveit_setup_assistant:/home/colcon_ws/install/moveit_setup_srdf_plugins:/home/colcon_ws/install/moveit_setup_core_plugins:/home/colcon_ws/install/moveit_setup_controllers:/home/colcon_ws/install/moveit_setup_app_plugins:/home/colcon_ws/install/moveit_setup_framework:/home/colcon_ws/install/moveit_servo:/home/colcon_ws/install/moveit_ros:/home/colcon_ws/install/moveit_ros_visualization:/home/colcon_ws/install/moveit_hybrid_planning:/home/colcon_ws/install/moveit_ros_planning_interface:/home/colcon_ws/install/moveit_ros_benchmarks:/home/colcon_ws/install/moveit_ros_warehouse:/home/colcon_ws/install/moveit_ros_robot_interaction:/home/colcon_ws/install/moveit_ros_perception:/home/colcon_ws/install/moveit_resources_prbt_pg70_support:/home/colcon_ws/install/moveit_resources_prbt_moveit_config:/home/colcon_ws/install/moveit_ros_move_group:/home/colcon_ws/install/moveit_planners_ompl:/home/colcon_ws/install/moveit_ros_planning:/home/colcon_ws/install/moveit_ros_occupancy_map_monitor:/home/colcon_ws/install/moveit_resources_prbt_ikfast_manipulator_plugin:/home/colcon_ws/install/moveit_planners_chomp:/home/colcon_ws/install/moveit_kinematics:/home/colcon_ws/install/moveit_chomp_optimizer_adapter:/home/colcon_ws/install/chomp_motion_planner:/home/colcon_ws/install/moveit_core:/home/colcon_ws/install/srdfdom:/home/colcon_ws/install/rviz_marker_tools:/home/colcon_ws/install/rosparam_shortcuts:/home/colcon_ws/install/my_messages:/home/colcon_ws/install/moveit_task_constructor_msgs:/home/colcon_ws/install/moveit_resources_prbt_support:/home/colcon_ws/install/moveit_resources:/home/colcon_ws/install/moveit_resources_pr2_description:/home/colcon_ws/install/moveit_resources_panda_moveit_config:/home/colcon_ws/install/moveit_resources_panda_description:/home/colcon_ws/install/moveit_resources_fanuc_moveit_config:/home/colcon_ws/install/moveit_resources_fanuc_description:/home/colcon_ws/install/moveit_common:/home/colcon_ws/install/goal_change_interfaces:/home/colcon_ws/install/cpp_srvcli:/home/colcon_ws/install/moveit_configs_utils:/home/colcon_ws/install/launch_param_builder:/opt/ros/humble LD_LIBRARY_PATH=/home/colcon_ws/src/moveit2-humble/install/moveit_ros_planning_interface/lib:/home/colcon_ws/src/moveit2-humble/install/moveit_ros_move_group/lib:/home/colcon_ws/src/moveit2-humble/install/moveit_ros_warehouse/lib:/home/colcon_ws/src/moveit2-humble/install/moveit_planners_ompl/lib:/home/colcon_ws/src/moveit2-humble/install/moveit_kinematics/lib:/home/colcon_ws/src/moveit2-humble/install/moveit_ros_planning/lib:/home/colcon_ws/src/moveit2-humble/install/moveit_ros_occupancy_map_monitor/lib:/home/colcon_ws/src/moveit2-humble/install/moveit_core/lib:${LD_LIBRARY_PATH} PATH=/home/colcon_ws/src/moveit2-humble/install/moveit_core/bin:${PATH} /usr/bin/cmake --install /home/colcon_ws/src/moveit2-humble/build/moveit_hybrid_planning
[27.632s] -- Install configuration: "Debug"
[27.633s] -- Up-to-date: /home/colcon_ws/src/moveit2-humble/install/moveit_hybrid_planning/lib/libmoveit_global_planner_component.so.2.5.4
[27.633s] -- Up-to-date: /home/colcon_ws/src/moveit2-humble/install/moveit_hybrid_planning/lib/libmoveit_global_planner_component.so
[27.633s] -- Up-to-date: /home/colcon_ws/src/moveit2-humble/install/moveit_hybrid_planning/lib/libmoveit_hybrid_planning_manager.so.2.5.4
[27.634s] -- Up-to-date: /home/colcon_ws/src/moveit2-humble/install/moveit_hybrid_planning/lib/libmoveit_hybrid_planning_manager.so
[27.634s] -- Installing: /home/colcon_ws/src/moveit2-humble/install/moveit_hybrid_planning/lib/libmoveit_local_planner_component.so.2.5.4
[27.665s] -- Set runtime path of "/home/colcon_ws/src/moveit2-humble/install/moveit_hybrid_planning/lib/libmoveit_local_planner_component.so.2.5.4" to ""
[27.665s] -- Up-to-date: /home/colcon_ws/src/moveit2-humble/install/moveit_hybrid_planning/lib/libmoveit_local_planner_component.so
[27.665s] -- Up-to-date: /home/colcon_ws/src/moveit2-humble/install/moveit_hybrid_planning/lib/libmoveit_goal_change_service_caller_component.so.2.5.4
[27.665s] -- Up-to-date: /home/colcon_ws/src/moveit2-humble/install/moveit_hybrid_planning/lib/libmoveit_goal_change_service_caller_component.so
[27.665s] -- Up-to-date: /home/colcon_ws/src/moveit2-humble/install/moveit_hybrid_planning/lib/libforward_trajectory_plugin.so.2.5.4
[27.665s] -- Up-to-date: /home/colcon_ws/src/moveit2-humble/install/moveit_hybrid_planning/lib/libforward_trajectory_plugin.so
[27.665s] -- Up-to-date: /home/colcon_ws/src/moveit2-humble/install/moveit_hybrid_planning/lib/libmotion_planning_pipeline_plugin.so.2.5.4
[27.666s] -- Up-to-date: /home/colcon_ws/src/moveit2-humble/install/moveit_hybrid_planning/lib/libmotion_planning_pipeline_plugin.so
[27.666s] -- Up-to-date: /home/colcon_ws/src/moveit2-humble/install/moveit_hybrid_planning/lib/libreplan_invalidated_trajectory_plugin.so.2.5.4
[27.666s] -- Up-to-date: /home/colcon_ws/src/moveit2-humble/install/moveit_hybrid_planning/lib/libreplan_invalidated_trajectory_plugin.so
[27.666s] -- Up-to-date: /home/colcon_ws/src/moveit2-humble/install/moveit_hybrid_planning/lib/libsimple_sampler_plugin.so.2.5.4
[27.666s] -- Up-to-date: /home/colcon_ws/src/moveit2-humble/install/moveit_hybrid_planning/lib/libsimple_sampler_plugin.so
[27.667s] -- Up-to-date: /home/colcon_ws/src/moveit2-humble/install/moveit_hybrid_planning/lib/libsingle_plan_execution_plugin.so.2.5.4
[27.667s] -- Up-to-date: /home/colcon_ws/src/moveit2-humble/install/moveit_hybrid_planning/lib/libsingle_plan_execution_plugin.so
[27.667s] -- Installing: /home/colcon_ws/src/moveit2-humble/install/moveit_hybrid_planning/lib/moveit_hybrid_planning/cancel_action
[27.670s] -- Set runtime path of "/home/colcon_ws/src/moveit2-humble/install/moveit_hybrid_planning/lib/moveit_hybrid_planning/cancel_action" to ""
[27.670s] -- Installing: /home/colcon_ws/src/moveit2-humble/install/moveit_hybrid_planning/lib/moveit_hybrid_planning/hybrid_planning_demo_node
[27.692s] -- Set runtime path of "/home/colcon_ws/src/moveit2-humble/install/moveit_hybrid_planning/lib/moveit_hybrid_planning/hybrid_planning_demo_node" to ""
[27.693s] -- Up-to-date: /home/colcon_ws/src/moveit2-humble/install/moveit_hybrid_planning/include
[27.693s] -- Up-to-date: /home/colcon_ws/src/moveit2-humble/install/moveit_hybrid_planning/include/moveit
[27.693s] -- Up-to-date: /home/colcon_ws/src/moveit2-humble/install/moveit_hybrid_planning/include/moveit/global_planner
[27.693s] -- Up-to-date: /home/colcon_ws/src/moveit2-humble/install/moveit_hybrid_planning/include/moveit/global_planner/global_planner_interface.h
[27.693s] -- Up-to-date: /home/colcon_ws/src/moveit2-humble/install/moveit_hybrid_planning/include/moveit/global_planner/global_planner_component.h
[27.693s] -- Up-to-date: /home/colcon_ws/src/moveit2-humble/install/moveit_hybrid_planning/include
[27.693s] -- Up-to-date: /home/colcon_ws/src/moveit2-humble/install/moveit_hybrid_planning/include/moveit
[27.693s] -- Up-to-date: /home/colcon_ws/src/moveit2-humble/install/moveit_hybrid_planning/include/moveit/global_planner
[27.694s] -- Up-to-date: /home/colcon_ws/src/moveit2-humble/install/moveit_hybrid_planning/include/moveit/global_planner/moveit_planning_pipeline.h
[27.694s] -- Up-to-date: /home/colcon_ws/src/moveit2-humble/install/moveit_hybrid_planning/include
[27.694s] -- Up-to-date: /home/colcon_ws/src/moveit2-humble/install/moveit_hybrid_planning/include/moveit
[27.694s] -- Up-to-date: /home/colcon_ws/src/moveit2-humble/install/moveit_hybrid_planning/include/moveit/hybrid_planning_manager
[27.694s] -- Up-to-date: /home/colcon_ws/src/moveit2-humble/install/moveit_hybrid_planning/include/moveit/hybrid_planning_manager/moveit_error_code_interface.h
[27.694s] -- Up-to-date: /home/colcon_ws/src/moveit2-humble/install/moveit_hybrid_planning/include/moveit/hybrid_planning_manager/hybrid_planning_events.h
[27.694s] -- Up-to-date: /home/colcon_ws/src/moveit2-humble/install/moveit_hybrid_planning/include/moveit/hybrid_planning_manager/hybrid_planning_manager.h
[27.694s] -- Up-to-date: /home/colcon_ws/src/moveit2-humble/install/moveit_hybrid_planning/include/moveit/hybrid_planning_manager/planner_logic_interface.h
[27.694s] -- Up-to-date: /home/colcon_ws/src/moveit2-humble/install/moveit_hybrid_planning/include
[27.694s] -- Up-to-date: /home/colcon_ws/src/moveit2-humble/install/moveit_hybrid_planning/include/moveit
[27.695s] -- Up-to-date: /home/colcon_ws/src/moveit2-humble/install/moveit_hybrid_planning/include/moveit/planner_logic_plugins
[27.695s] -- Up-to-date: /home/colcon_ws/src/moveit2-humble/install/moveit_hybrid_planning/include/moveit/planner_logic_plugins/single_plan_execution.h
[27.695s] -- Up-to-date: /home/colcon_ws/src/moveit2-humble/install/moveit_hybrid_planning/include/moveit/planner_logic_plugins/replan_invalidated_trajectory.h
[27.695s] -- Up-to-date: /home/colcon_ws/src/moveit2-humble/install/moveit_hybrid_planning/include
[27.695s] -- Up-to-date: /home/colcon_ws/src/moveit2-humble/install/moveit_hybrid_planning/include/moveit
[27.695s] -- Up-to-date: /home/colcon_ws/src/moveit2-humble/install/moveit_hybrid_planning/include/moveit/local_planner
[27.695s] -- Up-to-date: /home/colcon_ws/src/moveit2-humble/install/moveit_hybrid_planning/include/moveit/local_planner/local_planner_component.h
[27.695s] -- Up-to-date: /home/colcon_ws/src/moveit2-humble/install/moveit_hybrid_planning/include/moveit/local_planner/trajectory_operator_interface.h
[27.695s] -- Up-to-date: /home/colcon_ws/src/moveit2-humble/install/moveit_hybrid_planning/include/moveit/local_planner/feedback_types.h
[27.695s] -- Up-to-date: /home/colcon_ws/src/moveit2-humble/install/moveit_hybrid_planning/include/moveit/local_planner/local_constraint_solver_interface.h
[27.696s] -- Up-to-date: /home/colcon_ws/src/moveit2-humble/install/moveit_hybrid_planning/include
[27.696s] -- Up-to-date: /home/colcon_ws/src/moveit2-humble/install/moveit_hybrid_planning/include/moveit
[27.696s] -- Up-to-date: /home/colcon_ws/src/moveit2-humble/install/moveit_hybrid_planning/include/moveit/trajectory_operator_plugins
[27.696s] -- Up-to-date: /home/colcon_ws/src/moveit2-humble/install/moveit_hybrid_planning/include/moveit/trajectory_operator_plugins/simple_sampler.h
[27.696s] -- Up-to-date: /home/colcon_ws/src/moveit2-humble/install/moveit_hybrid_planning/include
[27.696s] -- Up-to-date: /home/colcon_ws/src/moveit2-humble/install/moveit_hybrid_planning/include/moveit
[27.696s] -- Up-to-date: /home/colcon_ws/src/moveit2-humble/install/moveit_hybrid_planning/include/moveit/local_constraint_solver_plugins
[27.696s] -- Up-to-date: /home/colcon_ws/src/moveit2-humble/install/moveit_hybrid_planning/include/moveit/local_constraint_solver_plugins/forward_trajectory.h
[27.696s] -- Up-to-date: /home/colcon_ws/src/moveit2-humble/install/moveit_hybrid_planning/share/moveit_hybrid_planning/launch
[27.696s] -- Up-to-date: /home/colcon_ws/src/moveit2-humble/install/moveit_hybrid_planning/share/moveit_hybrid_planning/launch/__pycache__
[27.696s] -- Installing: /home/colcon_ws/src/moveit2-humble/install/moveit_hybrid_planning/share/moveit_hybrid_planning/launch/__pycache__/goal_change_demo_node.launch.cpython-310.pyc
[27.696s] -- Up-to-date: /home/colcon_ws/src/moveit2-humble/install/moveit_hybrid_planning/share/moveit_hybrid_planning/launch/__pycache__/goal_change_common.cpython-310.pyc
[27.697s] -- Up-to-date: /home/colcon_ws/src/moveit2-humble/install/moveit_hybrid_planning/share/moveit_hybrid_planning/launch/goal_change_demo_node.launch.py
[27.697s] -- Up-to-date: /home/colcon_ws/src/moveit2-humble/install/moveit_hybrid_planning/share/moveit_hybrid_planning/launch/hybrid_planning_demo.launch.py
[27.699s] -- Up-to-date: /home/colcon_ws/src/moveit2-humble/install/moveit_hybrid_planning/share/moveit_hybrid_planning/launch/test_basic_integration.test.py
[27.699s] -- Up-to-date: /home/colcon_ws/src/moveit2-humble/install/moveit_hybrid_planning/share/moveit_hybrid_planning/launch/hybrid_planning_common.py
[27.699s] -- Up-to-date: /home/colcon_ws/src/moveit2-humble/install/moveit_hybrid_planning/share/moveit_hybrid_planning/launch/goal_change_common.py
[27.699s] -- Up-to-date: /home/colcon_ws/src/moveit2-humble/install/moveit_hybrid_planning/share/moveit_hybrid_planning/config
[27.699s] -- Up-to-date: /home/colcon_ws/src/moveit2-humble/install/moveit_hybrid_planning/share/moveit_hybrid_planning/config/common_hybrid_planning_params.yaml
[27.700s] -- Up-to-date: /home/colcon_ws/src/moveit2-humble/install/moveit_hybrid_planning/share/moveit_hybrid_planning/config/hybrid_planning_demo.rviz
[27.700s] -- Up-to-date: /home/colcon_ws/src/moveit2-humble/install/moveit_hybrid_planning/share/moveit_hybrid_planning/config/demo_controller.yaml
[27.700s] -- Up-to-date: /home/colcon_ws/src/moveit2-humble/install/moveit_hybrid_planning/share/moveit_hybrid_planning/config/hybrid_planning_manager.yaml
[27.700s] -- Up-to-date: /home/colcon_ws/src/moveit2-humble/install/moveit_hybrid_planning/share/moveit_hybrid_planning/config/global_planner.yaml
[27.700s] -- Up-to-date: /home/colcon_ws/src/moveit2-humble/install/moveit_hybrid_planning/share/moveit_hybrid_planning/config/local_planner.yaml
[27.700s] -- Up-to-date: /home/colcon_ws/src/moveit2-humble/install/moveit_hybrid_planning/share/moveit_hybrid_planning/single_plan_execution_plugin.xml
[27.700s] -- Up-to-date: /home/colcon_ws/src/moveit2-humble/install/moveit_hybrid_planning/share/moveit_hybrid_planning/moveit_planning_pipeline_plugin.xml
[27.700s] -- Up-to-date: /home/colcon_ws/src/moveit2-humble/install/moveit_hybrid_planning/share/moveit_hybrid_planning/simple_sampler_plugin.xml
[27.700s] -- Up-to-date: /home/colcon_ws/src/moveit2-humble/install/moveit_hybrid_planning/share/moveit_hybrid_planning/replan_invalidated_trajectory_plugin.xml
[27.701s] -- Up-to-date: /home/colcon_ws/src/moveit2-humble/install/moveit_hybrid_planning/share/moveit_hybrid_planning/forward_trajectory_plugin.xml
[27.701s] -- Up-to-date: /home/colcon_ws/src/moveit2-humble/install/moveit_hybrid_planning/share/moveit_hybrid_planning/environment/library_path.sh
[27.701s] -- Installing: /home/colcon_ws/src/moveit2-humble/install/moveit_hybrid_planning/share/moveit_hybrid_planning/environment/library_path.dsv
[27.701s] -- Up-to-date: /home/colcon_ws/src/moveit2-humble/install/moveit_hybrid_planning/share/ament_index/resource_index/package_run_dependencies/moveit_hybrid_planning
[27.701s] -- Up-to-date: /home/colcon_ws/src/moveit2-humble/install/moveit_hybrid_planning/share/ament_index/resource_index/parent_prefix_path/moveit_hybrid_planning
[27.701s] -- Up-to-date: /home/colcon_ws/src/moveit2-humble/install/moveit_hybrid_planning/share/moveit_hybrid_planning/environment/ament_prefix_path.sh
[27.701s] -- Installing: /home/colcon_ws/src/moveit2-humble/install/moveit_hybrid_planning/share/moveit_hybrid_planning/environment/ament_prefix_path.dsv
[27.701s] -- Up-to-date: /home/colcon_ws/src/moveit2-humble/install/moveit_hybrid_planning/share/moveit_hybrid_planning/environment/path.sh
[27.702s] -- Installing: /home/colcon_ws/src/moveit2-humble/install/moveit_hybrid_planning/share/moveit_hybrid_planning/environment/path.dsv
[27.702s] -- Up-to-date: /home/colcon_ws/src/moveit2-humble/install/moveit_hybrid_planning/share/moveit_hybrid_planning/local_setup.bash
[27.702s] -- Up-to-date: /home/colcon_ws/src/moveit2-humble/install/moveit_hybrid_planning/share/moveit_hybrid_planning/local_setup.sh
[27.702s] -- Up-to-date: /home/colcon_ws/src/moveit2-humble/install/moveit_hybrid_planning/share/moveit_hybrid_planning/local_setup.zsh
[27.702s] -- Installing: /home/colcon_ws/src/moveit2-humble/install/moveit_hybrid_planning/share/moveit_hybrid_planning/local_setup.dsv
[27.702s] -- Installing: /home/colcon_ws/src/moveit2-humble/install/moveit_hybrid_planning/share/moveit_hybrid_planning/package.dsv
[27.702s] -- Up-to-date: /home/colcon_ws/src/moveit2-humble/install/moveit_hybrid_planning/share/ament_index/resource_index/packages/moveit_hybrid_planning
[27.702s] -- Up-to-date: /home/colcon_ws/src/moveit2-humble/install/moveit_hybrid_planning/share/ament_index/resource_index/moveit_hybrid_planning__pluginlib__plugin/moveit_hybrid_planning
[27.702s] -- Up-to-date: /home/colcon_ws/src/moveit2-humble/install/moveit_hybrid_planning/share/ament_index/resource_index/rclcpp_components/moveit_hybrid_planning
[27.702s] -- Up-to-date: /home/colcon_ws/src/moveit2-humble/install/moveit_hybrid_planning/share/moveit_hybrid_planning/cmake/export_moveit_hybrid_planningExport.cmake
[27.703s] -- Up-to-date: /home/colcon_ws/src/moveit2-humble/install/moveit_hybrid_planning/share/moveit_hybrid_planning/cmake/export_moveit_hybrid_planningExport-debug.cmake
[27.703s] -- Up-to-date: /home/colcon_ws/src/moveit2-humble/install/moveit_hybrid_planning/share/moveit_hybrid_planning/cmake/ament_cmake_export_include_directories-extras.cmake
[27.704s] -- Up-to-date: /home/colcon_ws/src/moveit2-humble/install/moveit_hybrid_planning/share/moveit_hybrid_planning/cmake/ament_cmake_export_libraries-extras.cmake
[27.704s] -- Up-to-date: /home/colcon_ws/src/moveit2-humble/install/moveit_hybrid_planning/share/moveit_hybrid_planning/cmake/ament_cmake_export_dependencies-extras.cmake
[27.704s] -- Up-to-date: /home/colcon_ws/src/moveit2-humble/install/moveit_hybrid_planning/share/moveit_hybrid_planning/cmake/ament_cmake_export_targets-extras.cmake
[27.705s] -- Up-to-date: /home/colcon_ws/src/moveit2-humble/install/moveit_hybrid_planning/share/moveit_hybrid_planning/cmake/moveit_hybrid_planningConfig.cmake
[27.705s] -- Up-to-date: /home/colcon_ws/src/moveit2-humble/install/moveit_hybrid_planning/share/moveit_hybrid_planning/cmake/moveit_hybrid_planningConfig-version.cmake
[27.705s] -- Up-to-date: /home/colcon_ws/src/moveit2-humble/install/moveit_hybrid_planning/share/moveit_hybrid_planning/package.xml
[27.705s] Invoked command in '/home/colcon_ws/src/moveit2-humble/build/moveit_hybrid_planning' returned '0': AMENT_PREFIX_PATH=/home/colcon_ws/src/moveit2-humble/install/moveit_ros_planning_interface:/home/colcon_ws/src/moveit2-humble/install/moveit_ros_move_group:/home/colcon_ws/src/moveit2-humble/install/moveit_ros_warehouse:/home/colcon_ws/src/moveit2-humble/install/moveit_planners_ompl:/home/colcon_ws/src/moveit2-humble/install/moveit_kinematics:/home/colcon_ws/src/moveit2-humble/install/moveit_ros_planning:/home/colcon_ws/src/moveit2-humble/install/moveit_ros_occupancy_map_monitor:/home/colcon_ws/src/moveit2-humble/install/moveit_core:/home/colcon_ws/src/moveit2-humble/install/moveit_common:${AMENT_PREFIX_PATH} CMAKE_PREFIX_PATH=/home/colcon_ws/src/moveit2-humble/install/moveit_ros_planning_interface:/home/colcon_ws/src/moveit2-humble/install/moveit_ros_move_group:/home/colcon_ws/src/moveit2-humble/install/moveit_ros_warehouse:/home/colcon_ws/src/moveit2-humble/install/moveit_planners_ompl:/home/colcon_ws/src/moveit2-humble/install/moveit_kinematics:/home/colcon_ws/src/moveit2-humble/install/moveit_ros_planning:/home/colcon_ws/src/moveit2-humble/install/moveit_ros_occupancy_map_monitor:/home/colcon_ws/src/moveit2-humble/install/moveit_core:/home/colcon_ws/src/moveit2-humble/install/moveit_common:/home/colcon_ws/install/pilz_industrial_motion_planner_testutils:/home/colcon_ws/install/moveit_runtime:/home/colcon_ws/install/moveit2_tutorials:/home/colcon_ws/install/moveit:/home/colcon_ws/install/moveit_planners:/home/colcon_ws/install/pilz_industrial_motion_planner:/home/colcon_ws/install/moveit_visual_tools:/home/colcon_ws/install/moveit_task_constructor_visualization:/home/colcon_ws/install/moveit_task_constructor_demo:/home/colcon_ws/install/moveit_task_constructor_capabilities:/home/colcon_ws/install/moveit_task_constructor_core:/home/colcon_ws/install/moveit_ros_control_interface:/home/colcon_ws/install/moveit_plugins:/home/colcon_ws/install/moveit_simple_controller_manager:/home/colcon_ws/install/moveit_setup_assistant:/home/colcon_ws/install/moveit_setup_srdf_plugins:/home/colcon_ws/install/moveit_setup_core_plugins:/home/colcon_ws/install/moveit_setup_controllers:/home/colcon_ws/install/moveit_setup_app_plugins:/home/colcon_ws/install/moveit_setup_framework:/home/colcon_ws/install/moveit_servo:/home/colcon_ws/install/moveit_ros:/home/colcon_ws/install/moveit_ros_visualization:/home/colcon_ws/install/moveit_hybrid_planning:/home/colcon_ws/install/moveit_ros_planning_interface:/home/colcon_ws/install/moveit_ros_benchmarks:/home/colcon_ws/install/moveit_ros_warehouse:/home/colcon_ws/install/moveit_ros_robot_interaction:/home/colcon_ws/install/moveit_ros_perception:/home/colcon_ws/install/moveit_resources_prbt_pg70_support:/home/colcon_ws/install/moveit_resources_prbt_moveit_config:/home/colcon_ws/install/moveit_ros_move_group:/home/colcon_ws/install/moveit_planners_ompl:/home/colcon_ws/install/moveit_ros_planning:/home/colcon_ws/install/moveit_ros_occupancy_map_monitor:/home/colcon_ws/install/moveit_resources_prbt_ikfast_manipulator_plugin:/home/colcon_ws/install/moveit_planners_chomp:/home/colcon_ws/install/moveit_kinematics:/home/colcon_ws/install/moveit_chomp_optimizer_adapter:/home/colcon_ws/install/chomp_motion_planner:/home/colcon_ws/install/moveit_core:/home/colcon_ws/install/srdfdom:/home/colcon_ws/install/rviz_marker_tools:/home/colcon_ws/install/rosparam_shortcuts:/home/colcon_ws/install/my_messages:/home/colcon_ws/install/moveit_task_constructor_msgs:/home/colcon_ws/install/moveit_resources_prbt_support:/home/colcon_ws/install/moveit_resources:/home/colcon_ws/install/moveit_resources_pr2_description:/home/colcon_ws/install/moveit_resources_panda_moveit_config:/home/colcon_ws/install/moveit_resources_panda_description:/home/colcon_ws/install/moveit_resources_fanuc_moveit_config:/home/colcon_ws/install/moveit_resources_fanuc_description:/home/colcon_ws/install/moveit_common:/home/colcon_ws/install/goal_change_interfaces:/home/colcon_ws/install/cpp_srvcli:/home/colcon_ws/install/moveit_configs_utils:/home/colcon_ws/install/launch_param_builder:/opt/ros/humble LD_LIBRARY_PATH=/home/colcon_ws/src/moveit2-humble/install/moveit_ros_planning_interface/lib:/home/colcon_ws/src/moveit2-humble/install/moveit_ros_move_group/lib:/home/colcon_ws/src/moveit2-humble/install/moveit_ros_warehouse/lib:/home/colcon_ws/src/moveit2-humble/install/moveit_planners_ompl/lib:/home/colcon_ws/src/moveit2-humble/install/moveit_kinematics/lib:/home/colcon_ws/src/moveit2-humble/install/moveit_ros_planning/lib:/home/colcon_ws/src/moveit2-humble/install/moveit_ros_occupancy_map_monitor/lib:/home/colcon_ws/src/moveit2-humble/install/moveit_core/lib:${LD_LIBRARY_PATH} PATH=/home/colcon_ws/src/moveit2-humble/install/moveit_core/bin:${PATH} /usr/bin/cmake --install /home/colcon_ws/src/moveit2-humble/build/moveit_hybrid_planning
