[0.013s] Invoking command in '/home/colcon_ws/src/moveit2-humble/build/moveit_core': AMENT_PREFIX_PATH=/home/colcon_ws/src/moveit2-humble/install/moveit_common:${AMENT_PREFIX_PATH} CMAKE_PREFIX_PATH=/home/colcon_ws/src/moveit2-humble/install/moveit_common:/home/colcon_ws/install/pilz_industrial_motion_planner_testutils:/home/colcon_ws/install/moveit_runtime:/home/colcon_ws/install/moveit2_tutorials:/home/colcon_ws/install/moveit:/home/colcon_ws/install/moveit_planners:/home/colcon_ws/install/pilz_industrial_motion_planner:/home/colcon_ws/install/origin_hybrid_planning:/home/colcon_ws/install/moveit_visual_tools:/home/colcon_ws/install/moveit_task_constructor_visualization:/home/colcon_ws/install/moveit_task_constructor_demo:/home/colcon_ws/install/moveit_task_constructor_capabilities:/home/colcon_ws/install/moveit_task_constructor_core:/home/colcon_ws/install/moveit_ros_control_interface:/home/colcon_ws/install/moveit_plugins:/home/colcon_ws/install/moveit_simple_controller_manager:/home/colcon_ws/install/moveit_setup_assistant:/home/colcon_ws/install/moveit_setup_srdf_plugins:/home/colcon_ws/install/moveit_setup_core_plugins:/home/colcon_ws/install/moveit_setup_controllers:/home/colcon_ws/install/moveit_setup_app_plugins:/home/colcon_ws/install/moveit_setup_framework:/home/colcon_ws/install/moveit_servo:/home/colcon_ws/install/moveit_ros:/home/colcon_ws/install/moveit_ros_visualization:/home/colcon_ws/install/moveit_hybrid_planning:/home/colcon_ws/install/moveit_ros_planning_interface:/home/colcon_ws/install/moveit_ros_benchmarks:/home/colcon_ws/install/moveit_ros_warehouse:/home/colcon_ws/install/moveit_ros_robot_interaction:/home/colcon_ws/install/moveit_ros_perception:/home/colcon_ws/install/moveit_resources_prbt_pg70_support:/home/colcon_ws/install/moveit_resources_prbt_moveit_config:/home/colcon_ws/install/moveit_ros_move_group:/home/colcon_ws/install/moveit_planners_ompl:/home/colcon_ws/install/moveit_ros_planning:/home/colcon_ws/install/moveit_ros_occupancy_map_monitor:/home/colcon_ws/install/moveit_resources_prbt_ikfast_manipulator_plugin:/home/colcon_ws/install/moveit_planners_chomp:/home/colcon_ws/install/moveit_kinematics:/home/colcon_ws/install/moveit_chomp_optimizer_adapter:/home/colcon_ws/install/chomp_motion_planner:/home/colcon_ws/install/moveit_core:/home/colcon_ws/install/srdfdom:/home/colcon_ws/install/rviz_marker_tools:/home/colcon_ws/install/rosparam_shortcuts:/home/colcon_ws/install/my_messages:/home/colcon_ws/install/moveit_task_constructor_msgs:/home/colcon_ws/install/moveit_resources_prbt_support:/home/colcon_ws/install/moveit_resources:/home/colcon_ws/install/moveit_resources_pr2_description:/home/colcon_ws/install/moveit_resources_panda_moveit_config:/home/colcon_ws/install/moveit_resources_panda_description:/home/colcon_ws/install/moveit_resources_fanuc_moveit_config:/home/colcon_ws/install/moveit_resources_fanuc_description:/home/colcon_ws/install/moveit_common:/home/colcon_ws/install/goal_change_interfaces:/home/colcon_ws/install/cpp_srvcli:/home/colcon_ws/install/moveit_configs_utils:/home/colcon_ws/install/launch_param_builder:/opt/ros/humble /usr/bin/cmake --build /home/colcon_ws/src/moveit2-humble/build/moveit_core -- -j16 -l16
[0.091s] [  2%] Built target moveit_version
[0.092s] [  3%] Built target gtest_main
[0.093s] [  4%] Built target moveit_exceptions
[0.094s] [  5%] Built target gmock_main
[0.094s] [  6%] Built target gtest
[0.097s] [  7%] Built target moveit_butterworth_parameters
[0.097s] [  9%] Built target moveit_utils
[0.102s] [ 11%] Built target gmock
[0.102s] [ 12%] Built target moveit_kinematics_base
[0.103s] [ 13%] Built target moveit_smoothing_base
[0.106s] [ 14%] Built target moveit_transforms
[0.107s] [ 16%] Built target moveit_distance_field
[0.139s] [ 17%] Built target test_voxel_grid
[0.139s] [ 18%] Built target test_transforms
[0.146s] [ 19%] Built target test_distance_field
[0.147s] [ 26%] Built target moveit_robot_model
[0.181s] [ 27%] Built target moveit_butterworth_filter
[0.182s] [ 28%] Built target moveit_test_utils
[0.185s] [ 31%] Built target moveit_robot_state
[0.230s] [ 32%] Built target test_butterworth_filter
[0.238s] [ 33%] Built target test_robot_model
[0.241s] [ 34%] Built target test_robot_state_complex
[0.248s] [ 35%] Built target moveit_robot_trajectory
[0.248s] [ 37%] Built target moveit_dynamics_solver
[0.253s] [ 38%] Built target moveit_kinematics_metrics
[0.253s] [ 40%] Built target test_robot_state
[0.258s] [ 43%] Built target test_cartesian_interpolator
[0.258s] [ 43%] Built target test_aabb
[0.258s] [ 48%] Built target moveit_collision_detection
[0.260s] [ 49%] Built target test_robot_state_benchmark
[0.300s] [ 51%] Built target moveit_planning_interface
[0.305s] [ 52%] Built target test_robot_trajectory
[0.307s] [ 54%] Built target test_world_diff
[0.309s] [ 55%] Built target test_world
[0.310s] [ 59%] Built target moveit_trajectory_processing
[0.314s] [ 61%] Built target moveit_collision_detection_fcl
[0.315s] [ 62%] Built target test_all_valid
[0.320s] [ 67%] Built target moveit_collision_detection_bullet
[0.355s] [ 68%] Built target test_ruckig_traj_smoothing
[0.356s] [ 70%] Built target test_time_optimal_trajectory_generation
[0.359s] [ 71%] Built target test_time_parameterization
[0.368s] [ 72%] Built target test_fcl_collision_detection_panda
[0.370s] [ 73%] Built target test_bullet_collision_detection_panda
[0.370s] [ 75%] Built target test_bullet_continuous_collision_checking
[0.371s] [ 76%] Built target test_fcl_collision_detection
[0.373s] [ 80%] Built target moveit_kinematic_constraints
[0.373s] [ 80%] Built target test_fcl_collision_env
[0.376s] [ 81%] Built target test_bullet_collision_detection
[0.412s] [ 82%] Built target test_constraints
[0.416s] [ 83%] Built target moveit_planning_scene
[0.422s] [ 84%] Built target test_orientation_constraints
[0.460s] [ 85%] Built target moveit_planning_request_adapter
[0.468s] [ 88%] Built target moveit_constraint_samplers
[0.469s] [ 89%] Built target test_collision_objects
[0.473s] [ 90%] Built target test_multi_threaded
[0.473s] [ 91%] Built target collision_detector_bullet_plugin
[0.474s] [ 94%] Built target moveit_collision_distance_field
[0.479s] [ 95%] Built target test_planning_scene
[0.479s] [ 96%] Built target collision_detector_fcl_plugin
[0.512s] [ 97%] Built target test_collision_distance_field
[0.514s] [100%] Built target test_constraint_samplers
[0.526s] Invoked command in '/home/colcon_ws/src/moveit2-humble/build/moveit_core' returned '0': AMENT_PREFIX_PATH=/home/colcon_ws/src/moveit2-humble/install/moveit_common:${AMENT_PREFIX_PATH} CMAKE_PREFIX_PATH=/home/colcon_ws/src/moveit2-humble/install/moveit_common:/home/colcon_ws/install/pilz_industrial_motion_planner_testutils:/home/colcon_ws/install/moveit_runtime:/home/colcon_ws/install/moveit2_tutorials:/home/colcon_ws/install/moveit:/home/colcon_ws/install/moveit_planners:/home/colcon_ws/install/pilz_industrial_motion_planner:/home/colcon_ws/install/origin_hybrid_planning:/home/colcon_ws/install/moveit_visual_tools:/home/colcon_ws/install/moveit_task_constructor_visualization:/home/colcon_ws/install/moveit_task_constructor_demo:/home/colcon_ws/install/moveit_task_constructor_capabilities:/home/colcon_ws/install/moveit_task_constructor_core:/home/colcon_ws/install/moveit_ros_control_interface:/home/colcon_ws/install/moveit_plugins:/home/colcon_ws/install/moveit_simple_controller_manager:/home/colcon_ws/install/moveit_setup_assistant:/home/colcon_ws/install/moveit_setup_srdf_plugins:/home/colcon_ws/install/moveit_setup_core_plugins:/home/colcon_ws/install/moveit_setup_controllers:/home/colcon_ws/install/moveit_setup_app_plugins:/home/colcon_ws/install/moveit_setup_framework:/home/colcon_ws/install/moveit_servo:/home/colcon_ws/install/moveit_ros:/home/colcon_ws/install/moveit_ros_visualization:/home/colcon_ws/install/moveit_hybrid_planning:/home/colcon_ws/install/moveit_ros_planning_interface:/home/colcon_ws/install/moveit_ros_benchmarks:/home/colcon_ws/install/moveit_ros_warehouse:/home/colcon_ws/install/moveit_ros_robot_interaction:/home/colcon_ws/install/moveit_ros_perception:/home/colcon_ws/install/moveit_resources_prbt_pg70_support:/home/colcon_ws/install/moveit_resources_prbt_moveit_config:/home/colcon_ws/install/moveit_ros_move_group:/home/colcon_ws/install/moveit_planners_ompl:/home/colcon_ws/install/moveit_ros_planning:/home/colcon_ws/install/moveit_ros_occupancy_map_monitor:/home/colcon_ws/install/moveit_resources_prbt_ikfast_manipulator_plugin:/home/colcon_ws/install/moveit_planners_chomp:/home/colcon_ws/install/moveit_kinematics:/home/colcon_ws/install/moveit_chomp_optimizer_adapter:/home/colcon_ws/install/chomp_motion_planner:/home/colcon_ws/install/moveit_core:/home/colcon_ws/install/srdfdom:/home/colcon_ws/install/rviz_marker_tools:/home/colcon_ws/install/rosparam_shortcuts:/home/colcon_ws/install/my_messages:/home/colcon_ws/install/moveit_task_constructor_msgs:/home/colcon_ws/install/moveit_resources_prbt_support:/home/colcon_ws/install/moveit_resources:/home/colcon_ws/install/moveit_resources_pr2_description:/home/colcon_ws/install/moveit_resources_panda_moveit_config:/home/colcon_ws/install/moveit_resources_panda_description:/home/colcon_ws/install/moveit_resources_fanuc_moveit_config:/home/colcon_ws/install/moveit_resources_fanuc_description:/home/colcon_ws/install/moveit_common:/home/colcon_ws/install/goal_change_interfaces:/home/colcon_ws/install/cpp_srvcli:/home/colcon_ws/install/moveit_configs_utils:/home/colcon_ws/install/launch_param_builder:/opt/ros/humble /usr/bin/cmake --build /home/colcon_ws/src/moveit2-humble/build/moveit_core -- -j16 -l16
[0.649s] Invoking command in '/home/colcon_ws/src/moveit2-humble/build/moveit_core': AMENT_PREFIX_PATH=/home/colcon_ws/src/moveit2-humble/install/moveit_common:${AMENT_PREFIX_PATH} CMAKE_PREFIX_PATH=/home/colcon_ws/src/moveit2-humble/install/moveit_common:/home/colcon_ws/install/pilz_industrial_motion_planner_testutils:/home/colcon_ws/install/moveit_runtime:/home/colcon_ws/install/moveit2_tutorials:/home/colcon_ws/install/moveit:/home/colcon_ws/install/moveit_planners:/home/colcon_ws/install/pilz_industrial_motion_planner:/home/colcon_ws/install/origin_hybrid_planning:/home/colcon_ws/install/moveit_visual_tools:/home/colcon_ws/install/moveit_task_constructor_visualization:/home/colcon_ws/install/moveit_task_constructor_demo:/home/colcon_ws/install/moveit_task_constructor_capabilities:/home/colcon_ws/install/moveit_task_constructor_core:/home/colcon_ws/install/moveit_ros_control_interface:/home/colcon_ws/install/moveit_plugins:/home/colcon_ws/install/moveit_simple_controller_manager:/home/colcon_ws/install/moveit_setup_assistant:/home/colcon_ws/install/moveit_setup_srdf_plugins:/home/colcon_ws/install/moveit_setup_core_plugins:/home/colcon_ws/install/moveit_setup_controllers:/home/colcon_ws/install/moveit_setup_app_plugins:/home/colcon_ws/install/moveit_setup_framework:/home/colcon_ws/install/moveit_servo:/home/colcon_ws/install/moveit_ros:/home/colcon_ws/install/moveit_ros_visualization:/home/colcon_ws/install/moveit_hybrid_planning:/home/colcon_ws/install/moveit_ros_planning_interface:/home/colcon_ws/install/moveit_ros_benchmarks:/home/colcon_ws/install/moveit_ros_warehouse:/home/colcon_ws/install/moveit_ros_robot_interaction:/home/colcon_ws/install/moveit_ros_perception:/home/colcon_ws/install/moveit_resources_prbt_pg70_support:/home/colcon_ws/install/moveit_resources_prbt_moveit_config:/home/colcon_ws/install/moveit_ros_move_group:/home/colcon_ws/install/moveit_planners_ompl:/home/colcon_ws/install/moveit_ros_planning:/home/colcon_ws/install/moveit_ros_occupancy_map_monitor:/home/colcon_ws/install/moveit_resources_prbt_ikfast_manipulator_plugin:/home/colcon_ws/install/moveit_planners_chomp:/home/colcon_ws/install/moveit_kinematics:/home/colcon_ws/install/moveit_chomp_optimizer_adapter:/home/colcon_ws/install/chomp_motion_planner:/home/colcon_ws/install/moveit_core:/home/colcon_ws/install/srdfdom:/home/colcon_ws/install/rviz_marker_tools:/home/colcon_ws/install/rosparam_shortcuts:/home/colcon_ws/install/my_messages:/home/colcon_ws/install/moveit_task_constructor_msgs:/home/colcon_ws/install/moveit_resources_prbt_support:/home/colcon_ws/install/moveit_resources:/home/colcon_ws/install/moveit_resources_pr2_description:/home/colcon_ws/install/moveit_resources_panda_moveit_config:/home/colcon_ws/install/moveit_resources_panda_description:/home/colcon_ws/install/moveit_resources_fanuc_moveit_config:/home/colcon_ws/install/moveit_resources_fanuc_description:/home/colcon_ws/install/moveit_common:/home/colcon_ws/install/goal_change_interfaces:/home/colcon_ws/install/cpp_srvcli:/home/colcon_ws/install/moveit_configs_utils:/home/colcon_ws/install/launch_param_builder:/opt/ros/humble /usr/bin/cmake --install /home/colcon_ws/src/moveit2-humble/build/moveit_core
[0.660s] -- Install configuration: "Debug"
[0.661s] -- Up-to-date: /home/colcon_ws/src/moveit2-humble/install/moveit_core/include/moveit/version.h
[0.661s] -- Up-to-date: /home/colcon_ws/src/moveit2-humble/install/moveit_core/include
[0.661s] -- Up-to-date: /home/colcon_ws/src/moveit2-humble/install/moveit_core/include/moveit
[0.661s] -- Up-to-date: /home/colcon_ws/src/moveit2-humble/install/moveit_core/include/moveit/collision_distance_field
[0.661s] -- Up-to-date: /home/colcon_ws/src/moveit2-humble/install/moveit_core/include/moveit/collision_distance_field/collision_env_hybrid.h
[0.662s] -- Up-to-date: /home/colcon_ws/src/moveit2-humble/install/moveit_core/include/moveit/collision_distance_field/collision_common_distance_field.h
[0.662s] -- Up-to-date: /home/colcon_ws/src/moveit2-humble/install/moveit_core/include/moveit/collision_distance_field/collision_detector_allocator_hybrid.h
[0.662s] -- Up-to-date: /home/colcon_ws/src/moveit2-humble/install/moveit_core/include/moveit/collision_distance_field/collision_env_distance_field.h
[0.662s] -- Up-to-date: /home/colcon_ws/src/moveit2-humble/install/moveit_core/include/moveit/collision_distance_field/collision_distance_field_types.h
[0.662s] -- Up-to-date: /home/colcon_ws/src/moveit2-humble/install/moveit_core/include/moveit/collision_distance_field/collision_detector_allocator_distance_field.h
[0.663s] -- Up-to-date: /home/colcon_ws/src/moveit2-humble/install/moveit_core/include/moveit_collision_distance_field_export.h
[0.663s] -- Up-to-date: /home/colcon_ws/src/moveit2-humble/install/moveit_core/include
[0.663s] -- Up-to-date: /home/colcon_ws/src/moveit2-humble/install/moveit_core/include/moveit
[0.663s] -- Up-to-date: /home/colcon_ws/src/moveit2-humble/install/moveit_core/include/moveit/constraint_samplers
[0.663s] -- Up-to-date: /home/colcon_ws/src/moveit2-humble/install/moveit_core/include/moveit/constraint_samplers/union_constraint_sampler.h
[0.664s] -- Up-to-date: /home/colcon_ws/src/moveit2-humble/install/moveit_core/include/moveit/constraint_samplers/constraint_sampler_manager.h
[0.664s] -- Up-to-date: /home/colcon_ws/src/moveit2-humble/install/moveit_core/include/moveit/constraint_samplers/constraint_sampler.h
[0.664s] -- Up-to-date: /home/colcon_ws/src/moveit2-humble/install/moveit_core/include/moveit/constraint_samplers/constraint_sampler_tools.h
[0.664s] -- Up-to-date: /home/colcon_ws/src/moveit2-humble/install/moveit_core/include/moveit/constraint_samplers/constraint_sampler_allocator.h
[0.664s] -- Up-to-date: /home/colcon_ws/src/moveit2-humble/install/moveit_core/include/moveit/constraint_samplers/default_constraint_samplers.h
[0.664s] -- Up-to-date: /home/colcon_ws/src/moveit2-humble/install/moveit_core/include
[0.665s] -- Up-to-date: /home/colcon_ws/src/moveit2-humble/install/moveit_core/include/moveit
[0.665s] -- Up-to-date: /home/colcon_ws/src/moveit2-humble/install/moveit_core/include/moveit/controller_manager
[0.665s] -- Up-to-date: /home/colcon_ws/src/moveit2-humble/install/moveit_core/include/moveit/controller_manager/controller_manager.h
[0.665s] -- Up-to-date: /home/colcon_ws/src/moveit2-humble/install/moveit_core/include
[0.665s] -- Up-to-date: /home/colcon_ws/src/moveit2-humble/install/moveit_core/include/moveit
[0.666s] -- Up-to-date: /home/colcon_ws/src/moveit2-humble/install/moveit_core/include/moveit/distance_field
[0.666s] -- Up-to-date: /home/colcon_ws/src/moveit2-humble/install/moveit_core/include/moveit/distance_field/voxel_grid.h
[0.666s] -- Up-to-date: /home/colcon_ws/src/moveit2-humble/install/moveit_core/include/moveit/distance_field/find_internal_points.h
[0.666s] -- Up-to-date: /home/colcon_ws/src/moveit2-humble/install/moveit_core/include/moveit/distance_field/distance_field.h
[0.666s] -- Up-to-date: /home/colcon_ws/src/moveit2-humble/install/moveit_core/include/moveit/distance_field/propagation_distance_field.h
[0.667s] -- Up-to-date: /home/colcon_ws/src/moveit2-humble/install/moveit_core/include
[0.667s] -- Up-to-date: /home/colcon_ws/src/moveit2-humble/install/moveit_core/include/moveit
[0.667s] -- Up-to-date: /home/colcon_ws/src/moveit2-humble/install/moveit_core/include/moveit/dynamics_solver
[0.667s] -- Up-to-date: /home/colcon_ws/src/moveit2-humble/install/moveit_core/include/moveit/dynamics_solver/dynamics_solver.h
[0.667s] -- Up-to-date: /home/colcon_ws/src/moveit2-humble/install/moveit_core/include
[0.667s] -- Up-to-date: /home/colcon_ws/src/moveit2-humble/install/moveit_core/include/moveit
[0.668s] -- Up-to-date: /home/colcon_ws/src/moveit2-humble/install/moveit_core/include/moveit/exceptions
[0.668s] -- Up-to-date: /home/colcon_ws/src/moveit2-humble/install/moveit_core/include/moveit/exceptions/exceptions.h
[0.668s] -- Up-to-date: /home/colcon_ws/src/moveit2-humble/install/moveit_core/include
[0.668s] -- Up-to-date: /home/colcon_ws/src/moveit2-humble/install/moveit_core/include/moveit
[0.668s] -- Up-to-date: /home/colcon_ws/src/moveit2-humble/install/moveit_core/include/moveit/kinematics_base
[0.669s] -- Up-to-date: /home/colcon_ws/src/moveit2-humble/install/moveit_core/include/moveit/kinematics_base/kinematics_base.h
[0.669s] -- Up-to-date: /home/colcon_ws/src/moveit2-humble/install/moveit_core/include/moveit_kinematics_base_export.h
[0.669s] -- Up-to-date: /home/colcon_ws/src/moveit2-humble/install/moveit_core/include
[0.669s] -- Up-to-date: /home/colcon_ws/src/moveit2-humble/install/moveit_core/include/moveit
[0.669s] -- Up-to-date: /home/colcon_ws/src/moveit2-humble/install/moveit_core/include/moveit/kinematic_constraints
[0.669s] -- Up-to-date: /home/colcon_ws/src/moveit2-humble/install/moveit_core/include/moveit/kinematic_constraints/kinematic_constraint.h
[0.670s] -- Up-to-date: /home/colcon_ws/src/moveit2-humble/install/moveit_core/include/moveit/kinematic_constraints/utils.h
[0.670s] -- Up-to-date: /home/colcon_ws/src/moveit2-humble/install/moveit_core/include
[0.670s] -- Up-to-date: /home/colcon_ws/src/moveit2-humble/install/moveit_core/include/moveit
[0.670s] -- Up-to-date: /home/colcon_ws/src/moveit2-humble/install/moveit_core/include/moveit/kinematics_metrics
[0.670s] -- Up-to-date: /home/colcon_ws/src/moveit2-humble/install/moveit_core/include/moveit/kinematics_metrics/kinematics_metrics.h
[0.671s] -- Up-to-date: /home/colcon_ws/src/moveit2-humble/install/moveit_core/include
[0.671s] -- Up-to-date: /home/colcon_ws/src/moveit2-humble/install/moveit_core/include/moveit
[0.671s] -- Up-to-date: /home/colcon_ws/src/moveit2-humble/install/moveit_core/include/moveit/macros
[0.671s] -- Up-to-date: /home/colcon_ws/src/moveit2-humble/install/moveit_core/include/moveit/macros/console_colors.h
[0.671s] -- Up-to-date: /home/colcon_ws/src/moveit2-humble/install/moveit_core/include/moveit/macros/class_forward.h
[0.671s] -- Up-to-date: /home/colcon_ws/src/moveit2-humble/install/moveit_core/include/moveit/macros/deprecation.h
[0.672s] -- Up-to-date: /home/colcon_ws/src/moveit2-humble/install/moveit_core/include/moveit/macros/declare_ptr.h
[0.672s] -- Up-to-date: /home/colcon_ws/src/moveit2-humble/install/moveit_core/include/moveit_butterworth_parameters
[0.672s] -- Up-to-date: /home/colcon_ws/src/moveit2-humble/install/moveit_core/include/moveit_butterworth_parameters/moveit_butterworth_parameters.hpp
[0.672s] -- Up-to-date: /home/colcon_ws/src/moveit2-humble/install/moveit_core/include
[0.672s] -- Up-to-date: /home/colcon_ws/src/moveit2-humble/install/moveit_core/include/moveit
[0.672s] -- Up-to-date: /home/colcon_ws/src/moveit2-humble/install/moveit_core/include/moveit/online_signal_smoothing
[0.672s] -- Up-to-date: /home/colcon_ws/src/moveit2-humble/install/moveit_core/include/moveit/online_signal_smoothing/smoothing_base_class.h
[0.672s] -- Up-to-date: /home/colcon_ws/src/moveit2-humble/install/moveit_core/include/moveit/online_signal_smoothing/butterworth_filter.h
[0.673s] -- Up-to-date: /home/colcon_ws/src/moveit2-humble/install/moveit_core/include/moveit_smoothing_base_export.h
[0.673s] -- Up-to-date: /home/colcon_ws/src/moveit2-humble/install/moveit_core/include/moveit_butterworth_filter_export.h
[0.673s] -- Up-to-date: /home/colcon_ws/src/moveit2-humble/install/moveit_core/include
[0.673s] -- Up-to-date: /home/colcon_ws/src/moveit2-humble/install/moveit_core/include/moveit
[0.673s] -- Up-to-date: /home/colcon_ws/src/moveit2-humble/install/moveit_core/include/moveit/planning_interface
[0.673s] -- Up-to-date: /home/colcon_ws/src/moveit2-humble/install/moveit_core/include/moveit/planning_interface/planning_response.h
[0.673s] -- Up-to-date: /home/colcon_ws/src/moveit2-humble/install/moveit_core/include/moveit/planning_interface/planning_interface.h
[0.674s] -- Up-to-date: /home/colcon_ws/src/moveit2-humble/install/moveit_core/include/moveit/planning_interface/planning_request.h
[0.674s] -- Up-to-date: /home/colcon_ws/src/moveit2-humble/install/moveit_core/include
[0.674s] -- Up-to-date: /home/colcon_ws/src/moveit2-humble/install/moveit_core/include/moveit
[0.674s] -- Up-to-date: /home/colcon_ws/src/moveit2-humble/install/moveit_core/include/moveit/planning_request_adapter
[0.674s] -- Up-to-date: /home/colcon_ws/src/moveit2-humble/install/moveit_core/include/moveit/planning_request_adapter/planning_request_adapter.h
[0.674s] -- Up-to-date: /home/colcon_ws/src/moveit2-humble/install/moveit_core/include
[0.674s] -- Up-to-date: /home/colcon_ws/src/moveit2-humble/install/moveit_core/include/moveit
[0.674s] -- Up-to-date: /home/colcon_ws/src/moveit2-humble/install/moveit_core/include/moveit/planning_scene
[0.674s] -- Up-to-date: /home/colcon_ws/src/moveit2-humble/install/moveit_core/include/moveit/planning_scene/planning_scene.h
[0.675s] -- Up-to-date: /home/colcon_ws/src/moveit2-humble/install/moveit_core/include/moveit_planning_scene_export.h
[0.675s] -- Up-to-date: /home/colcon_ws/src/moveit2-humble/install/moveit_core/include
[0.675s] -- Up-to-date: /home/colcon_ws/src/moveit2-humble/install/moveit_core/include/moveit
[0.675s] -- Up-to-date: /home/colcon_ws/src/moveit2-humble/install/moveit_core/include/moveit/robot_model
[0.675s] -- Up-to-date: /home/colcon_ws/src/moveit2-humble/install/moveit_core/include/moveit/robot_model/link_model.h
[0.675s] -- Up-to-date: /home/colcon_ws/src/moveit2-humble/install/moveit_core/include/moveit/robot_model/prismatic_joint_model.h
[0.675s] -- Up-to-date: /home/colcon_ws/src/moveit2-humble/install/moveit_core/include/moveit/robot_model/aabb.h
[0.675s] -- Up-to-date: /home/colcon_ws/src/moveit2-humble/install/moveit_core/include/moveit/robot_model/revolute_joint_model.h
[0.676s] -- Up-to-date: /home/colcon_ws/src/moveit2-humble/install/moveit_core/include/moveit/robot_model/robot_model.h
[0.676s] -- Up-to-date: /home/colcon_ws/src/moveit2-humble/install/moveit_core/include/moveit/robot_model/joint_model.h
[0.676s] -- Up-to-date: /home/colcon_ws/src/moveit2-humble/install/moveit_core/include/moveit/robot_model/joint_model_group.h
[0.676s] -- Up-to-date: /home/colcon_ws/src/moveit2-humble/install/moveit_core/include/moveit/robot_model/floating_joint_model.h
[0.676s] -- Up-to-date: /home/colcon_ws/src/moveit2-humble/install/moveit_core/include/moveit/robot_model/fixed_joint_model.h
[0.676s] -- Up-to-date: /home/colcon_ws/src/moveit2-humble/install/moveit_core/include/moveit/robot_model/planar_joint_model.h
[0.676s] -- Up-to-date: /home/colcon_ws/src/moveit2-humble/install/moveit_core/include
[0.676s] -- Up-to-date: /home/colcon_ws/src/moveit2-humble/install/moveit_core/include/moveit
[0.676s] -- Up-to-date: /home/colcon_ws/src/moveit2-humble/install/moveit_core/include/moveit/robot_state
[0.677s] -- Up-to-date: /home/colcon_ws/src/moveit2-humble/install/moveit_core/include/moveit/robot_state/attached_body.h
[0.677s] -- Up-to-date: /home/colcon_ws/src/moveit2-humble/install/moveit_core/include/moveit/robot_state/cartesian_interpolator.h
[0.677s] -- Up-to-date: /home/colcon_ws/src/moveit2-humble/install/moveit_core/include/moveit/robot_state/robot_state.h
[0.677s] -- Up-to-date: /home/colcon_ws/src/moveit2-humble/install/moveit_core/include/moveit/robot_state/conversions.h
[0.677s] -- Up-to-date: /home/colcon_ws/src/moveit2-humble/install/moveit_core/include
[0.677s] -- Up-to-date: /home/colcon_ws/src/moveit2-humble/install/moveit_core/include/moveit
[0.677s] -- Up-to-date: /home/colcon_ws/src/moveit2-humble/install/moveit_core/include/moveit/robot_trajectory
[0.677s] -- Up-to-date: /home/colcon_ws/src/moveit2-humble/install/moveit_core/include/moveit/robot_trajectory/robot_trajectory.h
[0.677s] -- Up-to-date: /home/colcon_ws/src/moveit2-humble/install/moveit_core/include
[0.678s] -- Up-to-date: /home/colcon_ws/src/moveit2-humble/install/moveit_core/include/moveit
[0.678s] -- Up-to-date: /home/colcon_ws/src/moveit2-humble/install/moveit_core/include/moveit/sensor_manager
[0.678s] -- Up-to-date: /home/colcon_ws/src/moveit2-humble/install/moveit_core/include/moveit/sensor_manager/sensor_manager.h
[0.678s] -- Up-to-date: /home/colcon_ws/src/moveit2-humble/install/moveit_core/include
[0.678s] -- Up-to-date: /home/colcon_ws/src/moveit2-humble/install/moveit_core/include/moveit
[0.678s] -- Up-to-date: /home/colcon_ws/src/moveit2-humble/install/moveit_core/include/moveit/trajectory_processing
[0.678s] -- Up-to-date: /home/colcon_ws/src/moveit2-humble/install/moveit_core/include/moveit/trajectory_processing/trajectory_tools.h
[0.678s] -- Up-to-date: /home/colcon_ws/src/moveit2-humble/install/moveit_core/include/moveit/trajectory_processing/ruckig_traj_smoothing.h
[0.678s] -- Up-to-date: /home/colcon_ws/src/moveit2-humble/install/moveit_core/include/moveit/trajectory_processing/time_parameterization.h
[0.678s] -- Up-to-date: /home/colcon_ws/src/moveit2-humble/install/moveit_core/include/moveit/trajectory_processing/iterative_time_parameterization.h
[0.679s] -- Up-to-date: /home/colcon_ws/src/moveit2-humble/install/moveit_core/include/moveit/trajectory_processing/time_optimal_trajectory_generation.h
[0.679s] -- Up-to-date: /home/colcon_ws/src/moveit2-humble/install/moveit_core/include/moveit/trajectory_processing/iterative_spline_parameterization.h
[0.679s] -- Up-to-date: /home/colcon_ws/src/moveit2-humble/install/moveit_core/include
[0.679s] -- Up-to-date: /home/colcon_ws/src/moveit2-humble/install/moveit_core/include/moveit
[0.679s] -- Up-to-date: /home/colcon_ws/src/moveit2-humble/install/moveit_core/include/moveit/transforms
[0.679s] -- Up-to-date: /home/colcon_ws/src/moveit2-humble/install/moveit_core/include/moveit/transforms/transforms.h
[0.679s] -- Up-to-date: /home/colcon_ws/src/moveit2-humble/install/moveit_core/include
[0.679s] -- Up-to-date: /home/colcon_ws/src/moveit2-humble/install/moveit_core/include/moveit
[0.679s] -- Up-to-date: /home/colcon_ws/src/moveit2-humble/install/moveit_core/include/moveit/utils
[0.680s] -- Up-to-date: /home/colcon_ws/src/moveit2-humble/install/moveit_core/include/moveit/utils/message_checks.h
[0.680s] -- Up-to-date: /home/colcon_ws/src/moveit2-humble/install/moveit_core/include/moveit/utils/lexical_casts.h
[0.680s] -- Up-to-date: /home/colcon_ws/src/moveit2-humble/install/moveit_core/include/moveit/utils/rclcpp_utils.h
[0.680s] -- Up-to-date: /home/colcon_ws/src/moveit2-humble/install/moveit_core/include/moveit/utils/moveit_error_code.h
[0.680s] -- Up-to-date: /home/colcon_ws/src/moveit2-humble/install/moveit_core/include/moveit/utils/robot_model_test_utils.h
[0.680s] -- Up-to-date: /home/colcon_ws/src/moveit2-humble/install/moveit_core/bin/moveit_version
[0.680s] -- Up-to-date: /home/colcon_ws/src/moveit2-humble/install/moveit_core/include
[0.680s] -- Up-to-date: /home/colcon_ws/src/moveit2-humble/install/moveit_core/include/moveit
[0.680s] -- Up-to-date: /home/colcon_ws/src/moveit2-humble/install/moveit_core/include/moveit/collision_detection
[0.680s] -- Up-to-date: /home/colcon_ws/src/moveit2-humble/install/moveit_core/include/moveit/collision_detection/collision_matrix.h
[0.680s] -- Up-to-date: /home/colcon_ws/src/moveit2-humble/install/moveit_core/include/moveit/collision_detection/collision_plugin_cache.h
[0.681s] -- Up-to-date: /home/colcon_ws/src/moveit2-humble/install/moveit_core/include/moveit/collision_detection/collision_tools.h
[0.681s] -- Up-to-date: /home/colcon_ws/src/moveit2-humble/install/moveit_core/include/moveit/collision_detection/collision_plugin.h
[0.681s] -- Up-to-date: /home/colcon_ws/src/moveit2-humble/install/moveit_core/include/moveit/collision_detection/occupancy_map.h
[0.681s] -- Up-to-date: /home/colcon_ws/src/moveit2-humble/install/moveit_core/include/moveit/collision_detection/allvalid
[0.681s] -- Up-to-date: /home/colcon_ws/src/moveit2-humble/install/moveit_core/include/moveit/collision_detection/allvalid/collision_detector_allocator_allvalid.h
[0.681s] -- Up-to-date: /home/colcon_ws/src/moveit2-humble/install/moveit_core/include/moveit/collision_detection/allvalid/collision_env_allvalid.h
[0.681s] -- Up-to-date: /home/colcon_ws/src/moveit2-humble/install/moveit_core/include/moveit/collision_detection/world_diff.h
[0.681s] -- Up-to-date: /home/colcon_ws/src/moveit2-humble/install/moveit_core/include/moveit/collision_detection/collision_common.h
[0.681s] -- Up-to-date: /home/colcon_ws/src/moveit2-humble/install/moveit_core/include/moveit/collision_detection/collision_octomap_filter.h
[0.682s] -- Up-to-date: /home/colcon_ws/src/moveit2-humble/install/moveit_core/include/moveit/collision_detection/collision_env.h
[0.682s] -- Up-to-date: /home/colcon_ws/src/moveit2-humble/install/moveit_core/include/moveit/collision_detection/world.h
[0.682s] -- Up-to-date: /home/colcon_ws/src/moveit2-humble/install/moveit_core/include/moveit/collision_detection/collision_detector_allocator.h
[0.682s] -- Up-to-date: /home/colcon_ws/src/moveit2-humble/install/moveit_core/include/moveit/collision_detection/test_collision_common_panda.h
[0.682s] -- Up-to-date: /home/colcon_ws/src/moveit2-humble/install/moveit_core/include/moveit/collision_detection/test_collision_common_pr2.h
[0.682s] -- Up-to-date: /home/colcon_ws/src/moveit2-humble/install/moveit_core/include/moveit_collision_detection_export.h
[0.682s] -- Up-to-date: /home/colcon_ws/src/moveit2-humble/install/moveit_core/include/moveit_core
[0.682s] -- Up-to-date: /home/colcon_ws/src/moveit2-humble/install/moveit_core/include/moveit_core/moveit
[0.683s] -- Up-to-date: /home/colcon_ws/src/moveit2-humble/install/moveit_core/include/moveit_core/moveit/collision_detection_bullet
[0.683s] -- Up-to-date: /home/colcon_ws/src/moveit2-humble/install/moveit_core/include/moveit_core/moveit/collision_detection_bullet/collision_env_bullet.h
[0.683s] -- Up-to-date: /home/colcon_ws/src/moveit2-humble/install/moveit_core/include/moveit_core/moveit/collision_detection_bullet/collision_detector_allocator_bullet.h
[0.683s] -- Up-to-date: /home/colcon_ws/src/moveit2-humble/install/moveit_core/include/moveit_core/moveit/collision_detection_bullet/bullet_integration
[0.683s] -- Up-to-date: /home/colcon_ws/src/moveit2-humble/install/moveit_core/include/moveit_core/moveit/collision_detection_bullet/bullet_integration/bullet_discrete_bvh_manager.h
[0.683s] -- Up-to-date: /home/colcon_ws/src/moveit2-humble/install/moveit_core/include/moveit_core/moveit/collision_detection_bullet/bullet_integration/bullet_utils.h
[0.683s] -- Up-to-date: /home/colcon_ws/src/moveit2-humble/install/moveit_core/include/moveit_core/moveit/collision_detection_bullet/bullet_integration/bullet_bvh_manager.h
[0.684s] -- Up-to-date: /home/colcon_ws/src/moveit2-humble/install/moveit_core/include/moveit_core/moveit/collision_detection_bullet/bullet_integration/basic_types.h
[0.684s] -- Up-to-date: /home/colcon_ws/src/moveit2-humble/install/moveit_core/include/moveit_core/moveit/collision_detection_bullet/bullet_integration/bullet_cast_bvh_manager.h
[0.684s] -- Up-to-date: /home/colcon_ws/src/moveit2-humble/install/moveit_core/include/moveit_core/moveit/collision_detection_bullet/bullet_integration/contact_checker_common.h
[0.684s] -- Up-to-date: /home/colcon_ws/src/moveit2-humble/install/moveit_core/include/moveit_core/moveit/collision_detection_bullet/bullet_integration/ros_bullet_utils.h
[0.684s] -- Up-to-date: /home/colcon_ws/src/moveit2-humble/install/moveit_core/include/moveit_core/moveit/collision_detection_bullet/collision_detector_bullet_plugin_loader.h
[0.684s] -- Up-to-date: /home/colcon_ws/src/moveit2-humble/install/moveit_core/include/moveit_core/moveit_collision_detection_bullet_export.h
[0.684s] -- Up-to-date: /home/colcon_ws/src/moveit2-humble/install/moveit_core/include
[0.684s] -- Up-to-date: /home/colcon_ws/src/moveit2-humble/install/moveit_core/include/moveit
[0.684s] -- Up-to-date: /home/colcon_ws/src/moveit2-humble/install/moveit_core/include/moveit/collision_detection_fcl
[0.684s] -- Up-to-date: /home/colcon_ws/src/moveit2-humble/install/moveit_core/include/moveit/collision_detection_fcl/collision_detector_fcl_plugin_loader.h
[0.685s] -- Up-to-date: /home/colcon_ws/src/moveit2-humble/install/moveit_core/include/moveit/collision_detection_fcl/collision_env_fcl.h
[0.685s] -- Up-to-date: /home/colcon_ws/src/moveit2-humble/install/moveit_core/include/moveit/collision_detection_fcl/collision_detector_allocator_fcl.h
[0.685s] -- Up-to-date: /home/colcon_ws/src/moveit2-humble/install/moveit_core/include/moveit/collision_detection_fcl/fcl_compat.h
[0.685s] -- Up-to-date: /home/colcon_ws/src/moveit2-humble/install/moveit_core/include/moveit/collision_detection_fcl/collision_common.h
[0.686s] -- Up-to-date: /home/colcon_ws/src/moveit2-humble/install/moveit_core/include/moveit_collision_detection_fcl_export.h
[0.688s] -- Up-to-date: /home/colcon_ws/src/moveit2-humble/install/moveit_core/lib/libcollision_detector_bullet_plugin.so.2.5.4
[0.688s] -- Up-to-date: /home/colcon_ws/src/moveit2-humble/install/moveit_core/lib/libcollision_detector_bullet_plugin.so
[0.688s] -- Up-to-date: /home/colcon_ws/src/moveit2-humble/install/moveit_core/lib/libmoveit_butterworth_filter.so.2.5.4
[0.689s] -- Up-to-date: /home/colcon_ws/src/moveit2-humble/install/moveit_core/lib/libmoveit_butterworth_filter.so
[0.689s] -- Up-to-date: /home/colcon_ws/src/moveit2-humble/install/moveit_core/lib/libmoveit_collision_distance_field.so.2.5.4
[0.689s] -- Up-to-date: /home/colcon_ws/src/moveit2-humble/install/moveit_core/lib/libmoveit_collision_distance_field.so
[0.689s] -- Up-to-date: /home/colcon_ws/src/moveit2-humble/install/moveit_core/lib/libmoveit_collision_detection.so.2.5.4
[0.689s] -- Up-to-date: /home/colcon_ws/src/moveit2-humble/install/moveit_core/lib/libmoveit_collision_detection.so
[0.689s] -- Up-to-date: /home/colcon_ws/src/moveit2-humble/install/moveit_core/lib/libmoveit_collision_detection_fcl.so.2.5.4
[0.689s] -- Up-to-date: /home/colcon_ws/src/moveit2-humble/install/moveit_core/lib/libmoveit_collision_detection_fcl.so
[0.689s] -- Up-to-date: /home/colcon_ws/src/moveit2-humble/install/moveit_core/lib/libmoveit_collision_detection_bullet.so.2.5.4
[0.689s] -- Up-to-date: /home/colcon_ws/src/moveit2-humble/install/moveit_core/lib/libmoveit_collision_detection_bullet.so
[0.689s] -- Up-to-date: /home/colcon_ws/src/moveit2-humble/install/moveit_core/lib/libmoveit_dynamics_solver.so.2.5.4
[0.690s] -- Up-to-date: /home/colcon_ws/src/moveit2-humble/install/moveit_core/lib/libmoveit_dynamics_solver.so
[0.690s] -- Up-to-date: /home/colcon_ws/src/moveit2-humble/install/moveit_core/lib/libmoveit_constraint_samplers.so.2.5.4
[0.690s] -- Up-to-date: /home/colcon_ws/src/moveit2-humble/install/moveit_core/lib/libmoveit_constraint_samplers.so
[0.690s] -- Up-to-date: /home/colcon_ws/src/moveit2-humble/install/moveit_core/lib/libmoveit_distance_field.so.2.5.4
[0.690s] -- Up-to-date: /home/colcon_ws/src/moveit2-humble/install/moveit_core/lib/libmoveit_distance_field.so
[0.690s] -- Up-to-date: /home/colcon_ws/src/moveit2-humble/install/moveit_core/lib/libmoveit_exceptions.so.2.5.4
[0.690s] -- Up-to-date: /home/colcon_ws/src/moveit2-humble/install/moveit_core/lib/libmoveit_exceptions.so
[0.690s] -- Up-to-date: /home/colcon_ws/src/moveit2-humble/install/moveit_core/lib/libmoveit_kinematics_base.so
[0.690s] -- Up-to-date: /home/colcon_ws/src/moveit2-humble/install/moveit_core/lib/libmoveit_kinematic_constraints.so.2.5.4
[0.690s] -- Up-to-date: /home/colcon_ws/src/moveit2-humble/install/moveit_core/lib/libmoveit_kinematic_constraints.so
[0.690s] -- Up-to-date: /home/colcon_ws/src/moveit2-humble/install/moveit_core/lib/libmoveit_kinematics_metrics.so.2.5.4
[0.691s] -- Up-to-date: /home/colcon_ws/src/moveit2-humble/install/moveit_core/lib/libmoveit_kinematics_metrics.so
[0.691s] -- Up-to-date: /home/colcon_ws/src/moveit2-humble/install/moveit_core/lib/libmoveit_planning_interface.so.2.5.4
[0.691s] -- Up-to-date: /home/colcon_ws/src/moveit2-humble/install/moveit_core/lib/libmoveit_planning_interface.so
[0.691s] -- Up-to-date: /home/colcon_ws/src/moveit2-humble/install/moveit_core/lib/libmoveit_planning_scene.so.2.5.4
[0.691s] -- Up-to-date: /home/colcon_ws/src/moveit2-humble/install/moveit_core/lib/libmoveit_planning_scene.so
[0.691s] -- Up-to-date: /home/colcon_ws/src/moveit2-humble/install/moveit_core/lib/libmoveit_planning_request_adapter.so.2.5.4
[0.692s] -- Up-to-date: /home/colcon_ws/src/moveit2-humble/install/moveit_core/lib/libmoveit_planning_request_adapter.so
[0.692s] -- Up-to-date: /home/colcon_ws/src/moveit2-humble/install/moveit_core/lib/libmoveit_robot_model.so.2.5.4
[0.693s] -- Up-to-date: /home/colcon_ws/src/moveit2-humble/install/moveit_core/lib/libmoveit_robot_model.so
[0.693s] -- Up-to-date: /home/colcon_ws/src/moveit2-humble/install/moveit_core/lib/libmoveit_robot_state.so.2.5.4
[0.693s] -- Up-to-date: /home/colcon_ws/src/moveit2-humble/install/moveit_core/lib/libmoveit_robot_state.so
[0.693s] -- Up-to-date: /home/colcon_ws/src/moveit2-humble/install/moveit_core/lib/libmoveit_robot_trajectory.so.2.5.4
[0.693s] -- Up-to-date: /home/colcon_ws/src/moveit2-humble/install/moveit_core/lib/libmoveit_robot_trajectory.so
[0.693s] -- Up-to-date: /home/colcon_ws/src/moveit2-humble/install/moveit_core/lib/libmoveit_smoothing_base.so.2.5.4
[0.693s] -- Up-to-date: /home/colcon_ws/src/moveit2-humble/install/moveit_core/lib/libmoveit_smoothing_base.so
[0.693s] -- Up-to-date: /home/colcon_ws/src/moveit2-humble/install/moveit_core/lib/libmoveit_test_utils.so.2.5.4
[0.694s] -- Up-to-date: /home/colcon_ws/src/moveit2-humble/install/moveit_core/lib/libmoveit_test_utils.so
[0.694s] -- Up-to-date: /home/colcon_ws/src/moveit2-humble/install/moveit_core/lib/libmoveit_trajectory_processing.so.2.5.4
[0.694s] -- Up-to-date: /home/colcon_ws/src/moveit2-humble/install/moveit_core/lib/libmoveit_trajectory_processing.so
[0.694s] -- Up-to-date: /home/colcon_ws/src/moveit2-humble/install/moveit_core/lib/libmoveit_transforms.so.2.5.4
[0.694s] -- Up-to-date: /home/colcon_ws/src/moveit2-humble/install/moveit_core/lib/libmoveit_transforms.so
[0.695s] -- Up-to-date: /home/colcon_ws/src/moveit2-humble/install/moveit_core/lib/libmoveit_utils.so.2.5.4
[0.695s] -- Up-to-date: /home/colcon_ws/src/moveit2-humble/install/moveit_core/lib/libmoveit_utils.so
[0.696s] -- Up-to-date: /home/colcon_ws/src/moveit2-humble/install/moveit_core/share/moveit_core/environment/library_path.sh
[0.696s] -- Up-to-date: /home/colcon_ws/src/moveit2-humble/install/moveit_core/share/moveit_core/environment/library_path.dsv
[0.696s] -- Up-to-date: /home/colcon_ws/src/moveit2-humble/install/moveit_core/share/moveit_core/collision_detector_fcl_description.xml
[0.696s] -- Up-to-date: /home/colcon_ws/src/moveit2-humble/install/moveit_core/share/moveit_core/collision_detector_bullet_description.xml
[0.696s] -- Up-to-date: /home/colcon_ws/src/moveit2-humble/install/moveit_core/share/moveit_core/filter_plugin_butterworth.xml
[0.696s] -- Up-to-date: /home/colcon_ws/src/moveit2-humble/install/moveit_core/share/ament_index/resource_index/package_run_dependencies/moveit_core
[0.696s] -- Up-to-date: /home/colcon_ws/src/moveit2-humble/install/moveit_core/share/ament_index/resource_index/parent_prefix_path/moveit_core
[0.696s] -- Up-to-date: /home/colcon_ws/src/moveit2-humble/install/moveit_core/share/moveit_core/environment/ament_prefix_path.sh
[0.697s] -- Up-to-date: /home/colcon_ws/src/moveit2-humble/install/moveit_core/share/moveit_core/environment/ament_prefix_path.dsv
[0.697s] -- Up-to-date: /home/colcon_ws/src/moveit2-humble/install/moveit_core/share/moveit_core/environment/path.sh
[0.697s] -- Up-to-date: /home/colcon_ws/src/moveit2-humble/install/moveit_core/share/moveit_core/environment/path.dsv
[0.697s] -- Up-to-date: /home/colcon_ws/src/moveit2-humble/install/moveit_core/share/moveit_core/local_setup.bash
[0.698s] -- Up-to-date: /home/colcon_ws/src/moveit2-humble/install/moveit_core/share/moveit_core/local_setup.sh
[0.698s] -- Up-to-date: /home/colcon_ws/src/moveit2-humble/install/moveit_core/share/moveit_core/local_setup.zsh
[0.698s] -- Up-to-date: /home/colcon_ws/src/moveit2-humble/install/moveit_core/share/moveit_core/local_setup.dsv
[0.698s] -- Installing: /home/colcon_ws/src/moveit2-humble/install/moveit_core/share/moveit_core/package.dsv
[0.699s] -- Up-to-date: /home/colcon_ws/src/moveit2-humble/install/moveit_core/share/ament_index/resource_index/packages/moveit_core
[0.699s] -- Up-to-date: /home/colcon_ws/src/moveit2-humble/install/moveit_core/share/ament_index/resource_index/moveit_core__pluginlib__plugin/moveit_core
[0.699s] -- Up-to-date: /home/colcon_ws/src/moveit2-humble/install/moveit_core/share/moveit_core/cmake/export_moveit_coreExport.cmake
[0.699s] -- Up-to-date: /home/colcon_ws/src/moveit2-humble/install/moveit_core/share/moveit_core/cmake/export_moveit_coreExport-debug.cmake
[0.699s] -- Up-to-date: /home/colcon_ws/src/moveit2-humble/install/moveit_core/share/moveit_core/cmake/ConfigExtras.cmake
[0.699s] -- Up-to-date: /home/colcon_ws/src/moveit2-humble/install/moveit_core/share/moveit_core/cmake/ament_cmake_export_targets-extras.cmake
[0.699s] -- Up-to-date: /home/colcon_ws/src/moveit2-humble/install/moveit_core/share/moveit_core/cmake/ament_cmake_export_dependencies-extras.cmake
[0.700s] -- Up-to-date: /home/colcon_ws/src/moveit2-humble/install/moveit_core/share/moveit_core/cmake/moveit_coreConfig.cmake
[0.701s] -- Up-to-date: /home/colcon_ws/src/moveit2-humble/install/moveit_core/share/moveit_core/cmake/moveit_coreConfig-version.cmake
[0.701s] -- Up-to-date: /home/colcon_ws/src/moveit2-humble/install/moveit_core/share/moveit_core/package.xml
[0.702s] Invoked command in '/home/colcon_ws/src/moveit2-humble/build/moveit_core' returned '0': AMENT_PREFIX_PATH=/home/colcon_ws/src/moveit2-humble/install/moveit_common:${AMENT_PREFIX_PATH} CMAKE_PREFIX_PATH=/home/colcon_ws/src/moveit2-humble/install/moveit_common:/home/colcon_ws/install/pilz_industrial_motion_planner_testutils:/home/colcon_ws/install/moveit_runtime:/home/colcon_ws/install/moveit2_tutorials:/home/colcon_ws/install/moveit:/home/colcon_ws/install/moveit_planners:/home/colcon_ws/install/pilz_industrial_motion_planner:/home/colcon_ws/install/origin_hybrid_planning:/home/colcon_ws/install/moveit_visual_tools:/home/colcon_ws/install/moveit_task_constructor_visualization:/home/colcon_ws/install/moveit_task_constructor_demo:/home/colcon_ws/install/moveit_task_constructor_capabilities:/home/colcon_ws/install/moveit_task_constructor_core:/home/colcon_ws/install/moveit_ros_control_interface:/home/colcon_ws/install/moveit_plugins:/home/colcon_ws/install/moveit_simple_controller_manager:/home/colcon_ws/install/moveit_setup_assistant:/home/colcon_ws/install/moveit_setup_srdf_plugins:/home/colcon_ws/install/moveit_setup_core_plugins:/home/colcon_ws/install/moveit_setup_controllers:/home/colcon_ws/install/moveit_setup_app_plugins:/home/colcon_ws/install/moveit_setup_framework:/home/colcon_ws/install/moveit_servo:/home/colcon_ws/install/moveit_ros:/home/colcon_ws/install/moveit_ros_visualization:/home/colcon_ws/install/moveit_hybrid_planning:/home/colcon_ws/install/moveit_ros_planning_interface:/home/colcon_ws/install/moveit_ros_benchmarks:/home/colcon_ws/install/moveit_ros_warehouse:/home/colcon_ws/install/moveit_ros_robot_interaction:/home/colcon_ws/install/moveit_ros_perception:/home/colcon_ws/install/moveit_resources_prbt_pg70_support:/home/colcon_ws/install/moveit_resources_prbt_moveit_config:/home/colcon_ws/install/moveit_ros_move_group:/home/colcon_ws/install/moveit_planners_ompl:/home/colcon_ws/install/moveit_ros_planning:/home/colcon_ws/install/moveit_ros_occupancy_map_monitor:/home/colcon_ws/install/moveit_resources_prbt_ikfast_manipulator_plugin:/home/colcon_ws/install/moveit_planners_chomp:/home/colcon_ws/install/moveit_kinematics:/home/colcon_ws/install/moveit_chomp_optimizer_adapter:/home/colcon_ws/install/chomp_motion_planner:/home/colcon_ws/install/moveit_core:/home/colcon_ws/install/srdfdom:/home/colcon_ws/install/rviz_marker_tools:/home/colcon_ws/install/rosparam_shortcuts:/home/colcon_ws/install/my_messages:/home/colcon_ws/install/moveit_task_constructor_msgs:/home/colcon_ws/install/moveit_resources_prbt_support:/home/colcon_ws/install/moveit_resources:/home/colcon_ws/install/moveit_resources_pr2_description:/home/colcon_ws/install/moveit_resources_panda_moveit_config:/home/colcon_ws/install/moveit_resources_panda_description:/home/colcon_ws/install/moveit_resources_fanuc_moveit_config:/home/colcon_ws/install/moveit_resources_fanuc_description:/home/colcon_ws/install/moveit_common:/home/colcon_ws/install/goal_change_interfaces:/home/colcon_ws/install/cpp_srvcli:/home/colcon_ws/install/moveit_configs_utils:/home/colcon_ws/install/launch_param_builder:/opt/ros/humble /usr/bin/cmake --install /home/colcon_ws/src/moveit2-humble/build/moveit_core
