[0.033s] Invoking command in '/home/colcon_ws/src/moveit2-humble/build/moveit_kinematics': AMENT_PREFIX_PATH=/home/colcon_ws/src/moveit2-humble/install/moveit_ros_planning:/home/colcon_ws/src/moveit2-humble/install/moveit_ros_occupancy_map_monitor:/home/colcon_ws/src/moveit2-humble/install/moveit_core:/home/colcon_ws/src/moveit2-humble/install/moveit_configs_utils:/home/colcon_ws/src/moveit2-humble/install/moveit_common:${AMENT_PREFIX_PATH} CMAKE_PREFIX_PATH=/home/colcon_ws/src/moveit2-humble/install/moveit_ros_planning:/home/colcon_ws/src/moveit2-humble/install/moveit_ros_occupancy_map_monitor:/home/colcon_ws/src/moveit2-humble/install/moveit_core:/home/colcon_ws/src/moveit2-humble/install/moveit_common:/home/colcon_ws/install/pilz_industrial_motion_planner_testutils:/home/colcon_ws/install/moveit_runtime:/home/colcon_ws/install/moveit2_tutorials:/home/colcon_ws/install/moveit:/home/colcon_ws/install/moveit_planners:/home/colcon_ws/install/pilz_industrial_motion_planner:/home/colcon_ws/install/moveit_visual_tools:/home/colcon_ws/install/moveit_task_constructor_visualization:/home/colcon_ws/install/moveit_task_constructor_demo:/home/colcon_ws/install/moveit_task_constructor_capabilities:/home/colcon_ws/install/moveit_task_constructor_core:/home/colcon_ws/install/moveit_ros_control_interface:/home/colcon_ws/install/moveit_plugins:/home/colcon_ws/install/moveit_simple_controller_manager:/home/colcon_ws/install/moveit_setup_assistant:/home/colcon_ws/install/moveit_setup_srdf_plugins:/home/colcon_ws/install/moveit_setup_core_plugins:/home/colcon_ws/install/moveit_setup_controllers:/home/colcon_ws/install/moveit_setup_app_plugins:/home/colcon_ws/install/moveit_setup_framework:/home/colcon_ws/install/moveit_servo:/home/colcon_ws/install/moveit_ros:/home/colcon_ws/install/moveit_ros_visualization:/home/colcon_ws/install/moveit_hybrid_planning:/home/colcon_ws/install/moveit_ros_planning_interface:/home/colcon_ws/install/moveit_ros_benchmarks:/home/colcon_ws/install/moveit_ros_warehouse:/home/colcon_ws/install/moveit_ros_robot_interaction:/home/colcon_ws/install/moveit_ros_perception:/home/colcon_ws/install/moveit_resources_prbt_pg70_support:/home/colcon_ws/install/moveit_resources_prbt_moveit_config:/home/colcon_ws/install/moveit_ros_move_group:/home/colcon_ws/install/moveit_planners_ompl:/home/colcon_ws/install/moveit_ros_planning:/home/colcon_ws/install/moveit_ros_occupancy_map_monitor:/home/colcon_ws/install/moveit_resources_prbt_ikfast_manipulator_plugin:/home/colcon_ws/install/moveit_planners_chomp:/home/colcon_ws/install/moveit_kinematics:/home/colcon_ws/install/moveit_chomp_optimizer_adapter:/home/colcon_ws/install/chomp_motion_planner:/home/colcon_ws/install/moveit_core:/home/colcon_ws/install/srdfdom:/home/colcon_ws/install/rviz_marker_tools:/home/colcon_ws/install/rosparam_shortcuts:/home/colcon_ws/install/my_messages:/home/colcon_ws/install/moveit_task_constructor_msgs:/home/colcon_ws/install/moveit_resources_prbt_support:/home/colcon_ws/install/moveit_resources:/home/colcon_ws/install/moveit_resources_pr2_description:/home/colcon_ws/install/moveit_resources_panda_moveit_config:/home/colcon_ws/install/moveit_resources_panda_description:/home/colcon_ws/install/moveit_resources_fanuc_moveit_config:/home/colcon_ws/install/moveit_resources_fanuc_description:/home/colcon_ws/install/moveit_common:/home/colcon_ws/install/goal_change_interfaces:/home/colcon_ws/install/cpp_srvcli:/home/colcon_ws/install/moveit_configs_utils:/home/colcon_ws/install/launch_param_builder:/opt/ros/humble LD_LIBRARY_PATH=/home/colcon_ws/src/moveit2-humble/install/moveit_ros_planning/lib:/home/colcon_ws/src/moveit2-humble/install/moveit_ros_occupancy_map_monitor/lib:/home/colcon_ws/src/moveit2-humble/install/moveit_core/lib:${LD_LIBRARY_PATH} PATH=/home/colcon_ws/src/moveit2-humble/install/moveit_core/bin:${PATH} PYTHONPATH=/home/colcon_ws/src/moveit2-humble/install/moveit_configs_utils/lib/python3.10/site-packages:${PYTHONPATH} /usr/bin/cmake /home/colcon_ws/src/moveit2-humble/moveit_kinematics -DCMAKE_BUILD_TYPE=Debug -DCMAKE_INSTALL_PREFIX=/home/colcon_ws/src/moveit2-humble/install/moveit_kinematics
[0.097s] -- The C compiler identification is GNU 11.3.0
[0.144s] -- The CXX compiler identification is GNU 11.3.0
[0.151s] -- Detecting C compiler ABI info
[0.225s] -- Detecting C compiler ABI info - done
[0.231s] -- Check for working C compiler: /usr/bin/cc - skipped
[0.231s] -- Detecting C compile features
[0.231s] -- Detecting C compile features - done
[0.234s] -- Detecting CXX compiler ABI info
[0.318s] -- Detecting CXX compiler ABI info - done
[0.328s] -- Check for working CXX compiler: /usr/bin/c++ - skipped
[0.328s] -- Detecting CXX compile features
[0.329s] -- Detecting CXX compile features - done
[0.330s] -- Found moveit_common: 2.5.4 (/home/colcon_ws/src/moveit2-humble/install/moveit_common/share/moveit_common/cmake)
[0.341s] -- Found ament_cmake: 1.3.4 (/opt/ros/humble/share/ament_cmake/cmake)
[0.563s] -- Found Python3: /usr/bin/python3.10 (found version "3.10.6") found components: Interpreter 
[0.809s] -- Found libdw: /usr/lib/x86_64-linux-gnu/libdw.so  
[0.814s] -- Could NOT find libbfd (missing: LIBBFD_LIBRARY LIBBFD_INCLUDE_DIR) 
[0.814s] -- BACKWARD_HAS_UNWIND=1
[0.815s] -- BACKWARD_HAS_BACKTRACE=0
[0.815s] -- BACKWARD_HAS_BACKTRACE_SYMBOL=0
[0.815s] -- BACKWARD_HAS_DW=1
[0.815s] -- BACKWARD_HAS_BFD=0
[0.815s] -- Found Backward: /opt/ros/humble/share/backward_ros/cmake  
[0.844s] -- Found tf2_kdl: 0.25.2 (/opt/ros/humble/share/tf2_kdl/cmake)
[0.929s] -- Found rosidl_generator_c: 3.1.4 (/opt/ros/humble/share/rosidl_generator_c/cmake)
[0.947s] -- Found rosidl_adapter: 3.1.4 (/opt/ros/humble/share/rosidl_adapter/cmake)
[0.968s] -- Found rosidl_generator_cpp: 3.1.4 (/opt/ros/humble/share/rosidl_generator_cpp/cmake)
[0.997s] -- Using all available rosidl_typesupport_c: rosidl_typesupport_fastrtps_c;rosidl_typesupport_introspection_c
[1.035s] -- Using all available rosidl_typesupport_cpp: rosidl_typesupport_fastrtps_cpp;rosidl_typesupport_introspection_cpp
[1.184s] -- Found eigen3_cmake_module: 0.1.1 (/opt/ros/humble/share/eigen3_cmake_module/cmake)
[1.185s] -- Found Eigen3: TRUE (found version "3.4.0") 
[1.185s] -- Ensuring Eigen3 include directory is part of orocos-kdl CMake target
[1.421s] -- Found rmw_implementation_cmake: 6.1.1 (/opt/ros/humble/share/rmw_implementation_cmake/cmake)
[1.432s] -- Found rmw_fastrtps_cpp: 6.2.2 (/opt/ros/humble/share/rmw_fastrtps_cpp/cmake)
[1.577s] -- Found OpenSSL: /usr/lib/x86_64-linux-gnu/libcrypto.so (found version "3.0.2")  
[1.611s] -- Found FastRTPS: /opt/ros/humble/include  
[1.674s] -- Using RMW implementation 'rmw_fastrtps_cpp' as default
[1.702s] -- Looking for pthread.h
[1.818s] -- Looking for pthread.h - found
[1.818s] -- Performing Test CMAKE_HAVE_LIBC_PTHREAD
[1.916s] -- Performing Test CMAKE_HAVE_LIBC_PTHREAD - Success
[1.916s] -- Found Threads: TRUE  
[2.343s] -- Found kdl_parser: 2.6.4 (/opt/ros/humble/share/kdl_parser/cmake)
[2.359s] -- Found random_numbers: 2.0.1 (/opt/ros/humble/share/random_numbers/cmake)
[2.388s] -- Found pluginlib: 5.1.0 (/opt/ros/humble/share/pluginlib/cmake)
[2.417s] -- Found moveit_core: 2.5.4 (/home/colcon_ws/src/moveit2-humble/install/moveit_core/share/moveit_core/cmake)
[2.505s] -- Found Boost: /usr/lib/x86_64-linux-gnu/cmake/Boost-1.74.0/BoostConfig.cmake (found version "1.74.0") found components: chrono date_time filesystem iostreams program_options regex serialization system thread 
[2.543s] -- Found parameter_traits: 0.3.3 (/opt/ros/humble/share/parameter_traits/cmake)
[2.586s] -- Found rclcpp_lifecycle: 16.0.4 (/opt/ros/humble/share/rclcpp_lifecycle/cmake)
[2.647s] -- Found Boost: /usr/lib/x86_64-linux-gnu/cmake/Boost-1.74.0/BoostConfig.cmake (found version "1.74.0") found components: filesystem 
[2.772s] -- library: /usr/lib/x86_64-linux-gnu/libcurl.so
[3.789s] -- Found moveit_ros_planning: 2.5.4 (/home/colcon_ws/src/moveit2-humble/install/moveit_ros_planning/share/moveit_ros_planning/cmake)
[3.793s] -- Found Boost: /usr/lib/x86_64-linux-gnu/cmake/Boost-1.74.0/BoostConfig.cmake (found version "1.74.0") found components: system filesystem date_time program_options thread chrono 
[4.204s] -- Found Boost: /usr/lib/x86_64-linux-gnu/cmake/Boost-1.74.0/BoostConfig.cmake (found version "1.74.0") found components: program_options system 
[4.325s] -- Found ament_cmake_gtest: 1.3.4 (/opt/ros/humble/share/ament_cmake_gtest/cmake)
[4.334s] -- Found ros_testing: 0.4.0 (/opt/ros/humble/share/ros_testing/cmake)
[4.346s] -- Found launch_testing_ament_cmake: 1.0.4 (/opt/ros/humble/share/launch_testing_ament_cmake/cmake)
[4.354s] -- Found python_cmake_module: 0.10.0 (/opt/ros/humble/share/python_cmake_module/cmake)
[4.374s] -- Found PythonInterp: /usr/bin/python3 (found suitable version "3.10.6", minimum required is "3.6") 
[4.381s] -- Found PythonLibs: /usr/lib/x86_64-linux-gnu/libpython3.10.so (found suitable version "3.10.6", minimum required is "3.5") 
[4.381s] -- Using PYTHON_EXECUTABLE: /usr/bin/python3
[4.381s] -- Using PYTHON_INCLUDE_DIRS: /usr/include/python3.10
[4.381s] -- Using PYTHON_LIBRARIES: /usr/lib/x86_64-linux-gnu/libpython3.10.so
[4.400s] -- Found PythonExtra: .so  
[4.408s] -- Found moveit_resources_fanuc_description: 2.0.6 (/home/colcon_ws/install/moveit_resources_fanuc_description/share/moveit_resources_fanuc_description/cmake)
[4.418s] -- Found moveit_resources_fanuc_moveit_config: 2.0.6 (/home/colcon_ws/install/moveit_resources_fanuc_moveit_config/share/moveit_resources_fanuc_moveit_config/cmake)
[4.424s] -- Found moveit_resources_panda_description: 2.0.6 (/home/colcon_ws/install/moveit_resources_panda_description/share/moveit_resources_panda_description/cmake)
[4.430s] -- Found moveit_resources_panda_moveit_config: 2.0.6 (/home/colcon_ws/install/moveit_resources_panda_moveit_config/share/moveit_resources_panda_moveit_config/cmake)
[4.439s] -- Found gtest sources under '/opt/ros/humble/src/gtest_vendor': C++ tests using 'Google Test' will be built
[4.469s] -- Found ament_lint_auto: 0.12.6 (/opt/ros/humble/share/ament_lint_auto/cmake)
[4.496s] -- Found launch_testing_ament_cmake: 1.0.4 (/opt/ros/humble/share/launch_testing_ament_cmake/cmake)
[4.496s] -- Found python_cmake_module: 0.10.0 (/opt/ros/humble/share/python_cmake_module/cmake)
[4.517s] -- Using PYTHON_EXECUTABLE: /usr/bin/python3
[4.517s] -- Using PYTHON_INCLUDE_DIRS: /usr/include/python3.10
[4.517s] -- Using PYTHON_LIBRARIES: /usr/lib/x86_64-linux-gnu/libpython3.10.so
[4.560s] -- Added test 'cppcheck' to perform static code analysis on C / C++ code
[4.560s] -- Configured cppcheck include dirs: /home/colcon_ws/src/moveit2-humble/moveit_kinematics/kdl_kinematics_plugin/include;/home/colcon_ws/src/moveit2-humble/moveit_kinematics/lma_kinematics_plugin/include;/home/colcon_ws/src/moveit2-humble/moveit_kinematics/srv_kinematics_plugin/include;/home/colcon_ws/src/moveit2-humble/moveit_kinematics/cached_ik_kinematics_plugin/include
[4.560s] -- Configured cppcheck exclude dirs and/or files: 
[4.562s] -- Added test 'lint_cmake' to check CMake code style
[4.565s] -- Configuring done
[4.678s] -- Generating done
[4.681s] -- Build files have been written to: /home/colcon_ws/src/moveit2-humble/build/moveit_kinematics
[4.694s] Invoked command in '/home/colcon_ws/src/moveit2-humble/build/moveit_kinematics' returned '0': AMENT_PREFIX_PATH=/home/colcon_ws/src/moveit2-humble/install/moveit_ros_planning:/home/colcon_ws/src/moveit2-humble/install/moveit_ros_occupancy_map_monitor:/home/colcon_ws/src/moveit2-humble/install/moveit_core:/home/colcon_ws/src/moveit2-humble/install/moveit_configs_utils:/home/colcon_ws/src/moveit2-humble/install/moveit_common:${AMENT_PREFIX_PATH} CMAKE_PREFIX_PATH=/home/colcon_ws/src/moveit2-humble/install/moveit_ros_planning:/home/colcon_ws/src/moveit2-humble/install/moveit_ros_occupancy_map_monitor:/home/colcon_ws/src/moveit2-humble/install/moveit_core:/home/colcon_ws/src/moveit2-humble/install/moveit_common:/home/colcon_ws/install/pilz_industrial_motion_planner_testutils:/home/colcon_ws/install/moveit_runtime:/home/colcon_ws/install/moveit2_tutorials:/home/colcon_ws/install/moveit:/home/colcon_ws/install/moveit_planners:/home/colcon_ws/install/pilz_industrial_motion_planner:/home/colcon_ws/install/moveit_visual_tools:/home/colcon_ws/install/moveit_task_constructor_visualization:/home/colcon_ws/install/moveit_task_constructor_demo:/home/colcon_ws/install/moveit_task_constructor_capabilities:/home/colcon_ws/install/moveit_task_constructor_core:/home/colcon_ws/install/moveit_ros_control_interface:/home/colcon_ws/install/moveit_plugins:/home/colcon_ws/install/moveit_simple_controller_manager:/home/colcon_ws/install/moveit_setup_assistant:/home/colcon_ws/install/moveit_setup_srdf_plugins:/home/colcon_ws/install/moveit_setup_core_plugins:/home/colcon_ws/install/moveit_setup_controllers:/home/colcon_ws/install/moveit_setup_app_plugins:/home/colcon_ws/install/moveit_setup_framework:/home/colcon_ws/install/moveit_servo:/home/colcon_ws/install/moveit_ros:/home/colcon_ws/install/moveit_ros_visualization:/home/colcon_ws/install/moveit_hybrid_planning:/home/colcon_ws/install/moveit_ros_planning_interface:/home/colcon_ws/install/moveit_ros_benchmarks:/home/colcon_ws/install/moveit_ros_warehouse:/home/colcon_ws/install/moveit_ros_robot_interaction:/home/colcon_ws/install/moveit_ros_perception:/home/colcon_ws/install/moveit_resources_prbt_pg70_support:/home/colcon_ws/install/moveit_resources_prbt_moveit_config:/home/colcon_ws/install/moveit_ros_move_group:/home/colcon_ws/install/moveit_planners_ompl:/home/colcon_ws/install/moveit_ros_planning:/home/colcon_ws/install/moveit_ros_occupancy_map_monitor:/home/colcon_ws/install/moveit_resources_prbt_ikfast_manipulator_plugin:/home/colcon_ws/install/moveit_planners_chomp:/home/colcon_ws/install/moveit_kinematics:/home/colcon_ws/install/moveit_chomp_optimizer_adapter:/home/colcon_ws/install/chomp_motion_planner:/home/colcon_ws/install/moveit_core:/home/colcon_ws/install/srdfdom:/home/colcon_ws/install/rviz_marker_tools:/home/colcon_ws/install/rosparam_shortcuts:/home/colcon_ws/install/my_messages:/home/colcon_ws/install/moveit_task_constructor_msgs:/home/colcon_ws/install/moveit_resources_prbt_support:/home/colcon_ws/install/moveit_resources:/home/colcon_ws/install/moveit_resources_pr2_description:/home/colcon_ws/install/moveit_resources_panda_moveit_config:/home/colcon_ws/install/moveit_resources_panda_description:/home/colcon_ws/install/moveit_resources_fanuc_moveit_config:/home/colcon_ws/install/moveit_resources_fanuc_description:/home/colcon_ws/install/moveit_common:/home/colcon_ws/install/goal_change_interfaces:/home/colcon_ws/install/cpp_srvcli:/home/colcon_ws/install/moveit_configs_utils:/home/colcon_ws/install/launch_param_builder:/opt/ros/humble LD_LIBRARY_PATH=/home/colcon_ws/src/moveit2-humble/install/moveit_ros_planning/lib:/home/colcon_ws/src/moveit2-humble/install/moveit_ros_occupancy_map_monitor/lib:/home/colcon_ws/src/moveit2-humble/install/moveit_core/lib:${LD_LIBRARY_PATH} PATH=/home/colcon_ws/src/moveit2-humble/install/moveit_core/bin:${PATH} PYTHONPATH=/home/colcon_ws/src/moveit2-humble/install/moveit_configs_utils/lib/python3.10/site-packages:${PYTHONPATH} /usr/bin/cmake /home/colcon_ws/src/moveit2-humble/moveit_kinematics -DCMAKE_BUILD_TYPE=Debug -DCMAKE_INSTALL_PREFIX=/home/colcon_ws/src/moveit2-humble/install/moveit_kinematics
[4.696s] Invoking command in '/home/colcon_ws/src/moveit2-humble/build/moveit_kinematics': AMENT_PREFIX_PATH=/home/colcon_ws/src/moveit2-humble/install/moveit_ros_planning:/home/colcon_ws/src/moveit2-humble/install/moveit_ros_occupancy_map_monitor:/home/colcon_ws/src/moveit2-humble/install/moveit_core:/home/colcon_ws/src/moveit2-humble/install/moveit_configs_utils:/home/colcon_ws/src/moveit2-humble/install/moveit_common:${AMENT_PREFIX_PATH} CMAKE_PREFIX_PATH=/home/colcon_ws/src/moveit2-humble/install/moveit_ros_planning:/home/colcon_ws/src/moveit2-humble/install/moveit_ros_occupancy_map_monitor:/home/colcon_ws/src/moveit2-humble/install/moveit_core:/home/colcon_ws/src/moveit2-humble/install/moveit_common:/home/colcon_ws/install/pilz_industrial_motion_planner_testutils:/home/colcon_ws/install/moveit_runtime:/home/colcon_ws/install/moveit2_tutorials:/home/colcon_ws/install/moveit:/home/colcon_ws/install/moveit_planners:/home/colcon_ws/install/pilz_industrial_motion_planner:/home/colcon_ws/install/moveit_visual_tools:/home/colcon_ws/install/moveit_task_constructor_visualization:/home/colcon_ws/install/moveit_task_constructor_demo:/home/colcon_ws/install/moveit_task_constructor_capabilities:/home/colcon_ws/install/moveit_task_constructor_core:/home/colcon_ws/install/moveit_ros_control_interface:/home/colcon_ws/install/moveit_plugins:/home/colcon_ws/install/moveit_simple_controller_manager:/home/colcon_ws/install/moveit_setup_assistant:/home/colcon_ws/install/moveit_setup_srdf_plugins:/home/colcon_ws/install/moveit_setup_core_plugins:/home/colcon_ws/install/moveit_setup_controllers:/home/colcon_ws/install/moveit_setup_app_plugins:/home/colcon_ws/install/moveit_setup_framework:/home/colcon_ws/install/moveit_servo:/home/colcon_ws/install/moveit_ros:/home/colcon_ws/install/moveit_ros_visualization:/home/colcon_ws/install/moveit_hybrid_planning:/home/colcon_ws/install/moveit_ros_planning_interface:/home/colcon_ws/install/moveit_ros_benchmarks:/home/colcon_ws/install/moveit_ros_warehouse:/home/colcon_ws/install/moveit_ros_robot_interaction:/home/colcon_ws/install/moveit_ros_perception:/home/colcon_ws/install/moveit_resources_prbt_pg70_support:/home/colcon_ws/install/moveit_resources_prbt_moveit_config:/home/colcon_ws/install/moveit_ros_move_group:/home/colcon_ws/install/moveit_planners_ompl:/home/colcon_ws/install/moveit_ros_planning:/home/colcon_ws/install/moveit_ros_occupancy_map_monitor:/home/colcon_ws/install/moveit_resources_prbt_ikfast_manipulator_plugin:/home/colcon_ws/install/moveit_planners_chomp:/home/colcon_ws/install/moveit_kinematics:/home/colcon_ws/install/moveit_chomp_optimizer_adapter:/home/colcon_ws/install/chomp_motion_planner:/home/colcon_ws/install/moveit_core:/home/colcon_ws/install/srdfdom:/home/colcon_ws/install/rviz_marker_tools:/home/colcon_ws/install/rosparam_shortcuts:/home/colcon_ws/install/my_messages:/home/colcon_ws/install/moveit_task_constructor_msgs:/home/colcon_ws/install/moveit_resources_prbt_support:/home/colcon_ws/install/moveit_resources:/home/colcon_ws/install/moveit_resources_pr2_description:/home/colcon_ws/install/moveit_resources_panda_moveit_config:/home/colcon_ws/install/moveit_resources_panda_description:/home/colcon_ws/install/moveit_resources_fanuc_moveit_config:/home/colcon_ws/install/moveit_resources_fanuc_description:/home/colcon_ws/install/moveit_common:/home/colcon_ws/install/goal_change_interfaces:/home/colcon_ws/install/cpp_srvcli:/home/colcon_ws/install/moveit_configs_utils:/home/colcon_ws/install/launch_param_builder:/opt/ros/humble LD_LIBRARY_PATH=/home/colcon_ws/src/moveit2-humble/install/moveit_ros_planning/lib:/home/colcon_ws/src/moveit2-humble/install/moveit_ros_occupancy_map_monitor/lib:/home/colcon_ws/src/moveit2-humble/install/moveit_core/lib:${LD_LIBRARY_PATH} PATH=/home/colcon_ws/src/moveit2-humble/install/moveit_core/bin:${PATH} PYTHONPATH=/home/colcon_ws/src/moveit2-humble/install/moveit_configs_utils/lib/python3.10/site-packages:${PYTHONPATH} /usr/bin/cmake --build /home/colcon_ws/src/moveit2-humble/build/moveit_kinematics -- -j16 -l16
[4.763s] [  5%] [32mBuilding CXX object gtest/CMakeFiles/gtest_main.dir/src/gtest_main.cc.o[0m
[4.764s] [ 10%] [32mBuilding CXX object cached_ik_kinematics_plugin/CMakeFiles/moveit_cached_ik_kinematics_base.dir/src/ik_cache.cpp.o[0m
[4.767s] [ 15%] [32mBuilding CXX object lma_kinematics_plugin/CMakeFiles/moveit_lma_kinematics_plugin.dir/src/lma_kinematics_plugin.cpp.o[0m
[4.767s] [ 21%] [32mBuilding CXX object test/CMakeFiles/benchmark_ik.dir/benchmark_ik.cpp.o[0m
[4.768s] [ 26%] [32mBuilding CXX object srv_kinematics_plugin/CMakeFiles/moveit_srv_kinematics_plugin.dir/src/srv_kinematics_plugin.cpp.o[0m
[4.768s] [ 31%] [32mBuilding CXX object kdl_kinematics_plugin/CMakeFiles/moveit_kdl_kinematics_plugin.dir/src/kdl_kinematics_plugin.cpp.o[0m
[4.769s] [ 36%] [32mBuilding CXX object kdl_kinematics_plugin/CMakeFiles/moveit_kdl_kinematics_plugin.dir/src/chainiksolver_vel_mimic_svd.cpp.o[0m
[4.771s] [ 42%] [32mBuilding CXX object gtest/CMakeFiles/gtest.dir/src/gtest-all.cc.o[0m
[6.576s] [ 47%] [32m[1mLinking CXX static library libgtest_main.a[0m
[6.989s] [ 47%] Built target gtest_main
[12.791s] [ 52%] [32m[1mLinking CXX static library libgtest.a[0m
[13.280s] [ 52%] Built target gtest
[26.090s] [ 57%] [32m[1mLinking CXX shared library libmoveit_cached_ik_kinematics_base.so[0m
[26.670s] [ 63%] [32m[1mLinking CXX shared library libmoveit_lma_kinematics_plugin.so[0m
[27.035s] [ 63%] Built target moveit_cached_ik_kinematics_base
[27.638s] [ 68%] [32m[1mLinking CXX shared library libmoveit_srv_kinematics_plugin.so[0m
[29.714s] [ 68%] Built target moveit_lma_kinematics_plugin
[29.995s] [ 73%] [32m[1mLinking CXX shared library libmoveit_kdl_kinematics_plugin.so[0m
[30.542s] [ 78%] [32m[1mLinking CXX executable benchmark_ik[0m
[30.764s] [ 78%] Built target moveit_srv_kinematics_plugin
[32.980s] [ 78%] Built target moveit_kdl_kinematics_plugin
[33.158s] [ 84%] [32mBuilding CXX object test/CMakeFiles/test_kinematics_plugin.dir/test_kinematics_plugin.cpp.o[0m
[33.171s] [ 89%] [32mBuilding CXX object cached_ik_kinematics_plugin/CMakeFiles/moveit_cached_ik_kinematics_plugin.dir/src/cached_ik_kinematics_plugin.cpp.o[0m
[33.587s] [ 89%] Built target benchmark_ik
[45.019s] [ 94%] [32m[1mLinking CXX shared library libmoveit_cached_ik_kinematics_plugin.so[0m
[45.559s] [ 94%] Built target moveit_cached_ik_kinematics_plugin
[55.994s] [100%] [32m[1mLinking CXX executable test_kinematics_plugin[0m
[59.373s] [100%] Built target test_kinematics_plugin
[59.392s] Invoked command in '/home/colcon_ws/src/moveit2-humble/build/moveit_kinematics' returned '0': AMENT_PREFIX_PATH=/home/colcon_ws/src/moveit2-humble/install/moveit_ros_planning:/home/colcon_ws/src/moveit2-humble/install/moveit_ros_occupancy_map_monitor:/home/colcon_ws/src/moveit2-humble/install/moveit_core:/home/colcon_ws/src/moveit2-humble/install/moveit_configs_utils:/home/colcon_ws/src/moveit2-humble/install/moveit_common:${AMENT_PREFIX_PATH} CMAKE_PREFIX_PATH=/home/colcon_ws/src/moveit2-humble/install/moveit_ros_planning:/home/colcon_ws/src/moveit2-humble/install/moveit_ros_occupancy_map_monitor:/home/colcon_ws/src/moveit2-humble/install/moveit_core:/home/colcon_ws/src/moveit2-humble/install/moveit_common:/home/colcon_ws/install/pilz_industrial_motion_planner_testutils:/home/colcon_ws/install/moveit_runtime:/home/colcon_ws/install/moveit2_tutorials:/home/colcon_ws/install/moveit:/home/colcon_ws/install/moveit_planners:/home/colcon_ws/install/pilz_industrial_motion_planner:/home/colcon_ws/install/moveit_visual_tools:/home/colcon_ws/install/moveit_task_constructor_visualization:/home/colcon_ws/install/moveit_task_constructor_demo:/home/colcon_ws/install/moveit_task_constructor_capabilities:/home/colcon_ws/install/moveit_task_constructor_core:/home/colcon_ws/install/moveit_ros_control_interface:/home/colcon_ws/install/moveit_plugins:/home/colcon_ws/install/moveit_simple_controller_manager:/home/colcon_ws/install/moveit_setup_assistant:/home/colcon_ws/install/moveit_setup_srdf_plugins:/home/colcon_ws/install/moveit_setup_core_plugins:/home/colcon_ws/install/moveit_setup_controllers:/home/colcon_ws/install/moveit_setup_app_plugins:/home/colcon_ws/install/moveit_setup_framework:/home/colcon_ws/install/moveit_servo:/home/colcon_ws/install/moveit_ros:/home/colcon_ws/install/moveit_ros_visualization:/home/colcon_ws/install/moveit_hybrid_planning:/home/colcon_ws/install/moveit_ros_planning_interface:/home/colcon_ws/install/moveit_ros_benchmarks:/home/colcon_ws/install/moveit_ros_warehouse:/home/colcon_ws/install/moveit_ros_robot_interaction:/home/colcon_ws/install/moveit_ros_perception:/home/colcon_ws/install/moveit_resources_prbt_pg70_support:/home/colcon_ws/install/moveit_resources_prbt_moveit_config:/home/colcon_ws/install/moveit_ros_move_group:/home/colcon_ws/install/moveit_planners_ompl:/home/colcon_ws/install/moveit_ros_planning:/home/colcon_ws/install/moveit_ros_occupancy_map_monitor:/home/colcon_ws/install/moveit_resources_prbt_ikfast_manipulator_plugin:/home/colcon_ws/install/moveit_planners_chomp:/home/colcon_ws/install/moveit_kinematics:/home/colcon_ws/install/moveit_chomp_optimizer_adapter:/home/colcon_ws/install/chomp_motion_planner:/home/colcon_ws/install/moveit_core:/home/colcon_ws/install/srdfdom:/home/colcon_ws/install/rviz_marker_tools:/home/colcon_ws/install/rosparam_shortcuts:/home/colcon_ws/install/my_messages:/home/colcon_ws/install/moveit_task_constructor_msgs:/home/colcon_ws/install/moveit_resources_prbt_support:/home/colcon_ws/install/moveit_resources:/home/colcon_ws/install/moveit_resources_pr2_description:/home/colcon_ws/install/moveit_resources_panda_moveit_config:/home/colcon_ws/install/moveit_resources_panda_description:/home/colcon_ws/install/moveit_resources_fanuc_moveit_config:/home/colcon_ws/install/moveit_resources_fanuc_description:/home/colcon_ws/install/moveit_common:/home/colcon_ws/install/goal_change_interfaces:/home/colcon_ws/install/cpp_srvcli:/home/colcon_ws/install/moveit_configs_utils:/home/colcon_ws/install/launch_param_builder:/opt/ros/humble LD_LIBRARY_PATH=/home/colcon_ws/src/moveit2-humble/install/moveit_ros_planning/lib:/home/colcon_ws/src/moveit2-humble/install/moveit_ros_occupancy_map_monitor/lib:/home/colcon_ws/src/moveit2-humble/install/moveit_core/lib:${LD_LIBRARY_PATH} PATH=/home/colcon_ws/src/moveit2-humble/install/moveit_core/bin:${PATH} PYTHONPATH=/home/colcon_ws/src/moveit2-humble/install/moveit_configs_utils/lib/python3.10/site-packages:${PYTHONPATH} /usr/bin/cmake --build /home/colcon_ws/src/moveit2-humble/build/moveit_kinematics -- -j16 -l16
[59.471s] Invoking command in '/home/colcon_ws/src/moveit2-humble/build/moveit_kinematics': AMENT_PREFIX_PATH=/home/colcon_ws/src/moveit2-humble/install/moveit_ros_planning:/home/colcon_ws/src/moveit2-humble/install/moveit_ros_occupancy_map_monitor:/home/colcon_ws/src/moveit2-humble/install/moveit_core:/home/colcon_ws/src/moveit2-humble/install/moveit_configs_utils:/home/colcon_ws/src/moveit2-humble/install/moveit_common:${AMENT_PREFIX_PATH} CMAKE_PREFIX_PATH=/home/colcon_ws/src/moveit2-humble/install/moveit_ros_planning:/home/colcon_ws/src/moveit2-humble/install/moveit_ros_occupancy_map_monitor:/home/colcon_ws/src/moveit2-humble/install/moveit_core:/home/colcon_ws/src/moveit2-humble/install/moveit_common:/home/colcon_ws/install/pilz_industrial_motion_planner_testutils:/home/colcon_ws/install/moveit_runtime:/home/colcon_ws/install/moveit2_tutorials:/home/colcon_ws/install/moveit:/home/colcon_ws/install/moveit_planners:/home/colcon_ws/install/pilz_industrial_motion_planner:/home/colcon_ws/install/moveit_visual_tools:/home/colcon_ws/install/moveit_task_constructor_visualization:/home/colcon_ws/install/moveit_task_constructor_demo:/home/colcon_ws/install/moveit_task_constructor_capabilities:/home/colcon_ws/install/moveit_task_constructor_core:/home/colcon_ws/install/moveit_ros_control_interface:/home/colcon_ws/install/moveit_plugins:/home/colcon_ws/install/moveit_simple_controller_manager:/home/colcon_ws/install/moveit_setup_assistant:/home/colcon_ws/install/moveit_setup_srdf_plugins:/home/colcon_ws/install/moveit_setup_core_plugins:/home/colcon_ws/install/moveit_setup_controllers:/home/colcon_ws/install/moveit_setup_app_plugins:/home/colcon_ws/install/moveit_setup_framework:/home/colcon_ws/install/moveit_servo:/home/colcon_ws/install/moveit_ros:/home/colcon_ws/install/moveit_ros_visualization:/home/colcon_ws/install/moveit_hybrid_planning:/home/colcon_ws/install/moveit_ros_planning_interface:/home/colcon_ws/install/moveit_ros_benchmarks:/home/colcon_ws/install/moveit_ros_warehouse:/home/colcon_ws/install/moveit_ros_robot_interaction:/home/colcon_ws/install/moveit_ros_perception:/home/colcon_ws/install/moveit_resources_prbt_pg70_support:/home/colcon_ws/install/moveit_resources_prbt_moveit_config:/home/colcon_ws/install/moveit_ros_move_group:/home/colcon_ws/install/moveit_planners_ompl:/home/colcon_ws/install/moveit_ros_planning:/home/colcon_ws/install/moveit_ros_occupancy_map_monitor:/home/colcon_ws/install/moveit_resources_prbt_ikfast_manipulator_plugin:/home/colcon_ws/install/moveit_planners_chomp:/home/colcon_ws/install/moveit_kinematics:/home/colcon_ws/install/moveit_chomp_optimizer_adapter:/home/colcon_ws/install/chomp_motion_planner:/home/colcon_ws/install/moveit_core:/home/colcon_ws/install/srdfdom:/home/colcon_ws/install/rviz_marker_tools:/home/colcon_ws/install/rosparam_shortcuts:/home/colcon_ws/install/my_messages:/home/colcon_ws/install/moveit_task_constructor_msgs:/home/colcon_ws/install/moveit_resources_prbt_support:/home/colcon_ws/install/moveit_resources:/home/colcon_ws/install/moveit_resources_pr2_description:/home/colcon_ws/install/moveit_resources_panda_moveit_config:/home/colcon_ws/install/moveit_resources_panda_description:/home/colcon_ws/install/moveit_resources_fanuc_moveit_config:/home/colcon_ws/install/moveit_resources_fanuc_description:/home/colcon_ws/install/moveit_common:/home/colcon_ws/install/goal_change_interfaces:/home/colcon_ws/install/cpp_srvcli:/home/colcon_ws/install/moveit_configs_utils:/home/colcon_ws/install/launch_param_builder:/opt/ros/humble LD_LIBRARY_PATH=/home/colcon_ws/src/moveit2-humble/install/moveit_ros_planning/lib:/home/colcon_ws/src/moveit2-humble/install/moveit_ros_occupancy_map_monitor/lib:/home/colcon_ws/src/moveit2-humble/install/moveit_core/lib:${LD_LIBRARY_PATH} PATH=/home/colcon_ws/src/moveit2-humble/install/moveit_core/bin:${PATH} PYTHONPATH=/home/colcon_ws/src/moveit2-humble/install/moveit_configs_utils/lib/python3.10/site-packages:${PYTHONPATH} /usr/bin/cmake --install /home/colcon_ws/src/moveit2-humble/build/moveit_kinematics
[59.486s] -- Install configuration: "Debug"
[59.486s] -- Installing: /home/colcon_ws/src/moveit2-humble/install/moveit_kinematics/share/moveit_kinematics/kdl_kinematics_plugin_description.xml
[59.487s] -- Installing: /home/colcon_ws/src/moveit2-humble/install/moveit_kinematics/share/moveit_kinematics/lma_kinematics_plugin_description.xml
[59.487s] -- Installing: /home/colcon_ws/src/moveit2-humble/install/moveit_kinematics/share/moveit_kinematics/srv_kinematics_plugin_description.xml
[59.487s] -- Installing: /home/colcon_ws/src/moveit2-humble/install/moveit_kinematics/share/moveit_kinematics/cached_ik_kinematics_plugin_description.xml
[59.488s] -- Installing: /home/colcon_ws/src/moveit2-humble/install/moveit_kinematics/include
[59.488s] -- Installing: /home/colcon_ws/src/moveit2-humble/install/moveit_kinematics/include/moveit
[59.488s] -- Installing: /home/colcon_ws/src/moveit2-humble/install/moveit_kinematics/include/moveit/cached_ik_kinematics_plugin
[59.488s] -- Installing: /home/colcon_ws/src/moveit2-humble/install/moveit_kinematics/include/moveit/cached_ik_kinematics_plugin/cached_ik_kinematics_plugin.h
[59.488s] -- Installing: /home/colcon_ws/src/moveit2-humble/install/moveit_kinematics/include/moveit/cached_ik_kinematics_plugin/detail
[59.488s] -- Installing: /home/colcon_ws/src/moveit2-humble/install/moveit_kinematics/include/moveit/cached_ik_kinematics_plugin/detail/GreedyKCenters.h
[59.489s] -- Installing: /home/colcon_ws/src/moveit2-humble/install/moveit_kinematics/include/moveit/cached_ik_kinematics_plugin/detail/NearestNeighborsGNAT.h
[59.489s] -- Installing: /home/colcon_ws/src/moveit2-humble/install/moveit_kinematics/include/moveit/cached_ik_kinematics_plugin/detail/NearestNeighbors.h
[59.489s] -- Installing: /home/colcon_ws/src/moveit2-humble/install/moveit_kinematics/include/moveit/cached_ik_kinematics_plugin/cached_ik_kinematics_plugin-inl.h
[59.489s] -- Installing: /home/colcon_ws/src/moveit2-humble/install/moveit_kinematics/share/moveit_kinematics/launch
[59.489s] -- Installing: /home/colcon_ws/src/moveit2-humble/install/moveit_kinematics/share/moveit_kinematics/launch/measure_ik_call_cost.launch
[59.490s] -- Installing: /home/colcon_ws/src/moveit2-humble/install/moveit_kinematics/lib/moveit_kinematics/auto_create_ikfast_moveit_plugin.sh
[59.490s] -- Installing: /home/colcon_ws/src/moveit2-humble/install/moveit_kinematics/lib/moveit_kinematics/create_ikfast_moveit_plugin.py
[59.491s] -- Installing: /home/colcon_ws/src/moveit2-humble/install/moveit_kinematics/lib/moveit_kinematics/round_collada_numbers.py
[59.491s] -- Installing: /home/colcon_ws/src/moveit2-humble/install/moveit_kinematics/share/moveit_kinematics/ikfast_kinematics_plugin/templates
[59.491s] -- Installing: /home/colcon_ws/src/moveit2-humble/install/moveit_kinematics/share/moveit_kinematics/ikfast_kinematics_plugin/templates/ikfast.h
[59.491s] -- Installing: /home/colcon_ws/src/moveit2-humble/install/moveit_kinematics/share/moveit_kinematics/ikfast_kinematics_plugin/templates/ikfast61_moveit_plugin_template.cpp
[59.492s] -- Installing: /home/colcon_ws/src/moveit2-humble/install/moveit_kinematics/share/moveit_kinematics/ikfast_kinematics_plugin/templates/CMakeLists.txt
[59.492s] -- Up-to-date: /home/colcon_ws/src/moveit2-humble/install/moveit_kinematics/include
[59.492s] -- Up-to-date: /home/colcon_ws/src/moveit2-humble/install/moveit_kinematics/include/moveit
[59.492s] -- Installing: /home/colcon_ws/src/moveit2-humble/install/moveit_kinematics/include/moveit/kdl_kinematics_plugin
[59.492s] -- Installing: /home/colcon_ws/src/moveit2-humble/install/moveit_kinematics/include/moveit/kdl_kinematics_plugin/chainiksolver_vel_mimic_svd.hpp
[59.493s] -- Installing: /home/colcon_ws/src/moveit2-humble/install/moveit_kinematics/include/moveit/kdl_kinematics_plugin/joint_mimic.hpp
[59.493s] -- Installing: /home/colcon_ws/src/moveit2-humble/install/moveit_kinematics/include/moveit/kdl_kinematics_plugin/kdl_kinematics_plugin.h
[59.493s] -- Up-to-date: /home/colcon_ws/src/moveit2-humble/install/moveit_kinematics/include
[59.493s] -- Up-to-date: /home/colcon_ws/src/moveit2-humble/install/moveit_kinematics/include/moveit
[59.493s] -- Installing: /home/colcon_ws/src/moveit2-humble/install/moveit_kinematics/include/moveit/lma_kinematics_plugin
[59.493s] -- Installing: /home/colcon_ws/src/moveit2-humble/install/moveit_kinematics/include/moveit/lma_kinematics_plugin/lma_kinematics_plugin.h
[59.494s] -- Up-to-date: /home/colcon_ws/src/moveit2-humble/install/moveit_kinematics/include
[59.494s] -- Up-to-date: /home/colcon_ws/src/moveit2-humble/install/moveit_kinematics/include/moveit
[59.494s] -- Installing: /home/colcon_ws/src/moveit2-humble/install/moveit_kinematics/include/moveit/srv_kinematics_plugin
[59.494s] -- Installing: /home/colcon_ws/src/moveit2-humble/install/moveit_kinematics/include/moveit/srv_kinematics_plugin/srv_kinematics_plugin.h
[59.494s] -- Installing: /home/colcon_ws/src/moveit2-humble/install/moveit_kinematics/share/moveit_kinematics/config
[59.495s] -- Installing: /home/colcon_ws/src/moveit2-humble/install/moveit_kinematics/share/moveit_kinematics/config/fanuc-lma-test.yaml
[59.495s] -- Installing: /home/colcon_ws/src/moveit2-humble/install/moveit_kinematics/share/moveit_kinematics/config/panda-kdl-singular-test.yaml
[59.495s] -- Installing: /home/colcon_ws/src/moveit2-humble/install/moveit_kinematics/share/moveit_kinematics/config/panda-lma-singular-test.yaml
[59.496s] -- Installing: /home/colcon_ws/src/moveit2-humble/install/moveit_kinematics/share/moveit_kinematics/config/panda-lma-test.yaml
[59.496s] -- Installing: /home/colcon_ws/src/moveit2-humble/install/moveit_kinematics/share/moveit_kinematics/config/fanuc-kdl-test.yaml
[59.496s] -- Installing: /home/colcon_ws/src/moveit2-humble/install/moveit_kinematics/share/moveit_kinematics/config/panda-kdl-test.yaml
[59.496s] -- Installing: /home/colcon_ws/src/moveit2-humble/install/moveit_kinematics/share/moveit_kinematics/config/fanuc-kdl-singular-test.yaml
[59.497s] -- Installing: /home/colcon_ws/src/moveit2-humble/install/moveit_kinematics/share/moveit_kinematics/config/fanuc-lma-singular-test.yaml
[59.497s] -- Up-to-date: /home/colcon_ws/src/moveit2-humble/install/moveit_kinematics/share/moveit_kinematics/launch
[59.497s] -- Installing: /home/colcon_ws/src/moveit2-humble/install/moveit_kinematics/share/moveit_kinematics/launch/fanuc-lma.test.py
[59.498s] -- Installing: /home/colcon_ws/src/moveit2-humble/install/moveit_kinematics/share/moveit_kinematics/launch/fanuc-kdl.test.py
[59.498s] -- Installing: /home/colcon_ws/src/moveit2-humble/install/moveit_kinematics/share/moveit_kinematics/launch/fanuc-kdl-singular.test.py
[59.500s] -- Installing: /home/colcon_ws/src/moveit2-humble/install/moveit_kinematics/share/moveit_kinematics/launch/panda-lma.test.py
[59.500s] -- Installing: /home/colcon_ws/src/moveit2-humble/install/moveit_kinematics/share/moveit_kinematics/launch/panda-lma-singular.test.py
[59.501s] -- Installing: /home/colcon_ws/src/moveit2-humble/install/moveit_kinematics/share/moveit_kinematics/launch/panda-kdl-singular.test.py
[59.501s] -- Installing: /home/colcon_ws/src/moveit2-humble/install/moveit_kinematics/share/moveit_kinematics/launch/panda-kdl.test.py
[59.501s] -- Installing: /home/colcon_ws/src/moveit2-humble/install/moveit_kinematics/share/moveit_kinematics/launch/fanuc-lma-singular.test.py
[59.501s] -- Installing: /home/colcon_ws/src/moveit2-humble/install/moveit_kinematics/lib/moveit_kinematics/benchmark_ik
[59.512s] -- Set runtime path of "/home/colcon_ws/src/moveit2-humble/install/moveit_kinematics/lib/moveit_kinematics/benchmark_ik" to ""
[59.512s] -- Installing: /home/colcon_ws/src/moveit2-humble/install/moveit_kinematics/lib/moveit_kinematics/test_kinematics_plugin
[59.540s] -- Set runtime path of "/home/colcon_ws/src/moveit2-humble/install/moveit_kinematics/lib/moveit_kinematics/test_kinematics_plugin" to ""
[59.540s] -- Installing: /home/colcon_ws/src/moveit2-humble/install/moveit_kinematics/lib/libmoveit_cached_ik_kinematics_base.so.2.5.4
[59.547s] -- Set runtime path of "/home/colcon_ws/src/moveit2-humble/install/moveit_kinematics/lib/libmoveit_cached_ik_kinematics_base.so.2.5.4" to ""
[59.547s] -- Installing: /home/colcon_ws/src/moveit2-humble/install/moveit_kinematics/lib/libmoveit_cached_ik_kinematics_base.so
[59.547s] -- Installing: /home/colcon_ws/src/moveit2-humble/install/moveit_kinematics/lib/libmoveit_cached_ik_kinematics_plugin.so.2.5.4
[59.555s] -- Set runtime path of "/home/colcon_ws/src/moveit2-humble/install/moveit_kinematics/lib/libmoveit_cached_ik_kinematics_plugin.so.2.5.4" to ""
[59.556s] -- Installing: /home/colcon_ws/src/moveit2-humble/install/moveit_kinematics/lib/libmoveit_cached_ik_kinematics_plugin.so
[59.556s] -- Installing: /home/colcon_ws/src/moveit2-humble/install/moveit_kinematics/lib/libmoveit_kdl_kinematics_plugin.so
[59.593s] -- Set runtime path of "/home/colcon_ws/src/moveit2-humble/install/moveit_kinematics/lib/libmoveit_kdl_kinematics_plugin.so" to ""
[59.593s] -- Installing: /home/colcon_ws/src/moveit2-humble/install/moveit_kinematics/lib/libmoveit_lma_kinematics_plugin.so.2.5.4
[59.605s] -- Set runtime path of "/home/colcon_ws/src/moveit2-humble/install/moveit_kinematics/lib/libmoveit_lma_kinematics_plugin.so.2.5.4" to ""
[59.605s] -- Installing: /home/colcon_ws/src/moveit2-humble/install/moveit_kinematics/lib/libmoveit_lma_kinematics_plugin.so
[59.605s] -- Installing: /home/colcon_ws/src/moveit2-humble/install/moveit_kinematics/lib/libmoveit_srv_kinematics_plugin.so.2.5.4
[59.621s] -- Set runtime path of "/home/colcon_ws/src/moveit2-humble/install/moveit_kinematics/lib/libmoveit_srv_kinematics_plugin.so.2.5.4" to ""
[59.621s] -- Installing: /home/colcon_ws/src/moveit2-humble/install/moveit_kinematics/lib/libmoveit_srv_kinematics_plugin.so
[59.621s] -- Installing: /home/colcon_ws/src/moveit2-humble/install/moveit_kinematics/share/moveit_kinematics/environment/library_path.sh
[59.621s] -- Installing: /home/colcon_ws/src/moveit2-humble/install/moveit_kinematics/share/moveit_kinematics/environment/library_path.dsv
[59.621s] -- Installing: /home/colcon_ws/src/moveit2-humble/install/moveit_kinematics/share/ament_index/resource_index/package_run_dependencies/moveit_kinematics
[59.622s] -- Installing: /home/colcon_ws/src/moveit2-humble/install/moveit_kinematics/share/ament_index/resource_index/parent_prefix_path/moveit_kinematics
[59.622s] -- Installing: /home/colcon_ws/src/moveit2-humble/install/moveit_kinematics/share/moveit_kinematics/environment/ament_prefix_path.sh
[59.622s] -- Installing: /home/colcon_ws/src/moveit2-humble/install/moveit_kinematics/share/moveit_kinematics/environment/ament_prefix_path.dsv
[59.622s] -- Installing: /home/colcon_ws/src/moveit2-humble/install/moveit_kinematics/share/moveit_kinematics/environment/path.sh
[59.623s] -- Installing: /home/colcon_ws/src/moveit2-humble/install/moveit_kinematics/share/moveit_kinematics/environment/path.dsv
[59.623s] -- Installing: /home/colcon_ws/src/moveit2-humble/install/moveit_kinematics/share/moveit_kinematics/local_setup.bash
[59.623s] -- Installing: /home/colcon_ws/src/moveit2-humble/install/moveit_kinematics/share/moveit_kinematics/local_setup.sh
[59.623s] -- Installing: /home/colcon_ws/src/moveit2-humble/install/moveit_kinematics/share/moveit_kinematics/local_setup.zsh
[59.624s] -- Installing: /home/colcon_ws/src/moveit2-humble/install/moveit_kinematics/share/moveit_kinematics/local_setup.dsv
[59.624s] -- Installing: /home/colcon_ws/src/moveit2-humble/install/moveit_kinematics/share/moveit_kinematics/package.dsv
[59.624s] -- Installing: /home/colcon_ws/src/moveit2-humble/install/moveit_kinematics/share/ament_index/resource_index/packages/moveit_kinematics
[59.624s] -- Installing: /home/colcon_ws/src/moveit2-humble/install/moveit_kinematics/share/ament_index/resource_index/moveit_core__pluginlib__plugin/moveit_kinematics
[59.625s] -- Installing: /home/colcon_ws/src/moveit2-humble/install/moveit_kinematics/share/moveit_kinematics/cmake/export_moveit_kinematicsExport.cmake
[59.625s] -- Installing: /home/colcon_ws/src/moveit2-humble/install/moveit_kinematics/share/moveit_kinematics/cmake/export_moveit_kinematicsExport-debug.cmake
[59.625s] -- Installing: /home/colcon_ws/src/moveit2-humble/install/moveit_kinematics/share/moveit_kinematics/cmake/ConfigExtras.cmake
[59.625s] -- Installing: /home/colcon_ws/src/moveit2-humble/install/moveit_kinematics/share/moveit_kinematics/cmake/ament_cmake_export_targets-extras.cmake
[59.626s] -- Installing: /home/colcon_ws/src/moveit2-humble/install/moveit_kinematics/share/moveit_kinematics/cmake/ament_cmake_export_dependencies-extras.cmake
[59.626s] -- Installing: /home/colcon_ws/src/moveit2-humble/install/moveit_kinematics/share/moveit_kinematics/cmake/moveit_kinematicsConfig.cmake
[59.626s] -- Installing: /home/colcon_ws/src/moveit2-humble/install/moveit_kinematics/share/moveit_kinematics/cmake/moveit_kinematicsConfig-version.cmake
[59.626s] -- Installing: /home/colcon_ws/src/moveit2-humble/install/moveit_kinematics/share/moveit_kinematics/package.xml
[59.632s] Invoked command in '/home/colcon_ws/src/moveit2-humble/build/moveit_kinematics' returned '0': AMENT_PREFIX_PATH=/home/colcon_ws/src/moveit2-humble/install/moveit_ros_planning:/home/colcon_ws/src/moveit2-humble/install/moveit_ros_occupancy_map_monitor:/home/colcon_ws/src/moveit2-humble/install/moveit_core:/home/colcon_ws/src/moveit2-humble/install/moveit_configs_utils:/home/colcon_ws/src/moveit2-humble/install/moveit_common:${AMENT_PREFIX_PATH} CMAKE_PREFIX_PATH=/home/colcon_ws/src/moveit2-humble/install/moveit_ros_planning:/home/colcon_ws/src/moveit2-humble/install/moveit_ros_occupancy_map_monitor:/home/colcon_ws/src/moveit2-humble/install/moveit_core:/home/colcon_ws/src/moveit2-humble/install/moveit_common:/home/colcon_ws/install/pilz_industrial_motion_planner_testutils:/home/colcon_ws/install/moveit_runtime:/home/colcon_ws/install/moveit2_tutorials:/home/colcon_ws/install/moveit:/home/colcon_ws/install/moveit_planners:/home/colcon_ws/install/pilz_industrial_motion_planner:/home/colcon_ws/install/moveit_visual_tools:/home/colcon_ws/install/moveit_task_constructor_visualization:/home/colcon_ws/install/moveit_task_constructor_demo:/home/colcon_ws/install/moveit_task_constructor_capabilities:/home/colcon_ws/install/moveit_task_constructor_core:/home/colcon_ws/install/moveit_ros_control_interface:/home/colcon_ws/install/moveit_plugins:/home/colcon_ws/install/moveit_simple_controller_manager:/home/colcon_ws/install/moveit_setup_assistant:/home/colcon_ws/install/moveit_setup_srdf_plugins:/home/colcon_ws/install/moveit_setup_core_plugins:/home/colcon_ws/install/moveit_setup_controllers:/home/colcon_ws/install/moveit_setup_app_plugins:/home/colcon_ws/install/moveit_setup_framework:/home/colcon_ws/install/moveit_servo:/home/colcon_ws/install/moveit_ros:/home/colcon_ws/install/moveit_ros_visualization:/home/colcon_ws/install/moveit_hybrid_planning:/home/colcon_ws/install/moveit_ros_planning_interface:/home/colcon_ws/install/moveit_ros_benchmarks:/home/colcon_ws/install/moveit_ros_warehouse:/home/colcon_ws/install/moveit_ros_robot_interaction:/home/colcon_ws/install/moveit_ros_perception:/home/colcon_ws/install/moveit_resources_prbt_pg70_support:/home/colcon_ws/install/moveit_resources_prbt_moveit_config:/home/colcon_ws/install/moveit_ros_move_group:/home/colcon_ws/install/moveit_planners_ompl:/home/colcon_ws/install/moveit_ros_planning:/home/colcon_ws/install/moveit_ros_occupancy_map_monitor:/home/colcon_ws/install/moveit_resources_prbt_ikfast_manipulator_plugin:/home/colcon_ws/install/moveit_planners_chomp:/home/colcon_ws/install/moveit_kinematics:/home/colcon_ws/install/moveit_chomp_optimizer_adapter:/home/colcon_ws/install/chomp_motion_planner:/home/colcon_ws/install/moveit_core:/home/colcon_ws/install/srdfdom:/home/colcon_ws/install/rviz_marker_tools:/home/colcon_ws/install/rosparam_shortcuts:/home/colcon_ws/install/my_messages:/home/colcon_ws/install/moveit_task_constructor_msgs:/home/colcon_ws/install/moveit_resources_prbt_support:/home/colcon_ws/install/moveit_resources:/home/colcon_ws/install/moveit_resources_pr2_description:/home/colcon_ws/install/moveit_resources_panda_moveit_config:/home/colcon_ws/install/moveit_resources_panda_description:/home/colcon_ws/install/moveit_resources_fanuc_moveit_config:/home/colcon_ws/install/moveit_resources_fanuc_description:/home/colcon_ws/install/moveit_common:/home/colcon_ws/install/goal_change_interfaces:/home/colcon_ws/install/cpp_srvcli:/home/colcon_ws/install/moveit_configs_utils:/home/colcon_ws/install/launch_param_builder:/opt/ros/humble LD_LIBRARY_PATH=/home/colcon_ws/src/moveit2-humble/install/moveit_ros_planning/lib:/home/colcon_ws/src/moveit2-humble/install/moveit_ros_occupancy_map_monitor/lib:/home/colcon_ws/src/moveit2-humble/install/moveit_core/lib:${LD_LIBRARY_PATH} PATH=/home/colcon_ws/src/moveit2-humble/install/moveit_core/bin:${PATH} PYTHONPATH=/home/colcon_ws/src/moveit2-humble/install/moveit_configs_utils/lib/python3.10/site-packages:${PYTHONPATH} /usr/bin/cmake --install /home/colcon_ws/src/moveit2-humble/build/moveit_kinematics
