[0.019s] Invoking command in '/home/colcon_ws/src/moveit2-humble/build/moveit_ros_planning': AMENT_PREFIX_PATH=/home/colcon_ws/src/moveit2-humble/install/moveit_ros_occupancy_map_monitor:/home/colcon_ws/src/moveit2-humble/install/moveit_core:/home/colcon_ws/src/moveit2-humble/install/moveit_common:${AMENT_PREFIX_PATH} CMAKE_PREFIX_PATH=/home/colcon_ws/src/moveit2-humble/install/moveit_ros_occupancy_map_monitor:/home/colcon_ws/src/moveit2-humble/install/moveit_core:/home/colcon_ws/src/moveit2-humble/install/moveit_common:/home/colcon_ws/install/pilz_industrial_motion_planner_testutils:/home/colcon_ws/install/moveit_runtime:/home/colcon_ws/install/moveit2_tutorials:/home/colcon_ws/install/moveit:/home/colcon_ws/install/moveit_planners:/home/colcon_ws/install/pilz_industrial_motion_planner:/home/colcon_ws/install/moveit_visual_tools:/home/colcon_ws/install/moveit_task_constructor_visualization:/home/colcon_ws/install/moveit_task_constructor_demo:/home/colcon_ws/install/moveit_task_constructor_capabilities:/home/colcon_ws/install/moveit_task_constructor_core:/home/colcon_ws/install/moveit_ros_control_interface:/home/colcon_ws/install/moveit_plugins:/home/colcon_ws/install/moveit_simple_controller_manager:/home/colcon_ws/install/moveit_setup_assistant:/home/colcon_ws/install/moveit_setup_srdf_plugins:/home/colcon_ws/install/moveit_setup_core_plugins:/home/colcon_ws/install/moveit_setup_controllers:/home/colcon_ws/install/moveit_setup_app_plugins:/home/colcon_ws/install/moveit_setup_framework:/home/colcon_ws/install/moveit_servo:/home/colcon_ws/install/moveit_ros:/home/colcon_ws/install/moveit_ros_visualization:/home/colcon_ws/install/moveit_hybrid_planning:/home/colcon_ws/install/moveit_ros_planning_interface:/home/colcon_ws/install/moveit_ros_benchmarks:/home/colcon_ws/install/moveit_ros_warehouse:/home/colcon_ws/install/moveit_ros_robot_interaction:/home/colcon_ws/install/moveit_ros_perception:/home/colcon_ws/install/moveit_resources_prbt_pg70_support:/home/colcon_ws/install/moveit_resources_prbt_moveit_config:/home/colcon_ws/install/moveit_ros_move_group:/home/colcon_ws/install/moveit_planners_ompl:/home/colcon_ws/install/moveit_ros_planning:/home/colcon_ws/install/moveit_ros_occupancy_map_monitor:/home/colcon_ws/install/moveit_resources_prbt_ikfast_manipulator_plugin:/home/colcon_ws/install/moveit_planners_chomp:/home/colcon_ws/install/moveit_kinematics:/home/colcon_ws/install/moveit_chomp_optimizer_adapter:/home/colcon_ws/install/chomp_motion_planner:/home/colcon_ws/install/moveit_core:/home/colcon_ws/install/srdfdom:/home/colcon_ws/install/rviz_marker_tools:/home/colcon_ws/install/rosparam_shortcuts:/home/colcon_ws/install/my_messages:/home/colcon_ws/install/moveit_task_constructor_msgs:/home/colcon_ws/install/moveit_resources_prbt_support:/home/colcon_ws/install/moveit_resources:/home/colcon_ws/install/moveit_resources_pr2_description:/home/colcon_ws/install/moveit_resources_panda_moveit_config:/home/colcon_ws/install/moveit_resources_panda_description:/home/colcon_ws/install/moveit_resources_fanuc_moveit_config:/home/colcon_ws/install/moveit_resources_fanuc_description:/home/colcon_ws/install/moveit_common:/home/colcon_ws/install/goal_change_interfaces:/home/colcon_ws/install/cpp_srvcli:/home/colcon_ws/install/moveit_configs_utils:/home/colcon_ws/install/launch_param_builder:/opt/ros/humble LD_LIBRARY_PATH=/home/colcon_ws/src/moveit2-humble/install/moveit_ros_occupancy_map_monitor/lib:/home/colcon_ws/src/moveit2-humble/install/moveit_core/lib:${LD_LIBRARY_PATH} PATH=/home/colcon_ws/src/moveit2-humble/install/moveit_core/bin:${PATH} /usr/bin/cmake --build /home/colcon_ws/src/moveit2-humble/build/moveit_ros_planning -- -j16 -l16
[0.070s] [35m[1mConsolidate compiler generated dependencies of target gmock[0m
[0.070s] [35m[1mConsolidate compiler generated dependencies of target moveit_rdf_loader[0m
[0.071s] [35m[1mConsolidate compiler generated dependencies of target moveit_list_request_adapter_plugins[0m
[0.072s] [35m[1mConsolidate compiler generated dependencies of target gmock_main[0m
[0.074s] [35m[1mConsolidate compiler generated dependencies of target moveit_collision_plugin_loader[0m
[0.075s] [35m[1mConsolidate compiler generated dependencies of target moveit_planning_pipeline[0m
[0.078s] [35m[1mConsolidate compiler generated dependencies of target moveit_default_planning_request_adapter_plugins[0m
[0.089s] [  4%] Built target gmock
[0.094s] [  8%] Built target gmock_main
[0.096s] [ 12%] Built target moveit_rdf_loader
[0.104s] [ 16%] Built target moveit_list_request_adapter_plugins
[0.110s] [ 19%] Built target moveit_planning_pipeline
[0.111s] [35m[1mConsolidate compiler generated dependencies of target moveit_kinematics_plugin_loader[0m
[0.111s] [ 22%] Built target moveit_collision_plugin_loader
[0.113s] [35m[1mConsolidate compiler generated dependencies of target moveit_constraint_sampler_manager_loader[0m
[0.140s] [ 25%] Built target moveit_kinematics_plugin_loader
[0.144s] [ 29%] Built target moveit_constraint_sampler_manager_loader
[0.155s] [ 46%] Built target moveit_default_planning_request_adapter_plugins
[0.157s] [35m[1mConsolidate compiler generated dependencies of target moveit_robot_model_loader[0m
[0.181s] [ 50%] Built target moveit_robot_model_loader
[0.195s] [35m[1mConsolidate compiler generated dependencies of target moveit_print_planning_model_info[0m
[0.200s] [35m[1mConsolidate compiler generated dependencies of target moveit_planning_scene_monitor[0m
[0.220s] [ 53%] Built target moveit_print_planning_model_info
[0.256s] [ 62%] Built target moveit_planning_scene_monitor
[0.271s] [35m[1mConsolidate compiler generated dependencies of target demo_scene[0m
[0.278s] [35m[1mConsolidate compiler generated dependencies of target moveit_print_planning_scene_info[0m
[0.278s] [35m[1mConsolidate compiler generated dependencies of target current_state_monitor_tests[0m
[0.278s] [35m[1mConsolidate compiler generated dependencies of target trajectory_monitor_tests[0m
[0.278s] [35m[1mConsolidate compiler generated dependencies of target moveit_visualize_robot_collision_volume[0m
[0.279s] [35m[1mConsolidate compiler generated dependencies of target moveit_trajectory_execution_manager[0m
[0.279s] [35m[1mConsolidate compiler generated dependencies of target moveit_evaluate_collision_checking_speed[0m
[0.279s] [35m[1mConsolidate compiler generated dependencies of target moveit_publish_scene_from_text[0m
[0.280s] [35m[1mConsolidate compiler generated dependencies of target moveit_display_random_state[0m
[0.306s] [ 66%] Built target demo_scene
[0.323s] [ 69%] Built target trajectory_monitor_tests
[0.323s] [ 72%] Built target moveit_display_random_state
[0.324s] [ 75%] Built target moveit_trajectory_execution_manager
[0.327s] [ 79%] Built target moveit_print_planning_scene_info
[0.327s] [ 82%] Built target current_state_monitor_tests
[0.327s] [ 85%] Built target moveit_publish_scene_from_text
[0.328s] [ 88%] Built target moveit_evaluate_collision_checking_speed
[0.332s] [ 91%] Built target moveit_visualize_robot_collision_volume
[0.339s] [35m[1mConsolidate compiler generated dependencies of target moveit_plan_execution[0m
[0.339s] [35m[1mConsolidate compiler generated dependencies of target moveit_cpp[0m
[0.374s] [ 95%] Built target moveit_plan_execution
[0.382s] [100%] Built target moveit_cpp
[0.393s] Invoked command in '/home/colcon_ws/src/moveit2-humble/build/moveit_ros_planning' returned '0': AMENT_PREFIX_PATH=/home/colcon_ws/src/moveit2-humble/install/moveit_ros_occupancy_map_monitor:/home/colcon_ws/src/moveit2-humble/install/moveit_core:/home/colcon_ws/src/moveit2-humble/install/moveit_common:${AMENT_PREFIX_PATH} CMAKE_PREFIX_PATH=/home/colcon_ws/src/moveit2-humble/install/moveit_ros_occupancy_map_monitor:/home/colcon_ws/src/moveit2-humble/install/moveit_core:/home/colcon_ws/src/moveit2-humble/install/moveit_common:/home/colcon_ws/install/pilz_industrial_motion_planner_testutils:/home/colcon_ws/install/moveit_runtime:/home/colcon_ws/install/moveit2_tutorials:/home/colcon_ws/install/moveit:/home/colcon_ws/install/moveit_planners:/home/colcon_ws/install/pilz_industrial_motion_planner:/home/colcon_ws/install/moveit_visual_tools:/home/colcon_ws/install/moveit_task_constructor_visualization:/home/colcon_ws/install/moveit_task_constructor_demo:/home/colcon_ws/install/moveit_task_constructor_capabilities:/home/colcon_ws/install/moveit_task_constructor_core:/home/colcon_ws/install/moveit_ros_control_interface:/home/colcon_ws/install/moveit_plugins:/home/colcon_ws/install/moveit_simple_controller_manager:/home/colcon_ws/install/moveit_setup_assistant:/home/colcon_ws/install/moveit_setup_srdf_plugins:/home/colcon_ws/install/moveit_setup_core_plugins:/home/colcon_ws/install/moveit_setup_controllers:/home/colcon_ws/install/moveit_setup_app_plugins:/home/colcon_ws/install/moveit_setup_framework:/home/colcon_ws/install/moveit_servo:/home/colcon_ws/install/moveit_ros:/home/colcon_ws/install/moveit_ros_visualization:/home/colcon_ws/install/moveit_hybrid_planning:/home/colcon_ws/install/moveit_ros_planning_interface:/home/colcon_ws/install/moveit_ros_benchmarks:/home/colcon_ws/install/moveit_ros_warehouse:/home/colcon_ws/install/moveit_ros_robot_interaction:/home/colcon_ws/install/moveit_ros_perception:/home/colcon_ws/install/moveit_resources_prbt_pg70_support:/home/colcon_ws/install/moveit_resources_prbt_moveit_config:/home/colcon_ws/install/moveit_ros_move_group:/home/colcon_ws/install/moveit_planners_ompl:/home/colcon_ws/install/moveit_ros_planning:/home/colcon_ws/install/moveit_ros_occupancy_map_monitor:/home/colcon_ws/install/moveit_resources_prbt_ikfast_manipulator_plugin:/home/colcon_ws/install/moveit_planners_chomp:/home/colcon_ws/install/moveit_kinematics:/home/colcon_ws/install/moveit_chomp_optimizer_adapter:/home/colcon_ws/install/chomp_motion_planner:/home/colcon_ws/install/moveit_core:/home/colcon_ws/install/srdfdom:/home/colcon_ws/install/rviz_marker_tools:/home/colcon_ws/install/rosparam_shortcuts:/home/colcon_ws/install/my_messages:/home/colcon_ws/install/moveit_task_constructor_msgs:/home/colcon_ws/install/moveit_resources_prbt_support:/home/colcon_ws/install/moveit_resources:/home/colcon_ws/install/moveit_resources_pr2_description:/home/colcon_ws/install/moveit_resources_panda_moveit_config:/home/colcon_ws/install/moveit_resources_panda_description:/home/colcon_ws/install/moveit_resources_fanuc_moveit_config:/home/colcon_ws/install/moveit_resources_fanuc_description:/home/colcon_ws/install/moveit_common:/home/colcon_ws/install/goal_change_interfaces:/home/colcon_ws/install/cpp_srvcli:/home/colcon_ws/install/moveit_configs_utils:/home/colcon_ws/install/launch_param_builder:/opt/ros/humble LD_LIBRARY_PATH=/home/colcon_ws/src/moveit2-humble/install/moveit_ros_occupancy_map_monitor/lib:/home/colcon_ws/src/moveit2-humble/install/moveit_core/lib:${LD_LIBRARY_PATH} PATH=/home/colcon_ws/src/moveit2-humble/install/moveit_core/bin:${PATH} /usr/bin/cmake --build /home/colcon_ws/src/moveit2-humble/build/moveit_ros_planning -- -j16 -l16
[0.459s] Invoking command in '/home/colcon_ws/src/moveit2-humble/build/moveit_ros_planning': AMENT_PREFIX_PATH=/home/colcon_ws/src/moveit2-humble/install/moveit_ros_occupancy_map_monitor:/home/colcon_ws/src/moveit2-humble/install/moveit_core:/home/colcon_ws/src/moveit2-humble/install/moveit_common:${AMENT_PREFIX_PATH} CMAKE_PREFIX_PATH=/home/colcon_ws/src/moveit2-humble/install/moveit_ros_occupancy_map_monitor:/home/colcon_ws/src/moveit2-humble/install/moveit_core:/home/colcon_ws/src/moveit2-humble/install/moveit_common:/home/colcon_ws/install/pilz_industrial_motion_planner_testutils:/home/colcon_ws/install/moveit_runtime:/home/colcon_ws/install/moveit2_tutorials:/home/colcon_ws/install/moveit:/home/colcon_ws/install/moveit_planners:/home/colcon_ws/install/pilz_industrial_motion_planner:/home/colcon_ws/install/moveit_visual_tools:/home/colcon_ws/install/moveit_task_constructor_visualization:/home/colcon_ws/install/moveit_task_constructor_demo:/home/colcon_ws/install/moveit_task_constructor_capabilities:/home/colcon_ws/install/moveit_task_constructor_core:/home/colcon_ws/install/moveit_ros_control_interface:/home/colcon_ws/install/moveit_plugins:/home/colcon_ws/install/moveit_simple_controller_manager:/home/colcon_ws/install/moveit_setup_assistant:/home/colcon_ws/install/moveit_setup_srdf_plugins:/home/colcon_ws/install/moveit_setup_core_plugins:/home/colcon_ws/install/moveit_setup_controllers:/home/colcon_ws/install/moveit_setup_app_plugins:/home/colcon_ws/install/moveit_setup_framework:/home/colcon_ws/install/moveit_servo:/home/colcon_ws/install/moveit_ros:/home/colcon_ws/install/moveit_ros_visualization:/home/colcon_ws/install/moveit_hybrid_planning:/home/colcon_ws/install/moveit_ros_planning_interface:/home/colcon_ws/install/moveit_ros_benchmarks:/home/colcon_ws/install/moveit_ros_warehouse:/home/colcon_ws/install/moveit_ros_robot_interaction:/home/colcon_ws/install/moveit_ros_perception:/home/colcon_ws/install/moveit_resources_prbt_pg70_support:/home/colcon_ws/install/moveit_resources_prbt_moveit_config:/home/colcon_ws/install/moveit_ros_move_group:/home/colcon_ws/install/moveit_planners_ompl:/home/colcon_ws/install/moveit_ros_planning:/home/colcon_ws/install/moveit_ros_occupancy_map_monitor:/home/colcon_ws/install/moveit_resources_prbt_ikfast_manipulator_plugin:/home/colcon_ws/install/moveit_planners_chomp:/home/colcon_ws/install/moveit_kinematics:/home/colcon_ws/install/moveit_chomp_optimizer_adapter:/home/colcon_ws/install/chomp_motion_planner:/home/colcon_ws/install/moveit_core:/home/colcon_ws/install/srdfdom:/home/colcon_ws/install/rviz_marker_tools:/home/colcon_ws/install/rosparam_shortcuts:/home/colcon_ws/install/my_messages:/home/colcon_ws/install/moveit_task_constructor_msgs:/home/colcon_ws/install/moveit_resources_prbt_support:/home/colcon_ws/install/moveit_resources:/home/colcon_ws/install/moveit_resources_pr2_description:/home/colcon_ws/install/moveit_resources_panda_moveit_config:/home/colcon_ws/install/moveit_resources_panda_description:/home/colcon_ws/install/moveit_resources_fanuc_moveit_config:/home/colcon_ws/install/moveit_resources_fanuc_description:/home/colcon_ws/install/moveit_common:/home/colcon_ws/install/goal_change_interfaces:/home/colcon_ws/install/cpp_srvcli:/home/colcon_ws/install/moveit_configs_utils:/home/colcon_ws/install/launch_param_builder:/opt/ros/humble LD_LIBRARY_PATH=/home/colcon_ws/src/moveit2-humble/install/moveit_ros_occupancy_map_monitor/lib:/home/colcon_ws/src/moveit2-humble/install/moveit_core/lib:${LD_LIBRARY_PATH} PATH=/home/colcon_ws/src/moveit2-humble/install/moveit_core/bin:${PATH} /usr/bin/cmake --install /home/colcon_ws/src/moveit2-humble/build/moveit_ros_planning
[0.467s] -- Install configuration: "Debug"
[0.467s] -- Up-to-date: /home/colcon_ws/src/moveit2-humble/install/moveit_ros_planning/include
[0.467s] -- Up-to-date: /home/colcon_ws/src/moveit2-humble/install/moveit_ros_planning/include/moveit
[0.467s] -- Up-to-date: /home/colcon_ws/src/moveit2-humble/install/moveit_ros_planning/include/moveit/rdf_loader
[0.467s] -- Up-to-date: /home/colcon_ws/src/moveit2-humble/install/moveit_ros_planning/include/moveit/rdf_loader/synchronized_string_parameter.h
[0.468s] -- Up-to-date: /home/colcon_ws/src/moveit2-humble/install/moveit_ros_planning/include/moveit/rdf_loader/rdf_loader.h
[0.468s] -- Up-to-date: /home/colcon_ws/src/moveit2-humble/install/moveit_ros_planning/share/moveit_ros_planning/rdf_loader/test/data
[0.468s] -- Up-to-date: /home/colcon_ws/src/moveit2-humble/install/moveit_ros_planning/share/moveit_ros_planning/rdf_loader/test/data/gonzo.srdf
[0.468s] -- Up-to-date: /home/colcon_ws/src/moveit2-humble/install/moveit_ros_planning/share/moveit_ros_planning/rdf_loader/test/data/robin.srdf.xacro
[0.468s] -- Up-to-date: /home/colcon_ws/src/moveit2-humble/install/moveit_ros_planning/share/moveit_ros_planning/rdf_loader/test/data/kermit.urdf
[0.468s] -- Up-to-date: /home/colcon_ws/src/moveit2-humble/install/moveit_ros_planning/share/moveit_ros_planning/rdf_loader/test/data/gonzo.urdf
[0.468s] -- Up-to-date: /home/colcon_ws/src/moveit2-humble/install/moveit_ros_planning/share/moveit_ros_planning/rdf_loader/test/data/kermit.srdf
[0.468s] -- Up-to-date: /home/colcon_ws/src/moveit2-humble/install/moveit_ros_planning/share/moveit_ros_planning/rdf_loader/test/launch
[0.468s] -- Up-to-date: /home/colcon_ws/src/moveit2-humble/install/moveit_ros_planning/share/moveit_ros_planning/rdf_loader/test/launch/test_rdf_integration.test.py
[0.468s] -- Up-to-date: /home/colcon_ws/src/moveit2-humble/install/moveit_ros_planning/include
[0.468s] -- Up-to-date: /home/colcon_ws/src/moveit2-humble/install/moveit_ros_planning/include/moveit
[0.468s] -- Up-to-date: /home/colcon_ws/src/moveit2-humble/install/moveit_ros_planning/include/moveit/collision_plugin_loader
[0.468s] -- Up-to-date: /home/colcon_ws/src/moveit2-humble/install/moveit_ros_planning/include/moveit/collision_plugin_loader/collision_plugin_loader.h
[0.468s] -- Up-to-date: /home/colcon_ws/src/moveit2-humble/install/moveit_ros_planning/include
[0.469s] -- Up-to-date: /home/colcon_ws/src/moveit2-humble/install/moveit_ros_planning/include/moveit
[0.469s] -- Up-to-date: /home/colcon_ws/src/moveit2-humble/install/moveit_ros_planning/include/moveit/kinematics_plugin_loader
[0.469s] -- Up-to-date: /home/colcon_ws/src/moveit2-humble/install/moveit_ros_planning/include/moveit/kinematics_plugin_loader/kinematics_plugin_loader.h
[0.469s] -- Up-to-date: /home/colcon_ws/src/moveit2-humble/install/moveit_ros_planning/include
[0.469s] -- Up-to-date: /home/colcon_ws/src/moveit2-humble/install/moveit_ros_planning/include/moveit
[0.469s] -- Up-to-date: /home/colcon_ws/src/moveit2-humble/install/moveit_ros_planning/include/moveit/robot_model_loader
[0.469s] -- Up-to-date: /home/colcon_ws/src/moveit2-humble/install/moveit_ros_planning/include/moveit/robot_model_loader/robot_model_loader.h
[0.469s] -- Up-to-date: /home/colcon_ws/src/moveit2-humble/install/moveit_ros_planning/include
[0.469s] -- Up-to-date: /home/colcon_ws/src/moveit2-humble/install/moveit_ros_planning/include/moveit
[0.469s] -- Up-to-date: /home/colcon_ws/src/moveit2-humble/install/moveit_ros_planning/include/moveit/constraint_sampler_manager_loader
[0.469s] -- Up-to-date: /home/colcon_ws/src/moveit2-humble/install/moveit_ros_planning/include/moveit/constraint_sampler_manager_loader/constraint_sampler_manager_loader.h
[0.469s] -- Up-to-date: /home/colcon_ws/src/moveit2-humble/install/moveit_ros_planning/include
[0.469s] -- Up-to-date: /home/colcon_ws/src/moveit2-humble/install/moveit_ros_planning/include/moveit
[0.469s] -- Up-to-date: /home/colcon_ws/src/moveit2-humble/install/moveit_ros_planning/include/moveit/planning_pipeline
[0.469s] -- Up-to-date: /home/colcon_ws/src/moveit2-humble/install/moveit_ros_planning/include/moveit/planning_pipeline/planning_pipeline.h
[0.469s] -- Up-to-date: /home/colcon_ws/src/moveit2-humble/install/moveit_ros_planning/include/moveit_planning_pipeline_export.h
[0.470s] -- Up-to-date: /home/colcon_ws/src/moveit2-humble/install/moveit_ros_planning/lib/moveit_ros_planning/moveit_list_request_adapter_plugins
[0.470s] -- Up-to-date: /home/colcon_ws/src/moveit2-humble/install/moveit_ros_planning/lib/moveit_ros_planning/demo_scene
[0.470s] -- Up-to-date: /home/colcon_ws/src/moveit2-humble/install/moveit_ros_planning/include
[0.470s] -- Up-to-date: /home/colcon_ws/src/moveit2-humble/install/moveit_ros_planning/include/moveit
[0.470s] -- Up-to-date: /home/colcon_ws/src/moveit2-humble/install/moveit_ros_planning/include/moveit/planning_scene_monitor
[0.470s] -- Up-to-date: /home/colcon_ws/src/moveit2-humble/install/moveit_ros_planning/include/moveit/planning_scene_monitor/trajectory_monitor.h
[0.470s] -- Up-to-date: /home/colcon_ws/src/moveit2-humble/install/moveit_ros_planning/include/moveit/planning_scene_monitor/trajectory_monitor_middleware_handle.hpp
[0.470s] -- Up-to-date: /home/colcon_ws/src/moveit2-humble/install/moveit_ros_planning/include/moveit/planning_scene_monitor/current_state_monitor_middleware_handle.hpp
[0.470s] -- Up-to-date: /home/colcon_ws/src/moveit2-humble/install/moveit_ros_planning/include/moveit/planning_scene_monitor/current_state_monitor.h
[0.470s] -- Up-to-date: /home/colcon_ws/src/moveit2-humble/install/moveit_ros_planning/include/moveit/planning_scene_monitor/planning_scene_monitor.h
[0.470s] -- Up-to-date: /home/colcon_ws/src/moveit2-humble/install/moveit_ros_planning/include/moveit_planning_scene_monitor_export.h
[0.470s] -- Up-to-date: /home/colcon_ws/src/moveit2-humble/install/moveit_ros_planning/lib/moveit_ros_planning/moveit_print_planning_model_info
[0.471s] -- Up-to-date: /home/colcon_ws/src/moveit2-humble/install/moveit_ros_planning/lib/moveit_ros_planning/moveit_print_planning_scene_info
[0.472s] -- Up-to-date: /home/colcon_ws/src/moveit2-humble/install/moveit_ros_planning/lib/moveit_ros_planning/moveit_display_random_state
[0.472s] -- Up-to-date: /home/colcon_ws/src/moveit2-humble/install/moveit_ros_planning/lib/moveit_ros_planning/moveit_visualize_robot_collision_volume
[0.473s] -- Up-to-date: /home/colcon_ws/src/moveit2-humble/install/moveit_ros_planning/lib/moveit_ros_planning/moveit_evaluate_collision_checking_speed
[0.473s] -- Up-to-date: /home/colcon_ws/src/moveit2-humble/install/moveit_ros_planning/lib/moveit_ros_planning/moveit_publish_scene_from_text
[0.473s] -- Up-to-date: /home/colcon_ws/src/moveit2-humble/install/moveit_ros_planning/include
[0.473s] -- Up-to-date: /home/colcon_ws/src/moveit2-humble/install/moveit_ros_planning/include/moveit
[0.473s] -- Up-to-date: /home/colcon_ws/src/moveit2-humble/install/moveit_ros_planning/include/moveit/trajectory_execution_manager
[0.474s] -- Up-to-date: /home/colcon_ws/src/moveit2-humble/install/moveit_ros_planning/include/moveit/trajectory_execution_manager/trajectory_execution_manager.h
[0.474s] -- Up-to-date: /home/colcon_ws/src/moveit2-humble/install/moveit_ros_planning/include/moveit_trajectory_execution_manager_export.h
[0.474s] -- Up-to-date: /home/colcon_ws/src/moveit2-humble/install/moveit_ros_planning/include
[0.474s] -- Up-to-date: /home/colcon_ws/src/moveit2-humble/install/moveit_ros_planning/include/moveit
[0.474s] -- Up-to-date: /home/colcon_ws/src/moveit2-humble/install/moveit_ros_planning/include/moveit/plan_execution
[0.474s] -- Up-to-date: /home/colcon_ws/src/moveit2-humble/install/moveit_ros_planning/include/moveit/plan_execution/plan_representation.h
[0.474s] -- Up-to-date: /home/colcon_ws/src/moveit2-humble/install/moveit_ros_planning/include/moveit/plan_execution/plan_execution.h
[0.474s] -- Up-to-date: /home/colcon_ws/src/moveit2-humble/install/moveit_ros_planning/include
[0.474s] -- Up-to-date: /home/colcon_ws/src/moveit2-humble/install/moveit_ros_planning/include/moveit
[0.474s] -- Up-to-date: /home/colcon_ws/src/moveit2-humble/install/moveit_ros_planning/include/moveit/moveit_cpp
[0.474s] -- Up-to-date: /home/colcon_ws/src/moveit2-humble/install/moveit_ros_planning/include/moveit/moveit_cpp/moveit_cpp.h
[0.474s] -- Up-to-date: /home/colcon_ws/src/moveit2-humble/install/moveit_ros_planning/include/moveit/moveit_cpp/planning_component.h
[0.474s] -- Up-to-date: /home/colcon_ws/src/moveit2-humble/install/moveit_ros_planning/lib/libmoveit_rdf_loader.so.2.5.4
[0.474s] -- Up-to-date: /home/colcon_ws/src/moveit2-humble/install/moveit_ros_planning/lib/libmoveit_rdf_loader.so
[0.474s] -- Up-to-date: /home/colcon_ws/src/moveit2-humble/install/moveit_ros_planning/lib/libmoveit_kinematics_plugin_loader.so.2.5.4
[0.475s] -- Up-to-date: /home/colcon_ws/src/moveit2-humble/install/moveit_ros_planning/lib/libmoveit_kinematics_plugin_loader.so
[0.475s] -- Up-to-date: /home/colcon_ws/src/moveit2-humble/install/moveit_ros_planning/lib/libmoveit_robot_model_loader.so.2.5.4
[0.475s] -- Up-to-date: /home/colcon_ws/src/moveit2-humble/install/moveit_ros_planning/lib/libmoveit_robot_model_loader.so
[0.475s] -- Up-to-date: /home/colcon_ws/src/moveit2-humble/install/moveit_ros_planning/lib/libmoveit_constraint_sampler_manager_loader.so.2.5.4
[0.475s] -- Up-to-date: /home/colcon_ws/src/moveit2-humble/install/moveit_ros_planning/lib/libmoveit_constraint_sampler_manager_loader.so
[0.476s] -- Up-to-date: /home/colcon_ws/src/moveit2-humble/install/moveit_ros_planning/lib/libmoveit_planning_pipeline.so.2.5.4
[0.476s] -- Up-to-date: /home/colcon_ws/src/moveit2-humble/install/moveit_ros_planning/lib/libmoveit_planning_pipeline.so
[0.476s] -- Up-to-date: /home/colcon_ws/src/moveit2-humble/install/moveit_ros_planning/lib/libmoveit_trajectory_execution_manager.so.2.5.4
[0.476s] -- Up-to-date: /home/colcon_ws/src/moveit2-humble/install/moveit_ros_planning/lib/libmoveit_trajectory_execution_manager.so
[0.476s] -- Up-to-date: /home/colcon_ws/src/moveit2-humble/install/moveit_ros_planning/lib/libmoveit_plan_execution.so.2.5.4
[0.477s] -- Up-to-date: /home/colcon_ws/src/moveit2-humble/install/moveit_ros_planning/lib/libmoveit_plan_execution.so
[0.477s] -- Up-to-date: /home/colcon_ws/src/moveit2-humble/install/moveit_ros_planning/lib/libmoveit_planning_scene_monitor.so.2.5.4
[0.477s] -- Up-to-date: /home/colcon_ws/src/moveit2-humble/install/moveit_ros_planning/lib/libmoveit_planning_scene_monitor.so
[0.477s] -- Up-to-date: /home/colcon_ws/src/moveit2-humble/install/moveit_ros_planning/lib/libmoveit_collision_plugin_loader.so.2.5.4
[0.477s] -- Up-to-date: /home/colcon_ws/src/moveit2-humble/install/moveit_ros_planning/lib/libmoveit_collision_plugin_loader.so
[0.478s] -- Up-to-date: /home/colcon_ws/src/moveit2-humble/install/moveit_ros_planning/lib/libmoveit_default_planning_request_adapter_plugins.so.2.5.4
[0.478s] -- Up-to-date: /home/colcon_ws/src/moveit2-humble/install/moveit_ros_planning/lib/libmoveit_default_planning_request_adapter_plugins.so
[0.478s] -- Up-to-date: /home/colcon_ws/src/moveit2-humble/install/moveit_ros_planning/lib/libmoveit_cpp.so.2.5.4
[0.479s] -- Up-to-date: /home/colcon_ws/src/moveit2-humble/install/moveit_ros_planning/lib/libmoveit_cpp.so
[0.479s] -- Up-to-date: /home/colcon_ws/src/moveit2-humble/install/moveit_ros_planning/share/moveit_ros_planning/environment/library_path.sh
[0.479s] -- Up-to-date: /home/colcon_ws/src/moveit2-humble/install/moveit_ros_planning/share/moveit_ros_planning/environment/library_path.dsv
[0.479s] -- Up-to-date: /home/colcon_ws/src/moveit2-humble/install/moveit_ros_planning/share/moveit_ros_planning/planning_request_adapters_plugin_description.xml
[0.479s] -- Up-to-date: /home/colcon_ws/src/moveit2-humble/install/moveit_ros_planning/share/ament_index/resource_index/package_run_dependencies/moveit_ros_planning
[0.479s] -- Up-to-date: /home/colcon_ws/src/moveit2-humble/install/moveit_ros_planning/share/ament_index/resource_index/parent_prefix_path/moveit_ros_planning
[0.479s] -- Up-to-date: /home/colcon_ws/src/moveit2-humble/install/moveit_ros_planning/share/moveit_ros_planning/environment/ament_prefix_path.sh
[0.479s] -- Up-to-date: /home/colcon_ws/src/moveit2-humble/install/moveit_ros_planning/share/moveit_ros_planning/environment/ament_prefix_path.dsv
[0.479s] -- Up-to-date: /home/colcon_ws/src/moveit2-humble/install/moveit_ros_planning/share/moveit_ros_planning/environment/path.sh
[0.479s] -- Up-to-date: /home/colcon_ws/src/moveit2-humble/install/moveit_ros_planning/share/moveit_ros_planning/environment/path.dsv
[0.479s] -- Up-to-date: /home/colcon_ws/src/moveit2-humble/install/moveit_ros_planning/share/moveit_ros_planning/local_setup.bash
[0.479s] -- Up-to-date: /home/colcon_ws/src/moveit2-humble/install/moveit_ros_planning/share/moveit_ros_planning/local_setup.sh
[0.480s] -- Up-to-date: /home/colcon_ws/src/moveit2-humble/install/moveit_ros_planning/share/moveit_ros_planning/local_setup.zsh
[0.480s] -- Up-to-date: /home/colcon_ws/src/moveit2-humble/install/moveit_ros_planning/share/moveit_ros_planning/local_setup.dsv
[0.480s] -- Installing: /home/colcon_ws/src/moveit2-humble/install/moveit_ros_planning/share/moveit_ros_planning/package.dsv
[0.480s] -- Up-to-date: /home/colcon_ws/src/moveit2-humble/install/moveit_ros_planning/share/ament_index/resource_index/packages/moveit_ros_planning
[0.480s] -- Up-to-date: /home/colcon_ws/src/moveit2-humble/install/moveit_ros_planning/share/ament_index/resource_index/moveit_core__pluginlib__plugin/moveit_ros_planning
[0.480s] -- Up-to-date: /home/colcon_ws/src/moveit2-humble/install/moveit_ros_planning/share/moveit_ros_planning/cmake/export_moveit_ros_planningExport.cmake
[0.480s] -- Up-to-date: /home/colcon_ws/src/moveit2-humble/install/moveit_ros_planning/share/moveit_ros_planning/cmake/export_moveit_ros_planningExport-debug.cmake
[0.480s] -- Up-to-date: /home/colcon_ws/src/moveit2-humble/install/moveit_ros_planning/share/moveit_ros_planning/cmake/ConfigExtras.cmake
[0.480s] -- Up-to-date: /home/colcon_ws/src/moveit2-humble/install/moveit_ros_planning/share/moveit_ros_planning/cmake/ament_cmake_export_targets-extras.cmake
[0.480s] -- Up-to-date: /home/colcon_ws/src/moveit2-humble/install/moveit_ros_planning/share/moveit_ros_planning/cmake/ament_cmake_export_dependencies-extras.cmake
[0.480s] -- Up-to-date: /home/colcon_ws/src/moveit2-humble/install/moveit_ros_planning/share/moveit_ros_planning/cmake/moveit_ros_planningConfig.cmake
[0.480s] -- Up-to-date: /home/colcon_ws/src/moveit2-humble/install/moveit_ros_planning/share/moveit_ros_planning/cmake/moveit_ros_planningConfig-version.cmake
[0.480s] -- Up-to-date: /home/colcon_ws/src/moveit2-humble/install/moveit_ros_planning/share/moveit_ros_planning/package.xml
[0.483s] Invoked command in '/home/colcon_ws/src/moveit2-humble/build/moveit_ros_planning' returned '0': AMENT_PREFIX_PATH=/home/colcon_ws/src/moveit2-humble/install/moveit_ros_occupancy_map_monitor:/home/colcon_ws/src/moveit2-humble/install/moveit_core:/home/colcon_ws/src/moveit2-humble/install/moveit_common:${AMENT_PREFIX_PATH} CMAKE_PREFIX_PATH=/home/colcon_ws/src/moveit2-humble/install/moveit_ros_occupancy_map_monitor:/home/colcon_ws/src/moveit2-humble/install/moveit_core:/home/colcon_ws/src/moveit2-humble/install/moveit_common:/home/colcon_ws/install/pilz_industrial_motion_planner_testutils:/home/colcon_ws/install/moveit_runtime:/home/colcon_ws/install/moveit2_tutorials:/home/colcon_ws/install/moveit:/home/colcon_ws/install/moveit_planners:/home/colcon_ws/install/pilz_industrial_motion_planner:/home/colcon_ws/install/moveit_visual_tools:/home/colcon_ws/install/moveit_task_constructor_visualization:/home/colcon_ws/install/moveit_task_constructor_demo:/home/colcon_ws/install/moveit_task_constructor_capabilities:/home/colcon_ws/install/moveit_task_constructor_core:/home/colcon_ws/install/moveit_ros_control_interface:/home/colcon_ws/install/moveit_plugins:/home/colcon_ws/install/moveit_simple_controller_manager:/home/colcon_ws/install/moveit_setup_assistant:/home/colcon_ws/install/moveit_setup_srdf_plugins:/home/colcon_ws/install/moveit_setup_core_plugins:/home/colcon_ws/install/moveit_setup_controllers:/home/colcon_ws/install/moveit_setup_app_plugins:/home/colcon_ws/install/moveit_setup_framework:/home/colcon_ws/install/moveit_servo:/home/colcon_ws/install/moveit_ros:/home/colcon_ws/install/moveit_ros_visualization:/home/colcon_ws/install/moveit_hybrid_planning:/home/colcon_ws/install/moveit_ros_planning_interface:/home/colcon_ws/install/moveit_ros_benchmarks:/home/colcon_ws/install/moveit_ros_warehouse:/home/colcon_ws/install/moveit_ros_robot_interaction:/home/colcon_ws/install/moveit_ros_perception:/home/colcon_ws/install/moveit_resources_prbt_pg70_support:/home/colcon_ws/install/moveit_resources_prbt_moveit_config:/home/colcon_ws/install/moveit_ros_move_group:/home/colcon_ws/install/moveit_planners_ompl:/home/colcon_ws/install/moveit_ros_planning:/home/colcon_ws/install/moveit_ros_occupancy_map_monitor:/home/colcon_ws/install/moveit_resources_prbt_ikfast_manipulator_plugin:/home/colcon_ws/install/moveit_planners_chomp:/home/colcon_ws/install/moveit_kinematics:/home/colcon_ws/install/moveit_chomp_optimizer_adapter:/home/colcon_ws/install/chomp_motion_planner:/home/colcon_ws/install/moveit_core:/home/colcon_ws/install/srdfdom:/home/colcon_ws/install/rviz_marker_tools:/home/colcon_ws/install/rosparam_shortcuts:/home/colcon_ws/install/my_messages:/home/colcon_ws/install/moveit_task_constructor_msgs:/home/colcon_ws/install/moveit_resources_prbt_support:/home/colcon_ws/install/moveit_resources:/home/colcon_ws/install/moveit_resources_pr2_description:/home/colcon_ws/install/moveit_resources_panda_moveit_config:/home/colcon_ws/install/moveit_resources_panda_description:/home/colcon_ws/install/moveit_resources_fanuc_moveit_config:/home/colcon_ws/install/moveit_resources_fanuc_description:/home/colcon_ws/install/moveit_common:/home/colcon_ws/install/goal_change_interfaces:/home/colcon_ws/install/cpp_srvcli:/home/colcon_ws/install/moveit_configs_utils:/home/colcon_ws/install/launch_param_builder:/opt/ros/humble LD_LIBRARY_PATH=/home/colcon_ws/src/moveit2-humble/install/moveit_ros_occupancy_map_monitor/lib:/home/colcon_ws/src/moveit2-humble/install/moveit_core/lib:${LD_LIBRARY_PATH} PATH=/home/colcon_ws/src/moveit2-humble/install/moveit_core/bin:${PATH} /usr/bin/cmake --install /home/colcon_ws/src/moveit2-humble/build/moveit_ros_planning
