[0.032s] Invoking command in '/home/colcon_ws/src/moveit2-humble/build/moveit_kinematics': AMENT_PREFIX_PATH=/home/colcon_ws/src/moveit2-humble/install/moveit_ros_planning:/home/colcon_ws/src/moveit2-humble/install/moveit_ros_occupancy_map_monitor:/home/colcon_ws/src/moveit2-humble/install/moveit_core:/home/colcon_ws/src/moveit2-humble/install/moveit_configs_utils:/home/colcon_ws/src/moveit2-humble/install/moveit_common:${AMENT_PREFIX_PATH} CMAKE_PREFIX_PATH=/home/colcon_ws/src/moveit2-humble/install/moveit_ros_planning:/home/colcon_ws/src/moveit2-humble/install/moveit_ros_occupancy_map_monitor:/home/colcon_ws/src/moveit2-humble/install/moveit_core:/home/colcon_ws/src/moveit2-humble/install/moveit_common:/home/colcon_ws/install/pilz_industrial_motion_planner_testutils:/home/colcon_ws/install/moveit_runtime:/home/colcon_ws/install/moveit2_tutorials:/home/colcon_ws/install/moveit:/home/colcon_ws/install/moveit_planners:/home/colcon_ws/install/pilz_industrial_motion_planner:/home/colcon_ws/install/moveit_visual_tools:/home/colcon_ws/install/moveit_task_constructor_visualization:/home/colcon_ws/install/moveit_task_constructor_demo:/home/colcon_ws/install/moveit_task_constructor_capabilities:/home/colcon_ws/install/moveit_task_constructor_core:/home/colcon_ws/install/moveit_ros_control_interface:/home/colcon_ws/install/moveit_plugins:/home/colcon_ws/install/moveit_simple_controller_manager:/home/colcon_ws/install/moveit_setup_assistant:/home/colcon_ws/install/moveit_setup_srdf_plugins:/home/colcon_ws/install/moveit_setup_core_plugins:/home/colcon_ws/install/moveit_setup_controllers:/home/colcon_ws/install/moveit_setup_app_plugins:/home/colcon_ws/install/moveit_setup_framework:/home/colcon_ws/install/moveit_servo:/home/colcon_ws/install/moveit_ros:/home/colcon_ws/install/moveit_ros_visualization:/home/colcon_ws/install/moveit_hybrid_planning:/home/colcon_ws/install/moveit_ros_planning_interface:/home/colcon_ws/install/moveit_ros_benchmarks:/home/colcon_ws/install/moveit_ros_warehouse:/home/colcon_ws/install/moveit_ros_robot_interaction:/home/colcon_ws/install/moveit_ros_perception:/home/colcon_ws/install/moveit_resources_prbt_pg70_support:/home/colcon_ws/install/moveit_resources_prbt_moveit_config:/home/colcon_ws/install/moveit_ros_move_group:/home/colcon_ws/install/moveit_planners_ompl:/home/colcon_ws/install/moveit_ros_planning:/home/colcon_ws/install/moveit_ros_occupancy_map_monitor:/home/colcon_ws/install/moveit_resources_prbt_ikfast_manipulator_plugin:/home/colcon_ws/install/moveit_planners_chomp:/home/colcon_ws/install/moveit_kinematics:/home/colcon_ws/install/moveit_chomp_optimizer_adapter:/home/colcon_ws/install/chomp_motion_planner:/home/colcon_ws/install/moveit_core:/home/colcon_ws/install/srdfdom:/home/colcon_ws/install/rviz_marker_tools:/home/colcon_ws/install/rosparam_shortcuts:/home/colcon_ws/install/my_messages:/home/colcon_ws/install/moveit_task_constructor_msgs:/home/colcon_ws/install/moveit_resources_prbt_support:/home/colcon_ws/install/moveit_resources:/home/colcon_ws/install/moveit_resources_pr2_description:/home/colcon_ws/install/moveit_resources_panda_moveit_config:/home/colcon_ws/install/moveit_resources_panda_description:/home/colcon_ws/install/moveit_resources_fanuc_moveit_config:/home/colcon_ws/install/moveit_resources_fanuc_description:/home/colcon_ws/install/moveit_common:/home/colcon_ws/install/goal_change_interfaces:/home/colcon_ws/install/cpp_srvcli:/home/colcon_ws/install/moveit_configs_utils:/home/colcon_ws/install/launch_param_builder:/opt/ros/humble LD_LIBRARY_PATH=/home/colcon_ws/src/moveit2-humble/install/moveit_ros_planning/lib:/home/colcon_ws/src/moveit2-humble/install/moveit_ros_occupancy_map_monitor/lib:/home/colcon_ws/src/moveit2-humble/install/moveit_core/lib:${LD_LIBRARY_PATH} PATH=/home/colcon_ws/src/moveit2-humble/install/moveit_core/bin:${PATH} PYTHONPATH=/home/colcon_ws/src/moveit2-humble/install/moveit_configs_utils/lib/python3.10/site-packages:${PYTHONPATH} /usr/bin/cmake --build /home/colcon_ws/src/moveit2-humble/build/moveit_kinematics -- -j16 -l16
[0.091s] [35m[1mConsolidate compiler generated dependencies of target moveit_lma_kinematics_plugin[0m
[0.092s] [35m[1mConsolidate compiler generated dependencies of target moveit_kdl_kinematics_plugin[0m
[0.095s] [35m[1mConsolidate compiler generated dependencies of target gtest[0m
[0.096s] [35m[1mConsolidate compiler generated dependencies of target moveit_srv_kinematics_plugin[0m
[0.096s] [35m[1mConsolidate compiler generated dependencies of target gtest_main[0m
[0.098s] [35m[1mConsolidate compiler generated dependencies of target moveit_cached_ik_kinematics_base[0m
[0.099s] [35m[1mConsolidate compiler generated dependencies of target benchmark_ik[0m
[0.116s] [ 10%] Built target gtest
[0.118s] [ 21%] Built target gtest_main
[0.130s] [ 47%] Built target moveit_lma_kinematics_plugin
[0.131s] [ 47%] Built target moveit_kdl_kinematics_plugin
[0.131s] [ 57%] Built target moveit_srv_kinematics_plugin
[0.138s] [ 68%] Built target moveit_cached_ik_kinematics_base
[0.140s] [ 78%] Built target benchmark_ik
[0.144s] [35m[1mConsolidate compiler generated dependencies of target test_kinematics_plugin[0m
[0.152s] [35m[1mConsolidate compiler generated dependencies of target moveit_cached_ik_kinematics_plugin[0m
[0.176s] [ 89%] Built target test_kinematics_plugin
[0.181s] [100%] Built target moveit_cached_ik_kinematics_plugin
[0.198s] Invoked command in '/home/colcon_ws/src/moveit2-humble/build/moveit_kinematics' returned '0': AMENT_PREFIX_PATH=/home/colcon_ws/src/moveit2-humble/install/moveit_ros_planning:/home/colcon_ws/src/moveit2-humble/install/moveit_ros_occupancy_map_monitor:/home/colcon_ws/src/moveit2-humble/install/moveit_core:/home/colcon_ws/src/moveit2-humble/install/moveit_configs_utils:/home/colcon_ws/src/moveit2-humble/install/moveit_common:${AMENT_PREFIX_PATH} CMAKE_PREFIX_PATH=/home/colcon_ws/src/moveit2-humble/install/moveit_ros_planning:/home/colcon_ws/src/moveit2-humble/install/moveit_ros_occupancy_map_monitor:/home/colcon_ws/src/moveit2-humble/install/moveit_core:/home/colcon_ws/src/moveit2-humble/install/moveit_common:/home/colcon_ws/install/pilz_industrial_motion_planner_testutils:/home/colcon_ws/install/moveit_runtime:/home/colcon_ws/install/moveit2_tutorials:/home/colcon_ws/install/moveit:/home/colcon_ws/install/moveit_planners:/home/colcon_ws/install/pilz_industrial_motion_planner:/home/colcon_ws/install/moveit_visual_tools:/home/colcon_ws/install/moveit_task_constructor_visualization:/home/colcon_ws/install/moveit_task_constructor_demo:/home/colcon_ws/install/moveit_task_constructor_capabilities:/home/colcon_ws/install/moveit_task_constructor_core:/home/colcon_ws/install/moveit_ros_control_interface:/home/colcon_ws/install/moveit_plugins:/home/colcon_ws/install/moveit_simple_controller_manager:/home/colcon_ws/install/moveit_setup_assistant:/home/colcon_ws/install/moveit_setup_srdf_plugins:/home/colcon_ws/install/moveit_setup_core_plugins:/home/colcon_ws/install/moveit_setup_controllers:/home/colcon_ws/install/moveit_setup_app_plugins:/home/colcon_ws/install/moveit_setup_framework:/home/colcon_ws/install/moveit_servo:/home/colcon_ws/install/moveit_ros:/home/colcon_ws/install/moveit_ros_visualization:/home/colcon_ws/install/moveit_hybrid_planning:/home/colcon_ws/install/moveit_ros_planning_interface:/home/colcon_ws/install/moveit_ros_benchmarks:/home/colcon_ws/install/moveit_ros_warehouse:/home/colcon_ws/install/moveit_ros_robot_interaction:/home/colcon_ws/install/moveit_ros_perception:/home/colcon_ws/install/moveit_resources_prbt_pg70_support:/home/colcon_ws/install/moveit_resources_prbt_moveit_config:/home/colcon_ws/install/moveit_ros_move_group:/home/colcon_ws/install/moveit_planners_ompl:/home/colcon_ws/install/moveit_ros_planning:/home/colcon_ws/install/moveit_ros_occupancy_map_monitor:/home/colcon_ws/install/moveit_resources_prbt_ikfast_manipulator_plugin:/home/colcon_ws/install/moveit_planners_chomp:/home/colcon_ws/install/moveit_kinematics:/home/colcon_ws/install/moveit_chomp_optimizer_adapter:/home/colcon_ws/install/chomp_motion_planner:/home/colcon_ws/install/moveit_core:/home/colcon_ws/install/srdfdom:/home/colcon_ws/install/rviz_marker_tools:/home/colcon_ws/install/rosparam_shortcuts:/home/colcon_ws/install/my_messages:/home/colcon_ws/install/moveit_task_constructor_msgs:/home/colcon_ws/install/moveit_resources_prbt_support:/home/colcon_ws/install/moveit_resources:/home/colcon_ws/install/moveit_resources_pr2_description:/home/colcon_ws/install/moveit_resources_panda_moveit_config:/home/colcon_ws/install/moveit_resources_panda_description:/home/colcon_ws/install/moveit_resources_fanuc_moveit_config:/home/colcon_ws/install/moveit_resources_fanuc_description:/home/colcon_ws/install/moveit_common:/home/colcon_ws/install/goal_change_interfaces:/home/colcon_ws/install/cpp_srvcli:/home/colcon_ws/install/moveit_configs_utils:/home/colcon_ws/install/launch_param_builder:/opt/ros/humble LD_LIBRARY_PATH=/home/colcon_ws/src/moveit2-humble/install/moveit_ros_planning/lib:/home/colcon_ws/src/moveit2-humble/install/moveit_ros_occupancy_map_monitor/lib:/home/colcon_ws/src/moveit2-humble/install/moveit_core/lib:${LD_LIBRARY_PATH} PATH=/home/colcon_ws/src/moveit2-humble/install/moveit_core/bin:${PATH} PYTHONPATH=/home/colcon_ws/src/moveit2-humble/install/moveit_configs_utils/lib/python3.10/site-packages:${PYTHONPATH} /usr/bin/cmake --build /home/colcon_ws/src/moveit2-humble/build/moveit_kinematics -- -j16 -l16
[0.258s] Invoking command in '/home/colcon_ws/src/moveit2-humble/build/moveit_kinematics': AMENT_PREFIX_PATH=/home/colcon_ws/src/moveit2-humble/install/moveit_ros_planning:/home/colcon_ws/src/moveit2-humble/install/moveit_ros_occupancy_map_monitor:/home/colcon_ws/src/moveit2-humble/install/moveit_core:/home/colcon_ws/src/moveit2-humble/install/moveit_configs_utils:/home/colcon_ws/src/moveit2-humble/install/moveit_common:${AMENT_PREFIX_PATH} CMAKE_PREFIX_PATH=/home/colcon_ws/src/moveit2-humble/install/moveit_ros_planning:/home/colcon_ws/src/moveit2-humble/install/moveit_ros_occupancy_map_monitor:/home/colcon_ws/src/moveit2-humble/install/moveit_core:/home/colcon_ws/src/moveit2-humble/install/moveit_common:/home/colcon_ws/install/pilz_industrial_motion_planner_testutils:/home/colcon_ws/install/moveit_runtime:/home/colcon_ws/install/moveit2_tutorials:/home/colcon_ws/install/moveit:/home/colcon_ws/install/moveit_planners:/home/colcon_ws/install/pilz_industrial_motion_planner:/home/colcon_ws/install/moveit_visual_tools:/home/colcon_ws/install/moveit_task_constructor_visualization:/home/colcon_ws/install/moveit_task_constructor_demo:/home/colcon_ws/install/moveit_task_constructor_capabilities:/home/colcon_ws/install/moveit_task_constructor_core:/home/colcon_ws/install/moveit_ros_control_interface:/home/colcon_ws/install/moveit_plugins:/home/colcon_ws/install/moveit_simple_controller_manager:/home/colcon_ws/install/moveit_setup_assistant:/home/colcon_ws/install/moveit_setup_srdf_plugins:/home/colcon_ws/install/moveit_setup_core_plugins:/home/colcon_ws/install/moveit_setup_controllers:/home/colcon_ws/install/moveit_setup_app_plugins:/home/colcon_ws/install/moveit_setup_framework:/home/colcon_ws/install/moveit_servo:/home/colcon_ws/install/moveit_ros:/home/colcon_ws/install/moveit_ros_visualization:/home/colcon_ws/install/moveit_hybrid_planning:/home/colcon_ws/install/moveit_ros_planning_interface:/home/colcon_ws/install/moveit_ros_benchmarks:/home/colcon_ws/install/moveit_ros_warehouse:/home/colcon_ws/install/moveit_ros_robot_interaction:/home/colcon_ws/install/moveit_ros_perception:/home/colcon_ws/install/moveit_resources_prbt_pg70_support:/home/colcon_ws/install/moveit_resources_prbt_moveit_config:/home/colcon_ws/install/moveit_ros_move_group:/home/colcon_ws/install/moveit_planners_ompl:/home/colcon_ws/install/moveit_ros_planning:/home/colcon_ws/install/moveit_ros_occupancy_map_monitor:/home/colcon_ws/install/moveit_resources_prbt_ikfast_manipulator_plugin:/home/colcon_ws/install/moveit_planners_chomp:/home/colcon_ws/install/moveit_kinematics:/home/colcon_ws/install/moveit_chomp_optimizer_adapter:/home/colcon_ws/install/chomp_motion_planner:/home/colcon_ws/install/moveit_core:/home/colcon_ws/install/srdfdom:/home/colcon_ws/install/rviz_marker_tools:/home/colcon_ws/install/rosparam_shortcuts:/home/colcon_ws/install/my_messages:/home/colcon_ws/install/moveit_task_constructor_msgs:/home/colcon_ws/install/moveit_resources_prbt_support:/home/colcon_ws/install/moveit_resources:/home/colcon_ws/install/moveit_resources_pr2_description:/home/colcon_ws/install/moveit_resources_panda_moveit_config:/home/colcon_ws/install/moveit_resources_panda_description:/home/colcon_ws/install/moveit_resources_fanuc_moveit_config:/home/colcon_ws/install/moveit_resources_fanuc_description:/home/colcon_ws/install/moveit_common:/home/colcon_ws/install/goal_change_interfaces:/home/colcon_ws/install/cpp_srvcli:/home/colcon_ws/install/moveit_configs_utils:/home/colcon_ws/install/launch_param_builder:/opt/ros/humble LD_LIBRARY_PATH=/home/colcon_ws/src/moveit2-humble/install/moveit_ros_planning/lib:/home/colcon_ws/src/moveit2-humble/install/moveit_ros_occupancy_map_monitor/lib:/home/colcon_ws/src/moveit2-humble/install/moveit_core/lib:${LD_LIBRARY_PATH} PATH=/home/colcon_ws/src/moveit2-humble/install/moveit_core/bin:${PATH} PYTHONPATH=/home/colcon_ws/src/moveit2-humble/install/moveit_configs_utils/lib/python3.10/site-packages:${PYTHONPATH} /usr/bin/cmake --install /home/colcon_ws/src/moveit2-humble/build/moveit_kinematics
[0.266s] -- Install configuration: "Debug"
[0.266s] -- Up-to-date: /home/colcon_ws/src/moveit2-humble/install/moveit_kinematics/share/moveit_kinematics/kdl_kinematics_plugin_description.xml
[0.267s] -- Up-to-date: /home/colcon_ws/src/moveit2-humble/install/moveit_kinematics/share/moveit_kinematics/lma_kinematics_plugin_description.xml
[0.267s] -- Up-to-date: /home/colcon_ws/src/moveit2-humble/install/moveit_kinematics/share/moveit_kinematics/srv_kinematics_plugin_description.xml
[0.267s] -- Up-to-date: /home/colcon_ws/src/moveit2-humble/install/moveit_kinematics/share/moveit_kinematics/cached_ik_kinematics_plugin_description.xml
[0.267s] -- Up-to-date: /home/colcon_ws/src/moveit2-humble/install/moveit_kinematics/include
[0.267s] -- Up-to-date: /home/colcon_ws/src/moveit2-humble/install/moveit_kinematics/include/moveit
[0.267s] -- Up-to-date: /home/colcon_ws/src/moveit2-humble/install/moveit_kinematics/include/moveit/cached_ik_kinematics_plugin
[0.267s] -- Up-to-date: /home/colcon_ws/src/moveit2-humble/install/moveit_kinematics/include/moveit/cached_ik_kinematics_plugin/cached_ik_kinematics_plugin.h
[0.267s] -- Up-to-date: /home/colcon_ws/src/moveit2-humble/install/moveit_kinematics/include/moveit/cached_ik_kinematics_plugin/detail
[0.267s] -- Up-to-date: /home/colcon_ws/src/moveit2-humble/install/moveit_kinematics/include/moveit/cached_ik_kinematics_plugin/detail/GreedyKCenters.h
[0.267s] -- Up-to-date: /home/colcon_ws/src/moveit2-humble/install/moveit_kinematics/include/moveit/cached_ik_kinematics_plugin/detail/NearestNeighborsGNAT.h
[0.267s] -- Up-to-date: /home/colcon_ws/src/moveit2-humble/install/moveit_kinematics/include/moveit/cached_ik_kinematics_plugin/detail/NearestNeighbors.h
[0.267s] -- Up-to-date: /home/colcon_ws/src/moveit2-humble/install/moveit_kinematics/include/moveit/cached_ik_kinematics_plugin/cached_ik_kinematics_plugin-inl.h
[0.267s] -- Up-to-date: /home/colcon_ws/src/moveit2-humble/install/moveit_kinematics/share/moveit_kinematics/launch
[0.268s] -- Up-to-date: /home/colcon_ws/src/moveit2-humble/install/moveit_kinematics/share/moveit_kinematics/launch/measure_ik_call_cost.launch
[0.268s] -- Up-to-date: /home/colcon_ws/src/moveit2-humble/install/moveit_kinematics/lib/moveit_kinematics/auto_create_ikfast_moveit_plugin.sh
[0.268s] -- Up-to-date: /home/colcon_ws/src/moveit2-humble/install/moveit_kinematics/lib/moveit_kinematics/create_ikfast_moveit_plugin.py
[0.268s] -- Up-to-date: /home/colcon_ws/src/moveit2-humble/install/moveit_kinematics/lib/moveit_kinematics/round_collada_numbers.py
[0.268s] -- Up-to-date: /home/colcon_ws/src/moveit2-humble/install/moveit_kinematics/share/moveit_kinematics/ikfast_kinematics_plugin/templates
[0.268s] -- Up-to-date: /home/colcon_ws/src/moveit2-humble/install/moveit_kinematics/share/moveit_kinematics/ikfast_kinematics_plugin/templates/ikfast.h
[0.268s] -- Up-to-date: /home/colcon_ws/src/moveit2-humble/install/moveit_kinematics/share/moveit_kinematics/ikfast_kinematics_plugin/templates/ikfast61_moveit_plugin_template.cpp
[0.268s] -- Up-to-date: /home/colcon_ws/src/moveit2-humble/install/moveit_kinematics/share/moveit_kinematics/ikfast_kinematics_plugin/templates/CMakeLists.txt
[0.268s] -- Up-to-date: /home/colcon_ws/src/moveit2-humble/install/moveit_kinematics/include
[0.268s] -- Up-to-date: /home/colcon_ws/src/moveit2-humble/install/moveit_kinematics/include/moveit
[0.268s] -- Up-to-date: /home/colcon_ws/src/moveit2-humble/install/moveit_kinematics/include/moveit/kdl_kinematics_plugin
[0.268s] -- Up-to-date: /home/colcon_ws/src/moveit2-humble/install/moveit_kinematics/include/moveit/kdl_kinematics_plugin/chainiksolver_vel_mimic_svd.hpp
[0.268s] -- Up-to-date: /home/colcon_ws/src/moveit2-humble/install/moveit_kinematics/include/moveit/kdl_kinematics_plugin/joint_mimic.hpp
[0.268s] -- Up-to-date: /home/colcon_ws/src/moveit2-humble/install/moveit_kinematics/include/moveit/kdl_kinematics_plugin/kdl_kinematics_plugin.h
[0.268s] -- Up-to-date: /home/colcon_ws/src/moveit2-humble/install/moveit_kinematics/include
[0.269s] -- Up-to-date: /home/colcon_ws/src/moveit2-humble/install/moveit_kinematics/include/moveit
[0.269s] -- Up-to-date: /home/colcon_ws/src/moveit2-humble/install/moveit_kinematics/include/moveit/lma_kinematics_plugin
[0.269s] -- Up-to-date: /home/colcon_ws/src/moveit2-humble/install/moveit_kinematics/include/moveit/lma_kinematics_plugin/lma_kinematics_plugin.h
[0.269s] -- Up-to-date: /home/colcon_ws/src/moveit2-humble/install/moveit_kinematics/include
[0.269s] -- Up-to-date: /home/colcon_ws/src/moveit2-humble/install/moveit_kinematics/include/moveit
[0.269s] -- Up-to-date: /home/colcon_ws/src/moveit2-humble/install/moveit_kinematics/include/moveit/srv_kinematics_plugin
[0.269s] -- Up-to-date: /home/colcon_ws/src/moveit2-humble/install/moveit_kinematics/include/moveit/srv_kinematics_plugin/srv_kinematics_plugin.h
[0.269s] -- Up-to-date: /home/colcon_ws/src/moveit2-humble/install/moveit_kinematics/share/moveit_kinematics/config
[0.269s] -- Up-to-date: /home/colcon_ws/src/moveit2-humble/install/moveit_kinematics/share/moveit_kinematics/config/fanuc-lma-test.yaml
[0.269s] -- Up-to-date: /home/colcon_ws/src/moveit2-humble/install/moveit_kinematics/share/moveit_kinematics/config/panda-kdl-singular-test.yaml
[0.269s] -- Up-to-date: /home/colcon_ws/src/moveit2-humble/install/moveit_kinematics/share/moveit_kinematics/config/panda-lma-singular-test.yaml
[0.269s] -- Up-to-date: /home/colcon_ws/src/moveit2-humble/install/moveit_kinematics/share/moveit_kinematics/config/panda-lma-test.yaml
[0.269s] -- Up-to-date: /home/colcon_ws/src/moveit2-humble/install/moveit_kinematics/share/moveit_kinematics/config/fanuc-kdl-test.yaml
[0.269s] -- Up-to-date: /home/colcon_ws/src/moveit2-humble/install/moveit_kinematics/share/moveit_kinematics/config/panda-kdl-test.yaml
[0.269s] -- Up-to-date: /home/colcon_ws/src/moveit2-humble/install/moveit_kinematics/share/moveit_kinematics/config/fanuc-kdl-singular-test.yaml
[0.269s] -- Up-to-date: /home/colcon_ws/src/moveit2-humble/install/moveit_kinematics/share/moveit_kinematics/config/fanuc-lma-singular-test.yaml
[0.269s] -- Up-to-date: /home/colcon_ws/src/moveit2-humble/install/moveit_kinematics/share/moveit_kinematics/launch
[0.269s] -- Up-to-date: /home/colcon_ws/src/moveit2-humble/install/moveit_kinematics/share/moveit_kinematics/launch/fanuc-lma.test.py
[0.270s] -- Up-to-date: /home/colcon_ws/src/moveit2-humble/install/moveit_kinematics/share/moveit_kinematics/launch/fanuc-kdl.test.py
[0.270s] -- Up-to-date: /home/colcon_ws/src/moveit2-humble/install/moveit_kinematics/share/moveit_kinematics/launch/fanuc-kdl-singular.test.py
[0.270s] -- Up-to-date: /home/colcon_ws/src/moveit2-humble/install/moveit_kinematics/share/moveit_kinematics/launch/panda-lma.test.py
[0.270s] -- Up-to-date: /home/colcon_ws/src/moveit2-humble/install/moveit_kinematics/share/moveit_kinematics/launch/panda-lma-singular.test.py
[0.270s] -- Up-to-date: /home/colcon_ws/src/moveit2-humble/install/moveit_kinematics/share/moveit_kinematics/launch/panda-kdl-singular.test.py
[0.270s] -- Up-to-date: /home/colcon_ws/src/moveit2-humble/install/moveit_kinematics/share/moveit_kinematics/launch/panda-kdl.test.py
[0.270s] -- Up-to-date: /home/colcon_ws/src/moveit2-humble/install/moveit_kinematics/share/moveit_kinematics/launch/fanuc-lma-singular.test.py
[0.270s] -- Up-to-date: /home/colcon_ws/src/moveit2-humble/install/moveit_kinematics/lib/moveit_kinematics/benchmark_ik
[0.270s] -- Up-to-date: /home/colcon_ws/src/moveit2-humble/install/moveit_kinematics/lib/moveit_kinematics/test_kinematics_plugin
[0.270s] -- Up-to-date: /home/colcon_ws/src/moveit2-humble/install/moveit_kinematics/lib/libmoveit_cached_ik_kinematics_base.so.2.5.4
[0.270s] -- Up-to-date: /home/colcon_ws/src/moveit2-humble/install/moveit_kinematics/lib/libmoveit_cached_ik_kinematics_base.so
[0.270s] -- Up-to-date: /home/colcon_ws/src/moveit2-humble/install/moveit_kinematics/lib/libmoveit_cached_ik_kinematics_plugin.so.2.5.4
[0.270s] -- Up-to-date: /home/colcon_ws/src/moveit2-humble/install/moveit_kinematics/lib/libmoveit_cached_ik_kinematics_plugin.so
[0.270s] -- Up-to-date: /home/colcon_ws/src/moveit2-humble/install/moveit_kinematics/lib/libmoveit_kdl_kinematics_plugin.so
[0.271s] -- Up-to-date: /home/colcon_ws/src/moveit2-humble/install/moveit_kinematics/lib/libmoveit_lma_kinematics_plugin.so.2.5.4
[0.271s] -- Up-to-date: /home/colcon_ws/src/moveit2-humble/install/moveit_kinematics/lib/libmoveit_lma_kinematics_plugin.so
[0.271s] -- Up-to-date: /home/colcon_ws/src/moveit2-humble/install/moveit_kinematics/lib/libmoveit_srv_kinematics_plugin.so.2.5.4
[0.271s] -- Up-to-date: /home/colcon_ws/src/moveit2-humble/install/moveit_kinematics/lib/libmoveit_srv_kinematics_plugin.so
[0.271s] -- Up-to-date: /home/colcon_ws/src/moveit2-humble/install/moveit_kinematics/share/moveit_kinematics/environment/library_path.sh
[0.271s] -- Up-to-date: /home/colcon_ws/src/moveit2-humble/install/moveit_kinematics/share/moveit_kinematics/environment/library_path.dsv
[0.271s] -- Up-to-date: /home/colcon_ws/src/moveit2-humble/install/moveit_kinematics/share/ament_index/resource_index/package_run_dependencies/moveit_kinematics
[0.271s] -- Up-to-date: /home/colcon_ws/src/moveit2-humble/install/moveit_kinematics/share/ament_index/resource_index/parent_prefix_path/moveit_kinematics
[0.271s] -- Up-to-date: /home/colcon_ws/src/moveit2-humble/install/moveit_kinematics/share/moveit_kinematics/environment/ament_prefix_path.sh
[0.272s] -- Up-to-date: /home/colcon_ws/src/moveit2-humble/install/moveit_kinematics/share/moveit_kinematics/environment/ament_prefix_path.dsv
[0.272s] -- Up-to-date: /home/colcon_ws/src/moveit2-humble/install/moveit_kinematics/share/moveit_kinematics/environment/path.sh
[0.272s] -- Up-to-date: /home/colcon_ws/src/moveit2-humble/install/moveit_kinematics/share/moveit_kinematics/environment/path.dsv
[0.272s] -- Up-to-date: /home/colcon_ws/src/moveit2-humble/install/moveit_kinematics/share/moveit_kinematics/local_setup.bash
[0.272s] -- Up-to-date: /home/colcon_ws/src/moveit2-humble/install/moveit_kinematics/share/moveit_kinematics/local_setup.sh
[0.272s] -- Up-to-date: /home/colcon_ws/src/moveit2-humble/install/moveit_kinematics/share/moveit_kinematics/local_setup.zsh
[0.272s] -- Up-to-date: /home/colcon_ws/src/moveit2-humble/install/moveit_kinematics/share/moveit_kinematics/local_setup.dsv
[0.272s] -- Installing: /home/colcon_ws/src/moveit2-humble/install/moveit_kinematics/share/moveit_kinematics/package.dsv
[0.272s] -- Up-to-date: /home/colcon_ws/src/moveit2-humble/install/moveit_kinematics/share/ament_index/resource_index/packages/moveit_kinematics
[0.272s] -- Up-to-date: /home/colcon_ws/src/moveit2-humble/install/moveit_kinematics/share/ament_index/resource_index/moveit_core__pluginlib__plugin/moveit_kinematics
[0.272s] -- Up-to-date: /home/colcon_ws/src/moveit2-humble/install/moveit_kinematics/share/moveit_kinematics/cmake/export_moveit_kinematicsExport.cmake
[0.272s] -- Up-to-date: /home/colcon_ws/src/moveit2-humble/install/moveit_kinematics/share/moveit_kinematics/cmake/export_moveit_kinematicsExport-debug.cmake
[0.272s] -- Up-to-date: /home/colcon_ws/src/moveit2-humble/install/moveit_kinematics/share/moveit_kinematics/cmake/ConfigExtras.cmake
[0.272s] -- Up-to-date: /home/colcon_ws/src/moveit2-humble/install/moveit_kinematics/share/moveit_kinematics/cmake/ament_cmake_export_targets-extras.cmake
[0.273s] -- Up-to-date: /home/colcon_ws/src/moveit2-humble/install/moveit_kinematics/share/moveit_kinematics/cmake/ament_cmake_export_dependencies-extras.cmake
[0.273s] -- Up-to-date: /home/colcon_ws/src/moveit2-humble/install/moveit_kinematics/share/moveit_kinematics/cmake/moveit_kinematicsConfig.cmake
[0.273s] -- Up-to-date: /home/colcon_ws/src/moveit2-humble/install/moveit_kinematics/share/moveit_kinematics/cmake/moveit_kinematicsConfig-version.cmake
[0.273s] -- Up-to-date: /home/colcon_ws/src/moveit2-humble/install/moveit_kinematics/share/moveit_kinematics/package.xml
[0.276s] Invoked command in '/home/colcon_ws/src/moveit2-humble/build/moveit_kinematics' returned '0': AMENT_PREFIX_PATH=/home/colcon_ws/src/moveit2-humble/install/moveit_ros_planning:/home/colcon_ws/src/moveit2-humble/install/moveit_ros_occupancy_map_monitor:/home/colcon_ws/src/moveit2-humble/install/moveit_core:/home/colcon_ws/src/moveit2-humble/install/moveit_configs_utils:/home/colcon_ws/src/moveit2-humble/install/moveit_common:${AMENT_PREFIX_PATH} CMAKE_PREFIX_PATH=/home/colcon_ws/src/moveit2-humble/install/moveit_ros_planning:/home/colcon_ws/src/moveit2-humble/install/moveit_ros_occupancy_map_monitor:/home/colcon_ws/src/moveit2-humble/install/moveit_core:/home/colcon_ws/src/moveit2-humble/install/moveit_common:/home/colcon_ws/install/pilz_industrial_motion_planner_testutils:/home/colcon_ws/install/moveit_runtime:/home/colcon_ws/install/moveit2_tutorials:/home/colcon_ws/install/moveit:/home/colcon_ws/install/moveit_planners:/home/colcon_ws/install/pilz_industrial_motion_planner:/home/colcon_ws/install/moveit_visual_tools:/home/colcon_ws/install/moveit_task_constructor_visualization:/home/colcon_ws/install/moveit_task_constructor_demo:/home/colcon_ws/install/moveit_task_constructor_capabilities:/home/colcon_ws/install/moveit_task_constructor_core:/home/colcon_ws/install/moveit_ros_control_interface:/home/colcon_ws/install/moveit_plugins:/home/colcon_ws/install/moveit_simple_controller_manager:/home/colcon_ws/install/moveit_setup_assistant:/home/colcon_ws/install/moveit_setup_srdf_plugins:/home/colcon_ws/install/moveit_setup_core_plugins:/home/colcon_ws/install/moveit_setup_controllers:/home/colcon_ws/install/moveit_setup_app_plugins:/home/colcon_ws/install/moveit_setup_framework:/home/colcon_ws/install/moveit_servo:/home/colcon_ws/install/moveit_ros:/home/colcon_ws/install/moveit_ros_visualization:/home/colcon_ws/install/moveit_hybrid_planning:/home/colcon_ws/install/moveit_ros_planning_interface:/home/colcon_ws/install/moveit_ros_benchmarks:/home/colcon_ws/install/moveit_ros_warehouse:/home/colcon_ws/install/moveit_ros_robot_interaction:/home/colcon_ws/install/moveit_ros_perception:/home/colcon_ws/install/moveit_resources_prbt_pg70_support:/home/colcon_ws/install/moveit_resources_prbt_moveit_config:/home/colcon_ws/install/moveit_ros_move_group:/home/colcon_ws/install/moveit_planners_ompl:/home/colcon_ws/install/moveit_ros_planning:/home/colcon_ws/install/moveit_ros_occupancy_map_monitor:/home/colcon_ws/install/moveit_resources_prbt_ikfast_manipulator_plugin:/home/colcon_ws/install/moveit_planners_chomp:/home/colcon_ws/install/moveit_kinematics:/home/colcon_ws/install/moveit_chomp_optimizer_adapter:/home/colcon_ws/install/chomp_motion_planner:/home/colcon_ws/install/moveit_core:/home/colcon_ws/install/srdfdom:/home/colcon_ws/install/rviz_marker_tools:/home/colcon_ws/install/rosparam_shortcuts:/home/colcon_ws/install/my_messages:/home/colcon_ws/install/moveit_task_constructor_msgs:/home/colcon_ws/install/moveit_resources_prbt_support:/home/colcon_ws/install/moveit_resources:/home/colcon_ws/install/moveit_resources_pr2_description:/home/colcon_ws/install/moveit_resources_panda_moveit_config:/home/colcon_ws/install/moveit_resources_panda_description:/home/colcon_ws/install/moveit_resources_fanuc_moveit_config:/home/colcon_ws/install/moveit_resources_fanuc_description:/home/colcon_ws/install/moveit_common:/home/colcon_ws/install/goal_change_interfaces:/home/colcon_ws/install/cpp_srvcli:/home/colcon_ws/install/moveit_configs_utils:/home/colcon_ws/install/launch_param_builder:/opt/ros/humble LD_LIBRARY_PATH=/home/colcon_ws/src/moveit2-humble/install/moveit_ros_planning/lib:/home/colcon_ws/src/moveit2-humble/install/moveit_ros_occupancy_map_monitor/lib:/home/colcon_ws/src/moveit2-humble/install/moveit_core/lib:${LD_LIBRARY_PATH} PATH=/home/colcon_ws/src/moveit2-humble/install/moveit_core/bin:${PATH} PYTHONPATH=/home/colcon_ws/src/moveit2-humble/install/moveit_configs_utils/lib/python3.10/site-packages:${PYTHONPATH} /usr/bin/cmake --install /home/colcon_ws/src/moveit2-humble/build/moveit_kinematics
