[0.026s] Invoking command in '/home/colcon_ws/src/moveit2-humble/build/moveit_ros_planning': AMENT_PREFIX_PATH=/home/colcon_ws/src/moveit2-humble/install/moveit_ros_occupancy_map_monitor:/home/colcon_ws/src/moveit2-humble/install/moveit_core:/home/colcon_ws/src/moveit2-humble/install/moveit_common:${AMENT_PREFIX_PATH} CMAKE_PREFIX_PATH=/home/colcon_ws/src/moveit2-humble/install/moveit_ros_occupancy_map_monitor:/home/colcon_ws/src/moveit2-humble/install/moveit_core:/home/colcon_ws/src/moveit2-humble/install/moveit_common:/home/colcon_ws/install/pilz_industrial_motion_planner_testutils:/home/colcon_ws/install/moveit_runtime:/home/colcon_ws/install/moveit2_tutorials:/home/colcon_ws/install/moveit:/home/colcon_ws/install/moveit_planners:/home/colcon_ws/install/pilz_industrial_motion_planner:/home/colcon_ws/install/moveit_visual_tools:/home/colcon_ws/install/moveit_task_constructor_visualization:/home/colcon_ws/install/moveit_task_constructor_demo:/home/colcon_ws/install/moveit_task_constructor_capabilities:/home/colcon_ws/install/moveit_task_constructor_core:/home/colcon_ws/install/moveit_ros_control_interface:/home/colcon_ws/install/moveit_plugins:/home/colcon_ws/install/moveit_simple_controller_manager:/home/colcon_ws/install/moveit_setup_assistant:/home/colcon_ws/install/moveit_setup_srdf_plugins:/home/colcon_ws/install/moveit_setup_core_plugins:/home/colcon_ws/install/moveit_setup_controllers:/home/colcon_ws/install/moveit_setup_app_plugins:/home/colcon_ws/install/moveit_setup_framework:/home/colcon_ws/install/moveit_servo:/home/colcon_ws/install/moveit_ros:/home/colcon_ws/install/moveit_ros_visualization:/home/colcon_ws/install/moveit_hybrid_planning:/home/colcon_ws/install/moveit_ros_planning_interface:/home/colcon_ws/install/moveit_ros_benchmarks:/home/colcon_ws/install/moveit_ros_warehouse:/home/colcon_ws/install/moveit_ros_robot_interaction:/home/colcon_ws/install/moveit_ros_perception:/home/colcon_ws/install/moveit_resources_prbt_pg70_support:/home/colcon_ws/install/moveit_resources_prbt_moveit_config:/home/colcon_ws/install/moveit_ros_move_group:/home/colcon_ws/install/moveit_planners_ompl:/home/colcon_ws/install/moveit_ros_planning:/home/colcon_ws/install/moveit_ros_occupancy_map_monitor:/home/colcon_ws/install/moveit_resources_prbt_ikfast_manipulator_plugin:/home/colcon_ws/install/moveit_planners_chomp:/home/colcon_ws/install/moveit_kinematics:/home/colcon_ws/install/moveit_chomp_optimizer_adapter:/home/colcon_ws/install/chomp_motion_planner:/home/colcon_ws/install/moveit_core:/home/colcon_ws/install/srdfdom:/home/colcon_ws/install/rviz_marker_tools:/home/colcon_ws/install/rosparam_shortcuts:/home/colcon_ws/install/my_messages:/home/colcon_ws/install/moveit_task_constructor_msgs:/home/colcon_ws/install/moveit_resources_prbt_support:/home/colcon_ws/install/moveit_resources:/home/colcon_ws/install/moveit_resources_pr2_description:/home/colcon_ws/install/moveit_resources_panda_moveit_config:/home/colcon_ws/install/moveit_resources_panda_description:/home/colcon_ws/install/moveit_resources_fanuc_moveit_config:/home/colcon_ws/install/moveit_resources_fanuc_description:/home/colcon_ws/install/moveit_common:/home/colcon_ws/install/goal_change_interfaces:/home/colcon_ws/install/cpp_srvcli:/home/colcon_ws/install/moveit_configs_utils:/home/colcon_ws/install/launch_param_builder:/opt/ros/humble LD_LIBRARY_PATH=/home/colcon_ws/src/moveit2-humble/install/moveit_ros_occupancy_map_monitor/lib:/home/colcon_ws/src/moveit2-humble/install/moveit_core/lib:${LD_LIBRARY_PATH} PATH=/home/colcon_ws/src/moveit2-humble/install/moveit_core/bin:${PATH} /usr/bin/cmake /home/colcon_ws/src/moveit2-humble/moveit_ros/planning -DCMAKE_INSTALL_PREFIX=/home/colcon_ws/src/moveit2-humble/install/moveit_ros_planning
[0.034s] -- Found moveit_common: 2.5.4 (/home/colcon_ws/src/moveit2-humble/install/moveit_common/share/moveit_common/cmake)
[0.034s] -- Found ament_cmake: 1.3.4 (/opt/ros/humble/share/ament_cmake/cmake)
[0.225s] -- Could NOT find libbfd (missing: LIBBFD_LIBRARY LIBBFD_INCLUDE_DIR) 
[0.225s] -- BACKWARD_HAS_UNWIND=1
[0.225s] -- BACKWARD_HAS_BACKTRACE=0
[0.225s] -- BACKWARD_HAS_BACKTRACE_SYMBOL=0
[0.225s] -- BACKWARD_HAS_DW=1
[0.225s] -- BACKWARD_HAS_BFD=0
[0.225s] -- Found Backward: /opt/ros/humble/share/backward_ros/cmake  
[0.226s] -- Found moveit_msgs: 2.2.1 (/opt/ros/humble/share/moveit_msgs/cmake)
[0.242s] -- Found rosidl_generator_c: 3.1.4 (/opt/ros/humble/share/rosidl_generator_c/cmake)
[0.244s] -- Found rosidl_adapter: 3.1.4 (/opt/ros/humble/share/rosidl_adapter/cmake)
[0.249s] -- Found rosidl_generator_cpp: 3.1.4 (/opt/ros/humble/share/rosidl_generator_cpp/cmake)
[0.260s] -- Using all available rosidl_typesupport_c: rosidl_typesupport_fastrtps_c;rosidl_typesupport_introspection_c
[0.274s] -- Using all available rosidl_typesupport_cpp: rosidl_typesupport_fastrtps_cpp;rosidl_typesupport_introspection_cpp
[0.995s] -- Found pluginlib: 5.1.0 (/opt/ros/humble/share/pluginlib/cmake)
[1.016s] -- Found rclcpp: 16.0.4 (/opt/ros/humble/share/rclcpp/cmake)
[1.057s] -- Found rmw_implementation_cmake: 6.1.1 (/opt/ros/humble/share/rmw_implementation_cmake/cmake)
[1.060s] -- Found rmw_fastrtps_cpp: 6.2.2 (/opt/ros/humble/share/rmw_fastrtps_cpp/cmake)
[1.195s] -- Using RMW implementation 'rmw_fastrtps_cpp' as default
[1.303s] -- Found message_filters: 4.3.3 (/opt/ros/humble/share/message_filters/cmake)
[1.308s] -- Found srdfdom: 2.0.4 (/home/colcon_ws/install/srdfdom/share/srdfdom/cmake)
[1.314s] -- Found tf2: 0.25.2 (/opt/ros/humble/share/tf2/cmake)
[1.320s] -- Found tf2_geometry_msgs: 0.25.2 (/opt/ros/humble/share/tf2_geometry_msgs/cmake)
[1.324s] -- Found eigen3_cmake_module: 0.1.1 (/opt/ros/humble/share/eigen3_cmake_module/cmake)
[1.325s] -- Ensuring Eigen3 include directory is part of orocos-kdl CMake target
[1.565s] -- Found tf2_eigen: 0.25.2 (/opt/ros/humble/share/tf2_eigen/cmake)
[1.570s] -- Found moveit_core: 2.5.4 (/home/colcon_ws/src/moveit2-humble/install/moveit_core/share/moveit_core/cmake)
[1.582s] -- Found Boost: /usr/lib/x86_64-linux-gnu/cmake/Boost-1.74.0/BoostConfig.cmake (found version "1.74.0") found components: chrono date_time filesystem iostreams program_options regex serialization system thread 
[1.588s] -- Found parameter_traits: 0.3.3 (/opt/ros/humble/share/parameter_traits/cmake)
[1.600s] -- Found rclcpp_lifecycle: 16.0.4 (/opt/ros/humble/share/rclcpp_lifecycle/cmake)
[1.636s] -- Found Boost: /usr/lib/x86_64-linux-gnu/cmake/Boost-1.74.0/BoostConfig.cmake (found version "1.74.0") found components: filesystem 
[1.676s] -- library: /usr/lib/x86_64-linux-gnu/libcurl.so
[2.004s] -- Found moveit_ros_occupancy_map_monitor: 2.5.4 (/home/colcon_ws/src/moveit2-humble/install/moveit_ros_occupancy_map_monitor/share/moveit_ros_occupancy_map_monitor/cmake)
[2.192s] -- Found Boost: /usr/lib/x86_64-linux-gnu/cmake/Boost-1.74.0/BoostConfig.cmake (found version "1.74.0") found components: system filesystem date_time program_options thread chrono 
[2.321s] -- Found ament_cmake_gtest: 1.3.4 (/opt/ros/humble/share/ament_cmake_gtest/cmake)
[2.321s] -- Found ament_cmake_gmock: 1.3.4 (/opt/ros/humble/share/ament_cmake_gmock/cmake)
[2.322s] -- Found gmock sources under '/opt/ros/humble/src/gmock_vendor': C++ tests using 'Google Mock' will be built
[2.323s] -- Found gtest sources under '/opt/ros/humble/src/gtest_vendor': C++ tests using 'Google Test' will be built
[2.382s] -- Found ament_lint_auto: 0.12.6 (/opt/ros/humble/share/ament_lint_auto/cmake)
[2.386s] -- Found launch_testing_ament_cmake: 1.0.4 (/opt/ros/humble/share/launch_testing_ament_cmake/cmake)
[2.387s] -- Found python_cmake_module: 0.10.0 (/opt/ros/humble/share/python_cmake_module/cmake)
[2.407s] -- Using PYTHON_EXECUTABLE: /usr/bin/python3
[2.407s] -- Using PYTHON_INCLUDE_DIRS: /usr/include/python3.10
[2.407s] -- Using PYTHON_LIBRARIES: /usr/lib/x86_64-linux-gnu/libpython3.10.so
[2.420s] -- Added test 'cppcheck' to perform static code analysis on C / C++ code
[2.421s] -- Configured cppcheck include dirs: /home/colcon_ws/src/moveit2-humble/moveit_ros/planning/rdf_loader/include;/home/colcon_ws/src/moveit2-humble/moveit_ros/planning/kinematics_plugin_loader/include;/home/colcon_ws/src/moveit2-humble/moveit_ros/planning/robot_model_loader/include;/home/colcon_ws/src/moveit2-humble/moveit_ros/planning/constraint_sampler_manager_loader/include;/home/colcon_ws/src/moveit2-humble/moveit_ros/planning/planning_pipeline/include;/home/colcon_ws/src/moveit2-humble/moveit_ros/planning/planning_scene_monitor/include;/home/colcon_ws/src/moveit2-humble/moveit_ros/planning/trajectory_execution_manager/include;/home/colcon_ws/src/moveit2-humble/moveit_ros/planning/plan_execution/include;/home/colcon_ws/src/moveit2-humble/moveit_ros/planning/collision_plugin_loader/include;/home/colcon_ws/src/moveit2-humble/moveit_ros/planning/moveit_cpp/include
[2.421s] -- Configured cppcheck exclude dirs and/or files: 
[2.424s] -- Added test 'lint_cmake' to check CMake code style
[2.425s] -- Added test 'pep257' to check Python code against some of the docstring style conventions in PEP 257
[2.426s] -- Added test 'xmllint' to check XML markup files
[2.428s] -- Configuring done
[2.738s] -- Generating done
[2.743s] -- Build files have been written to: /home/colcon_ws/src/moveit2-humble/build/moveit_ros_planning
[2.761s] Invoked command in '/home/colcon_ws/src/moveit2-humble/build/moveit_ros_planning' returned '0': AMENT_PREFIX_PATH=/home/colcon_ws/src/moveit2-humble/install/moveit_ros_occupancy_map_monitor:/home/colcon_ws/src/moveit2-humble/install/moveit_core:/home/colcon_ws/src/moveit2-humble/install/moveit_common:${AMENT_PREFIX_PATH} CMAKE_PREFIX_PATH=/home/colcon_ws/src/moveit2-humble/install/moveit_ros_occupancy_map_monitor:/home/colcon_ws/src/moveit2-humble/install/moveit_core:/home/colcon_ws/src/moveit2-humble/install/moveit_common:/home/colcon_ws/install/pilz_industrial_motion_planner_testutils:/home/colcon_ws/install/moveit_runtime:/home/colcon_ws/install/moveit2_tutorials:/home/colcon_ws/install/moveit:/home/colcon_ws/install/moveit_planners:/home/colcon_ws/install/pilz_industrial_motion_planner:/home/colcon_ws/install/moveit_visual_tools:/home/colcon_ws/install/moveit_task_constructor_visualization:/home/colcon_ws/install/moveit_task_constructor_demo:/home/colcon_ws/install/moveit_task_constructor_capabilities:/home/colcon_ws/install/moveit_task_constructor_core:/home/colcon_ws/install/moveit_ros_control_interface:/home/colcon_ws/install/moveit_plugins:/home/colcon_ws/install/moveit_simple_controller_manager:/home/colcon_ws/install/moveit_setup_assistant:/home/colcon_ws/install/moveit_setup_srdf_plugins:/home/colcon_ws/install/moveit_setup_core_plugins:/home/colcon_ws/install/moveit_setup_controllers:/home/colcon_ws/install/moveit_setup_app_plugins:/home/colcon_ws/install/moveit_setup_framework:/home/colcon_ws/install/moveit_servo:/home/colcon_ws/install/moveit_ros:/home/colcon_ws/install/moveit_ros_visualization:/home/colcon_ws/install/moveit_hybrid_planning:/home/colcon_ws/install/moveit_ros_planning_interface:/home/colcon_ws/install/moveit_ros_benchmarks:/home/colcon_ws/install/moveit_ros_warehouse:/home/colcon_ws/install/moveit_ros_robot_interaction:/home/colcon_ws/install/moveit_ros_perception:/home/colcon_ws/install/moveit_resources_prbt_pg70_support:/home/colcon_ws/install/moveit_resources_prbt_moveit_config:/home/colcon_ws/install/moveit_ros_move_group:/home/colcon_ws/install/moveit_planners_ompl:/home/colcon_ws/install/moveit_ros_planning:/home/colcon_ws/install/moveit_ros_occupancy_map_monitor:/home/colcon_ws/install/moveit_resources_prbt_ikfast_manipulator_plugin:/home/colcon_ws/install/moveit_planners_chomp:/home/colcon_ws/install/moveit_kinematics:/home/colcon_ws/install/moveit_chomp_optimizer_adapter:/home/colcon_ws/install/chomp_motion_planner:/home/colcon_ws/install/moveit_core:/home/colcon_ws/install/srdfdom:/home/colcon_ws/install/rviz_marker_tools:/home/colcon_ws/install/rosparam_shortcuts:/home/colcon_ws/install/my_messages:/home/colcon_ws/install/moveit_task_constructor_msgs:/home/colcon_ws/install/moveit_resources_prbt_support:/home/colcon_ws/install/moveit_resources:/home/colcon_ws/install/moveit_resources_pr2_description:/home/colcon_ws/install/moveit_resources_panda_moveit_config:/home/colcon_ws/install/moveit_resources_panda_description:/home/colcon_ws/install/moveit_resources_fanuc_moveit_config:/home/colcon_ws/install/moveit_resources_fanuc_description:/home/colcon_ws/install/moveit_common:/home/colcon_ws/install/goal_change_interfaces:/home/colcon_ws/install/cpp_srvcli:/home/colcon_ws/install/moveit_configs_utils:/home/colcon_ws/install/launch_param_builder:/opt/ros/humble LD_LIBRARY_PATH=/home/colcon_ws/src/moveit2-humble/install/moveit_ros_occupancy_map_monitor/lib:/home/colcon_ws/src/moveit2-humble/install/moveit_core/lib:${LD_LIBRARY_PATH} PATH=/home/colcon_ws/src/moveit2-humble/install/moveit_core/bin:${PATH} /usr/bin/cmake /home/colcon_ws/src/moveit2-humble/moveit_ros/planning -DCMAKE_INSTALL_PREFIX=/home/colcon_ws/src/moveit2-humble/install/moveit_ros_planning
[2.761s] Invoking command in '/home/colcon_ws/src/moveit2-humble/build/moveit_ros_planning': AMENT_PREFIX_PATH=/home/colcon_ws/src/moveit2-humble/install/moveit_ros_occupancy_map_monitor:/home/colcon_ws/src/moveit2-humble/install/moveit_core:/home/colcon_ws/src/moveit2-humble/install/moveit_common:${AMENT_PREFIX_PATH} CMAKE_PREFIX_PATH=/home/colcon_ws/src/moveit2-humble/install/moveit_ros_occupancy_map_monitor:/home/colcon_ws/src/moveit2-humble/install/moveit_core:/home/colcon_ws/src/moveit2-humble/install/moveit_common:/home/colcon_ws/install/pilz_industrial_motion_planner_testutils:/home/colcon_ws/install/moveit_runtime:/home/colcon_ws/install/moveit2_tutorials:/home/colcon_ws/install/moveit:/home/colcon_ws/install/moveit_planners:/home/colcon_ws/install/pilz_industrial_motion_planner:/home/colcon_ws/install/moveit_visual_tools:/home/colcon_ws/install/moveit_task_constructor_visualization:/home/colcon_ws/install/moveit_task_constructor_demo:/home/colcon_ws/install/moveit_task_constructor_capabilities:/home/colcon_ws/install/moveit_task_constructor_core:/home/colcon_ws/install/moveit_ros_control_interface:/home/colcon_ws/install/moveit_plugins:/home/colcon_ws/install/moveit_simple_controller_manager:/home/colcon_ws/install/moveit_setup_assistant:/home/colcon_ws/install/moveit_setup_srdf_plugins:/home/colcon_ws/install/moveit_setup_core_plugins:/home/colcon_ws/install/moveit_setup_controllers:/home/colcon_ws/install/moveit_setup_app_plugins:/home/colcon_ws/install/moveit_setup_framework:/home/colcon_ws/install/moveit_servo:/home/colcon_ws/install/moveit_ros:/home/colcon_ws/install/moveit_ros_visualization:/home/colcon_ws/install/moveit_hybrid_planning:/home/colcon_ws/install/moveit_ros_planning_interface:/home/colcon_ws/install/moveit_ros_benchmarks:/home/colcon_ws/install/moveit_ros_warehouse:/home/colcon_ws/install/moveit_ros_robot_interaction:/home/colcon_ws/install/moveit_ros_perception:/home/colcon_ws/install/moveit_resources_prbt_pg70_support:/home/colcon_ws/install/moveit_resources_prbt_moveit_config:/home/colcon_ws/install/moveit_ros_move_group:/home/colcon_ws/install/moveit_planners_ompl:/home/colcon_ws/install/moveit_ros_planning:/home/colcon_ws/install/moveit_ros_occupancy_map_monitor:/home/colcon_ws/install/moveit_resources_prbt_ikfast_manipulator_plugin:/home/colcon_ws/install/moveit_planners_chomp:/home/colcon_ws/install/moveit_kinematics:/home/colcon_ws/install/moveit_chomp_optimizer_adapter:/home/colcon_ws/install/chomp_motion_planner:/home/colcon_ws/install/moveit_core:/home/colcon_ws/install/srdfdom:/home/colcon_ws/install/rviz_marker_tools:/home/colcon_ws/install/rosparam_shortcuts:/home/colcon_ws/install/my_messages:/home/colcon_ws/install/moveit_task_constructor_msgs:/home/colcon_ws/install/moveit_resources_prbt_support:/home/colcon_ws/install/moveit_resources:/home/colcon_ws/install/moveit_resources_pr2_description:/home/colcon_ws/install/moveit_resources_panda_moveit_config:/home/colcon_ws/install/moveit_resources_panda_description:/home/colcon_ws/install/moveit_resources_fanuc_moveit_config:/home/colcon_ws/install/moveit_resources_fanuc_description:/home/colcon_ws/install/moveit_common:/home/colcon_ws/install/goal_change_interfaces:/home/colcon_ws/install/cpp_srvcli:/home/colcon_ws/install/moveit_configs_utils:/home/colcon_ws/install/launch_param_builder:/opt/ros/humble LD_LIBRARY_PATH=/home/colcon_ws/src/moveit2-humble/install/moveit_ros_occupancy_map_monitor/lib:/home/colcon_ws/src/moveit2-humble/install/moveit_core/lib:${LD_LIBRARY_PATH} PATH=/home/colcon_ws/src/moveit2-humble/install/moveit_core/bin:${PATH} /usr/bin/cmake --build /home/colcon_ws/src/moveit2-humble/build/moveit_ros_planning -- -j16 -l16
[2.812s] [35m[1mConsolidate compiler generated dependencies of target gmock_main[0m
[2.812s] [35m[1mConsolidate compiler generated dependencies of target moveit_collision_plugin_loader[0m
[2.815s] [35m[1mConsolidate compiler generated dependencies of target gmock[0m
[2.816s] [35m[1mConsolidate compiler generated dependencies of target moveit_rdf_loader[0m
[2.816s] [35m[1mConsolidate compiler generated dependencies of target moveit_list_request_adapter_plugins[0m
[2.817s] [35m[1mConsolidate compiler generated dependencies of target moveit_planning_pipeline[0m
[2.825s] [35m[1mConsolidate compiler generated dependencies of target moveit_default_planning_request_adapter_plugins[0m
[2.833s] [  3%] Built target gmock_main
[2.840s] [  8%] Built target gmock
[2.843s] [ 12%] Built target moveit_rdf_loader
[2.844s] [ 16%] Built target moveit_collision_plugin_loader
[2.856s] [ 19%] Built target moveit_list_request_adapter_plugins
[2.860s] [ 22%] Built target moveit_planning_pipeline
[2.861s] [35m[1mConsolidate compiler generated dependencies of target moveit_kinematics_plugin_loader[0m
[2.861s] [35m[1mConsolidate compiler generated dependencies of target moveit_constraint_sampler_manager_loader[0m
[2.888s] [ 25%] Built target moveit_kinematics_plugin_loader
[2.894s] [ 29%] Built target moveit_constraint_sampler_manager_loader
[2.904s] [35m[1mConsolidate compiler generated dependencies of target moveit_robot_model_loader[0m
[2.909s] [ 46%] Built target moveit_default_planning_request_adapter_plugins
[2.930s] [ 50%] Built target moveit_robot_model_loader
[2.944s] [35m[1mConsolidate compiler generated dependencies of target moveit_print_planning_model_info[0m
[2.949s] [35m[1mConsolidate compiler generated dependencies of target moveit_planning_scene_monitor[0m
[2.969s] [ 53%] Built target moveit_print_planning_model_info
[3.006s] [ 62%] Built target moveit_planning_scene_monitor
[3.023s] [35m[1mConsolidate compiler generated dependencies of target trajectory_monitor_tests[0m
[3.023s] [35m[1mConsolidate compiler generated dependencies of target moveit_print_planning_scene_info[0m
[3.023s] [35m[1mConsolidate compiler generated dependencies of target current_state_monitor_tests[0m
[3.027s] [35m[1mConsolidate compiler generated dependencies of target demo_scene[0m
[3.027s] [35m[1mConsolidate compiler generated dependencies of target moveit_publish_scene_from_text[0m
[3.027s] [35m[1mConsolidate compiler generated dependencies of target moveit_visualize_robot_collision_volume[0m
[3.029s] [35m[1mConsolidate compiler generated dependencies of target moveit_display_random_state[0m
[3.030s] [35m[1mConsolidate compiler generated dependencies of target moveit_trajectory_execution_manager[0m
[3.031s] [35m[1mConsolidate compiler generated dependencies of target moveit_evaluate_collision_checking_speed[0m
[3.066s] [ 66%] Built target moveit_print_planning_scene_info
[3.067s] [ 69%] Built target current_state_monitor_tests
[3.070s] [ 72%] Built target trajectory_monitor_tests
[3.075s] [ 75%] Built target demo_scene
[3.075s] [ 79%] Built target moveit_visualize_robot_collision_volume
[3.076s] [ 85%] Built target moveit_publish_scene_from_text
[3.076s] [ 85%] Built target moveit_trajectory_execution_manager
[3.077s] [ 88%] Built target moveit_evaluate_collision_checking_speed
[3.081s] [ 91%] Built target moveit_display_random_state
[3.092s] [35m[1mConsolidate compiler generated dependencies of target moveit_cpp[0m
[3.092s] [35m[1mConsolidate compiler generated dependencies of target moveit_plan_execution[0m
[3.131s] [ 95%] Built target moveit_plan_execution
[3.135s] [100%] Built target moveit_cpp
[3.147s] Invoked command in '/home/colcon_ws/src/moveit2-humble/build/moveit_ros_planning' returned '0': AMENT_PREFIX_PATH=/home/colcon_ws/src/moveit2-humble/install/moveit_ros_occupancy_map_monitor:/home/colcon_ws/src/moveit2-humble/install/moveit_core:/home/colcon_ws/src/moveit2-humble/install/moveit_common:${AMENT_PREFIX_PATH} CMAKE_PREFIX_PATH=/home/colcon_ws/src/moveit2-humble/install/moveit_ros_occupancy_map_monitor:/home/colcon_ws/src/moveit2-humble/install/moveit_core:/home/colcon_ws/src/moveit2-humble/install/moveit_common:/home/colcon_ws/install/pilz_industrial_motion_planner_testutils:/home/colcon_ws/install/moveit_runtime:/home/colcon_ws/install/moveit2_tutorials:/home/colcon_ws/install/moveit:/home/colcon_ws/install/moveit_planners:/home/colcon_ws/install/pilz_industrial_motion_planner:/home/colcon_ws/install/moveit_visual_tools:/home/colcon_ws/install/moveit_task_constructor_visualization:/home/colcon_ws/install/moveit_task_constructor_demo:/home/colcon_ws/install/moveit_task_constructor_capabilities:/home/colcon_ws/install/moveit_task_constructor_core:/home/colcon_ws/install/moveit_ros_control_interface:/home/colcon_ws/install/moveit_plugins:/home/colcon_ws/install/moveit_simple_controller_manager:/home/colcon_ws/install/moveit_setup_assistant:/home/colcon_ws/install/moveit_setup_srdf_plugins:/home/colcon_ws/install/moveit_setup_core_plugins:/home/colcon_ws/install/moveit_setup_controllers:/home/colcon_ws/install/moveit_setup_app_plugins:/home/colcon_ws/install/moveit_setup_framework:/home/colcon_ws/install/moveit_servo:/home/colcon_ws/install/moveit_ros:/home/colcon_ws/install/moveit_ros_visualization:/home/colcon_ws/install/moveit_hybrid_planning:/home/colcon_ws/install/moveit_ros_planning_interface:/home/colcon_ws/install/moveit_ros_benchmarks:/home/colcon_ws/install/moveit_ros_warehouse:/home/colcon_ws/install/moveit_ros_robot_interaction:/home/colcon_ws/install/moveit_ros_perception:/home/colcon_ws/install/moveit_resources_prbt_pg70_support:/home/colcon_ws/install/moveit_resources_prbt_moveit_config:/home/colcon_ws/install/moveit_ros_move_group:/home/colcon_ws/install/moveit_planners_ompl:/home/colcon_ws/install/moveit_ros_planning:/home/colcon_ws/install/moveit_ros_occupancy_map_monitor:/home/colcon_ws/install/moveit_resources_prbt_ikfast_manipulator_plugin:/home/colcon_ws/install/moveit_planners_chomp:/home/colcon_ws/install/moveit_kinematics:/home/colcon_ws/install/moveit_chomp_optimizer_adapter:/home/colcon_ws/install/chomp_motion_planner:/home/colcon_ws/install/moveit_core:/home/colcon_ws/install/srdfdom:/home/colcon_ws/install/rviz_marker_tools:/home/colcon_ws/install/rosparam_shortcuts:/home/colcon_ws/install/my_messages:/home/colcon_ws/install/moveit_task_constructor_msgs:/home/colcon_ws/install/moveit_resources_prbt_support:/home/colcon_ws/install/moveit_resources:/home/colcon_ws/install/moveit_resources_pr2_description:/home/colcon_ws/install/moveit_resources_panda_moveit_config:/home/colcon_ws/install/moveit_resources_panda_description:/home/colcon_ws/install/moveit_resources_fanuc_moveit_config:/home/colcon_ws/install/moveit_resources_fanuc_description:/home/colcon_ws/install/moveit_common:/home/colcon_ws/install/goal_change_interfaces:/home/colcon_ws/install/cpp_srvcli:/home/colcon_ws/install/moveit_configs_utils:/home/colcon_ws/install/launch_param_builder:/opt/ros/humble LD_LIBRARY_PATH=/home/colcon_ws/src/moveit2-humble/install/moveit_ros_occupancy_map_monitor/lib:/home/colcon_ws/src/moveit2-humble/install/moveit_core/lib:${LD_LIBRARY_PATH} PATH=/home/colcon_ws/src/moveit2-humble/install/moveit_core/bin:${PATH} /usr/bin/cmake --build /home/colcon_ws/src/moveit2-humble/build/moveit_ros_planning -- -j16 -l16
[3.216s] Invoking command in '/home/colcon_ws/src/moveit2-humble/build/moveit_ros_planning': AMENT_PREFIX_PATH=/home/colcon_ws/src/moveit2-humble/install/moveit_ros_occupancy_map_monitor:/home/colcon_ws/src/moveit2-humble/install/moveit_core:/home/colcon_ws/src/moveit2-humble/install/moveit_common:${AMENT_PREFIX_PATH} CMAKE_PREFIX_PATH=/home/colcon_ws/src/moveit2-humble/install/moveit_ros_occupancy_map_monitor:/home/colcon_ws/src/moveit2-humble/install/moveit_core:/home/colcon_ws/src/moveit2-humble/install/moveit_common:/home/colcon_ws/install/pilz_industrial_motion_planner_testutils:/home/colcon_ws/install/moveit_runtime:/home/colcon_ws/install/moveit2_tutorials:/home/colcon_ws/install/moveit:/home/colcon_ws/install/moveit_planners:/home/colcon_ws/install/pilz_industrial_motion_planner:/home/colcon_ws/install/moveit_visual_tools:/home/colcon_ws/install/moveit_task_constructor_visualization:/home/colcon_ws/install/moveit_task_constructor_demo:/home/colcon_ws/install/moveit_task_constructor_capabilities:/home/colcon_ws/install/moveit_task_constructor_core:/home/colcon_ws/install/moveit_ros_control_interface:/home/colcon_ws/install/moveit_plugins:/home/colcon_ws/install/moveit_simple_controller_manager:/home/colcon_ws/install/moveit_setup_assistant:/home/colcon_ws/install/moveit_setup_srdf_plugins:/home/colcon_ws/install/moveit_setup_core_plugins:/home/colcon_ws/install/moveit_setup_controllers:/home/colcon_ws/install/moveit_setup_app_plugins:/home/colcon_ws/install/moveit_setup_framework:/home/colcon_ws/install/moveit_servo:/home/colcon_ws/install/moveit_ros:/home/colcon_ws/install/moveit_ros_visualization:/home/colcon_ws/install/moveit_hybrid_planning:/home/colcon_ws/install/moveit_ros_planning_interface:/home/colcon_ws/install/moveit_ros_benchmarks:/home/colcon_ws/install/moveit_ros_warehouse:/home/colcon_ws/install/moveit_ros_robot_interaction:/home/colcon_ws/install/moveit_ros_perception:/home/colcon_ws/install/moveit_resources_prbt_pg70_support:/home/colcon_ws/install/moveit_resources_prbt_moveit_config:/home/colcon_ws/install/moveit_ros_move_group:/home/colcon_ws/install/moveit_planners_ompl:/home/colcon_ws/install/moveit_ros_planning:/home/colcon_ws/install/moveit_ros_occupancy_map_monitor:/home/colcon_ws/install/moveit_resources_prbt_ikfast_manipulator_plugin:/home/colcon_ws/install/moveit_planners_chomp:/home/colcon_ws/install/moveit_kinematics:/home/colcon_ws/install/moveit_chomp_optimizer_adapter:/home/colcon_ws/install/chomp_motion_planner:/home/colcon_ws/install/moveit_core:/home/colcon_ws/install/srdfdom:/home/colcon_ws/install/rviz_marker_tools:/home/colcon_ws/install/rosparam_shortcuts:/home/colcon_ws/install/my_messages:/home/colcon_ws/install/moveit_task_constructor_msgs:/home/colcon_ws/install/moveit_resources_prbt_support:/home/colcon_ws/install/moveit_resources:/home/colcon_ws/install/moveit_resources_pr2_description:/home/colcon_ws/install/moveit_resources_panda_moveit_config:/home/colcon_ws/install/moveit_resources_panda_description:/home/colcon_ws/install/moveit_resources_fanuc_moveit_config:/home/colcon_ws/install/moveit_resources_fanuc_description:/home/colcon_ws/install/moveit_common:/home/colcon_ws/install/goal_change_interfaces:/home/colcon_ws/install/cpp_srvcli:/home/colcon_ws/install/moveit_configs_utils:/home/colcon_ws/install/launch_param_builder:/opt/ros/humble LD_LIBRARY_PATH=/home/colcon_ws/src/moveit2-humble/install/moveit_ros_occupancy_map_monitor/lib:/home/colcon_ws/src/moveit2-humble/install/moveit_core/lib:${LD_LIBRARY_PATH} PATH=/home/colcon_ws/src/moveit2-humble/install/moveit_core/bin:${PATH} /usr/bin/cmake --install /home/colcon_ws/src/moveit2-humble/build/moveit_ros_planning
[3.225s] -- Install configuration: "Debug"
[3.225s] -- Up-to-date: /home/colcon_ws/src/moveit2-humble/install/moveit_ros_planning/include
[3.226s] -- Up-to-date: /home/colcon_ws/src/moveit2-humble/install/moveit_ros_planning/include/moveit
[3.226s] -- Up-to-date: /home/colcon_ws/src/moveit2-humble/install/moveit_ros_planning/include/moveit/rdf_loader
[3.226s] -- Up-to-date: /home/colcon_ws/src/moveit2-humble/install/moveit_ros_planning/include/moveit/rdf_loader/synchronized_string_parameter.h
[3.226s] -- Up-to-date: /home/colcon_ws/src/moveit2-humble/install/moveit_ros_planning/include/moveit/rdf_loader/rdf_loader.h
[3.226s] -- Up-to-date: /home/colcon_ws/src/moveit2-humble/install/moveit_ros_planning/share/moveit_ros_planning/rdf_loader/test/data
[3.226s] -- Up-to-date: /home/colcon_ws/src/moveit2-humble/install/moveit_ros_planning/share/moveit_ros_planning/rdf_loader/test/data/gonzo.srdf
[3.226s] -- Up-to-date: /home/colcon_ws/src/moveit2-humble/install/moveit_ros_planning/share/moveit_ros_planning/rdf_loader/test/data/robin.srdf.xacro
[3.226s] -- Up-to-date: /home/colcon_ws/src/moveit2-humble/install/moveit_ros_planning/share/moveit_ros_planning/rdf_loader/test/data/kermit.urdf
[3.226s] -- Up-to-date: /home/colcon_ws/src/moveit2-humble/install/moveit_ros_planning/share/moveit_ros_planning/rdf_loader/test/data/gonzo.urdf
[3.226s] -- Up-to-date: /home/colcon_ws/src/moveit2-humble/install/moveit_ros_planning/share/moveit_ros_planning/rdf_loader/test/data/kermit.srdf
[3.226s] -- Up-to-date: /home/colcon_ws/src/moveit2-humble/install/moveit_ros_planning/share/moveit_ros_planning/rdf_loader/test/launch
[3.227s] -- Up-to-date: /home/colcon_ws/src/moveit2-humble/install/moveit_ros_planning/share/moveit_ros_planning/rdf_loader/test/launch/test_rdf_integration.test.py
[3.227s] -- Up-to-date: /home/colcon_ws/src/moveit2-humble/install/moveit_ros_planning/include
[3.227s] -- Up-to-date: /home/colcon_ws/src/moveit2-humble/install/moveit_ros_planning/include/moveit
[3.227s] -- Up-to-date: /home/colcon_ws/src/moveit2-humble/install/moveit_ros_planning/include/moveit/collision_plugin_loader
[3.227s] -- Up-to-date: /home/colcon_ws/src/moveit2-humble/install/moveit_ros_planning/include/moveit/collision_plugin_loader/collision_plugin_loader.h
[3.227s] -- Up-to-date: /home/colcon_ws/src/moveit2-humble/install/moveit_ros_planning/include
[3.227s] -- Up-to-date: /home/colcon_ws/src/moveit2-humble/install/moveit_ros_planning/include/moveit
[3.227s] -- Up-to-date: /home/colcon_ws/src/moveit2-humble/install/moveit_ros_planning/include/moveit/kinematics_plugin_loader
[3.227s] -- Up-to-date: /home/colcon_ws/src/moveit2-humble/install/moveit_ros_planning/include/moveit/kinematics_plugin_loader/kinematics_plugin_loader.h
[3.227s] -- Up-to-date: /home/colcon_ws/src/moveit2-humble/install/moveit_ros_planning/include
[3.227s] -- Up-to-date: /home/colcon_ws/src/moveit2-humble/install/moveit_ros_planning/include/moveit
[3.227s] -- Up-to-date: /home/colcon_ws/src/moveit2-humble/install/moveit_ros_planning/include/moveit/robot_model_loader
[3.227s] -- Up-to-date: /home/colcon_ws/src/moveit2-humble/install/moveit_ros_planning/include/moveit/robot_model_loader/robot_model_loader.h
[3.227s] -- Up-to-date: /home/colcon_ws/src/moveit2-humble/install/moveit_ros_planning/include
[3.227s] -- Up-to-date: /home/colcon_ws/src/moveit2-humble/install/moveit_ros_planning/include/moveit
[3.228s] -- Up-to-date: /home/colcon_ws/src/moveit2-humble/install/moveit_ros_planning/include/moveit/constraint_sampler_manager_loader
[3.228s] -- Up-to-date: /home/colcon_ws/src/moveit2-humble/install/moveit_ros_planning/include/moveit/constraint_sampler_manager_loader/constraint_sampler_manager_loader.h
[3.228s] -- Up-to-date: /home/colcon_ws/src/moveit2-humble/install/moveit_ros_planning/include
[3.228s] -- Up-to-date: /home/colcon_ws/src/moveit2-humble/install/moveit_ros_planning/include/moveit
[3.228s] -- Up-to-date: /home/colcon_ws/src/moveit2-humble/install/moveit_ros_planning/include/moveit/planning_pipeline
[3.228s] -- Up-to-date: /home/colcon_ws/src/moveit2-humble/install/moveit_ros_planning/include/moveit/planning_pipeline/planning_pipeline.h
[3.228s] -- Up-to-date: /home/colcon_ws/src/moveit2-humble/install/moveit_ros_planning/include/moveit_planning_pipeline_export.h
[3.228s] -- Up-to-date: /home/colcon_ws/src/moveit2-humble/install/moveit_ros_planning/lib/moveit_ros_planning/moveit_list_request_adapter_plugins
[3.228s] -- Up-to-date: /home/colcon_ws/src/moveit2-humble/install/moveit_ros_planning/lib/moveit_ros_planning/demo_scene
[3.228s] -- Up-to-date: /home/colcon_ws/src/moveit2-humble/install/moveit_ros_planning/include
[3.229s] -- Up-to-date: /home/colcon_ws/src/moveit2-humble/install/moveit_ros_planning/include/moveit
[3.229s] -- Up-to-date: /home/colcon_ws/src/moveit2-humble/install/moveit_ros_planning/include/moveit/planning_scene_monitor
[3.229s] -- Up-to-date: /home/colcon_ws/src/moveit2-humble/install/moveit_ros_planning/include/moveit/planning_scene_monitor/trajectory_monitor.h
[3.229s] -- Up-to-date: /home/colcon_ws/src/moveit2-humble/install/moveit_ros_planning/include/moveit/planning_scene_monitor/trajectory_monitor_middleware_handle.hpp
[3.229s] -- Up-to-date: /home/colcon_ws/src/moveit2-humble/install/moveit_ros_planning/include/moveit/planning_scene_monitor/current_state_monitor_middleware_handle.hpp
[3.229s] -- Up-to-date: /home/colcon_ws/src/moveit2-humble/install/moveit_ros_planning/include/moveit/planning_scene_monitor/current_state_monitor.h
[3.229s] -- Up-to-date: /home/colcon_ws/src/moveit2-humble/install/moveit_ros_planning/include/moveit/planning_scene_monitor/planning_scene_monitor.h
[3.229s] -- Up-to-date: /home/colcon_ws/src/moveit2-humble/install/moveit_ros_planning/include/moveit_planning_scene_monitor_export.h
[3.229s] -- Up-to-date: /home/colcon_ws/src/moveit2-humble/install/moveit_ros_planning/lib/moveit_ros_planning/moveit_print_planning_model_info
[3.230s] -- Up-to-date: /home/colcon_ws/src/moveit2-humble/install/moveit_ros_planning/lib/moveit_ros_planning/moveit_print_planning_scene_info
[3.230s] -- Up-to-date: /home/colcon_ws/src/moveit2-humble/install/moveit_ros_planning/lib/moveit_ros_planning/moveit_display_random_state
[3.231s] -- Up-to-date: /home/colcon_ws/src/moveit2-humble/install/moveit_ros_planning/lib/moveit_ros_planning/moveit_visualize_robot_collision_volume
[3.231s] -- Up-to-date: /home/colcon_ws/src/moveit2-humble/install/moveit_ros_planning/lib/moveit_ros_planning/moveit_evaluate_collision_checking_speed
[3.231s] -- Up-to-date: /home/colcon_ws/src/moveit2-humble/install/moveit_ros_planning/lib/moveit_ros_planning/moveit_publish_scene_from_text
[3.232s] -- Up-to-date: /home/colcon_ws/src/moveit2-humble/install/moveit_ros_planning/include
[3.232s] -- Up-to-date: /home/colcon_ws/src/moveit2-humble/install/moveit_ros_planning/include/moveit
[3.232s] -- Up-to-date: /home/colcon_ws/src/moveit2-humble/install/moveit_ros_planning/include/moveit/trajectory_execution_manager
[3.232s] -- Up-to-date: /home/colcon_ws/src/moveit2-humble/install/moveit_ros_planning/include/moveit/trajectory_execution_manager/trajectory_execution_manager.h
[3.232s] -- Up-to-date: /home/colcon_ws/src/moveit2-humble/install/moveit_ros_planning/include/moveit_trajectory_execution_manager_export.h
[3.232s] -- Up-to-date: /home/colcon_ws/src/moveit2-humble/install/moveit_ros_planning/include
[3.232s] -- Up-to-date: /home/colcon_ws/src/moveit2-humble/install/moveit_ros_planning/include/moveit
[3.232s] -- Up-to-date: /home/colcon_ws/src/moveit2-humble/install/moveit_ros_planning/include/moveit/plan_execution
[3.232s] -- Up-to-date: /home/colcon_ws/src/moveit2-humble/install/moveit_ros_planning/include/moveit/plan_execution/plan_representation.h
[3.233s] -- Up-to-date: /home/colcon_ws/src/moveit2-humble/install/moveit_ros_planning/include/moveit/plan_execution/plan_execution.h
[3.233s] -- Up-to-date: /home/colcon_ws/src/moveit2-humble/install/moveit_ros_planning/include
[3.233s] -- Up-to-date: /home/colcon_ws/src/moveit2-humble/install/moveit_ros_planning/include/moveit
[3.233s] -- Up-to-date: /home/colcon_ws/src/moveit2-humble/install/moveit_ros_planning/include/moveit/moveit_cpp
[3.233s] -- Up-to-date: /home/colcon_ws/src/moveit2-humble/install/moveit_ros_planning/include/moveit/moveit_cpp/moveit_cpp.h
[3.233s] -- Up-to-date: /home/colcon_ws/src/moveit2-humble/install/moveit_ros_planning/include/moveit/moveit_cpp/planning_component.h
[3.233s] -- Up-to-date: /home/colcon_ws/src/moveit2-humble/install/moveit_ros_planning/lib/libmoveit_rdf_loader.so.2.5.4
[3.233s] -- Up-to-date: /home/colcon_ws/src/moveit2-humble/install/moveit_ros_planning/lib/libmoveit_rdf_loader.so
[3.233s] -- Up-to-date: /home/colcon_ws/src/moveit2-humble/install/moveit_ros_planning/lib/libmoveit_kinematics_plugin_loader.so.2.5.4
[3.234s] -- Up-to-date: /home/colcon_ws/src/moveit2-humble/install/moveit_ros_planning/lib/libmoveit_kinematics_plugin_loader.so
[3.234s] -- Up-to-date: /home/colcon_ws/src/moveit2-humble/install/moveit_ros_planning/lib/libmoveit_robot_model_loader.so.2.5.4
[3.234s] -- Up-to-date: /home/colcon_ws/src/moveit2-humble/install/moveit_ros_planning/lib/libmoveit_robot_model_loader.so
[3.234s] -- Up-to-date: /home/colcon_ws/src/moveit2-humble/install/moveit_ros_planning/lib/libmoveit_constraint_sampler_manager_loader.so.2.5.4
[3.235s] -- Up-to-date: /home/colcon_ws/src/moveit2-humble/install/moveit_ros_planning/lib/libmoveit_constraint_sampler_manager_loader.so
[3.235s] -- Up-to-date: /home/colcon_ws/src/moveit2-humble/install/moveit_ros_planning/lib/libmoveit_planning_pipeline.so.2.5.4
[3.235s] -- Up-to-date: /home/colcon_ws/src/moveit2-humble/install/moveit_ros_planning/lib/libmoveit_planning_pipeline.so
[3.235s] -- Up-to-date: /home/colcon_ws/src/moveit2-humble/install/moveit_ros_planning/lib/libmoveit_trajectory_execution_manager.so.2.5.4
[3.235s] -- Up-to-date: /home/colcon_ws/src/moveit2-humble/install/moveit_ros_planning/lib/libmoveit_trajectory_execution_manager.so
[3.236s] -- Up-to-date: /home/colcon_ws/src/moveit2-humble/install/moveit_ros_planning/lib/libmoveit_plan_execution.so.2.5.4
[3.236s] -- Up-to-date: /home/colcon_ws/src/moveit2-humble/install/moveit_ros_planning/lib/libmoveit_plan_execution.so
[3.236s] -- Up-to-date: /home/colcon_ws/src/moveit2-humble/install/moveit_ros_planning/lib/libmoveit_planning_scene_monitor.so.2.5.4
[3.236s] -- Up-to-date: /home/colcon_ws/src/moveit2-humble/install/moveit_ros_planning/lib/libmoveit_planning_scene_monitor.so
[3.236s] -- Up-to-date: /home/colcon_ws/src/moveit2-humble/install/moveit_ros_planning/lib/libmoveit_collision_plugin_loader.so.2.5.4
[3.236s] -- Up-to-date: /home/colcon_ws/src/moveit2-humble/install/moveit_ros_planning/lib/libmoveit_collision_plugin_loader.so
[3.237s] -- Up-to-date: /home/colcon_ws/src/moveit2-humble/install/moveit_ros_planning/lib/libmoveit_default_planning_request_adapter_plugins.so.2.5.4
[3.237s] -- Up-to-date: /home/colcon_ws/src/moveit2-humble/install/moveit_ros_planning/lib/libmoveit_default_planning_request_adapter_plugins.so
[3.237s] -- Up-to-date: /home/colcon_ws/src/moveit2-humble/install/moveit_ros_planning/lib/libmoveit_cpp.so.2.5.4
[3.237s] -- Up-to-date: /home/colcon_ws/src/moveit2-humble/install/moveit_ros_planning/lib/libmoveit_cpp.so
[3.237s] -- Up-to-date: /home/colcon_ws/src/moveit2-humble/install/moveit_ros_planning/share/moveit_ros_planning/environment/library_path.sh
[3.237s] -- Installing: /home/colcon_ws/src/moveit2-humble/install/moveit_ros_planning/share/moveit_ros_planning/environment/library_path.dsv
[3.238s] -- Up-to-date: /home/colcon_ws/src/moveit2-humble/install/moveit_ros_planning/share/moveit_ros_planning/planning_request_adapters_plugin_description.xml
[3.238s] -- Up-to-date: /home/colcon_ws/src/moveit2-humble/install/moveit_ros_planning/share/ament_index/resource_index/package_run_dependencies/moveit_ros_planning
[3.238s] -- Up-to-date: /home/colcon_ws/src/moveit2-humble/install/moveit_ros_planning/share/ament_index/resource_index/parent_prefix_path/moveit_ros_planning
[3.238s] -- Up-to-date: /home/colcon_ws/src/moveit2-humble/install/moveit_ros_planning/share/moveit_ros_planning/environment/ament_prefix_path.sh
[3.238s] -- Installing: /home/colcon_ws/src/moveit2-humble/install/moveit_ros_planning/share/moveit_ros_planning/environment/ament_prefix_path.dsv
[3.238s] -- Up-to-date: /home/colcon_ws/src/moveit2-humble/install/moveit_ros_planning/share/moveit_ros_planning/environment/path.sh
[3.238s] -- Installing: /home/colcon_ws/src/moveit2-humble/install/moveit_ros_planning/share/moveit_ros_planning/environment/path.dsv
[3.238s] -- Up-to-date: /home/colcon_ws/src/moveit2-humble/install/moveit_ros_planning/share/moveit_ros_planning/local_setup.bash
[3.239s] -- Up-to-date: /home/colcon_ws/src/moveit2-humble/install/moveit_ros_planning/share/moveit_ros_planning/local_setup.sh
[3.239s] -- Up-to-date: /home/colcon_ws/src/moveit2-humble/install/moveit_ros_planning/share/moveit_ros_planning/local_setup.zsh
[3.239s] -- Installing: /home/colcon_ws/src/moveit2-humble/install/moveit_ros_planning/share/moveit_ros_planning/local_setup.dsv
[3.239s] -- Installing: /home/colcon_ws/src/moveit2-humble/install/moveit_ros_planning/share/moveit_ros_planning/package.dsv
[3.239s] -- Up-to-date: /home/colcon_ws/src/moveit2-humble/install/moveit_ros_planning/share/ament_index/resource_index/packages/moveit_ros_planning
[3.239s] -- Up-to-date: /home/colcon_ws/src/moveit2-humble/install/moveit_ros_planning/share/ament_index/resource_index/moveit_core__pluginlib__plugin/moveit_ros_planning
[3.239s] -- Up-to-date: /home/colcon_ws/src/moveit2-humble/install/moveit_ros_planning/share/moveit_ros_planning/cmake/export_moveit_ros_planningExport.cmake
[3.239s] -- Up-to-date: /home/colcon_ws/src/moveit2-humble/install/moveit_ros_planning/share/moveit_ros_planning/cmake/export_moveit_ros_planningExport-debug.cmake
[3.239s] -- Up-to-date: /home/colcon_ws/src/moveit2-humble/install/moveit_ros_planning/share/moveit_ros_planning/cmake/ConfigExtras.cmake
[3.239s] -- Up-to-date: /home/colcon_ws/src/moveit2-humble/install/moveit_ros_planning/share/moveit_ros_planning/cmake/ament_cmake_export_targets-extras.cmake
[3.240s] -- Up-to-date: /home/colcon_ws/src/moveit2-humble/install/moveit_ros_planning/share/moveit_ros_planning/cmake/ament_cmake_export_dependencies-extras.cmake
[3.240s] -- Up-to-date: /home/colcon_ws/src/moveit2-humble/install/moveit_ros_planning/share/moveit_ros_planning/cmake/moveit_ros_planningConfig.cmake
[3.240s] -- Up-to-date: /home/colcon_ws/src/moveit2-humble/install/moveit_ros_planning/share/moveit_ros_planning/cmake/moveit_ros_planningConfig-version.cmake
[3.240s] -- Up-to-date: /home/colcon_ws/src/moveit2-humble/install/moveit_ros_planning/share/moveit_ros_planning/package.xml
[3.243s] Invoked command in '/home/colcon_ws/src/moveit2-humble/build/moveit_ros_planning' returned '0': AMENT_PREFIX_PATH=/home/colcon_ws/src/moveit2-humble/install/moveit_ros_occupancy_map_monitor:/home/colcon_ws/src/moveit2-humble/install/moveit_core:/home/colcon_ws/src/moveit2-humble/install/moveit_common:${AMENT_PREFIX_PATH} CMAKE_PREFIX_PATH=/home/colcon_ws/src/moveit2-humble/install/moveit_ros_occupancy_map_monitor:/home/colcon_ws/src/moveit2-humble/install/moveit_core:/home/colcon_ws/src/moveit2-humble/install/moveit_common:/home/colcon_ws/install/pilz_industrial_motion_planner_testutils:/home/colcon_ws/install/moveit_runtime:/home/colcon_ws/install/moveit2_tutorials:/home/colcon_ws/install/moveit:/home/colcon_ws/install/moveit_planners:/home/colcon_ws/install/pilz_industrial_motion_planner:/home/colcon_ws/install/moveit_visual_tools:/home/colcon_ws/install/moveit_task_constructor_visualization:/home/colcon_ws/install/moveit_task_constructor_demo:/home/colcon_ws/install/moveit_task_constructor_capabilities:/home/colcon_ws/install/moveit_task_constructor_core:/home/colcon_ws/install/moveit_ros_control_interface:/home/colcon_ws/install/moveit_plugins:/home/colcon_ws/install/moveit_simple_controller_manager:/home/colcon_ws/install/moveit_setup_assistant:/home/colcon_ws/install/moveit_setup_srdf_plugins:/home/colcon_ws/install/moveit_setup_core_plugins:/home/colcon_ws/install/moveit_setup_controllers:/home/colcon_ws/install/moveit_setup_app_plugins:/home/colcon_ws/install/moveit_setup_framework:/home/colcon_ws/install/moveit_servo:/home/colcon_ws/install/moveit_ros:/home/colcon_ws/install/moveit_ros_visualization:/home/colcon_ws/install/moveit_hybrid_planning:/home/colcon_ws/install/moveit_ros_planning_interface:/home/colcon_ws/install/moveit_ros_benchmarks:/home/colcon_ws/install/moveit_ros_warehouse:/home/colcon_ws/install/moveit_ros_robot_interaction:/home/colcon_ws/install/moveit_ros_perception:/home/colcon_ws/install/moveit_resources_prbt_pg70_support:/home/colcon_ws/install/moveit_resources_prbt_moveit_config:/home/colcon_ws/install/moveit_ros_move_group:/home/colcon_ws/install/moveit_planners_ompl:/home/colcon_ws/install/moveit_ros_planning:/home/colcon_ws/install/moveit_ros_occupancy_map_monitor:/home/colcon_ws/install/moveit_resources_prbt_ikfast_manipulator_plugin:/home/colcon_ws/install/moveit_planners_chomp:/home/colcon_ws/install/moveit_kinematics:/home/colcon_ws/install/moveit_chomp_optimizer_adapter:/home/colcon_ws/install/chomp_motion_planner:/home/colcon_ws/install/moveit_core:/home/colcon_ws/install/srdfdom:/home/colcon_ws/install/rviz_marker_tools:/home/colcon_ws/install/rosparam_shortcuts:/home/colcon_ws/install/my_messages:/home/colcon_ws/install/moveit_task_constructor_msgs:/home/colcon_ws/install/moveit_resources_prbt_support:/home/colcon_ws/install/moveit_resources:/home/colcon_ws/install/moveit_resources_pr2_description:/home/colcon_ws/install/moveit_resources_panda_moveit_config:/home/colcon_ws/install/moveit_resources_panda_description:/home/colcon_ws/install/moveit_resources_fanuc_moveit_config:/home/colcon_ws/install/moveit_resources_fanuc_description:/home/colcon_ws/install/moveit_common:/home/colcon_ws/install/goal_change_interfaces:/home/colcon_ws/install/cpp_srvcli:/home/colcon_ws/install/moveit_configs_utils:/home/colcon_ws/install/launch_param_builder:/opt/ros/humble LD_LIBRARY_PATH=/home/colcon_ws/src/moveit2-humble/install/moveit_ros_occupancy_map_monitor/lib:/home/colcon_ws/src/moveit2-humble/install/moveit_core/lib:${LD_LIBRARY_PATH} PATH=/home/colcon_ws/src/moveit2-humble/install/moveit_core/bin:${PATH} /usr/bin/cmake --install /home/colcon_ws/src/moveit2-humble/build/moveit_ros_planning
