[0.027s] Invoking command in '/home/colcon_ws/src/moveit2-humble/build/moveit_planners_ompl': AMENT_PREFIX_PATH=/home/colcon_ws/src/moveit2-humble/install/moveit_ros_planning:/home/colcon_ws/src/moveit2-humble/install/moveit_ros_occupancy_map_monitor:/home/colcon_ws/src/moveit2-humble/install/moveit_core:/home/colcon_ws/src/moveit2-humble/install/moveit_common:${AMENT_PREFIX_PATH} CMAKE_PREFIX_PATH=/home/colcon_ws/src/moveit2-humble/install/moveit_ros_planning:/home/colcon_ws/src/moveit2-humble/install/moveit_ros_occupancy_map_monitor:/home/colcon_ws/src/moveit2-humble/install/moveit_core:/home/colcon_ws/src/moveit2-humble/install/moveit_common:/home/colcon_ws/install/pilz_industrial_motion_planner_testutils:/home/colcon_ws/install/moveit_runtime:/home/colcon_ws/install/moveit2_tutorials:/home/colcon_ws/install/moveit:/home/colcon_ws/install/moveit_planners:/home/colcon_ws/install/pilz_industrial_motion_planner:/home/colcon_ws/install/moveit_visual_tools:/home/colcon_ws/install/moveit_task_constructor_visualization:/home/colcon_ws/install/moveit_task_constructor_demo:/home/colcon_ws/install/moveit_task_constructor_capabilities:/home/colcon_ws/install/moveit_task_constructor_core:/home/colcon_ws/install/moveit_ros_control_interface:/home/colcon_ws/install/moveit_plugins:/home/colcon_ws/install/moveit_simple_controller_manager:/home/colcon_ws/install/moveit_setup_assistant:/home/colcon_ws/install/moveit_setup_srdf_plugins:/home/colcon_ws/install/moveit_setup_core_plugins:/home/colcon_ws/install/moveit_setup_controllers:/home/colcon_ws/install/moveit_setup_app_plugins:/home/colcon_ws/install/moveit_setup_framework:/home/colcon_ws/install/moveit_servo:/home/colcon_ws/install/moveit_ros:/home/colcon_ws/install/moveit_ros_visualization:/home/colcon_ws/install/moveit_hybrid_planning:/home/colcon_ws/install/moveit_ros_planning_interface:/home/colcon_ws/install/moveit_ros_benchmarks:/home/colcon_ws/install/moveit_ros_warehouse:/home/colcon_ws/install/moveit_ros_robot_interaction:/home/colcon_ws/install/moveit_ros_perception:/home/colcon_ws/install/moveit_resources_prbt_pg70_support:/home/colcon_ws/install/moveit_resources_prbt_moveit_config:/home/colcon_ws/install/moveit_ros_move_group:/home/colcon_ws/install/moveit_planners_ompl:/home/colcon_ws/install/moveit_ros_planning:/home/colcon_ws/install/moveit_ros_occupancy_map_monitor:/home/colcon_ws/install/moveit_resources_prbt_ikfast_manipulator_plugin:/home/colcon_ws/install/moveit_planners_chomp:/home/colcon_ws/install/moveit_kinematics:/home/colcon_ws/install/moveit_chomp_optimizer_adapter:/home/colcon_ws/install/chomp_motion_planner:/home/colcon_ws/install/moveit_core:/home/colcon_ws/install/srdfdom:/home/colcon_ws/install/rviz_marker_tools:/home/colcon_ws/install/rosparam_shortcuts:/home/colcon_ws/install/my_messages:/home/colcon_ws/install/moveit_task_constructor_msgs:/home/colcon_ws/install/moveit_resources_prbt_support:/home/colcon_ws/install/moveit_resources:/home/colcon_ws/install/moveit_resources_pr2_description:/home/colcon_ws/install/moveit_resources_panda_moveit_config:/home/colcon_ws/install/moveit_resources_panda_description:/home/colcon_ws/install/moveit_resources_fanuc_moveit_config:/home/colcon_ws/install/moveit_resources_fanuc_description:/home/colcon_ws/install/moveit_common:/home/colcon_ws/install/goal_change_interfaces:/home/colcon_ws/install/cpp_srvcli:/home/colcon_ws/install/moveit_configs_utils:/home/colcon_ws/install/launch_param_builder:/opt/ros/humble LD_LIBRARY_PATH=/home/colcon_ws/src/moveit2-humble/install/moveit_ros_planning/lib:/home/colcon_ws/src/moveit2-humble/install/moveit_ros_occupancy_map_monitor/lib:/home/colcon_ws/src/moveit2-humble/install/moveit_core/lib:${LD_LIBRARY_PATH} PATH=/home/colcon_ws/src/moveit2-humble/install/moveit_core/bin:${PATH} /usr/bin/cmake /home/colcon_ws/src/moveit2-humble/moveit_planners/ompl -DCMAKE_BUILD_TYPE=Debug -DCMAKE_INSTALL_PREFIX=/home/colcon_ws/src/moveit2-humble/install/moveit_planners_ompl
[0.090s] -- The C compiler identification is GNU 11.3.0
[0.146s] -- The CXX compiler identification is GNU 11.3.0
[0.156s] -- Detecting C compiler ABI info
[0.230s] -- Detecting C compiler ABI info - done
[0.236s] -- Check for working C compiler: /usr/bin/cc - skipped
[0.237s] -- Detecting C compile features
[0.237s] -- Detecting C compile features - done
[0.239s] -- Detecting CXX compiler ABI info
[0.323s] -- Detecting CXX compiler ABI info - done
[0.334s] -- Check for working CXX compiler: /usr/bin/c++ - skipped
[0.334s] -- Detecting CXX compile features
[0.335s] -- Detecting CXX compile features - done
[0.337s] -- Found moveit_common: 2.5.4 (/home/colcon_ws/src/moveit2-humble/install/moveit_common/share/moveit_common/cmake)
[0.348s] -- Found ament_cmake: 1.3.4 (/opt/ros/humble/share/ament_cmake/cmake)
[0.570s] -- Found Python3: /usr/bin/python3.10 (found version "3.10.6") found components: Interpreter 
[0.825s] -- Found libdw: /usr/lib/x86_64-linux-gnu/libdw.so  
[0.831s] -- Could NOT find libbfd (missing: LIBBFD_LIBRARY LIBBFD_INCLUDE_DIR) 
[0.831s] -- BACKWARD_HAS_UNWIND=1
[0.831s] -- BACKWARD_HAS_BACKTRACE=0
[0.831s] -- BACKWARD_HAS_BACKTRACE_SYMBOL=0
[0.831s] -- BACKWARD_HAS_DW=1
[0.831s] -- BACKWARD_HAS_BFD=0
[0.832s] -- Found Backward: /opt/ros/humble/share/backward_ros/cmake  
[1.103s] -- Found Boost: /usr/lib/x86_64-linux-gnu/cmake/Boost-1.74.0/BoostConfig.cmake (found version "1.74.0") found components: system filesystem date_time thread serialization 
[1.104s] -- Found moveit_core: 2.5.4 (/home/colcon_ws/src/moveit2-humble/install/moveit_core/share/moveit_core/cmake)
[1.145s] -- Found Boost: /usr/lib/x86_64-linux-gnu/cmake/Boost-1.74.0/BoostConfig.cmake (found version "1.74.0") found components: chrono date_time filesystem iostreams program_options regex serialization system thread 
[1.190s] -- Found parameter_traits: 0.3.3 (/opt/ros/humble/share/parameter_traits/cmake)
[1.301s] -- Found rosidl_generator_c: 3.1.4 (/opt/ros/humble/share/rosidl_generator_c/cmake)
[1.319s] -- Found rosidl_adapter: 3.1.4 (/opt/ros/humble/share/rosidl_adapter/cmake)
[1.339s] -- Found rosidl_generator_cpp: 3.1.4 (/opt/ros/humble/share/rosidl_generator_cpp/cmake)
[1.368s] -- Using all available rosidl_typesupport_c: rosidl_typesupport_fastrtps_c;rosidl_typesupport_introspection_c
[1.407s] -- Using all available rosidl_typesupport_cpp: rosidl_typesupport_fastrtps_cpp;rosidl_typesupport_introspection_cpp
[1.539s] -- Found rmw_implementation_cmake: 6.1.1 (/opt/ros/humble/share/rmw_implementation_cmake/cmake)
[1.550s] -- Found rmw_fastrtps_cpp: 6.2.2 (/opt/ros/humble/share/rmw_fastrtps_cpp/cmake)
[1.694s] -- Found OpenSSL: /usr/lib/x86_64-linux-gnu/libcrypto.so (found version "3.0.2")  
[1.729s] -- Found FastRTPS: /opt/ros/humble/include  
[1.804s] -- Using RMW implementation 'rmw_fastrtps_cpp' as default
[1.836s] -- Found Threads: TRUE  
[2.050s] -- Found rclcpp_lifecycle: 16.0.4 (/opt/ros/humble/share/rclcpp_lifecycle/cmake)
[2.112s] -- Found Boost: /usr/lib/x86_64-linux-gnu/cmake/Boost-1.74.0/BoostConfig.cmake (found version "1.74.0") found components: filesystem 
[2.320s] -- library: /usr/lib/x86_64-linux-gnu/libcurl.so
[2.639s] -- Found Eigen3: TRUE (found version "3.4.0") 
[2.639s] -- Ensuring Eigen3 include directory is part of orocos-kdl CMake target
[3.791s] -- Found moveit_ros_planning: 2.5.4 (/home/colcon_ws/src/moveit2-humble/install/moveit_ros_planning/share/moveit_ros_planning/cmake)
[3.795s] -- Found Boost: /usr/lib/x86_64-linux-gnu/cmake/Boost-1.74.0/BoostConfig.cmake (found version "1.74.0") found components: system filesystem date_time program_options thread chrono 
[4.217s] -- Found ompl: /opt/ros/humble/include/ompl-1.6;/usr/include;/usr/include/eigen3  
[4.558s] -- Found OpenMP_C: -fopenmp (found version "4.5") 
[4.670s] -- Found OpenMP_CXX: -fopenmp (found version "4.5") 
[4.670s] -- Found OpenMP: TRUE (found version "4.5")  
[4.713s] -- Found ament_cmake_gtest: 1.3.4 (/opt/ros/humble/share/ament_cmake_gtest/cmake)
[4.722s] -- Found gtest sources under '/opt/ros/humble/src/gtest_vendor': C++ tests using 'Google Test' will be built
[4.916s] -- Found ament_lint_auto: 0.12.6 (/opt/ros/humble/share/ament_lint_auto/cmake)
[5.082s] -- Added test 'cppcheck' to perform static code analysis on C / C++ code
[5.082s] -- Configured cppcheck include dirs: /home/colcon_ws/src/moveit2-humble/moveit_planners/ompl/ompl_interface/include
[5.082s] -- Configured cppcheck exclude dirs and/or files: 
[5.088s] -- Added test 'lint_cmake' to check CMake code style
[5.092s] -- Added test 'xmllint' to check XML markup files
[5.098s] -- Configuring done
[5.636s] -- Generating done
[5.658s] -- Build files have been written to: /home/colcon_ws/src/moveit2-humble/build/moveit_planners_ompl
[5.716s] Invoked command in '/home/colcon_ws/src/moveit2-humble/build/moveit_planners_ompl' returned '0': AMENT_PREFIX_PATH=/home/colcon_ws/src/moveit2-humble/install/moveit_ros_planning:/home/colcon_ws/src/moveit2-humble/install/moveit_ros_occupancy_map_monitor:/home/colcon_ws/src/moveit2-humble/install/moveit_core:/home/colcon_ws/src/moveit2-humble/install/moveit_common:${AMENT_PREFIX_PATH} CMAKE_PREFIX_PATH=/home/colcon_ws/src/moveit2-humble/install/moveit_ros_planning:/home/colcon_ws/src/moveit2-humble/install/moveit_ros_occupancy_map_monitor:/home/colcon_ws/src/moveit2-humble/install/moveit_core:/home/colcon_ws/src/moveit2-humble/install/moveit_common:/home/colcon_ws/install/pilz_industrial_motion_planner_testutils:/home/colcon_ws/install/moveit_runtime:/home/colcon_ws/install/moveit2_tutorials:/home/colcon_ws/install/moveit:/home/colcon_ws/install/moveit_planners:/home/colcon_ws/install/pilz_industrial_motion_planner:/home/colcon_ws/install/moveit_visual_tools:/home/colcon_ws/install/moveit_task_constructor_visualization:/home/colcon_ws/install/moveit_task_constructor_demo:/home/colcon_ws/install/moveit_task_constructor_capabilities:/home/colcon_ws/install/moveit_task_constructor_core:/home/colcon_ws/install/moveit_ros_control_interface:/home/colcon_ws/install/moveit_plugins:/home/colcon_ws/install/moveit_simple_controller_manager:/home/colcon_ws/install/moveit_setup_assistant:/home/colcon_ws/install/moveit_setup_srdf_plugins:/home/colcon_ws/install/moveit_setup_core_plugins:/home/colcon_ws/install/moveit_setup_controllers:/home/colcon_ws/install/moveit_setup_app_plugins:/home/colcon_ws/install/moveit_setup_framework:/home/colcon_ws/install/moveit_servo:/home/colcon_ws/install/moveit_ros:/home/colcon_ws/install/moveit_ros_visualization:/home/colcon_ws/install/moveit_hybrid_planning:/home/colcon_ws/install/moveit_ros_planning_interface:/home/colcon_ws/install/moveit_ros_benchmarks:/home/colcon_ws/install/moveit_ros_warehouse:/home/colcon_ws/install/moveit_ros_robot_interaction:/home/colcon_ws/install/moveit_ros_perception:/home/colcon_ws/install/moveit_resources_prbt_pg70_support:/home/colcon_ws/install/moveit_resources_prbt_moveit_config:/home/colcon_ws/install/moveit_ros_move_group:/home/colcon_ws/install/moveit_planners_ompl:/home/colcon_ws/install/moveit_ros_planning:/home/colcon_ws/install/moveit_ros_occupancy_map_monitor:/home/colcon_ws/install/moveit_resources_prbt_ikfast_manipulator_plugin:/home/colcon_ws/install/moveit_planners_chomp:/home/colcon_ws/install/moveit_kinematics:/home/colcon_ws/install/moveit_chomp_optimizer_adapter:/home/colcon_ws/install/chomp_motion_planner:/home/colcon_ws/install/moveit_core:/home/colcon_ws/install/srdfdom:/home/colcon_ws/install/rviz_marker_tools:/home/colcon_ws/install/rosparam_shortcuts:/home/colcon_ws/install/my_messages:/home/colcon_ws/install/moveit_task_constructor_msgs:/home/colcon_ws/install/moveit_resources_prbt_support:/home/colcon_ws/install/moveit_resources:/home/colcon_ws/install/moveit_resources_pr2_description:/home/colcon_ws/install/moveit_resources_panda_moveit_config:/home/colcon_ws/install/moveit_resources_panda_description:/home/colcon_ws/install/moveit_resources_fanuc_moveit_config:/home/colcon_ws/install/moveit_resources_fanuc_description:/home/colcon_ws/install/moveit_common:/home/colcon_ws/install/goal_change_interfaces:/home/colcon_ws/install/cpp_srvcli:/home/colcon_ws/install/moveit_configs_utils:/home/colcon_ws/install/launch_param_builder:/opt/ros/humble LD_LIBRARY_PATH=/home/colcon_ws/src/moveit2-humble/install/moveit_ros_planning/lib:/home/colcon_ws/src/moveit2-humble/install/moveit_ros_occupancy_map_monitor/lib:/home/colcon_ws/src/moveit2-humble/install/moveit_core/lib:${LD_LIBRARY_PATH} PATH=/home/colcon_ws/src/moveit2-humble/install/moveit_core/bin:${PATH} /usr/bin/cmake /home/colcon_ws/src/moveit2-humble/moveit_planners/ompl -DCMAKE_BUILD_TYPE=Debug -DCMAKE_INSTALL_PREFIX=/home/colcon_ws/src/moveit2-humble/install/moveit_planners_ompl
[5.717s] Invoking command in '/home/colcon_ws/src/moveit2-humble/build/moveit_planners_ompl': AMENT_PREFIX_PATH=/home/colcon_ws/src/moveit2-humble/install/moveit_ros_planning:/home/colcon_ws/src/moveit2-humble/install/moveit_ros_occupancy_map_monitor:/home/colcon_ws/src/moveit2-humble/install/moveit_core:/home/colcon_ws/src/moveit2-humble/install/moveit_common:${AMENT_PREFIX_PATH} CMAKE_PREFIX_PATH=/home/colcon_ws/src/moveit2-humble/install/moveit_ros_planning:/home/colcon_ws/src/moveit2-humble/install/moveit_ros_occupancy_map_monitor:/home/colcon_ws/src/moveit2-humble/install/moveit_core:/home/colcon_ws/src/moveit2-humble/install/moveit_common:/home/colcon_ws/install/pilz_industrial_motion_planner_testutils:/home/colcon_ws/install/moveit_runtime:/home/colcon_ws/install/moveit2_tutorials:/home/colcon_ws/install/moveit:/home/colcon_ws/install/moveit_planners:/home/colcon_ws/install/pilz_industrial_motion_planner:/home/colcon_ws/install/moveit_visual_tools:/home/colcon_ws/install/moveit_task_constructor_visualization:/home/colcon_ws/install/moveit_task_constructor_demo:/home/colcon_ws/install/moveit_task_constructor_capabilities:/home/colcon_ws/install/moveit_task_constructor_core:/home/colcon_ws/install/moveit_ros_control_interface:/home/colcon_ws/install/moveit_plugins:/home/colcon_ws/install/moveit_simple_controller_manager:/home/colcon_ws/install/moveit_setup_assistant:/home/colcon_ws/install/moveit_setup_srdf_plugins:/home/colcon_ws/install/moveit_setup_core_plugins:/home/colcon_ws/install/moveit_setup_controllers:/home/colcon_ws/install/moveit_setup_app_plugins:/home/colcon_ws/install/moveit_setup_framework:/home/colcon_ws/install/moveit_servo:/home/colcon_ws/install/moveit_ros:/home/colcon_ws/install/moveit_ros_visualization:/home/colcon_ws/install/moveit_hybrid_planning:/home/colcon_ws/install/moveit_ros_planning_interface:/home/colcon_ws/install/moveit_ros_benchmarks:/home/colcon_ws/install/moveit_ros_warehouse:/home/colcon_ws/install/moveit_ros_robot_interaction:/home/colcon_ws/install/moveit_ros_perception:/home/colcon_ws/install/moveit_resources_prbt_pg70_support:/home/colcon_ws/install/moveit_resources_prbt_moveit_config:/home/colcon_ws/install/moveit_ros_move_group:/home/colcon_ws/install/moveit_planners_ompl:/home/colcon_ws/install/moveit_ros_planning:/home/colcon_ws/install/moveit_ros_occupancy_map_monitor:/home/colcon_ws/install/moveit_resources_prbt_ikfast_manipulator_plugin:/home/colcon_ws/install/moveit_planners_chomp:/home/colcon_ws/install/moveit_kinematics:/home/colcon_ws/install/moveit_chomp_optimizer_adapter:/home/colcon_ws/install/chomp_motion_planner:/home/colcon_ws/install/moveit_core:/home/colcon_ws/install/srdfdom:/home/colcon_ws/install/rviz_marker_tools:/home/colcon_ws/install/rosparam_shortcuts:/home/colcon_ws/install/my_messages:/home/colcon_ws/install/moveit_task_constructor_msgs:/home/colcon_ws/install/moveit_resources_prbt_support:/home/colcon_ws/install/moveit_resources:/home/colcon_ws/install/moveit_resources_pr2_description:/home/colcon_ws/install/moveit_resources_panda_moveit_config:/home/colcon_ws/install/moveit_resources_panda_description:/home/colcon_ws/install/moveit_resources_fanuc_moveit_config:/home/colcon_ws/install/moveit_resources_fanuc_description:/home/colcon_ws/install/moveit_common:/home/colcon_ws/install/goal_change_interfaces:/home/colcon_ws/install/cpp_srvcli:/home/colcon_ws/install/moveit_configs_utils:/home/colcon_ws/install/launch_param_builder:/opt/ros/humble LD_LIBRARY_PATH=/home/colcon_ws/src/moveit2-humble/install/moveit_ros_planning/lib:/home/colcon_ws/src/moveit2-humble/install/moveit_ros_occupancy_map_monitor/lib:/home/colcon_ws/src/moveit2-humble/install/moveit_core/lib:${LD_LIBRARY_PATH} PATH=/home/colcon_ws/src/moveit2-humble/install/moveit_core/bin:${PATH} /usr/bin/cmake --build /home/colcon_ws/src/moveit2-humble/build/moveit_planners_ompl -- -j16 -l16
[6.080s] [  2%] [32mBuilding CXX object ompl_interface/CMakeFiles/moveit_ompl_interface.dir/src/ompl_interface.cpp.o[0m
[6.108s] [  4%] [32mBuilding CXX object ompl_interface/CMakeFiles/moveit_ompl_interface.dir/src/model_based_planning_context.cpp.o[0m
[6.109s] [  9%] [32mBuilding CXX object gtest/CMakeFiles/gtest.dir/src/gtest-all.cc.o[0m
[6.110s] [  7%] [32mBuilding CXX object ompl_interface/CMakeFiles/moveit_ompl_interface.dir/src/planning_context_manager.cpp.o[0m
[6.131s] [ 12%] [32mBuilding CXX object ompl_interface/CMakeFiles/moveit_ompl_interface.dir/src/parameterization/model_based_state_space.cpp.o[0m
[6.135s] [ 14%] [32mBuilding CXX object gtest/CMakeFiles/gtest_main.dir/src/gtest_main.cc.o[0m
[6.145s] [ 17%] [32mBuilding CXX object ompl_interface/CMakeFiles/moveit_ompl_interface.dir/src/parameterization/model_based_state_space_factory.cpp.o[0m
[6.200s] [ 19%] [32mBuilding CXX object ompl_interface/CMakeFiles/moveit_ompl_interface.dir/src/parameterization/joint_space/constrained_planning_state_space.cpp.o[0m
[6.218s] [ 21%] [32mBuilding CXX object ompl_interface/CMakeFiles/moveit_ompl_interface.dir/src/parameterization/joint_space/constrained_planning_state_space_factory.cpp.o[0m
[6.529s] [ 26%] [32mBuilding CXX object ompl_interface/CMakeFiles/moveit_ompl_interface.dir/src/parameterization/joint_space/joint_model_state_space_factory.cpp.o[0m
[6.532s] [ 29%] [32mBuilding CXX object ompl_interface/CMakeFiles/moveit_ompl_interface.dir/src/detail/ompl_constraints.cpp.o[0m
[6.539s] [ 31%] [32mBuilding CXX object ompl_interface/CMakeFiles/moveit_ompl_interface.dir/src/parameterization/work_space/pose_model_state_space_factory.cpp.o[0m
[6.539s] [ 34%] [32mBuilding CXX object ompl_interface/CMakeFiles/moveit_ompl_interface.dir/src/parameterization/joint_space/joint_model_state_space.cpp.o[0m
[6.548s] [ 36%] [32mBuilding CXX object ompl_interface/CMakeFiles/moveit_ompl_interface.dir/src/detail/threadsafe_state_storage.cpp.o[0m
[6.560s] [ 36%] [32mBuilding CXX object ompl_interface/CMakeFiles/moveit_ompl_interface.dir/src/parameterization/work_space/pose_model_state_space.cpp.o[0m
[6.575s] [ 39%] [32mBuilding CXX object ompl_interface/CMakeFiles/moveit_ompl_interface.dir/src/detail/state_validity_checker.cpp.o[0m
[10.247s] [ 41%] [32m[1mLinking CXX static library libgtest_main.a[0m
[10.528s] [ 41%] Built target gtest_main
[10.586s] [ 43%] [32mBuilding CXX object ompl_interface/CMakeFiles/moveit_ompl_interface.dir/src/detail/projection_evaluators.cpp.o[0m
[16.697s] [ 46%] [32m[1mLinking CXX static library libgtest.a[0m
[17.092s] [ 46%] Built target gtest
[17.133s] [ 48%] [32mBuilding CXX object ompl_interface/CMakeFiles/moveit_ompl_interface.dir/src/detail/goal_union.cpp.o[0m
[21.152s] [ 51%] [32mBuilding CXX object ompl_interface/CMakeFiles/moveit_ompl_interface.dir/src/detail/constraints_library.cpp.o[0m
[22.674s] [ 53%] [32mBuilding CXX object ompl_interface/CMakeFiles/moveit_ompl_interface.dir/src/detail/constrained_sampler.cpp.o[0m
[30.046s] [ 56%] [32mBuilding CXX object ompl_interface/CMakeFiles/moveit_ompl_interface.dir/src/detail/constrained_valid_state_sampler.cpp.o[0m
[30.493s] [ 58%] [32mBuilding CXX object ompl_interface/CMakeFiles/moveit_ompl_interface.dir/src/detail/constrained_goal_sampler.cpp.o[0m
[45.217s] [ 60%] [32m[1mLinking CXX shared library libmoveit_ompl_interface.so[0m
[49.320s] [ 60%] Built target moveit_ompl_interface
[49.366s] [ 63%] [32mBuilding CXX object ompl_interface/CMakeFiles/test_constrained_planning_state_space.dir/test/test_constrained_planning_state_space.cpp.o[0m
[49.369s] [ 68%] [32mBuilding CXX object ompl_interface/CMakeFiles/test_state_space.dir/test/test_state_space.cpp.o[0m
[49.369s] [ 68%] [32mBuilding CXX object ompl_interface/CMakeFiles/moveit_generate_state_database.dir/scripts/generate_state_database.cpp.o[0m
[49.370s] [ 75%] [32mBuilding CXX object ompl_interface/CMakeFiles/test_threadsafe_state_storage.dir/test/test_threadsafe_state_storage.cpp.o[0m
[49.371s] [ 75%] [32mBuilding CXX object ompl_interface/CMakeFiles/test_constrained_state_validity_checker.dir/test/test_constrained_state_validity_checker.cpp.o[0m
[49.371s] [ 75%] [32mBuilding CXX object ompl_interface/CMakeFiles/test_state_validity_checker.dir/test/test_state_validity_checker.cpp.o[0m
[49.371s] [ 78%] [32mBuilding CXX object ompl_interface/CMakeFiles/test_planning_context_manager.dir/test/test_planning_context_manager.cpp.o[0m
[49.374s] [ 80%] [32mBuilding CXX object ompl_interface/CMakeFiles/moveit_ompl_planner_plugin.dir/src/ompl_planner_manager.cpp.o[0m
[57.588s] [ 82%] [32m[1mLinking CXX executable test_threadsafe_state_storage[0m
[60.750s] [ 82%] Built target test_threadsafe_state_storage
[61.752s] [ 85%] [32m[1mLinking CXX executable test_state_space[0m
[62.629s] [ 87%] [32m[1mLinking CXX executable test_constrained_planning_state_space[0m
[63.582s] [ 90%] [32m[1mLinking CXX executable test_state_validity_checker[0m
[64.849s] [ 90%] Built target test_state_space
[65.166s] [ 92%] [32m[1mLinking CXX shared library libmoveit_ompl_planner_plugin.so[0m
[65.679s] [ 92%] Built target test_constrained_planning_state_space
[65.908s] [ 95%] [32m[1mLinking CXX executable test_constrained_state_validity_checker[0m
[67.278s] [ 95%] Built target moveit_ompl_planner_plugin
[67.402s] [ 95%] Built target test_state_validity_checker
[68.145s] [ 97%] [32m[1mLinking CXX executable test_planning_context_manager[0m
[69.589s] [ 97%] Built target test_constrained_state_validity_checker
[70.159s] [100%] [32m[1mLinking CXX executable generate_state_database[0m
[70.991s] [100%] Built target test_planning_context_manager
[72.935s] [100%] Built target moveit_generate_state_database
[72.947s] Invoked command in '/home/colcon_ws/src/moveit2-humble/build/moveit_planners_ompl' returned '0': AMENT_PREFIX_PATH=/home/colcon_ws/src/moveit2-humble/install/moveit_ros_planning:/home/colcon_ws/src/moveit2-humble/install/moveit_ros_occupancy_map_monitor:/home/colcon_ws/src/moveit2-humble/install/moveit_core:/home/colcon_ws/src/moveit2-humble/install/moveit_common:${AMENT_PREFIX_PATH} CMAKE_PREFIX_PATH=/home/colcon_ws/src/moveit2-humble/install/moveit_ros_planning:/home/colcon_ws/src/moveit2-humble/install/moveit_ros_occupancy_map_monitor:/home/colcon_ws/src/moveit2-humble/install/moveit_core:/home/colcon_ws/src/moveit2-humble/install/moveit_common:/home/colcon_ws/install/pilz_industrial_motion_planner_testutils:/home/colcon_ws/install/moveit_runtime:/home/colcon_ws/install/moveit2_tutorials:/home/colcon_ws/install/moveit:/home/colcon_ws/install/moveit_planners:/home/colcon_ws/install/pilz_industrial_motion_planner:/home/colcon_ws/install/moveit_visual_tools:/home/colcon_ws/install/moveit_task_constructor_visualization:/home/colcon_ws/install/moveit_task_constructor_demo:/home/colcon_ws/install/moveit_task_constructor_capabilities:/home/colcon_ws/install/moveit_task_constructor_core:/home/colcon_ws/install/moveit_ros_control_interface:/home/colcon_ws/install/moveit_plugins:/home/colcon_ws/install/moveit_simple_controller_manager:/home/colcon_ws/install/moveit_setup_assistant:/home/colcon_ws/install/moveit_setup_srdf_plugins:/home/colcon_ws/install/moveit_setup_core_plugins:/home/colcon_ws/install/moveit_setup_controllers:/home/colcon_ws/install/moveit_setup_app_plugins:/home/colcon_ws/install/moveit_setup_framework:/home/colcon_ws/install/moveit_servo:/home/colcon_ws/install/moveit_ros:/home/colcon_ws/install/moveit_ros_visualization:/home/colcon_ws/install/moveit_hybrid_planning:/home/colcon_ws/install/moveit_ros_planning_interface:/home/colcon_ws/install/moveit_ros_benchmarks:/home/colcon_ws/install/moveit_ros_warehouse:/home/colcon_ws/install/moveit_ros_robot_interaction:/home/colcon_ws/install/moveit_ros_perception:/home/colcon_ws/install/moveit_resources_prbt_pg70_support:/home/colcon_ws/install/moveit_resources_prbt_moveit_config:/home/colcon_ws/install/moveit_ros_move_group:/home/colcon_ws/install/moveit_planners_ompl:/home/colcon_ws/install/moveit_ros_planning:/home/colcon_ws/install/moveit_ros_occupancy_map_monitor:/home/colcon_ws/install/moveit_resources_prbt_ikfast_manipulator_plugin:/home/colcon_ws/install/moveit_planners_chomp:/home/colcon_ws/install/moveit_kinematics:/home/colcon_ws/install/moveit_chomp_optimizer_adapter:/home/colcon_ws/install/chomp_motion_planner:/home/colcon_ws/install/moveit_core:/home/colcon_ws/install/srdfdom:/home/colcon_ws/install/rviz_marker_tools:/home/colcon_ws/install/rosparam_shortcuts:/home/colcon_ws/install/my_messages:/home/colcon_ws/install/moveit_task_constructor_msgs:/home/colcon_ws/install/moveit_resources_prbt_support:/home/colcon_ws/install/moveit_resources:/home/colcon_ws/install/moveit_resources_pr2_description:/home/colcon_ws/install/moveit_resources_panda_moveit_config:/home/colcon_ws/install/moveit_resources_panda_description:/home/colcon_ws/install/moveit_resources_fanuc_moveit_config:/home/colcon_ws/install/moveit_resources_fanuc_description:/home/colcon_ws/install/moveit_common:/home/colcon_ws/install/goal_change_interfaces:/home/colcon_ws/install/cpp_srvcli:/home/colcon_ws/install/moveit_configs_utils:/home/colcon_ws/install/launch_param_builder:/opt/ros/humble LD_LIBRARY_PATH=/home/colcon_ws/src/moveit2-humble/install/moveit_ros_planning/lib:/home/colcon_ws/src/moveit2-humble/install/moveit_ros_occupancy_map_monitor/lib:/home/colcon_ws/src/moveit2-humble/install/moveit_core/lib:${LD_LIBRARY_PATH} PATH=/home/colcon_ws/src/moveit2-humble/install/moveit_core/bin:${PATH} /usr/bin/cmake --build /home/colcon_ws/src/moveit2-humble/build/moveit_planners_ompl -- -j16 -l16
[73.003s] Invoking command in '/home/colcon_ws/src/moveit2-humble/build/moveit_planners_ompl': AMENT_PREFIX_PATH=/home/colcon_ws/src/moveit2-humble/install/moveit_ros_planning:/home/colcon_ws/src/moveit2-humble/install/moveit_ros_occupancy_map_monitor:/home/colcon_ws/src/moveit2-humble/install/moveit_core:/home/colcon_ws/src/moveit2-humble/install/moveit_common:${AMENT_PREFIX_PATH} CMAKE_PREFIX_PATH=/home/colcon_ws/src/moveit2-humble/install/moveit_ros_planning:/home/colcon_ws/src/moveit2-humble/install/moveit_ros_occupancy_map_monitor:/home/colcon_ws/src/moveit2-humble/install/moveit_core:/home/colcon_ws/src/moveit2-humble/install/moveit_common:/home/colcon_ws/install/pilz_industrial_motion_planner_testutils:/home/colcon_ws/install/moveit_runtime:/home/colcon_ws/install/moveit2_tutorials:/home/colcon_ws/install/moveit:/home/colcon_ws/install/moveit_planners:/home/colcon_ws/install/pilz_industrial_motion_planner:/home/colcon_ws/install/moveit_visual_tools:/home/colcon_ws/install/moveit_task_constructor_visualization:/home/colcon_ws/install/moveit_task_constructor_demo:/home/colcon_ws/install/moveit_task_constructor_capabilities:/home/colcon_ws/install/moveit_task_constructor_core:/home/colcon_ws/install/moveit_ros_control_interface:/home/colcon_ws/install/moveit_plugins:/home/colcon_ws/install/moveit_simple_controller_manager:/home/colcon_ws/install/moveit_setup_assistant:/home/colcon_ws/install/moveit_setup_srdf_plugins:/home/colcon_ws/install/moveit_setup_core_plugins:/home/colcon_ws/install/moveit_setup_controllers:/home/colcon_ws/install/moveit_setup_app_plugins:/home/colcon_ws/install/moveit_setup_framework:/home/colcon_ws/install/moveit_servo:/home/colcon_ws/install/moveit_ros:/home/colcon_ws/install/moveit_ros_visualization:/home/colcon_ws/install/moveit_hybrid_planning:/home/colcon_ws/install/moveit_ros_planning_interface:/home/colcon_ws/install/moveit_ros_benchmarks:/home/colcon_ws/install/moveit_ros_warehouse:/home/colcon_ws/install/moveit_ros_robot_interaction:/home/colcon_ws/install/moveit_ros_perception:/home/colcon_ws/install/moveit_resources_prbt_pg70_support:/home/colcon_ws/install/moveit_resources_prbt_moveit_config:/home/colcon_ws/install/moveit_ros_move_group:/home/colcon_ws/install/moveit_planners_ompl:/home/colcon_ws/install/moveit_ros_planning:/home/colcon_ws/install/moveit_ros_occupancy_map_monitor:/home/colcon_ws/install/moveit_resources_prbt_ikfast_manipulator_plugin:/home/colcon_ws/install/moveit_planners_chomp:/home/colcon_ws/install/moveit_kinematics:/home/colcon_ws/install/moveit_chomp_optimizer_adapter:/home/colcon_ws/install/chomp_motion_planner:/home/colcon_ws/install/moveit_core:/home/colcon_ws/install/srdfdom:/home/colcon_ws/install/rviz_marker_tools:/home/colcon_ws/install/rosparam_shortcuts:/home/colcon_ws/install/my_messages:/home/colcon_ws/install/moveit_task_constructor_msgs:/home/colcon_ws/install/moveit_resources_prbt_support:/home/colcon_ws/install/moveit_resources:/home/colcon_ws/install/moveit_resources_pr2_description:/home/colcon_ws/install/moveit_resources_panda_moveit_config:/home/colcon_ws/install/moveit_resources_panda_description:/home/colcon_ws/install/moveit_resources_fanuc_moveit_config:/home/colcon_ws/install/moveit_resources_fanuc_description:/home/colcon_ws/install/moveit_common:/home/colcon_ws/install/goal_change_interfaces:/home/colcon_ws/install/cpp_srvcli:/home/colcon_ws/install/moveit_configs_utils:/home/colcon_ws/install/launch_param_builder:/opt/ros/humble LD_LIBRARY_PATH=/home/colcon_ws/src/moveit2-humble/install/moveit_ros_planning/lib:/home/colcon_ws/src/moveit2-humble/install/moveit_ros_occupancy_map_monitor/lib:/home/colcon_ws/src/moveit2-humble/install/moveit_core/lib:${LD_LIBRARY_PATH} PATH=/home/colcon_ws/src/moveit2-humble/install/moveit_core/bin:${PATH} /usr/bin/cmake --install /home/colcon_ws/src/moveit2-humble/build/moveit_planners_ompl
[73.013s] -- Install configuration: "Debug"
[73.013s] -- Installing: /home/colcon_ws/src/moveit2-humble/install/moveit_planners_ompl/lib/moveit_planners_ompl/generate_state_database
[73.023s] -- Set runtime path of "/home/colcon_ws/src/moveit2-humble/install/moveit_planners_ompl/lib/moveit_planners_ompl/generate_state_database" to ""
[73.023s] -- Installing: /home/colcon_ws/src/moveit2-humble/install/moveit_planners_ompl/include
[73.023s] -- Installing: /home/colcon_ws/src/moveit2-humble/install/moveit_planners_ompl/include/moveit
[73.023s] -- Installing: /home/colcon_ws/src/moveit2-humble/install/moveit_planners_ompl/include/moveit/ompl_interface
[73.024s] -- Installing: /home/colcon_ws/src/moveit2-humble/install/moveit_planners_ompl/include/moveit/ompl_interface/parameterization
[73.024s] -- Installing: /home/colcon_ws/src/moveit2-humble/install/moveit_planners_ompl/include/moveit/ompl_interface/parameterization/work_space
[73.024s] -- Installing: /home/colcon_ws/src/moveit2-humble/install/moveit_planners_ompl/include/moveit/ompl_interface/parameterization/work_space/pose_model_state_space.h
[73.024s] -- Installing: /home/colcon_ws/src/moveit2-humble/install/moveit_planners_ompl/include/moveit/ompl_interface/parameterization/work_space/pose_model_state_space_factory.h
[73.024s] -- Installing: /home/colcon_ws/src/moveit2-humble/install/moveit_planners_ompl/include/moveit/ompl_interface/parameterization/joint_space
[73.024s] -- Installing: /home/colcon_ws/src/moveit2-humble/install/moveit_planners_ompl/include/moveit/ompl_interface/parameterization/joint_space/constrained_planning_state_space_factory.h
[73.024s] -- Installing: /home/colcon_ws/src/moveit2-humble/install/moveit_planners_ompl/include/moveit/ompl_interface/parameterization/joint_space/constrained_planning_state_space.h
[73.024s] -- Installing: /home/colcon_ws/src/moveit2-humble/install/moveit_planners_ompl/include/moveit/ompl_interface/parameterization/joint_space/joint_model_state_space.h
[73.024s] -- Installing: /home/colcon_ws/src/moveit2-humble/install/moveit_planners_ompl/include/moveit/ompl_interface/parameterization/joint_space/joint_model_state_space_factory.h
[73.024s] -- Installing: /home/colcon_ws/src/moveit2-humble/install/moveit_planners_ompl/include/moveit/ompl_interface/parameterization/model_based_state_space.h
[73.024s] -- Installing: /home/colcon_ws/src/moveit2-humble/install/moveit_planners_ompl/include/moveit/ompl_interface/parameterization/model_based_state_space_factory.h
[73.025s] -- Installing: /home/colcon_ws/src/moveit2-humble/install/moveit_planners_ompl/include/moveit/ompl_interface/model_based_planning_context.h
[73.025s] -- Installing: /home/colcon_ws/src/moveit2-humble/install/moveit_planners_ompl/include/moveit/ompl_interface/planning_context_manager.h
[73.025s] -- Installing: /home/colcon_ws/src/moveit2-humble/install/moveit_planners_ompl/include/moveit/ompl_interface/ompl_interface.h
[73.025s] -- Installing: /home/colcon_ws/src/moveit2-humble/install/moveit_planners_ompl/include/moveit/ompl_interface/detail
[73.025s] -- Installing: /home/colcon_ws/src/moveit2-humble/install/moveit_planners_ompl/include/moveit/ompl_interface/detail/ompl_constraints.h
[73.025s] -- Installing: /home/colcon_ws/src/moveit2-humble/install/moveit_planners_ompl/include/moveit/ompl_interface/detail/constrained_valid_state_sampler.h
[73.025s] -- Installing: /home/colcon_ws/src/moveit2-humble/install/moveit_planners_ompl/include/moveit/ompl_interface/detail/constraint_approximations.h
[73.025s] -- Installing: /home/colcon_ws/src/moveit2-humble/install/moveit_planners_ompl/include/moveit/ompl_interface/detail/projection_evaluators.h
[73.025s] -- Installing: /home/colcon_ws/src/moveit2-humble/install/moveit_planners_ompl/include/moveit/ompl_interface/detail/constraints_library.h
[73.026s] -- Installing: /home/colcon_ws/src/moveit2-humble/install/moveit_planners_ompl/include/moveit/ompl_interface/detail/constrained_goal_sampler.h
[73.026s] -- Installing: /home/colcon_ws/src/moveit2-humble/install/moveit_planners_ompl/include/moveit/ompl_interface/detail/goal_union.h
[73.026s] -- Installing: /home/colcon_ws/src/moveit2-humble/install/moveit_planners_ompl/include/moveit/ompl_interface/detail/threadsafe_state_storage.h
[73.026s] -- Installing: /home/colcon_ws/src/moveit2-humble/install/moveit_planners_ompl/include/moveit/ompl_interface/detail/state_validity_checker.h
[73.026s] -- Installing: /home/colcon_ws/src/moveit2-humble/install/moveit_planners_ompl/include/moveit/ompl_interface/detail/constrained_sampler.h
[73.026s] -- Installing: /home/colcon_ws/src/moveit2-humble/install/moveit_planners_ompl/lib/libmoveit_ompl_interface.so.2.5.4
[73.077s] -- Set runtime path of "/home/colcon_ws/src/moveit2-humble/install/moveit_planners_ompl/lib/libmoveit_ompl_interface.so.2.5.4" to ""
[73.077s] -- Installing: /home/colcon_ws/src/moveit2-humble/install/moveit_planners_ompl/lib/libmoveit_ompl_interface.so
[73.077s] -- Installing: /home/colcon_ws/src/moveit2-humble/install/moveit_planners_ompl/lib/libmoveit_ompl_planner_plugin.so.2.5.4
[73.087s] -- Set runtime path of "/home/colcon_ws/src/moveit2-humble/install/moveit_planners_ompl/lib/libmoveit_ompl_planner_plugin.so.2.5.4" to ""
[73.087s] -- Installing: /home/colcon_ws/src/moveit2-humble/install/moveit_planners_ompl/lib/libmoveit_ompl_planner_plugin.so
[73.087s] -- Installing: /home/colcon_ws/src/moveit2-humble/install/moveit_planners_ompl/share/moveit_planners_ompl/environment/library_path.sh
[73.087s] -- Installing: /home/colcon_ws/src/moveit2-humble/install/moveit_planners_ompl/share/moveit_planners_ompl/environment/library_path.dsv
[73.087s] -- Installing: /home/colcon_ws/src/moveit2-humble/install/moveit_planners_ompl/share/moveit_planners_ompl/ompl_interface_plugin_description.xml
[73.087s] -- Installing: /home/colcon_ws/src/moveit2-humble/install/moveit_planners_ompl/share/ament_index/resource_index/package_run_dependencies/moveit_planners_ompl
[73.087s] -- Installing: /home/colcon_ws/src/moveit2-humble/install/moveit_planners_ompl/share/ament_index/resource_index/parent_prefix_path/moveit_planners_ompl
[73.088s] -- Installing: /home/colcon_ws/src/moveit2-humble/install/moveit_planners_ompl/share/moveit_planners_ompl/environment/ament_prefix_path.sh
[73.088s] -- Installing: /home/colcon_ws/src/moveit2-humble/install/moveit_planners_ompl/share/moveit_planners_ompl/environment/ament_prefix_path.dsv
[73.088s] -- Installing: /home/colcon_ws/src/moveit2-humble/install/moveit_planners_ompl/share/moveit_planners_ompl/environment/path.sh
[73.088s] -- Installing: /home/colcon_ws/src/moveit2-humble/install/moveit_planners_ompl/share/moveit_planners_ompl/environment/path.dsv
[73.088s] -- Installing: /home/colcon_ws/src/moveit2-humble/install/moveit_planners_ompl/share/moveit_planners_ompl/local_setup.bash
[73.088s] -- Installing: /home/colcon_ws/src/moveit2-humble/install/moveit_planners_ompl/share/moveit_planners_ompl/local_setup.sh
[73.088s] -- Installing: /home/colcon_ws/src/moveit2-humble/install/moveit_planners_ompl/share/moveit_planners_ompl/local_setup.zsh
[73.089s] -- Installing: /home/colcon_ws/src/moveit2-humble/install/moveit_planners_ompl/share/moveit_planners_ompl/local_setup.dsv
[73.089s] -- Installing: /home/colcon_ws/src/moveit2-humble/install/moveit_planners_ompl/share/moveit_planners_ompl/package.dsv
[73.089s] -- Installing: /home/colcon_ws/src/moveit2-humble/install/moveit_planners_ompl/share/ament_index/resource_index/packages/moveit_planners_ompl
[73.089s] -- Installing: /home/colcon_ws/src/moveit2-humble/install/moveit_planners_ompl/share/ament_index/resource_index/moveit_core__pluginlib__plugin/moveit_planners_ompl
[73.089s] -- Installing: /home/colcon_ws/src/moveit2-humble/install/moveit_planners_ompl/share/moveit_planners_ompl/cmake/export_moveit_planners_omplExport.cmake
[73.089s] -- Installing: /home/colcon_ws/src/moveit2-humble/install/moveit_planners_ompl/share/moveit_planners_ompl/cmake/export_moveit_planners_omplExport-debug.cmake
[73.090s] -- Installing: /home/colcon_ws/src/moveit2-humble/install/moveit_planners_ompl/share/moveit_planners_ompl/cmake/ament_cmake_export_targets-extras.cmake
[73.090s] -- Installing: /home/colcon_ws/src/moveit2-humble/install/moveit_planners_ompl/share/moveit_planners_ompl/cmake/ament_cmake_export_dependencies-extras.cmake
[73.090s] -- Installing: /home/colcon_ws/src/moveit2-humble/install/moveit_planners_ompl/share/moveit_planners_ompl/cmake/moveit_planners_omplConfig.cmake
[73.090s] -- Installing: /home/colcon_ws/src/moveit2-humble/install/moveit_planners_ompl/share/moveit_planners_ompl/cmake/moveit_planners_omplConfig-version.cmake
[73.090s] -- Installing: /home/colcon_ws/src/moveit2-humble/install/moveit_planners_ompl/share/moveit_planners_ompl/package.xml
[73.095s] Invoked command in '/home/colcon_ws/src/moveit2-humble/build/moveit_planners_ompl' returned '0': AMENT_PREFIX_PATH=/home/colcon_ws/src/moveit2-humble/install/moveit_ros_planning:/home/colcon_ws/src/moveit2-humble/install/moveit_ros_occupancy_map_monitor:/home/colcon_ws/src/moveit2-humble/install/moveit_core:/home/colcon_ws/src/moveit2-humble/install/moveit_common:${AMENT_PREFIX_PATH} CMAKE_PREFIX_PATH=/home/colcon_ws/src/moveit2-humble/install/moveit_ros_planning:/home/colcon_ws/src/moveit2-humble/install/moveit_ros_occupancy_map_monitor:/home/colcon_ws/src/moveit2-humble/install/moveit_core:/home/colcon_ws/src/moveit2-humble/install/moveit_common:/home/colcon_ws/install/pilz_industrial_motion_planner_testutils:/home/colcon_ws/install/moveit_runtime:/home/colcon_ws/install/moveit2_tutorials:/home/colcon_ws/install/moveit:/home/colcon_ws/install/moveit_planners:/home/colcon_ws/install/pilz_industrial_motion_planner:/home/colcon_ws/install/moveit_visual_tools:/home/colcon_ws/install/moveit_task_constructor_visualization:/home/colcon_ws/install/moveit_task_constructor_demo:/home/colcon_ws/install/moveit_task_constructor_capabilities:/home/colcon_ws/install/moveit_task_constructor_core:/home/colcon_ws/install/moveit_ros_control_interface:/home/colcon_ws/install/moveit_plugins:/home/colcon_ws/install/moveit_simple_controller_manager:/home/colcon_ws/install/moveit_setup_assistant:/home/colcon_ws/install/moveit_setup_srdf_plugins:/home/colcon_ws/install/moveit_setup_core_plugins:/home/colcon_ws/install/moveit_setup_controllers:/home/colcon_ws/install/moveit_setup_app_plugins:/home/colcon_ws/install/moveit_setup_framework:/home/colcon_ws/install/moveit_servo:/home/colcon_ws/install/moveit_ros:/home/colcon_ws/install/moveit_ros_visualization:/home/colcon_ws/install/moveit_hybrid_planning:/home/colcon_ws/install/moveit_ros_planning_interface:/home/colcon_ws/install/moveit_ros_benchmarks:/home/colcon_ws/install/moveit_ros_warehouse:/home/colcon_ws/install/moveit_ros_robot_interaction:/home/colcon_ws/install/moveit_ros_perception:/home/colcon_ws/install/moveit_resources_prbt_pg70_support:/home/colcon_ws/install/moveit_resources_prbt_moveit_config:/home/colcon_ws/install/moveit_ros_move_group:/home/colcon_ws/install/moveit_planners_ompl:/home/colcon_ws/install/moveit_ros_planning:/home/colcon_ws/install/moveit_ros_occupancy_map_monitor:/home/colcon_ws/install/moveit_resources_prbt_ikfast_manipulator_plugin:/home/colcon_ws/install/moveit_planners_chomp:/home/colcon_ws/install/moveit_kinematics:/home/colcon_ws/install/moveit_chomp_optimizer_adapter:/home/colcon_ws/install/chomp_motion_planner:/home/colcon_ws/install/moveit_core:/home/colcon_ws/install/srdfdom:/home/colcon_ws/install/rviz_marker_tools:/home/colcon_ws/install/rosparam_shortcuts:/home/colcon_ws/install/my_messages:/home/colcon_ws/install/moveit_task_constructor_msgs:/home/colcon_ws/install/moveit_resources_prbt_support:/home/colcon_ws/install/moveit_resources:/home/colcon_ws/install/moveit_resources_pr2_description:/home/colcon_ws/install/moveit_resources_panda_moveit_config:/home/colcon_ws/install/moveit_resources_panda_description:/home/colcon_ws/install/moveit_resources_fanuc_moveit_config:/home/colcon_ws/install/moveit_resources_fanuc_description:/home/colcon_ws/install/moveit_common:/home/colcon_ws/install/goal_change_interfaces:/home/colcon_ws/install/cpp_srvcli:/home/colcon_ws/install/moveit_configs_utils:/home/colcon_ws/install/launch_param_builder:/opt/ros/humble LD_LIBRARY_PATH=/home/colcon_ws/src/moveit2-humble/install/moveit_ros_planning/lib:/home/colcon_ws/src/moveit2-humble/install/moveit_ros_occupancy_map_monitor/lib:/home/colcon_ws/src/moveit2-humble/install/moveit_core/lib:${LD_LIBRARY_PATH} PATH=/home/colcon_ws/src/moveit2-humble/install/moveit_core/bin:${PATH} /usr/bin/cmake --install /home/colcon_ws/src/moveit2-humble/build/moveit_planners_ompl
