[0.023s] Invoking command in '/home/colcon_ws/src/moveit2-humble/build/moveit_common': CMAKE_PREFIX_PATH=${CMAKE_PREFIX_PATH}:/home/colcon_ws/install/moveit_configs_utils:/home/colcon_ws/install/launch_param_builder:/opt/ros/humble /usr/bin/cmake --build /home/colcon_ws/src/moveit2-humble/build/moveit_common -- -j16 -l16
[0.233s] Invoked command in '/home/colcon_ws/src/moveit2-humble/build/moveit_common' returned '0': CMAKE_PREFIX_PATH=${CMAKE_PREFIX_PATH}:/home/colcon_ws/install/moveit_configs_utils:/home/colcon_ws/install/launch_param_builder:/opt/ros/humble /usr/bin/cmake --build /home/colcon_ws/src/moveit2-humble/build/moveit_common -- -j16 -l16
[0.271s] Invoking command in '/home/colcon_ws/src/moveit2-humble/build/moveit_common': CMAKE_PREFIX_PATH=${CMAKE_PREFIX_PATH}:/home/colcon_ws/install/moveit_configs_utils:/home/colcon_ws/install/launch_param_builder:/opt/ros/humble /usr/bin/cmake --install /home/colcon_ws/src/moveit2-humble/build/moveit_common
[0.278s] -- Install configuration: "Debug"
[0.279s] -- Up-to-date: /home/colcon_ws/src/moveit2-humble/install/moveit_common/share/ament_index/resource_index/package_run_dependencies/moveit_common
[0.279s] -- Up-to-date: /home/colcon_ws/src/moveit2-humble/install/moveit_common/share/ament_index/resource_index/parent_prefix_path/moveit_common
[0.279s] -- Up-to-date: /home/colcon_ws/src/moveit2-humble/install/moveit_common/share/moveit_common/environment/ament_prefix_path.sh
[0.279s] -- Up-to-date: /home/colcon_ws/src/moveit2-humble/install/moveit_common/share/moveit_common/environment/ament_prefix_path.dsv
[0.279s] -- Up-to-date: /home/colcon_ws/src/moveit2-humble/install/moveit_common/share/moveit_common/environment/path.sh
[0.279s] -- Up-to-date: /home/colcon_ws/src/moveit2-humble/install/moveit_common/share/moveit_common/environment/path.dsv
[0.279s] -- Up-to-date: /home/colcon_ws/src/moveit2-humble/install/moveit_common/share/moveit_common/local_setup.bash
[0.279s] -- Up-to-date: /home/colcon_ws/src/moveit2-humble/install/moveit_common/share/moveit_common/local_setup.sh
[0.280s] -- Up-to-date: /home/colcon_ws/src/moveit2-humble/install/moveit_common/share/moveit_common/local_setup.zsh
[0.280s] -- Up-to-date: /home/colcon_ws/src/moveit2-humble/install/moveit_common/share/moveit_common/local_setup.dsv
[0.280s] -- Up-to-date: /home/colcon_ws/src/moveit2-humble/install/moveit_common/share/moveit_common/package.dsv
[0.280s] -- Up-to-date: /home/colcon_ws/src/moveit2-humble/install/moveit_common/share/ament_index/resource_index/packages/moveit_common
[0.280s] -- Up-to-date: /home/colcon_ws/src/moveit2-humble/install/moveit_common/share/moveit_common/cmake/moveit_common-extras.cmake
[0.280s] -- Up-to-date: /home/colcon_ws/src/moveit2-humble/install/moveit_common/share/moveit_common/cmake/moveit_commonConfig.cmake
[0.281s] -- Up-to-date: /home/colcon_ws/src/moveit2-humble/install/moveit_common/share/moveit_common/cmake/moveit_commonConfig-version.cmake
[0.281s] -- Up-to-date: /home/colcon_ws/src/moveit2-humble/install/moveit_common/share/moveit_common/package.xml
[0.281s] -- Up-to-date: /home/colcon_ws/src/moveit2-humble/install/moveit_common/share/moveit_common/cmake
[0.281s] -- Up-to-date: /home/colcon_ws/src/moveit2-humble/install/moveit_common/share/moveit_common/cmake/moveit_package.cmake
[0.282s] Invoked command in '/home/colcon_ws/src/moveit2-humble/build/moveit_common' returned '0': CMAKE_PREFIX_PATH=${CMAKE_PREFIX_PATH}:/home/colcon_ws/install/moveit_configs_utils:/home/colcon_ws/install/launch_param_builder:/opt/ros/humble /usr/bin/cmake --install /home/colcon_ws/src/moveit2-humble/build/moveit_common
