[0.015s] Invoking command in '/home/colcon_ws/src/moveit2-humble/build/moveit_core': AMENT_PREFIX_PATH=/home/colcon_ws/src/moveit2-humble/install/moveit_common:${AMENT_PREFIX_PATH} CMAKE_PREFIX_PATH=/home/colcon_ws/src/moveit2-humble/install/moveit_common:/home/colcon_ws/install/pilz_industrial_motion_planner_testutils:/home/colcon_ws/install/moveit_runtime:/home/colcon_ws/install/moveit2_tutorials:/home/colcon_ws/install/moveit:/home/colcon_ws/install/moveit_planners:/home/colcon_ws/install/pilz_industrial_motion_planner:/home/colcon_ws/install/origin_hybrid_planning:/home/colcon_ws/install/moveit_visual_tools:/home/colcon_ws/install/moveit_task_constructor_visualization:/home/colcon_ws/install/moveit_task_constructor_demo:/home/colcon_ws/install/moveit_task_constructor_capabilities:/home/colcon_ws/install/moveit_task_constructor_core:/home/colcon_ws/install/moveit_ros_control_interface:/home/colcon_ws/install/moveit_plugins:/home/colcon_ws/install/moveit_simple_controller_manager:/home/colcon_ws/install/moveit_setup_assistant:/home/colcon_ws/install/moveit_setup_srdf_plugins:/home/colcon_ws/install/moveit_setup_core_plugins:/home/colcon_ws/install/moveit_setup_controllers:/home/colcon_ws/install/moveit_setup_app_plugins:/home/colcon_ws/install/moveit_setup_framework:/home/colcon_ws/install/moveit_servo:/home/colcon_ws/install/moveit_ros:/home/colcon_ws/install/moveit_ros_visualization:/home/colcon_ws/install/moveit_hybrid_planning:/home/colcon_ws/install/moveit_ros_planning_interface:/home/colcon_ws/install/moveit_ros_benchmarks:/home/colcon_ws/install/moveit_ros_warehouse:/home/colcon_ws/install/moveit_ros_robot_interaction:/home/colcon_ws/install/moveit_ros_perception:/home/colcon_ws/install/moveit_resources_prbt_pg70_support:/home/colcon_ws/install/moveit_resources_prbt_moveit_config:/home/colcon_ws/install/moveit_ros_move_group:/home/colcon_ws/install/moveit_planners_ompl:/home/colcon_ws/install/moveit_ros_planning:/home/colcon_ws/install/moveit_ros_occupancy_map_monitor:/home/colcon_ws/install/moveit_resources_prbt_ikfast_manipulator_plugin:/home/colcon_ws/install/moveit_planners_chomp:/home/colcon_ws/install/moveit_kinematics:/home/colcon_ws/install/moveit_chomp_optimizer_adapter:/home/colcon_ws/install/chomp_motion_planner:/home/colcon_ws/install/moveit_core:/home/colcon_ws/install/srdfdom:/home/colcon_ws/install/rviz_marker_tools:/home/colcon_ws/install/rosparam_shortcuts:/home/colcon_ws/install/my_messages:/home/colcon_ws/install/moveit_task_constructor_msgs:/home/colcon_ws/install/moveit_resources_prbt_support:/home/colcon_ws/install/moveit_resources:/home/colcon_ws/install/moveit_resources_pr2_description:/home/colcon_ws/install/moveit_resources_panda_moveit_config:/home/colcon_ws/install/moveit_resources_panda_description:/home/colcon_ws/install/moveit_resources_fanuc_moveit_config:/home/colcon_ws/install/moveit_resources_fanuc_description:/home/colcon_ws/install/moveit_common:/home/colcon_ws/install/goal_change_interfaces:/home/colcon_ws/install/cpp_srvcli:/home/colcon_ws/install/moveit_configs_utils:/home/colcon_ws/install/launch_param_builder:/opt/ros/humble /usr/bin/cmake /home/colcon_ws/src/moveit2-humble/moveit_core -DCMAKE_INSTALL_PREFIX=/home/colcon_ws/src/moveit2-humble/install/moveit_core
[0.030s] -- Found moveit_common: 2.5.4 (/home/colcon_ws/src/moveit2-humble/install/moveit_common/share/moveit_common/cmake)
[0.031s] -- Found ament_cmake: 1.3.4 (/opt/ros/humble/share/ament_cmake/cmake)
[0.242s] -- Could NOT find libbfd (missing: LIBBFD_LIBRARY LIBBFD_INCLUDE_DIR) 
[0.242s] -- BACKWARD_HAS_UNWIND=1
[0.243s] -- BACKWARD_HAS_BACKTRACE=0
[0.243s] -- BACKWARD_HAS_BACKTRACE_SYMBOL=0
[0.243s] -- BACKWARD_HAS_DW=1
[0.243s] -- BACKWARD_HAS_BFD=0
[0.243s] -- Found Backward: /opt/ros/humble/share/backward_ros/cmake  
[0.244s] -- Found rclcpp: 16.0.4 (/opt/ros/humble/share/rclcpp/cmake)
[0.286s] -- Found rosidl_generator_c: 3.1.4 (/opt/ros/humble/share/rosidl_generator_c/cmake)
[0.289s] -- Found rosidl_adapter: 3.1.4 (/opt/ros/humble/share/rosidl_adapter/cmake)
[0.298s] -- Found rosidl_generator_cpp: 3.1.4 (/opt/ros/humble/share/rosidl_generator_cpp/cmake)
[0.313s] -- Using all available rosidl_typesupport_c: rosidl_typesupport_fastrtps_c;rosidl_typesupport_introspection_c
[0.332s] -- Using all available rosidl_typesupport_cpp: rosidl_typesupport_fastrtps_cpp;rosidl_typesupport_introspection_cpp
[0.396s] -- Found rmw_implementation_cmake: 6.1.1 (/opt/ros/humble/share/rmw_implementation_cmake/cmake)
[0.401s] -- Found rmw_fastrtps_cpp: 6.2.2 (/opt/ros/humble/share/rmw_fastrtps_cpp/cmake)
[0.545s] -- Using RMW implementation 'rmw_fastrtps_cpp' as default
[0.707s] -- Found eigen3_cmake_module: 0.1.1 (/opt/ros/humble/share/eigen3_cmake_module/cmake)
[0.726s] -- Found angles: 1.15.0 (/opt/ros/humble/share/angles/cmake)
[0.732s] -- Found urdf: 2.6.0 (/opt/ros/humble/share/urdf/cmake)
[0.762s] -- Found tf2_eigen: 0.25.2 (/opt/ros/humble/share/tf2_eigen/cmake)
[1.116s] -- Found tf2_kdl: 0.25.2 (/opt/ros/humble/share/tf2_kdl/cmake)
[1.128s] -- Ensuring Eigen3 include directory is part of orocos-kdl CMake target
[1.138s] -- Found tf2_geometry_msgs: 0.25.2 (/opt/ros/humble/share/tf2_geometry_msgs/cmake)
[1.149s] -- Found eigen_stl_containers: 1.0.0 (/opt/ros/humble/share/eigen_stl_containers/cmake)
[1.150s] -- Found generate_parameter_library: 0.3.3 (/opt/ros/humble/share/generate_parameter_library/cmake)
[1.151s] -- Found parameter_traits: 0.3.3 (/opt/ros/humble/share/parameter_traits/cmake)
[1.167s] -- Found rclcpp_lifecycle: 16.0.4 (/opt/ros/humble/share/rclcpp_lifecycle/cmake)
[1.207s] -- Found geometric_shapes: 2.1.3 (/opt/ros/humble/share/geometric_shapes/cmake)
[1.219s] -- Found Boost: /usr/lib/x86_64-linux-gnu/cmake/Boost-1.74.0/BoostConfig.cmake (found version "1.74.0") found components: filesystem 
[1.264s] -- library: /usr/lib/x86_64-linux-gnu/libcurl.so
[1.521s] -- Found kdl_parser: 2.6.4 (/opt/ros/humble/share/kdl_parser/cmake)
[1.524s] -- Found moveit_msgs: 2.2.1 (/opt/ros/humble/share/moveit_msgs/cmake)
[2.022s] -- Found srdfdom: 2.0.4 (/home/colcon_ws/install/srdfdom/share/srdfdom/cmake)
[2.025s] -- Found common_interfaces: 4.2.3 (/opt/ros/humble/share/common_interfaces/cmake)
[2.042s] -- Found Boost: /usr/lib/x86_64-linux-gnu/cmake/Boost-1.74.0/BoostConfig.cmake (found version "1.74.0") found components: chrono date_time filesystem iostreams program_options regex serialization system thread 
[2.043s] --  *** Building MoveIt 2.5.4-Alpha ***
[2.057s] -- Found ament_cmake_gtest: 1.3.4 (/opt/ros/humble/share/ament_cmake_gtest/cmake)
[2.059s] -- Found gtest sources under '/opt/ros/humble/src/gtest_vendor': C++ tests using 'Google Test' will be built
[2.080s] -- Found ament_cmake_gmock: 1.3.4 (/opt/ros/humble/share/ament_cmake_gmock/cmake)
[2.082s] -- Found gmock sources under '/opt/ros/humble/src/gmock_vendor': C++ tests using 'Google Mock' will be built
[2.085s] -- Found ament_cmake_gtest: 1.3.4 (/opt/ros/humble/share/ament_cmake_gtest/cmake)
[2.086s] -- Found gtest sources under '/opt/ros/humble/src/gtest_vendor': C++ tests using 'Google Test' will be built
[2.106s] -- Found ament_cmake_gtest: 1.3.4 (/opt/ros/humble/share/ament_cmake_gtest/cmake)
[2.107s] -- Found gtest sources under '/opt/ros/humble/src/gtest_vendor': C++ tests using 'Google Test' will be built
[2.153s] -- Found ament_cmake_gtest: 1.3.4 (/opt/ros/humble/share/ament_cmake_gtest/cmake)
[2.154s] -- Found gtest sources under '/opt/ros/humble/src/gtest_vendor': C++ tests using 'Google Test' will be built
[2.169s] -- Found ament_lint_auto: 0.12.6 (/opt/ros/humble/share/ament_lint_auto/cmake)
[2.170s] -- Found ament_cmake_gtest: 1.3.4 (/opt/ros/humble/share/ament_cmake_gtest/cmake)
[2.170s] -- Found gtest sources under '/opt/ros/humble/src/gtest_vendor': C++ tests using 'Google Test' will be built
[2.204s] -- Found ament_cmake_gtest: 1.3.4 (/opt/ros/humble/share/ament_cmake_gtest/cmake)
[2.205s] -- Found gtest sources under '/opt/ros/humble/src/gtest_vendor': C++ tests using 'Google Test' will be built
[2.230s] -- Found ament_cmake_gtest: 1.3.4 (/opt/ros/humble/share/ament_cmake_gtest/cmake)
[2.231s] -- Found gtest sources under '/opt/ros/humble/src/gtest_vendor': C++ tests using 'Google Test' will be built
[2.246s] -- Found ament_cmake_gtest: 1.3.4 (/opt/ros/humble/share/ament_cmake_gtest/cmake)
[2.247s] -- Found gtest sources under '/opt/ros/humble/src/gtest_vendor': C++ tests using 'Google Test' will be built
[2.261s] -- Found gtest sources under '/opt/ros/humble/src/gtest_vendor': C++ tests using 'Google Test' will be built
[2.276s] -- Found gtest sources under '/opt/ros/humble/src/gtest_vendor': C++ tests using 'Google Test' will be built
[2.294s] -- Found ament_cmake_gtest: 1.3.4 (/opt/ros/humble/share/ament_cmake_gtest/cmake)
[2.294s] -- Found gtest sources under '/opt/ros/humble/src/gtest_vendor': C++ tests using 'Google Test' will be built
[2.330s] -- Found gtest sources under '/opt/ros/humble/src/gtest_vendor': C++ tests using 'Google Test' will be built
[2.357s] -- Found gtest sources under '/opt/ros/humble/src/gtest_vendor': C++ tests using 'Google Test' will be built
[2.379s] -- Found gtest sources under '/opt/ros/humble/src/gtest_vendor': C++ tests using 'Google Test' will be built
[2.385s] -- Found ament_lint_auto: 0.12.6 (/opt/ros/humble/share/ament_lint_auto/cmake)
[2.418s] -- Added test 'cppcheck' to perform static code analysis on C / C++ code
[2.420s] -- Configured cppcheck include dirs: /home/colcon_ws/src/moveit2-humble/moveit_core/exceptions/include;/home/colcon_ws/src/moveit2-humble/moveit_core/collision_detection/include;/home/colcon_ws/src/moveit2-humble/moveit_core/collision_detection_fcl/include;/home/colcon_ws/src/moveit2-humble/moveit_core/collision_detection_bullet/include;/home/colcon_ws/src/moveit2-humble/moveit_core/constraint_samplers/include;/home/colcon_ws/src/moveit2-humble/moveit_core/controller_manager/include;/home/colcon_ws/src/moveit2-humble/moveit_core/distance_field/include;/home/colcon_ws/src/moveit2-humble/moveit_core/collision_distance_field/include;/home/colcon_ws/src/moveit2-humble/moveit_core/dynamics_solver/include;/home/colcon_ws/src/moveit2-humble/moveit_core/kinematics_base/include;/home/colcon_ws/src/moveit2-humble/moveit_core/kinematics_metrics/include;/home/colcon_ws/src/moveit2-humble/moveit_core/robot_model/include;/home/colcon_ws/src/moveit2-humble/moveit_core/transforms/include;/home/colcon_ws/src/moveit2-humble/moveit_core/robot_state/include;/home/colcon_ws/src/moveit2-humble/moveit_core/robot_trajectory/include;/home/colcon_ws/src/moveit2-humble/moveit_core/kinematic_constraints/include;/home/colcon_ws/src/moveit2-humble/moveit_core/macros/include;/home/colcon_ws/src/moveit2-humble/moveit_core/online_signal_smoothing/include;/home/colcon_ws/src/moveit2-humble/moveit_core/planning_interface/include;/home/colcon_ws/src/moveit2-humble/moveit_core/planning_request_adapter/include;/home/colcon_ws/src/moveit2-humble/moveit_core/planning_scene/include;/home/colcon_ws/src/moveit2-humble/moveit_core/sensor_manager/include;/home/colcon_ws/src/moveit2-humble/moveit_core/trajectory_processing/include;/home/colcon_ws/src/moveit2-humble/moveit_core/utils/include
[2.420s] -- Configured cppcheck exclude dirs and/or files: 
[2.423s] -- Added test 'pep257' to check Python code against some of the docstring style conventions in PEP 257
[2.426s] -- Added test 'xmllint' to check XML markup files
[2.429s] -- Configuring done
[3.193s] -- Generating done
[3.203s] -- Build files have been written to: /home/colcon_ws/src/moveit2-humble/build/moveit_core
[3.228s] Invoked command in '/home/colcon_ws/src/moveit2-humble/build/moveit_core' returned '0': AMENT_PREFIX_PATH=/home/colcon_ws/src/moveit2-humble/install/moveit_common:${AMENT_PREFIX_PATH} CMAKE_PREFIX_PATH=/home/colcon_ws/src/moveit2-humble/install/moveit_common:/home/colcon_ws/install/pilz_industrial_motion_planner_testutils:/home/colcon_ws/install/moveit_runtime:/home/colcon_ws/install/moveit2_tutorials:/home/colcon_ws/install/moveit:/home/colcon_ws/install/moveit_planners:/home/colcon_ws/install/pilz_industrial_motion_planner:/home/colcon_ws/install/origin_hybrid_planning:/home/colcon_ws/install/moveit_visual_tools:/home/colcon_ws/install/moveit_task_constructor_visualization:/home/colcon_ws/install/moveit_task_constructor_demo:/home/colcon_ws/install/moveit_task_constructor_capabilities:/home/colcon_ws/install/moveit_task_constructor_core:/home/colcon_ws/install/moveit_ros_control_interface:/home/colcon_ws/install/moveit_plugins:/home/colcon_ws/install/moveit_simple_controller_manager:/home/colcon_ws/install/moveit_setup_assistant:/home/colcon_ws/install/moveit_setup_srdf_plugins:/home/colcon_ws/install/moveit_setup_core_plugins:/home/colcon_ws/install/moveit_setup_controllers:/home/colcon_ws/install/moveit_setup_app_plugins:/home/colcon_ws/install/moveit_setup_framework:/home/colcon_ws/install/moveit_servo:/home/colcon_ws/install/moveit_ros:/home/colcon_ws/install/moveit_ros_visualization:/home/colcon_ws/install/moveit_hybrid_planning:/home/colcon_ws/install/moveit_ros_planning_interface:/home/colcon_ws/install/moveit_ros_benchmarks:/home/colcon_ws/install/moveit_ros_warehouse:/home/colcon_ws/install/moveit_ros_robot_interaction:/home/colcon_ws/install/moveit_ros_perception:/home/colcon_ws/install/moveit_resources_prbt_pg70_support:/home/colcon_ws/install/moveit_resources_prbt_moveit_config:/home/colcon_ws/install/moveit_ros_move_group:/home/colcon_ws/install/moveit_planners_ompl:/home/colcon_ws/install/moveit_ros_planning:/home/colcon_ws/install/moveit_ros_occupancy_map_monitor:/home/colcon_ws/install/moveit_resources_prbt_ikfast_manipulator_plugin:/home/colcon_ws/install/moveit_planners_chomp:/home/colcon_ws/install/moveit_kinematics:/home/colcon_ws/install/moveit_chomp_optimizer_adapter:/home/colcon_ws/install/chomp_motion_planner:/home/colcon_ws/install/moveit_core:/home/colcon_ws/install/srdfdom:/home/colcon_ws/install/rviz_marker_tools:/home/colcon_ws/install/rosparam_shortcuts:/home/colcon_ws/install/my_messages:/home/colcon_ws/install/moveit_task_constructor_msgs:/home/colcon_ws/install/moveit_resources_prbt_support:/home/colcon_ws/install/moveit_resources:/home/colcon_ws/install/moveit_resources_pr2_description:/home/colcon_ws/install/moveit_resources_panda_moveit_config:/home/colcon_ws/install/moveit_resources_panda_description:/home/colcon_ws/install/moveit_resources_fanuc_moveit_config:/home/colcon_ws/install/moveit_resources_fanuc_description:/home/colcon_ws/install/moveit_common:/home/colcon_ws/install/goal_change_interfaces:/home/colcon_ws/install/cpp_srvcli:/home/colcon_ws/install/moveit_configs_utils:/home/colcon_ws/install/launch_param_builder:/opt/ros/humble /usr/bin/cmake /home/colcon_ws/src/moveit2-humble/moveit_core -DCMAKE_INSTALL_PREFIX=/home/colcon_ws/src/moveit2-humble/install/moveit_core
[3.230s] Invoking command in '/home/colcon_ws/src/moveit2-humble/build/moveit_core': AMENT_PREFIX_PATH=/home/colcon_ws/src/moveit2-humble/install/moveit_common:${AMENT_PREFIX_PATH} CMAKE_PREFIX_PATH=/home/colcon_ws/src/moveit2-humble/install/moveit_common:/home/colcon_ws/install/pilz_industrial_motion_planner_testutils:/home/colcon_ws/install/moveit_runtime:/home/colcon_ws/install/moveit2_tutorials:/home/colcon_ws/install/moveit:/home/colcon_ws/install/moveit_planners:/home/colcon_ws/install/pilz_industrial_motion_planner:/home/colcon_ws/install/origin_hybrid_planning:/home/colcon_ws/install/moveit_visual_tools:/home/colcon_ws/install/moveit_task_constructor_visualization:/home/colcon_ws/install/moveit_task_constructor_demo:/home/colcon_ws/install/moveit_task_constructor_capabilities:/home/colcon_ws/install/moveit_task_constructor_core:/home/colcon_ws/install/moveit_ros_control_interface:/home/colcon_ws/install/moveit_plugins:/home/colcon_ws/install/moveit_simple_controller_manager:/home/colcon_ws/install/moveit_setup_assistant:/home/colcon_ws/install/moveit_setup_srdf_plugins:/home/colcon_ws/install/moveit_setup_core_plugins:/home/colcon_ws/install/moveit_setup_controllers:/home/colcon_ws/install/moveit_setup_app_plugins:/home/colcon_ws/install/moveit_setup_framework:/home/colcon_ws/install/moveit_servo:/home/colcon_ws/install/moveit_ros:/home/colcon_ws/install/moveit_ros_visualization:/home/colcon_ws/install/moveit_hybrid_planning:/home/colcon_ws/install/moveit_ros_planning_interface:/home/colcon_ws/install/moveit_ros_benchmarks:/home/colcon_ws/install/moveit_ros_warehouse:/home/colcon_ws/install/moveit_ros_robot_interaction:/home/colcon_ws/install/moveit_ros_perception:/home/colcon_ws/install/moveit_resources_prbt_pg70_support:/home/colcon_ws/install/moveit_resources_prbt_moveit_config:/home/colcon_ws/install/moveit_ros_move_group:/home/colcon_ws/install/moveit_planners_ompl:/home/colcon_ws/install/moveit_ros_planning:/home/colcon_ws/install/moveit_ros_occupancy_map_monitor:/home/colcon_ws/install/moveit_resources_prbt_ikfast_manipulator_plugin:/home/colcon_ws/install/moveit_planners_chomp:/home/colcon_ws/install/moveit_kinematics:/home/colcon_ws/install/moveit_chomp_optimizer_adapter:/home/colcon_ws/install/chomp_motion_planner:/home/colcon_ws/install/moveit_core:/home/colcon_ws/install/srdfdom:/home/colcon_ws/install/rviz_marker_tools:/home/colcon_ws/install/rosparam_shortcuts:/home/colcon_ws/install/my_messages:/home/colcon_ws/install/moveit_task_constructor_msgs:/home/colcon_ws/install/moveit_resources_prbt_support:/home/colcon_ws/install/moveit_resources:/home/colcon_ws/install/moveit_resources_pr2_description:/home/colcon_ws/install/moveit_resources_panda_moveit_config:/home/colcon_ws/install/moveit_resources_panda_description:/home/colcon_ws/install/moveit_resources_fanuc_moveit_config:/home/colcon_ws/install/moveit_resources_fanuc_description:/home/colcon_ws/install/moveit_common:/home/colcon_ws/install/goal_change_interfaces:/home/colcon_ws/install/cpp_srvcli:/home/colcon_ws/install/moveit_configs_utils:/home/colcon_ws/install/launch_param_builder:/opt/ros/humble /usr/bin/cmake --build /home/colcon_ws/src/moveit2-humble/build/moveit_core -- -j16 -l16
[3.285s] [35m[1mConsolidate compiler generated dependencies of target moveit_utils[0m
[3.285s] [35m[1mConsolidate compiler generated dependencies of target moveit_transforms[0m
[3.288s] [35m[1mConsolidate compiler generated dependencies of target moveit_exceptions[0m
[3.288s] [35m[1mConsolidate compiler generated dependencies of target moveit_version[0m
[3.289s] [35m[1mConsolidate compiler generated dependencies of target gtest[0m
[3.289s] [35m[1mConsolidate compiler generated dependencies of target gmock_main[0m
[3.289s] [35m[1mConsolidate compiler generated dependencies of target gtest_main[0m
[3.289s] [35m[1mConsolidate compiler generated dependencies of target moveit_smoothing_base[0m
[3.290s] [35m[1mConsolidate compiler generated dependencies of target moveit_kinematics_base[0m
[3.290s] [35m[1mConsolidate compiler generated dependencies of target gmock[0m
[3.294s] [35m[1mConsolidate compiler generated dependencies of target moveit_distance_field[0m
[3.310s] [  2%] Built target moveit_version
[3.310s] [  3%] Built target moveit_butterworth_parameters
[3.314s] [  4%] Built target moveit_exceptions
[3.317s] [  6%] Built target moveit_utils
[3.317s] [  7%] Built target gtest
[3.317s] [  8%] Built target gmock_main
[3.318s] [  9%] Built target gtest_main
[3.321s] [ 11%] Built target gmock
[3.324s] [ 12%] Built target moveit_smoothing_base
[3.325s] [ 13%] Built target moveit_transforms
[3.330s] [ 14%] [32m[1mLinking CXX shared library libmoveit_kinematics_base.so[0m
[3.338s] [35m[1mConsolidate compiler generated dependencies of target test_transforms[0m
[3.340s] [ 16%] Built target moveit_distance_field
[3.355s] [35m[1mConsolidate compiler generated dependencies of target test_voxel_grid[0m
[3.357s] [35m[1mConsolidate compiler generated dependencies of target test_distance_field[0m
[3.363s] [ 17%] Built target test_transforms
[3.378s] [ 18%] Built target test_voxel_grid
[3.385s] [ 19%] Built target test_distance_field
[3.550s] [ 19%] Built target moveit_kinematics_base
[3.572s] [35m[1mConsolidate compiler generated dependencies of target moveit_robot_model[0m
[3.623s] [ 20%] [32m[1mLinking CXX shared library libmoveit_robot_model.so[0m
[4.624s] [ 26%] Built target moveit_robot_model
[4.638s] [35m[1mConsolidate compiler generated dependencies of target moveit_test_utils[0m
[4.641s] [35m[1mConsolidate compiler generated dependencies of target moveit_butterworth_filter[0m
[4.641s] [35m[1mConsolidate compiler generated dependencies of target moveit_robot_state[0m
[4.668s] [ 26%] [32m[1mLinking CXX shared library libmoveit_test_utils.so[0m
[4.669s] [ 26%] [32m[1mLinking CXX shared library libmoveit_butterworth_filter.so[0m
[4.681s] [ 27%] [32m[1mLinking CXX shared library libmoveit_robot_state.so[0m
[4.891s] [ 28%] Built target moveit_butterworth_filter
[4.908s] [35m[1mConsolidate compiler generated dependencies of target test_butterworth_filter[0m
[4.940s] [ 29%] [32m[1mLinking CXX executable test_butterworth_filter[0m
[5.065s] [ 30%] Built target moveit_test_utils
[5.083s] [35m[1mConsolidate compiler generated dependencies of target test_robot_model[0m
[5.109s] [ 30%] [32m[1mLinking CXX executable test_robot_model[0m
[5.193s] [ 30%] Built target test_butterworth_filter
[5.552s] [ 31%] Built target test_robot_model
[6.141s] [ 33%] Built target moveit_robot_state
[6.158s] [35m[1mConsolidate compiler generated dependencies of target test_aabb[0m
[6.158s] [35m[1mConsolidate compiler generated dependencies of target test_robot_state[0m
[6.160s] [35m[1mConsolidate compiler generated dependencies of target test_cartesian_interpolator[0m
[6.160s] [35m[1mConsolidate compiler generated dependencies of target moveit_kinematics_metrics[0m
[6.163s] [35m[1mConsolidate compiler generated dependencies of target test_robot_state_benchmark[0m
[6.163s] [35m[1mConsolidate compiler generated dependencies of target moveit_dynamics_solver[0m
[6.163s] [35m[1mConsolidate compiler generated dependencies of target moveit_robot_trajectory[0m
[6.163s] [35m[1mConsolidate compiler generated dependencies of target test_robot_state_complex[0m
[6.175s] [35m[1mConsolidate compiler generated dependencies of target moveit_collision_detection[0m
[6.193s] [ 34%] [32m[1mLinking CXX shared library libmoveit_kinematics_metrics.so[0m
[6.194s] [ 35%] [32m[1mLinking CXX executable test_robot_state[0m
[6.196s] [ 36%] [32m[1mLinking CXX executable test_cartesian_interpolator[0m
[6.196s] [ 37%] [32m[1mLinking CXX executable test_aabb[0m
[6.197s] [ 38%] [32m[1mLinking CXX shared library libmoveit_robot_trajectory.so[0m
[6.198s] [ 39%] [32m[1mLinking CXX executable test_robot_state_benchmark[0m
[6.199s] [ 40%] [32m[1mLinking CXX shared library libmoveit_dynamics_solver.so[0m
[6.200s] [ 41%] [32m[1mLinking CXX executable test_robot_state_complex[0m
[6.247s] [ 42%] [32m[1mLinking CXX shared library libmoveit_collision_detection.so[0m
[8.615s] [ 43%] Built target moveit_dynamics_solver
[8.723s] [ 43%] Built target moveit_robot_trajectory
[8.745s] [35m[1mConsolidate compiler generated dependencies of target test_robot_trajectory[0m
[8.747s] [35m[1mConsolidate compiler generated dependencies of target moveit_planning_interface[0m
[8.748s] [35m[1mConsolidate compiler generated dependencies of target moveit_trajectory_processing[0m
[8.792s] [ 43%] [32m[1mLinking CXX executable test_robot_trajectory[0m
[8.798s] [ 44%] [32m[1mLinking CXX shared library libmoveit_planning_interface.so[0m
[8.808s] [ 45%] [32m[1mLinking CXX shared library libmoveit_trajectory_processing.so[0m
[8.991s] [ 50%] Built target moveit_collision_detection
[9.020s] [35m[1mConsolidate compiler generated dependencies of target test_world_diff[0m
[9.020s] [35m[1mConsolidate compiler generated dependencies of target test_all_valid[0m
[9.021s] [35m[1mConsolidate compiler generated dependencies of target test_world[0m
[9.023s] [35m[1mConsolidate compiler generated dependencies of target moveit_collision_detection_fcl[0m
[9.026s] [ 50%] Built target test_cartesian_interpolator
[9.064s] [ 51%] [32m[1mLinking CXX executable test_world_diff[0m
[9.065s] [35m[1mConsolidate compiler generated dependencies of target moveit_collision_detection_bullet[0m
[9.068s] [ 51%] [32m[1mLinking CXX executable test_world[0m
[9.079s] [ 52%] [32m[1mLinking CXX executable test_all_valid[0m
[9.098s] [ 53%] [32m[1mLinking CXX shared library libmoveit_collision_detection_fcl.so[0m
[9.165s] [ 53%] Built target test_robot_state_benchmark
[9.186s] [ 54%] [32m[1mLinking CXX shared library libmoveit_collision_detection_bullet.so[0m
[10.052s] [ 54%] Built target test_aabb
[10.087s] [ 55%] Built target test_robot_state
[10.382s] [ 55%] Built target moveit_kinematics_metrics
[10.421s] [ 55%] Built target test_robot_state_complex
[11.041s] [ 56%] Built target test_world
[11.168s] [ 57%] Built target moveit_planning_interface
[11.368s] [ 58%] Built target test_world_diff
[11.585s] [ 58%] Built target test_all_valid
[11.608s] [ 59%] Built target test_robot_trajectory
[11.618s] [ 62%] Built target moveit_trajectory_processing
[11.633s] [35m[1mConsolidate compiler generated dependencies of target test_time_parameterization[0m
[11.636s] [35m[1mConsolidate compiler generated dependencies of target test_ruckig_traj_smoothing[0m
[11.636s] [35m[1mConsolidate compiler generated dependencies of target test_time_optimal_trajectory_generation[0m
[11.664s] [ 63%] [32m[1mLinking CXX executable test_time_optimal_trajectory_generation[0m
[11.664s] [ 64%] [32m[1mLinking CXX executable test_time_parameterization[0m
[11.667s] [ 64%] [32m[1mLinking CXX executable test_ruckig_traj_smoothing[0m
[12.046s] [ 68%] Built target moveit_collision_detection_bullet
[12.068s] [35m[1mConsolidate compiler generated dependencies of target test_bullet_collision_detection_panda[0m
[12.069s] [35m[1mConsolidate compiler generated dependencies of target test_bullet_collision_detection[0m
[12.070s] [35m[1mConsolidate compiler generated dependencies of target test_bullet_continuous_collision_checking[0m
[12.109s] [ 68%] [32m[1mLinking CXX executable test_bullet_collision_detection_panda[0m
[12.111s] [ 69%] [32m[1mLinking CXX executable test_bullet_continuous_collision_checking[0m
[12.114s] [ 69%] [32m[1mLinking CXX executable test_bullet_collision_detection[0m
[12.122s] [ 70%] Built target moveit_collision_detection_fcl
[12.144s] [35m[1mConsolidate compiler generated dependencies of target test_fcl_collision_env[0m
[12.148s] [35m[1mConsolidate compiler generated dependencies of target test_fcl_collision_detection_panda[0m
[12.148s] [35m[1mConsolidate compiler generated dependencies of target test_fcl_collision_detection[0m
[12.150s] [35m[1mConsolidate compiler generated dependencies of target moveit_kinematic_constraints[0m
[12.197s] [ 71%] [32m[1mLinking CXX executable test_fcl_collision_detection_panda[0m
[12.198s] [ 71%] [32m[1mLinking CXX executable test_fcl_collision_detection[0m
[12.198s] [ 71%] [32m[1mLinking CXX executable test_fcl_collision_env[0m
[12.213s] [ 72%] [32m[1mLinking CXX shared library libmoveit_kinematic_constraints.so[0m
[14.653s] [ 73%] Built target test_ruckig_traj_smoothing
[15.448s] [ 73%] Built target test_time_parameterization
[15.885s] [ 74%] Built target test_time_optimal_trajectory_generation
[16.073s] [ 75%] Built target test_bullet_collision_detection_panda
[16.115s] [ 76%] Built target test_bullet_continuous_collision_checking
[16.189s] [ 77%] Built target test_bullet_collision_detection
[16.424s] [ 78%] Built target test_fcl_collision_detection_panda
[16.586s] [ 79%] Built target test_fcl_collision_env
[16.689s] [ 80%] Built target test_fcl_collision_detection
[16.760s] [ 81%] Built target moveit_kinematic_constraints
[16.774s] [35m[1mConsolidate compiler generated dependencies of target test_constraints[0m
[16.774s] [35m[1mConsolidate compiler generated dependencies of target test_orientation_constraints[0m
[16.777s] [35m[1mConsolidate compiler generated dependencies of target moveit_planning_scene[0m
[16.806s] [ 83%] [32m[1mLinking CXX executable test_constraints[0m
[16.806s] [ 83%] [32m[1mLinking CXX executable test_orientation_constraints[0m
[16.817s] [ 83%] [32m[1mLinking CXX shared library libmoveit_planning_scene.so[0m
[18.191s] [ 83%] Built target test_constraints
[18.208s] [ 83%] Built target test_orientation_constraints
[18.442s] [ 84%] Built target moveit_planning_scene
[18.459s] [35m[1mConsolidate compiler generated dependencies of target moveit_planning_request_adapter[0m
[18.460s] [35m[1mConsolidate compiler generated dependencies of target test_collision_objects[0m
[18.460s] [35m[1mConsolidate compiler generated dependencies of target collision_detector_fcl_plugin[0m
[18.460s] [35m[1mConsolidate compiler generated dependencies of target collision_detector_bullet_plugin[0m
[18.463s] [35m[1mConsolidate compiler generated dependencies of target test_multi_threaded[0m
[18.463s] [35m[1mConsolidate compiler generated dependencies of target moveit_collision_distance_field[0m
[18.465s] [35m[1mConsolidate compiler generated dependencies of target test_planning_scene[0m
[18.467s] [35m[1mConsolidate compiler generated dependencies of target moveit_constraint_samplers[0m
[18.492s] [ 84%] [32m[1mLinking CXX executable test_collision_objects[0m
[18.494s] [ 85%] [32m[1mLinking CXX shared library libmoveit_planning_request_adapter.so[0m
[18.497s] [ 86%] [32m[1mLinking CXX shared library libcollision_detector_bullet_plugin.so[0m
[18.499s] [ 87%] [32m[1mLinking CXX executable test_multi_threaded[0m
[18.503s] [ 88%] [32m[1mLinking CXX shared library libcollision_detector_fcl_plugin.so[0m
[18.506s] [ 88%] [32m[1mLinking CXX executable test_planning_scene[0m
[18.526s] [ 89%] [32m[1mLinking CXX shared library libmoveit_constraint_samplers.so[0m
[18.533s] [ 90%] [32m[1mLinking CXX shared library libmoveit_collision_distance_field.so[0m
[18.903s] [ 90%] Built target moveit_planning_request_adapter
[20.636s] [ 90%] Built target collision_detector_bullet_plugin
[20.727s] [ 90%] Built target collision_detector_fcl_plugin
[20.954s] [ 91%] Built target test_collision_objects
[21.294s] [ 91%] Built target test_multi_threaded
[21.540s] [ 93%] Built target moveit_constraint_samplers
[21.556s] [35m[1mConsolidate compiler generated dependencies of target test_constraint_samplers[0m
[21.593s] [ 94%] Built target test_planning_scene
[21.595s] [ 95%] [32m[1mLinking CXX executable test_constraint_samplers[0m
[21.814s] [ 97%] Built target moveit_collision_distance_field
[21.828s] [35m[1mConsolidate compiler generated dependencies of target test_collision_distance_field[0m
[21.859s] [ 97%] [32m[1mLinking CXX executable test_collision_distance_field[0m
[23.065s] [ 98%] Built target test_collision_distance_field
[23.188s] [100%] Built target test_constraint_samplers
[23.201s] Invoked command in '/home/colcon_ws/src/moveit2-humble/build/moveit_core' returned '0': AMENT_PREFIX_PATH=/home/colcon_ws/src/moveit2-humble/install/moveit_common:${AMENT_PREFIX_PATH} CMAKE_PREFIX_PATH=/home/colcon_ws/src/moveit2-humble/install/moveit_common:/home/colcon_ws/install/pilz_industrial_motion_planner_testutils:/home/colcon_ws/install/moveit_runtime:/home/colcon_ws/install/moveit2_tutorials:/home/colcon_ws/install/moveit:/home/colcon_ws/install/moveit_planners:/home/colcon_ws/install/pilz_industrial_motion_planner:/home/colcon_ws/install/origin_hybrid_planning:/home/colcon_ws/install/moveit_visual_tools:/home/colcon_ws/install/moveit_task_constructor_visualization:/home/colcon_ws/install/moveit_task_constructor_demo:/home/colcon_ws/install/moveit_task_constructor_capabilities:/home/colcon_ws/install/moveit_task_constructor_core:/home/colcon_ws/install/moveit_ros_control_interface:/home/colcon_ws/install/moveit_plugins:/home/colcon_ws/install/moveit_simple_controller_manager:/home/colcon_ws/install/moveit_setup_assistant:/home/colcon_ws/install/moveit_setup_srdf_plugins:/home/colcon_ws/install/moveit_setup_core_plugins:/home/colcon_ws/install/moveit_setup_controllers:/home/colcon_ws/install/moveit_setup_app_plugins:/home/colcon_ws/install/moveit_setup_framework:/home/colcon_ws/install/moveit_servo:/home/colcon_ws/install/moveit_ros:/home/colcon_ws/install/moveit_ros_visualization:/home/colcon_ws/install/moveit_hybrid_planning:/home/colcon_ws/install/moveit_ros_planning_interface:/home/colcon_ws/install/moveit_ros_benchmarks:/home/colcon_ws/install/moveit_ros_warehouse:/home/colcon_ws/install/moveit_ros_robot_interaction:/home/colcon_ws/install/moveit_ros_perception:/home/colcon_ws/install/moveit_resources_prbt_pg70_support:/home/colcon_ws/install/moveit_resources_prbt_moveit_config:/home/colcon_ws/install/moveit_ros_move_group:/home/colcon_ws/install/moveit_planners_ompl:/home/colcon_ws/install/moveit_ros_planning:/home/colcon_ws/install/moveit_ros_occupancy_map_monitor:/home/colcon_ws/install/moveit_resources_prbt_ikfast_manipulator_plugin:/home/colcon_ws/install/moveit_planners_chomp:/home/colcon_ws/install/moveit_kinematics:/home/colcon_ws/install/moveit_chomp_optimizer_adapter:/home/colcon_ws/install/chomp_motion_planner:/home/colcon_ws/install/moveit_core:/home/colcon_ws/install/srdfdom:/home/colcon_ws/install/rviz_marker_tools:/home/colcon_ws/install/rosparam_shortcuts:/home/colcon_ws/install/my_messages:/home/colcon_ws/install/moveit_task_constructor_msgs:/home/colcon_ws/install/moveit_resources_prbt_support:/home/colcon_ws/install/moveit_resources:/home/colcon_ws/install/moveit_resources_pr2_description:/home/colcon_ws/install/moveit_resources_panda_moveit_config:/home/colcon_ws/install/moveit_resources_panda_description:/home/colcon_ws/install/moveit_resources_fanuc_moveit_config:/home/colcon_ws/install/moveit_resources_fanuc_description:/home/colcon_ws/install/moveit_common:/home/colcon_ws/install/goal_change_interfaces:/home/colcon_ws/install/cpp_srvcli:/home/colcon_ws/install/moveit_configs_utils:/home/colcon_ws/install/launch_param_builder:/opt/ros/humble /usr/bin/cmake --build /home/colcon_ws/src/moveit2-humble/build/moveit_core -- -j16 -l16
[23.372s] Invoking command in '/home/colcon_ws/src/moveit2-humble/build/moveit_core': AMENT_PREFIX_PATH=/home/colcon_ws/src/moveit2-humble/install/moveit_common:${AMENT_PREFIX_PATH} CMAKE_PREFIX_PATH=/home/colcon_ws/src/moveit2-humble/install/moveit_common:/home/colcon_ws/install/pilz_industrial_motion_planner_testutils:/home/colcon_ws/install/moveit_runtime:/home/colcon_ws/install/moveit2_tutorials:/home/colcon_ws/install/moveit:/home/colcon_ws/install/moveit_planners:/home/colcon_ws/install/pilz_industrial_motion_planner:/home/colcon_ws/install/origin_hybrid_planning:/home/colcon_ws/install/moveit_visual_tools:/home/colcon_ws/install/moveit_task_constructor_visualization:/home/colcon_ws/install/moveit_task_constructor_demo:/home/colcon_ws/install/moveit_task_constructor_capabilities:/home/colcon_ws/install/moveit_task_constructor_core:/home/colcon_ws/install/moveit_ros_control_interface:/home/colcon_ws/install/moveit_plugins:/home/colcon_ws/install/moveit_simple_controller_manager:/home/colcon_ws/install/moveit_setup_assistant:/home/colcon_ws/install/moveit_setup_srdf_plugins:/home/colcon_ws/install/moveit_setup_core_plugins:/home/colcon_ws/install/moveit_setup_controllers:/home/colcon_ws/install/moveit_setup_app_plugins:/home/colcon_ws/install/moveit_setup_framework:/home/colcon_ws/install/moveit_servo:/home/colcon_ws/install/moveit_ros:/home/colcon_ws/install/moveit_ros_visualization:/home/colcon_ws/install/moveit_hybrid_planning:/home/colcon_ws/install/moveit_ros_planning_interface:/home/colcon_ws/install/moveit_ros_benchmarks:/home/colcon_ws/install/moveit_ros_warehouse:/home/colcon_ws/install/moveit_ros_robot_interaction:/home/colcon_ws/install/moveit_ros_perception:/home/colcon_ws/install/moveit_resources_prbt_pg70_support:/home/colcon_ws/install/moveit_resources_prbt_moveit_config:/home/colcon_ws/install/moveit_ros_move_group:/home/colcon_ws/install/moveit_planners_ompl:/home/colcon_ws/install/moveit_ros_planning:/home/colcon_ws/install/moveit_ros_occupancy_map_monitor:/home/colcon_ws/install/moveit_resources_prbt_ikfast_manipulator_plugin:/home/colcon_ws/install/moveit_planners_chomp:/home/colcon_ws/install/moveit_kinematics:/home/colcon_ws/install/moveit_chomp_optimizer_adapter:/home/colcon_ws/install/chomp_motion_planner:/home/colcon_ws/install/moveit_core:/home/colcon_ws/install/srdfdom:/home/colcon_ws/install/rviz_marker_tools:/home/colcon_ws/install/rosparam_shortcuts:/home/colcon_ws/install/my_messages:/home/colcon_ws/install/moveit_task_constructor_msgs:/home/colcon_ws/install/moveit_resources_prbt_support:/home/colcon_ws/install/moveit_resources:/home/colcon_ws/install/moveit_resources_pr2_description:/home/colcon_ws/install/moveit_resources_panda_moveit_config:/home/colcon_ws/install/moveit_resources_panda_description:/home/colcon_ws/install/moveit_resources_fanuc_moveit_config:/home/colcon_ws/install/moveit_resources_fanuc_description:/home/colcon_ws/install/moveit_common:/home/colcon_ws/install/goal_change_interfaces:/home/colcon_ws/install/cpp_srvcli:/home/colcon_ws/install/moveit_configs_utils:/home/colcon_ws/install/launch_param_builder:/opt/ros/humble /usr/bin/cmake --install /home/colcon_ws/src/moveit2-humble/build/moveit_core
[23.389s] -- Install configuration: "Debug"
[23.389s] -- Up-to-date: /home/colcon_ws/src/moveit2-humble/install/moveit_core/include/moveit/version.h
[23.390s] -- Up-to-date: /home/colcon_ws/src/moveit2-humble/install/moveit_core/include
[23.390s] -- Up-to-date: /home/colcon_ws/src/moveit2-humble/install/moveit_core/include/moveit
[23.390s] -- Up-to-date: /home/colcon_ws/src/moveit2-humble/install/moveit_core/include/moveit/collision_distance_field
[23.390s] -- Up-to-date: /home/colcon_ws/src/moveit2-humble/install/moveit_core/include/moveit/collision_distance_field/collision_env_hybrid.h
[23.390s] -- Up-to-date: /home/colcon_ws/src/moveit2-humble/install/moveit_core/include/moveit/collision_distance_field/collision_common_distance_field.h
[23.391s] -- Up-to-date: /home/colcon_ws/src/moveit2-humble/install/moveit_core/include/moveit/collision_distance_field/collision_detector_allocator_hybrid.h
[23.391s] -- Up-to-date: /home/colcon_ws/src/moveit2-humble/install/moveit_core/include/moveit/collision_distance_field/collision_env_distance_field.h
[23.391s] -- Up-to-date: /home/colcon_ws/src/moveit2-humble/install/moveit_core/include/moveit/collision_distance_field/collision_distance_field_types.h
[23.391s] -- Up-to-date: /home/colcon_ws/src/moveit2-humble/install/moveit_core/include/moveit/collision_distance_field/collision_detector_allocator_distance_field.h
[23.391s] -- Up-to-date: /home/colcon_ws/src/moveit2-humble/install/moveit_core/include/moveit_collision_distance_field_export.h
[23.391s] -- Up-to-date: /home/colcon_ws/src/moveit2-humble/install/moveit_core/include
[23.392s] -- Up-to-date: /home/colcon_ws/src/moveit2-humble/install/moveit_core/include/moveit
[23.392s] -- Up-to-date: /home/colcon_ws/src/moveit2-humble/install/moveit_core/include/moveit/constraint_samplers
[23.392s] -- Up-to-date: /home/colcon_ws/src/moveit2-humble/install/moveit_core/include/moveit/constraint_samplers/union_constraint_sampler.h
[23.392s] -- Up-to-date: /home/colcon_ws/src/moveit2-humble/install/moveit_core/include/moveit/constraint_samplers/constraint_sampler_manager.h
[23.392s] -- Up-to-date: /home/colcon_ws/src/moveit2-humble/install/moveit_core/include/moveit/constraint_samplers/constraint_sampler.h
[23.392s] -- Up-to-date: /home/colcon_ws/src/moveit2-humble/install/moveit_core/include/moveit/constraint_samplers/constraint_sampler_tools.h
[23.392s] -- Up-to-date: /home/colcon_ws/src/moveit2-humble/install/moveit_core/include/moveit/constraint_samplers/constraint_sampler_allocator.h
[23.392s] -- Up-to-date: /home/colcon_ws/src/moveit2-humble/install/moveit_core/include/moveit/constraint_samplers/default_constraint_samplers.h
[23.393s] -- Up-to-date: /home/colcon_ws/src/moveit2-humble/install/moveit_core/include
[23.393s] -- Up-to-date: /home/colcon_ws/src/moveit2-humble/install/moveit_core/include/moveit
[23.393s] -- Up-to-date: /home/colcon_ws/src/moveit2-humble/install/moveit_core/include/moveit/controller_manager
[23.393s] -- Up-to-date: /home/colcon_ws/src/moveit2-humble/install/moveit_core/include/moveit/controller_manager/controller_manager.h
[23.393s] -- Up-to-date: /home/colcon_ws/src/moveit2-humble/install/moveit_core/include
[23.393s] -- Up-to-date: /home/colcon_ws/src/moveit2-humble/install/moveit_core/include/moveit
[23.393s] -- Up-to-date: /home/colcon_ws/src/moveit2-humble/install/moveit_core/include/moveit/distance_field
[23.393s] -- Up-to-date: /home/colcon_ws/src/moveit2-humble/install/moveit_core/include/moveit/distance_field/voxel_grid.h
[23.393s] -- Up-to-date: /home/colcon_ws/src/moveit2-humble/install/moveit_core/include/moveit/distance_field/find_internal_points.h
[23.394s] -- Up-to-date: /home/colcon_ws/src/moveit2-humble/install/moveit_core/include/moveit/distance_field/distance_field.h
[23.394s] -- Up-to-date: /home/colcon_ws/src/moveit2-humble/install/moveit_core/include/moveit/distance_field/propagation_distance_field.h
[23.394s] -- Up-to-date: /home/colcon_ws/src/moveit2-humble/install/moveit_core/include
[23.394s] -- Up-to-date: /home/colcon_ws/src/moveit2-humble/install/moveit_core/include/moveit
[23.394s] -- Up-to-date: /home/colcon_ws/src/moveit2-humble/install/moveit_core/include/moveit/dynamics_solver
[23.394s] -- Up-to-date: /home/colcon_ws/src/moveit2-humble/install/moveit_core/include/moveit/dynamics_solver/dynamics_solver.h
[23.394s] -- Up-to-date: /home/colcon_ws/src/moveit2-humble/install/moveit_core/include
[23.394s] -- Up-to-date: /home/colcon_ws/src/moveit2-humble/install/moveit_core/include/moveit
[23.395s] -- Up-to-date: /home/colcon_ws/src/moveit2-humble/install/moveit_core/include/moveit/exceptions
[23.395s] -- Up-to-date: /home/colcon_ws/src/moveit2-humble/install/moveit_core/include/moveit/exceptions/exceptions.h
[23.395s] -- Up-to-date: /home/colcon_ws/src/moveit2-humble/install/moveit_core/include
[23.395s] -- Up-to-date: /home/colcon_ws/src/moveit2-humble/install/moveit_core/include/moveit
[23.395s] -- Up-to-date: /home/colcon_ws/src/moveit2-humble/install/moveit_core/include/moveit/kinematics_base
[23.395s] -- Up-to-date: /home/colcon_ws/src/moveit2-humble/install/moveit_core/include/moveit/kinematics_base/kinematics_base.h
[23.395s] -- Up-to-date: /home/colcon_ws/src/moveit2-humble/install/moveit_core/include/moveit_kinematics_base_export.h
[23.395s] -- Up-to-date: /home/colcon_ws/src/moveit2-humble/install/moveit_core/include
[23.395s] -- Up-to-date: /home/colcon_ws/src/moveit2-humble/install/moveit_core/include/moveit
[23.396s] -- Up-to-date: /home/colcon_ws/src/moveit2-humble/install/moveit_core/include/moveit/kinematic_constraints
[23.396s] -- Up-to-date: /home/colcon_ws/src/moveit2-humble/install/moveit_core/include/moveit/kinematic_constraints/kinematic_constraint.h
[23.396s] -- Up-to-date: /home/colcon_ws/src/moveit2-humble/install/moveit_core/include/moveit/kinematic_constraints/utils.h
[23.396s] -- Up-to-date: /home/colcon_ws/src/moveit2-humble/install/moveit_core/include
[23.396s] -- Up-to-date: /home/colcon_ws/src/moveit2-humble/install/moveit_core/include/moveit
[23.396s] -- Up-to-date: /home/colcon_ws/src/moveit2-humble/install/moveit_core/include/moveit/kinematics_metrics
[23.396s] -- Up-to-date: /home/colcon_ws/src/moveit2-humble/install/moveit_core/include/moveit/kinematics_metrics/kinematics_metrics.h
[23.396s] -- Up-to-date: /home/colcon_ws/src/moveit2-humble/install/moveit_core/include
[23.396s] -- Up-to-date: /home/colcon_ws/src/moveit2-humble/install/moveit_core/include/moveit
[23.397s] -- Up-to-date: /home/colcon_ws/src/moveit2-humble/install/moveit_core/include/moveit/macros
[23.397s] -- Up-to-date: /home/colcon_ws/src/moveit2-humble/install/moveit_core/include/moveit/macros/console_colors.h
[23.397s] -- Up-to-date: /home/colcon_ws/src/moveit2-humble/install/moveit_core/include/moveit/macros/class_forward.h
[23.397s] -- Up-to-date: /home/colcon_ws/src/moveit2-humble/install/moveit_core/include/moveit/macros/deprecation.h
[23.397s] -- Up-to-date: /home/colcon_ws/src/moveit2-humble/install/moveit_core/include/moveit/macros/declare_ptr.h
[23.397s] -- Up-to-date: /home/colcon_ws/src/moveit2-humble/install/moveit_core/include/moveit_butterworth_parameters
[23.397s] -- Up-to-date: /home/colcon_ws/src/moveit2-humble/install/moveit_core/include/moveit_butterworth_parameters/moveit_butterworth_parameters.hpp
[23.397s] -- Up-to-date: /home/colcon_ws/src/moveit2-humble/install/moveit_core/include
[23.397s] -- Up-to-date: /home/colcon_ws/src/moveit2-humble/install/moveit_core/include/moveit
[23.397s] -- Up-to-date: /home/colcon_ws/src/moveit2-humble/install/moveit_core/include/moveit/online_signal_smoothing
[23.398s] -- Up-to-date: /home/colcon_ws/src/moveit2-humble/install/moveit_core/include/moveit/online_signal_smoothing/smoothing_base_class.h
[23.398s] -- Up-to-date: /home/colcon_ws/src/moveit2-humble/install/moveit_core/include/moveit/online_signal_smoothing/butterworth_filter.h
[23.398s] -- Up-to-date: /home/colcon_ws/src/moveit2-humble/install/moveit_core/include/moveit_smoothing_base_export.h
[23.398s] -- Up-to-date: /home/colcon_ws/src/moveit2-humble/install/moveit_core/include/moveit_butterworth_filter_export.h
[23.398s] -- Up-to-date: /home/colcon_ws/src/moveit2-humble/install/moveit_core/include
[23.398s] -- Up-to-date: /home/colcon_ws/src/moveit2-humble/install/moveit_core/include/moveit
[23.398s] -- Up-to-date: /home/colcon_ws/src/moveit2-humble/install/moveit_core/include/moveit/planning_interface
[23.398s] -- Up-to-date: /home/colcon_ws/src/moveit2-humble/install/moveit_core/include/moveit/planning_interface/planning_response.h
[23.398s] -- Up-to-date: /home/colcon_ws/src/moveit2-humble/install/moveit_core/include/moveit/planning_interface/planning_interface.h
[23.399s] -- Up-to-date: /home/colcon_ws/src/moveit2-humble/install/moveit_core/include/moveit/planning_interface/planning_request.h
[23.399s] -- Up-to-date: /home/colcon_ws/src/moveit2-humble/install/moveit_core/include
[23.399s] -- Up-to-date: /home/colcon_ws/src/moveit2-humble/install/moveit_core/include/moveit
[23.399s] -- Up-to-date: /home/colcon_ws/src/moveit2-humble/install/moveit_core/include/moveit/planning_request_adapter
[23.399s] -- Up-to-date: /home/colcon_ws/src/moveit2-humble/install/moveit_core/include/moveit/planning_request_adapter/planning_request_adapter.h
[23.399s] -- Up-to-date: /home/colcon_ws/src/moveit2-humble/install/moveit_core/include
[23.399s] -- Up-to-date: /home/colcon_ws/src/moveit2-humble/install/moveit_core/include/moveit
[23.399s] -- Up-to-date: /home/colcon_ws/src/moveit2-humble/install/moveit_core/include/moveit/planning_scene
[23.399s] -- Up-to-date: /home/colcon_ws/src/moveit2-humble/install/moveit_core/include/moveit/planning_scene/planning_scene.h
[23.399s] -- Up-to-date: /home/colcon_ws/src/moveit2-humble/install/moveit_core/include/moveit_planning_scene_export.h
[23.400s] -- Up-to-date: /home/colcon_ws/src/moveit2-humble/install/moveit_core/include
[23.400s] -- Up-to-date: /home/colcon_ws/src/moveit2-humble/install/moveit_core/include/moveit
[23.400s] -- Up-to-date: /home/colcon_ws/src/moveit2-humble/install/moveit_core/include/moveit/robot_model
[23.400s] -- Up-to-date: /home/colcon_ws/src/moveit2-humble/install/moveit_core/include/moveit/robot_model/link_model.h
[23.400s] -- Up-to-date: /home/colcon_ws/src/moveit2-humble/install/moveit_core/include/moveit/robot_model/prismatic_joint_model.h
[23.400s] -- Up-to-date: /home/colcon_ws/src/moveit2-humble/install/moveit_core/include/moveit/robot_model/aabb.h
[23.400s] -- Up-to-date: /home/colcon_ws/src/moveit2-humble/install/moveit_core/include/moveit/robot_model/revolute_joint_model.h
[23.400s] -- Up-to-date: /home/colcon_ws/src/moveit2-humble/install/moveit_core/include/moveit/robot_model/robot_model.h
[23.400s] -- Up-to-date: /home/colcon_ws/src/moveit2-humble/install/moveit_core/include/moveit/robot_model/joint_model.h
[23.400s] -- Up-to-date: /home/colcon_ws/src/moveit2-humble/install/moveit_core/include/moveit/robot_model/joint_model_group.h
[23.400s] -- Up-to-date: /home/colcon_ws/src/moveit2-humble/install/moveit_core/include/moveit/robot_model/floating_joint_model.h
[23.400s] -- Up-to-date: /home/colcon_ws/src/moveit2-humble/install/moveit_core/include/moveit/robot_model/fixed_joint_model.h
[23.401s] -- Up-to-date: /home/colcon_ws/src/moveit2-humble/install/moveit_core/include/moveit/robot_model/planar_joint_model.h
[23.401s] -- Up-to-date: /home/colcon_ws/src/moveit2-humble/install/moveit_core/include
[23.401s] -- Up-to-date: /home/colcon_ws/src/moveit2-humble/install/moveit_core/include/moveit
[23.401s] -- Up-to-date: /home/colcon_ws/src/moveit2-humble/install/moveit_core/include/moveit/robot_state
[23.401s] -- Up-to-date: /home/colcon_ws/src/moveit2-humble/install/moveit_core/include/moveit/robot_state/attached_body.h
[23.401s] -- Up-to-date: /home/colcon_ws/src/moveit2-humble/install/moveit_core/include/moveit/robot_state/cartesian_interpolator.h
[23.401s] -- Up-to-date: /home/colcon_ws/src/moveit2-humble/install/moveit_core/include/moveit/robot_state/robot_state.h
[23.401s] -- Up-to-date: /home/colcon_ws/src/moveit2-humble/install/moveit_core/include/moveit/robot_state/conversions.h
[23.401s] -- Up-to-date: /home/colcon_ws/src/moveit2-humble/install/moveit_core/include
[23.401s] -- Up-to-date: /home/colcon_ws/src/moveit2-humble/install/moveit_core/include/moveit
[23.402s] -- Up-to-date: /home/colcon_ws/src/moveit2-humble/install/moveit_core/include/moveit/robot_trajectory
[23.402s] -- Up-to-date: /home/colcon_ws/src/moveit2-humble/install/moveit_core/include/moveit/robot_trajectory/robot_trajectory.h
[23.402s] -- Up-to-date: /home/colcon_ws/src/moveit2-humble/install/moveit_core/include
[23.402s] -- Up-to-date: /home/colcon_ws/src/moveit2-humble/install/moveit_core/include/moveit
[23.402s] -- Up-to-date: /home/colcon_ws/src/moveit2-humble/install/moveit_core/include/moveit/sensor_manager
[23.402s] -- Up-to-date: /home/colcon_ws/src/moveit2-humble/install/moveit_core/include/moveit/sensor_manager/sensor_manager.h
[23.402s] -- Up-to-date: /home/colcon_ws/src/moveit2-humble/install/moveit_core/include
[23.402s] -- Up-to-date: /home/colcon_ws/src/moveit2-humble/install/moveit_core/include/moveit
[23.402s] -- Up-to-date: /home/colcon_ws/src/moveit2-humble/install/moveit_core/include/moveit/trajectory_processing
[23.402s] -- Up-to-date: /home/colcon_ws/src/moveit2-humble/install/moveit_core/include/moveit/trajectory_processing/trajectory_tools.h
[23.402s] -- Up-to-date: /home/colcon_ws/src/moveit2-humble/install/moveit_core/include/moveit/trajectory_processing/ruckig_traj_smoothing.h
[23.403s] -- Up-to-date: /home/colcon_ws/src/moveit2-humble/install/moveit_core/include/moveit/trajectory_processing/time_parameterization.h
[23.403s] -- Up-to-date: /home/colcon_ws/src/moveit2-humble/install/moveit_core/include/moveit/trajectory_processing/iterative_time_parameterization.h
[23.403s] -- Up-to-date: /home/colcon_ws/src/moveit2-humble/install/moveit_core/include/moveit/trajectory_processing/time_optimal_trajectory_generation.h
[23.403s] -- Up-to-date: /home/colcon_ws/src/moveit2-humble/install/moveit_core/include/moveit/trajectory_processing/iterative_spline_parameterization.h
[23.403s] -- Up-to-date: /home/colcon_ws/src/moveit2-humble/install/moveit_core/include
[23.403s] -- Up-to-date: /home/colcon_ws/src/moveit2-humble/install/moveit_core/include/moveit
[23.403s] -- Up-to-date: /home/colcon_ws/src/moveit2-humble/install/moveit_core/include/moveit/transforms
[23.403s] -- Up-to-date: /home/colcon_ws/src/moveit2-humble/install/moveit_core/include/moveit/transforms/transforms.h
[23.403s] -- Up-to-date: /home/colcon_ws/src/moveit2-humble/install/moveit_core/include
[23.403s] -- Up-to-date: /home/colcon_ws/src/moveit2-humble/install/moveit_core/include/moveit
[23.403s] -- Up-to-date: /home/colcon_ws/src/moveit2-humble/install/moveit_core/include/moveit/utils
[23.403s] -- Up-to-date: /home/colcon_ws/src/moveit2-humble/install/moveit_core/include/moveit/utils/message_checks.h
[23.403s] -- Up-to-date: /home/colcon_ws/src/moveit2-humble/install/moveit_core/include/moveit/utils/lexical_casts.h
[23.404s] -- Up-to-date: /home/colcon_ws/src/moveit2-humble/install/moveit_core/include/moveit/utils/rclcpp_utils.h
[23.404s] -- Up-to-date: /home/colcon_ws/src/moveit2-humble/install/moveit_core/include/moveit/utils/moveit_error_code.h
[23.404s] -- Up-to-date: /home/colcon_ws/src/moveit2-humble/install/moveit_core/include/moveit/utils/robot_model_test_utils.h
[23.404s] -- Up-to-date: /home/colcon_ws/src/moveit2-humble/install/moveit_core/bin/moveit_version
[23.404s] -- Up-to-date: /home/colcon_ws/src/moveit2-humble/install/moveit_core/include
[23.404s] -- Up-to-date: /home/colcon_ws/src/moveit2-humble/install/moveit_core/include/moveit
[23.404s] -- Up-to-date: /home/colcon_ws/src/moveit2-humble/install/moveit_core/include/moveit/collision_detection
[23.404s] -- Up-to-date: /home/colcon_ws/src/moveit2-humble/install/moveit_core/include/moveit/collision_detection/collision_matrix.h
[23.404s] -- Up-to-date: /home/colcon_ws/src/moveit2-humble/install/moveit_core/include/moveit/collision_detection/collision_plugin_cache.h
[23.404s] -- Up-to-date: /home/colcon_ws/src/moveit2-humble/install/moveit_core/include/moveit/collision_detection/collision_tools.h
[23.404s] -- Up-to-date: /home/colcon_ws/src/moveit2-humble/install/moveit_core/include/moveit/collision_detection/collision_plugin.h
[23.404s] -- Up-to-date: /home/colcon_ws/src/moveit2-humble/install/moveit_core/include/moveit/collision_detection/occupancy_map.h
[23.404s] -- Up-to-date: /home/colcon_ws/src/moveit2-humble/install/moveit_core/include/moveit/collision_detection/allvalid
[23.405s] -- Up-to-date: /home/colcon_ws/src/moveit2-humble/install/moveit_core/include/moveit/collision_detection/allvalid/collision_detector_allocator_allvalid.h
[23.405s] -- Up-to-date: /home/colcon_ws/src/moveit2-humble/install/moveit_core/include/moveit/collision_detection/allvalid/collision_env_allvalid.h
[23.405s] -- Up-to-date: /home/colcon_ws/src/moveit2-humble/install/moveit_core/include/moveit/collision_detection/world_diff.h
[23.405s] -- Up-to-date: /home/colcon_ws/src/moveit2-humble/install/moveit_core/include/moveit/collision_detection/collision_common.h
[23.405s] -- Up-to-date: /home/colcon_ws/src/moveit2-humble/install/moveit_core/include/moveit/collision_detection/collision_octomap_filter.h
[23.405s] -- Up-to-date: /home/colcon_ws/src/moveit2-humble/install/moveit_core/include/moveit/collision_detection/collision_env.h
[23.405s] -- Up-to-date: /home/colcon_ws/src/moveit2-humble/install/moveit_core/include/moveit/collision_detection/world.h
[23.405s] -- Up-to-date: /home/colcon_ws/src/moveit2-humble/install/moveit_core/include/moveit/collision_detection/collision_detector_allocator.h
[23.405s] -- Up-to-date: /home/colcon_ws/src/moveit2-humble/install/moveit_core/include/moveit/collision_detection/test_collision_common_panda.h
[23.405s] -- Up-to-date: /home/colcon_ws/src/moveit2-humble/install/moveit_core/include/moveit/collision_detection/test_collision_common_pr2.h
[23.405s] -- Up-to-date: /home/colcon_ws/src/moveit2-humble/install/moveit_core/include/moveit_collision_detection_export.h
[23.405s] -- Up-to-date: /home/colcon_ws/src/moveit2-humble/install/moveit_core/include/moveit_core
[23.405s] -- Up-to-date: /home/colcon_ws/src/moveit2-humble/install/moveit_core/include/moveit_core/moveit
[23.406s] -- Up-to-date: /home/colcon_ws/src/moveit2-humble/install/moveit_core/include/moveit_core/moveit/collision_detection_bullet
[23.406s] -- Up-to-date: /home/colcon_ws/src/moveit2-humble/install/moveit_core/include/moveit_core/moveit/collision_detection_bullet/collision_env_bullet.h
[23.406s] -- Up-to-date: /home/colcon_ws/src/moveit2-humble/install/moveit_core/include/moveit_core/moveit/collision_detection_bullet/collision_detector_allocator_bullet.h
[23.406s] -- Up-to-date: /home/colcon_ws/src/moveit2-humble/install/moveit_core/include/moveit_core/moveit/collision_detection_bullet/bullet_integration
[23.406s] -- Up-to-date: /home/colcon_ws/src/moveit2-humble/install/moveit_core/include/moveit_core/moveit/collision_detection_bullet/bullet_integration/bullet_discrete_bvh_manager.h
[23.406s] -- Up-to-date: /home/colcon_ws/src/moveit2-humble/install/moveit_core/include/moveit_core/moveit/collision_detection_bullet/bullet_integration/bullet_utils.h
[23.406s] -- Up-to-date: /home/colcon_ws/src/moveit2-humble/install/moveit_core/include/moveit_core/moveit/collision_detection_bullet/bullet_integration/bullet_bvh_manager.h
[23.406s] -- Up-to-date: /home/colcon_ws/src/moveit2-humble/install/moveit_core/include/moveit_core/moveit/collision_detection_bullet/bullet_integration/basic_types.h
[23.406s] -- Up-to-date: /home/colcon_ws/src/moveit2-humble/install/moveit_core/include/moveit_core/moveit/collision_detection_bullet/bullet_integration/bullet_cast_bvh_manager.h
[23.406s] -- Up-to-date: /home/colcon_ws/src/moveit2-humble/install/moveit_core/include/moveit_core/moveit/collision_detection_bullet/bullet_integration/contact_checker_common.h
[23.406s] -- Up-to-date: /home/colcon_ws/src/moveit2-humble/install/moveit_core/include/moveit_core/moveit/collision_detection_bullet/bullet_integration/ros_bullet_utils.h
[23.406s] -- Up-to-date: /home/colcon_ws/src/moveit2-humble/install/moveit_core/include/moveit_core/moveit/collision_detection_bullet/collision_detector_bullet_plugin_loader.h
[23.406s] -- Up-to-date: /home/colcon_ws/src/moveit2-humble/install/moveit_core/include/moveit_core/moveit_collision_detection_bullet_export.h
[23.406s] -- Up-to-date: /home/colcon_ws/src/moveit2-humble/install/moveit_core/include
[23.407s] -- Up-to-date: /home/colcon_ws/src/moveit2-humble/install/moveit_core/include/moveit
[23.407s] -- Up-to-date: /home/colcon_ws/src/moveit2-humble/install/moveit_core/include/moveit/collision_detection_fcl
[23.407s] -- Up-to-date: /home/colcon_ws/src/moveit2-humble/install/moveit_core/include/moveit/collision_detection_fcl/collision_detector_fcl_plugin_loader.h
[23.407s] -- Up-to-date: /home/colcon_ws/src/moveit2-humble/install/moveit_core/include/moveit/collision_detection_fcl/collision_env_fcl.h
[23.407s] -- Up-to-date: /home/colcon_ws/src/moveit2-humble/install/moveit_core/include/moveit/collision_detection_fcl/collision_detector_allocator_fcl.h
[23.407s] -- Up-to-date: /home/colcon_ws/src/moveit2-humble/install/moveit_core/include/moveit/collision_detection_fcl/fcl_compat.h
[23.407s] -- Up-to-date: /home/colcon_ws/src/moveit2-humble/install/moveit_core/include/moveit/collision_detection_fcl/collision_common.h
[23.407s] -- Up-to-date: /home/colcon_ws/src/moveit2-humble/install/moveit_core/include/moveit_collision_detection_fcl_export.h
[23.407s] -- Installing: /home/colcon_ws/src/moveit2-humble/install/moveit_core/lib/libcollision_detector_bullet_plugin.so.2.5.4
[23.413s] -- Set runtime path of "/home/colcon_ws/src/moveit2-humble/install/moveit_core/lib/libcollision_detector_bullet_plugin.so.2.5.4" to ""
[23.413s] -- Up-to-date: /home/colcon_ws/src/moveit2-humble/install/moveit_core/lib/libcollision_detector_bullet_plugin.so
[23.413s] -- Installing: /home/colcon_ws/src/moveit2-humble/install/moveit_core/lib/libmoveit_butterworth_filter.so.2.5.4
[23.418s] -- Set runtime path of "/home/colcon_ws/src/moveit2-humble/install/moveit_core/lib/libmoveit_butterworth_filter.so.2.5.4" to ""
[23.418s] -- Up-to-date: /home/colcon_ws/src/moveit2-humble/install/moveit_core/lib/libmoveit_butterworth_filter.so
[23.418s] -- Installing: /home/colcon_ws/src/moveit2-humble/install/moveit_core/lib/libmoveit_collision_distance_field.so.2.5.4
[23.439s] -- Set runtime path of "/home/colcon_ws/src/moveit2-humble/install/moveit_core/lib/libmoveit_collision_distance_field.so.2.5.4" to ""
[23.439s] -- Up-to-date: /home/colcon_ws/src/moveit2-humble/install/moveit_core/lib/libmoveit_collision_distance_field.so
[23.440s] -- Installing: /home/colcon_ws/src/moveit2-humble/install/moveit_core/lib/libmoveit_collision_detection.so.2.5.4
[23.462s] -- Set runtime path of "/home/colcon_ws/src/moveit2-humble/install/moveit_core/lib/libmoveit_collision_detection.so.2.5.4" to ""
[23.462s] -- Up-to-date: /home/colcon_ws/src/moveit2-humble/install/moveit_core/lib/libmoveit_collision_detection.so
[23.462s] -- Installing: /home/colcon_ws/src/moveit2-humble/install/moveit_core/lib/libmoveit_collision_detection_fcl.so.2.5.4
[23.479s] -- Set runtime path of "/home/colcon_ws/src/moveit2-humble/install/moveit_core/lib/libmoveit_collision_detection_fcl.so.2.5.4" to ""
[23.479s] -- Up-to-date: /home/colcon_ws/src/moveit2-humble/install/moveit_core/lib/libmoveit_collision_detection_fcl.so
[23.480s] -- Installing: /home/colcon_ws/src/moveit2-humble/install/moveit_core/lib/libmoveit_collision_detection_bullet.so.2.5.4
[23.497s] -- Set runtime path of "/home/colcon_ws/src/moveit2-humble/install/moveit_core/lib/libmoveit_collision_detection_bullet.so.2.5.4" to ""
[23.497s] -- Up-to-date: /home/colcon_ws/src/moveit2-humble/install/moveit_core/lib/libmoveit_collision_detection_bullet.so
[23.497s] -- Installing: /home/colcon_ws/src/moveit2-humble/install/moveit_core/lib/libmoveit_dynamics_solver.so.2.5.4
[23.506s] -- Set runtime path of "/home/colcon_ws/src/moveit2-humble/install/moveit_core/lib/libmoveit_dynamics_solver.so.2.5.4" to ""
[23.507s] -- Up-to-date: /home/colcon_ws/src/moveit2-humble/install/moveit_core/lib/libmoveit_dynamics_solver.so
[23.507s] -- Installing: /home/colcon_ws/src/moveit2-humble/install/moveit_core/lib/libmoveit_constraint_samplers.so.2.5.4
[23.529s] -- Set runtime path of "/home/colcon_ws/src/moveit2-humble/install/moveit_core/lib/libmoveit_constraint_samplers.so.2.5.4" to ""
[23.529s] -- Up-to-date: /home/colcon_ws/src/moveit2-humble/install/moveit_core/lib/libmoveit_constraint_samplers.so
[23.529s] -- Up-to-date: /home/colcon_ws/src/moveit2-humble/install/moveit_core/lib/libmoveit_distance_field.so.2.5.4
[23.529s] -- Up-to-date: /home/colcon_ws/src/moveit2-humble/install/moveit_core/lib/libmoveit_distance_field.so
[23.530s] -- Up-to-date: /home/colcon_ws/src/moveit2-humble/install/moveit_core/lib/libmoveit_exceptions.so.2.5.4
[23.530s] -- Up-to-date: /home/colcon_ws/src/moveit2-humble/install/moveit_core/lib/libmoveit_exceptions.so
[23.531s] -- Installing: /home/colcon_ws/src/moveit2-humble/install/moveit_core/lib/libmoveit_kinematics_base.so
[23.534s] -- Set runtime path of "/home/colcon_ws/src/moveit2-humble/install/moveit_core/lib/libmoveit_kinematics_base.so" to ""
[23.535s] -- Installing: /home/colcon_ws/src/moveit2-humble/install/moveit_core/lib/libmoveit_kinematic_constraints.so.2.5.4
[23.558s] -- Set runtime path of "/home/colcon_ws/src/moveit2-humble/install/moveit_core/lib/libmoveit_kinematic_constraints.so.2.5.4" to ""
[23.558s] -- Up-to-date: /home/colcon_ws/src/moveit2-humble/install/moveit_core/lib/libmoveit_kinematic_constraints.so
[23.559s] -- Installing: /home/colcon_ws/src/moveit2-humble/install/moveit_core/lib/libmoveit_kinematics_metrics.so.2.5.4
[23.588s] -- Set runtime path of "/home/colcon_ws/src/moveit2-humble/install/moveit_core/lib/libmoveit_kinematics_metrics.so.2.5.4" to ""
[23.588s] -- Up-to-date: /home/colcon_ws/src/moveit2-humble/install/moveit_core/lib/libmoveit_kinematics_metrics.so
[23.589s] -- Installing: /home/colcon_ws/src/moveit2-humble/install/moveit_core/lib/libmoveit_planning_interface.so.2.5.4
[23.597s] -- Set runtime path of "/home/colcon_ws/src/moveit2-humble/install/moveit_core/lib/libmoveit_planning_interface.so.2.5.4" to ""
[23.597s] -- Up-to-date: /home/colcon_ws/src/moveit2-humble/install/moveit_core/lib/libmoveit_planning_interface.so
[23.597s] -- Installing: /home/colcon_ws/src/moveit2-humble/install/moveit_core/lib/libmoveit_planning_scene.so.2.5.4
[23.615s] -- Set runtime path of "/home/colcon_ws/src/moveit2-humble/install/moveit_core/lib/libmoveit_planning_scene.so.2.5.4" to ""
[23.615s] -- Up-to-date: /home/colcon_ws/src/moveit2-humble/install/moveit_core/lib/libmoveit_planning_scene.so
[23.615s] -- Installing: /home/colcon_ws/src/moveit2-humble/install/moveit_core/lib/libmoveit_planning_request_adapter.so.2.5.4
[23.621s] -- Set runtime path of "/home/colcon_ws/src/moveit2-humble/install/moveit_core/lib/libmoveit_planning_request_adapter.so.2.5.4" to ""
[23.621s] -- Up-to-date: /home/colcon_ws/src/moveit2-humble/install/moveit_core/lib/libmoveit_planning_request_adapter.so
[23.622s] -- Installing: /home/colcon_ws/src/moveit2-humble/install/moveit_core/lib/libmoveit_robot_model.so.2.5.4
[23.646s] -- Set runtime path of "/home/colcon_ws/src/moveit2-humble/install/moveit_core/lib/libmoveit_robot_model.so.2.5.4" to ""
[23.646s] -- Up-to-date: /home/colcon_ws/src/moveit2-humble/install/moveit_core/lib/libmoveit_robot_model.so
[23.647s] -- Installing: /home/colcon_ws/src/moveit2-humble/install/moveit_core/lib/libmoveit_robot_state.so.2.5.4
[23.688s] -- Set runtime path of "/home/colcon_ws/src/moveit2-humble/install/moveit_core/lib/libmoveit_robot_state.so.2.5.4" to ""
[23.688s] -- Up-to-date: /home/colcon_ws/src/moveit2-humble/install/moveit_core/lib/libmoveit_robot_state.so
[23.688s] -- Installing: /home/colcon_ws/src/moveit2-humble/install/moveit_core/lib/libmoveit_robot_trajectory.so.2.5.4
[23.697s] -- Set runtime path of "/home/colcon_ws/src/moveit2-humble/install/moveit_core/lib/libmoveit_robot_trajectory.so.2.5.4" to ""
[23.697s] -- Up-to-date: /home/colcon_ws/src/moveit2-humble/install/moveit_core/lib/libmoveit_robot_trajectory.so
[23.697s] -- Up-to-date: /home/colcon_ws/src/moveit2-humble/install/moveit_core/lib/libmoveit_smoothing_base.so.2.5.4
[23.698s] -- Up-to-date: /home/colcon_ws/src/moveit2-humble/install/moveit_core/lib/libmoveit_smoothing_base.so
[23.698s] -- Installing: /home/colcon_ws/src/moveit2-humble/install/moveit_core/lib/libmoveit_test_utils.so.2.5.4
[23.705s] -- Set runtime path of "/home/colcon_ws/src/moveit2-humble/install/moveit_core/lib/libmoveit_test_utils.so.2.5.4" to ""
[23.705s] -- Up-to-date: /home/colcon_ws/src/moveit2-humble/install/moveit_core/lib/libmoveit_test_utils.so
[23.706s] -- Installing: /home/colcon_ws/src/moveit2-humble/install/moveit_core/lib/libmoveit_trajectory_processing.so.2.5.4
[23.721s] -- Set runtime path of "/home/colcon_ws/src/moveit2-humble/install/moveit_core/lib/libmoveit_trajectory_processing.so.2.5.4" to ""
[23.721s] -- Up-to-date: /home/colcon_ws/src/moveit2-humble/install/moveit_core/lib/libmoveit_trajectory_processing.so
[23.722s] -- Up-to-date: /home/colcon_ws/src/moveit2-humble/install/moveit_core/lib/libmoveit_transforms.so.2.5.4
[23.722s] -- Up-to-date: /home/colcon_ws/src/moveit2-humble/install/moveit_core/lib/libmoveit_transforms.so
[23.723s] -- Up-to-date: /home/colcon_ws/src/moveit2-humble/install/moveit_core/lib/libmoveit_utils.so.2.5.4
[23.723s] -- Up-to-date: /home/colcon_ws/src/moveit2-humble/install/moveit_core/lib/libmoveit_utils.so
[23.723s] -- Up-to-date: /home/colcon_ws/src/moveit2-humble/install/moveit_core/share/moveit_core/environment/library_path.sh
[23.723s] -- Installing: /home/colcon_ws/src/moveit2-humble/install/moveit_core/share/moveit_core/environment/library_path.dsv
[23.723s] -- Up-to-date: /home/colcon_ws/src/moveit2-humble/install/moveit_core/share/moveit_core/collision_detector_fcl_description.xml
[23.723s] -- Up-to-date: /home/colcon_ws/src/moveit2-humble/install/moveit_core/share/moveit_core/collision_detector_bullet_description.xml
[23.723s] -- Up-to-date: /home/colcon_ws/src/moveit2-humble/install/moveit_core/share/moveit_core/filter_plugin_butterworth.xml
[23.723s] -- Up-to-date: /home/colcon_ws/src/moveit2-humble/install/moveit_core/share/ament_index/resource_index/package_run_dependencies/moveit_core
[23.724s] -- Installing: /home/colcon_ws/src/moveit2-humble/install/moveit_core/share/ament_index/resource_index/parent_prefix_path/moveit_core
[23.724s] -- Up-to-date: /home/colcon_ws/src/moveit2-humble/install/moveit_core/share/moveit_core/environment/ament_prefix_path.sh
[23.724s] -- Installing: /home/colcon_ws/src/moveit2-humble/install/moveit_core/share/moveit_core/environment/ament_prefix_path.dsv
[23.724s] -- Up-to-date: /home/colcon_ws/src/moveit2-humble/install/moveit_core/share/moveit_core/environment/path.sh
[23.724s] -- Installing: /home/colcon_ws/src/moveit2-humble/install/moveit_core/share/moveit_core/environment/path.dsv
[23.724s] -- Up-to-date: /home/colcon_ws/src/moveit2-humble/install/moveit_core/share/moveit_core/local_setup.bash
[23.724s] -- Up-to-date: /home/colcon_ws/src/moveit2-humble/install/moveit_core/share/moveit_core/local_setup.sh
[23.724s] -- Up-to-date: /home/colcon_ws/src/moveit2-humble/install/moveit_core/share/moveit_core/local_setup.zsh
[23.724s] -- Installing: /home/colcon_ws/src/moveit2-humble/install/moveit_core/share/moveit_core/local_setup.dsv
[23.724s] -- Installing: /home/colcon_ws/src/moveit2-humble/install/moveit_core/share/moveit_core/package.dsv
[23.724s] -- Up-to-date: /home/colcon_ws/src/moveit2-humble/install/moveit_core/share/ament_index/resource_index/packages/moveit_core
[23.724s] -- Up-to-date: /home/colcon_ws/src/moveit2-humble/install/moveit_core/share/ament_index/resource_index/moveit_core__pluginlib__plugin/moveit_core
[23.725s] -- Up-to-date: /home/colcon_ws/src/moveit2-humble/install/moveit_core/share/moveit_core/cmake/export_moveit_coreExport.cmake
[23.725s] -- Up-to-date: /home/colcon_ws/src/moveit2-humble/install/moveit_core/share/moveit_core/cmake/export_moveit_coreExport-debug.cmake
[23.725s] -- Up-to-date: /home/colcon_ws/src/moveit2-humble/install/moveit_core/share/moveit_core/cmake/ConfigExtras.cmake
[23.725s] -- Up-to-date: /home/colcon_ws/src/moveit2-humble/install/moveit_core/share/moveit_core/cmake/ament_cmake_export_targets-extras.cmake
[23.725s] -- Up-to-date: /home/colcon_ws/src/moveit2-humble/install/moveit_core/share/moveit_core/cmake/ament_cmake_export_dependencies-extras.cmake
[23.725s] -- Up-to-date: /home/colcon_ws/src/moveit2-humble/install/moveit_core/share/moveit_core/cmake/moveit_coreConfig.cmake
[23.725s] -- Up-to-date: /home/colcon_ws/src/moveit2-humble/install/moveit_core/share/moveit_core/cmake/moveit_coreConfig-version.cmake
[23.725s] -- Up-to-date: /home/colcon_ws/src/moveit2-humble/install/moveit_core/share/moveit_core/package.xml
[23.726s] Invoked command in '/home/colcon_ws/src/moveit2-humble/build/moveit_core' returned '0': AMENT_PREFIX_PATH=/home/colcon_ws/src/moveit2-humble/install/moveit_common:${AMENT_PREFIX_PATH} CMAKE_PREFIX_PATH=/home/colcon_ws/src/moveit2-humble/install/moveit_common:/home/colcon_ws/install/pilz_industrial_motion_planner_testutils:/home/colcon_ws/install/moveit_runtime:/home/colcon_ws/install/moveit2_tutorials:/home/colcon_ws/install/moveit:/home/colcon_ws/install/moveit_planners:/home/colcon_ws/install/pilz_industrial_motion_planner:/home/colcon_ws/install/origin_hybrid_planning:/home/colcon_ws/install/moveit_visual_tools:/home/colcon_ws/install/moveit_task_constructor_visualization:/home/colcon_ws/install/moveit_task_constructor_demo:/home/colcon_ws/install/moveit_task_constructor_capabilities:/home/colcon_ws/install/moveit_task_constructor_core:/home/colcon_ws/install/moveit_ros_control_interface:/home/colcon_ws/install/moveit_plugins:/home/colcon_ws/install/moveit_simple_controller_manager:/home/colcon_ws/install/moveit_setup_assistant:/home/colcon_ws/install/moveit_setup_srdf_plugins:/home/colcon_ws/install/moveit_setup_core_plugins:/home/colcon_ws/install/moveit_setup_controllers:/home/colcon_ws/install/moveit_setup_app_plugins:/home/colcon_ws/install/moveit_setup_framework:/home/colcon_ws/install/moveit_servo:/home/colcon_ws/install/moveit_ros:/home/colcon_ws/install/moveit_ros_visualization:/home/colcon_ws/install/moveit_hybrid_planning:/home/colcon_ws/install/moveit_ros_planning_interface:/home/colcon_ws/install/moveit_ros_benchmarks:/home/colcon_ws/install/moveit_ros_warehouse:/home/colcon_ws/install/moveit_ros_robot_interaction:/home/colcon_ws/install/moveit_ros_perception:/home/colcon_ws/install/moveit_resources_prbt_pg70_support:/home/colcon_ws/install/moveit_resources_prbt_moveit_config:/home/colcon_ws/install/moveit_ros_move_group:/home/colcon_ws/install/moveit_planners_ompl:/home/colcon_ws/install/moveit_ros_planning:/home/colcon_ws/install/moveit_ros_occupancy_map_monitor:/home/colcon_ws/install/moveit_resources_prbt_ikfast_manipulator_plugin:/home/colcon_ws/install/moveit_planners_chomp:/home/colcon_ws/install/moveit_kinematics:/home/colcon_ws/install/moveit_chomp_optimizer_adapter:/home/colcon_ws/install/chomp_motion_planner:/home/colcon_ws/install/moveit_core:/home/colcon_ws/install/srdfdom:/home/colcon_ws/install/rviz_marker_tools:/home/colcon_ws/install/rosparam_shortcuts:/home/colcon_ws/install/my_messages:/home/colcon_ws/install/moveit_task_constructor_msgs:/home/colcon_ws/install/moveit_resources_prbt_support:/home/colcon_ws/install/moveit_resources:/home/colcon_ws/install/moveit_resources_pr2_description:/home/colcon_ws/install/moveit_resources_panda_moveit_config:/home/colcon_ws/install/moveit_resources_panda_description:/home/colcon_ws/install/moveit_resources_fanuc_moveit_config:/home/colcon_ws/install/moveit_resources_fanuc_description:/home/colcon_ws/install/moveit_common:/home/colcon_ws/install/goal_change_interfaces:/home/colcon_ws/install/cpp_srvcli:/home/colcon_ws/install/moveit_configs_utils:/home/colcon_ws/install/launch_param_builder:/opt/ros/humble /usr/bin/cmake --install /home/colcon_ws/src/moveit2-humble/build/moveit_core
