[0.022s] Invoking command in '/home/colcon_ws/src/moveit2-humble/build/moveit_ros_planning': AMENT_PREFIX_PATH=/home/colcon_ws/src/moveit2-humble/install/moveit_ros_occupancy_map_monitor:/home/colcon_ws/src/moveit2-humble/install/moveit_core:/home/colcon_ws/src/moveit2-humble/install/moveit_common:${AMENT_PREFIX_PATH} CMAKE_PREFIX_PATH=/home/colcon_ws/src/moveit2-humble/install/moveit_ros_occupancy_map_monitor:/home/colcon_ws/src/moveit2-humble/install/moveit_core:/home/colcon_ws/src/moveit2-humble/install/moveit_common:/home/colcon_ws/install/pilz_industrial_motion_planner_testutils:/home/colcon_ws/install/moveit_runtime:/home/colcon_ws/install/moveit2_tutorials:/home/colcon_ws/install/moveit:/home/colcon_ws/install/moveit_planners:/home/colcon_ws/install/pilz_industrial_motion_planner:/home/colcon_ws/install/origin_hybrid_planning:/home/colcon_ws/install/moveit_visual_tools:/home/colcon_ws/install/moveit_task_constructor_visualization:/home/colcon_ws/install/moveit_task_constructor_demo:/home/colcon_ws/install/moveit_task_constructor_capabilities:/home/colcon_ws/install/moveit_task_constructor_core:/home/colcon_ws/install/moveit_ros_control_interface:/home/colcon_ws/install/moveit_plugins:/home/colcon_ws/install/moveit_simple_controller_manager:/home/colcon_ws/install/moveit_setup_assistant:/home/colcon_ws/install/moveit_setup_srdf_plugins:/home/colcon_ws/install/moveit_setup_core_plugins:/home/colcon_ws/install/moveit_setup_controllers:/home/colcon_ws/install/moveit_setup_app_plugins:/home/colcon_ws/install/moveit_setup_framework:/home/colcon_ws/install/moveit_servo:/home/colcon_ws/install/moveit_ros:/home/colcon_ws/install/moveit_ros_visualization:/home/colcon_ws/install/moveit_hybrid_planning:/home/colcon_ws/install/moveit_ros_planning_interface:/home/colcon_ws/install/moveit_ros_benchmarks:/home/colcon_ws/install/moveit_ros_warehouse:/home/colcon_ws/install/moveit_ros_robot_interaction:/home/colcon_ws/install/moveit_ros_perception:/home/colcon_ws/install/moveit_resources_prbt_pg70_support:/home/colcon_ws/install/moveit_resources_prbt_moveit_config:/home/colcon_ws/install/moveit_ros_move_group:/home/colcon_ws/install/moveit_planners_ompl:/home/colcon_ws/install/moveit_ros_planning:/home/colcon_ws/install/moveit_ros_occupancy_map_monitor:/home/colcon_ws/install/moveit_resources_prbt_ikfast_manipulator_plugin:/home/colcon_ws/install/moveit_planners_chomp:/home/colcon_ws/install/moveit_kinematics:/home/colcon_ws/install/moveit_chomp_optimizer_adapter:/home/colcon_ws/install/chomp_motion_planner:/home/colcon_ws/install/moveit_core:/home/colcon_ws/install/srdfdom:/home/colcon_ws/install/rviz_marker_tools:/home/colcon_ws/install/rosparam_shortcuts:/home/colcon_ws/install/my_messages:/home/colcon_ws/install/moveit_task_constructor_msgs:/home/colcon_ws/install/moveit_resources_prbt_support:/home/colcon_ws/install/moveit_resources:/home/colcon_ws/install/moveit_resources_pr2_description:/home/colcon_ws/install/moveit_resources_panda_moveit_config:/home/colcon_ws/install/moveit_resources_panda_description:/home/colcon_ws/install/moveit_resources_fanuc_moveit_config:/home/colcon_ws/install/moveit_resources_fanuc_description:/home/colcon_ws/install/moveit_common:/home/colcon_ws/install/goal_change_interfaces:/home/colcon_ws/install/cpp_srvcli:/home/colcon_ws/install/moveit_configs_utils:/home/colcon_ws/install/launch_param_builder:/opt/ros/humble LD_LIBRARY_PATH=/home/colcon_ws/src/moveit2-humble/install/moveit_ros_occupancy_map_monitor/lib:/home/colcon_ws/src/moveit2-humble/install/moveit_core/lib:${LD_LIBRARY_PATH} PATH=/home/colcon_ws/src/moveit2-humble/install/moveit_core/bin:${PATH} /usr/bin/cmake /home/colcon_ws/src/moveit2-humble/moveit_ros/planning -DCMAKE_INSTALL_PREFIX=/home/colcon_ws/src/moveit2-humble/install/moveit_ros_planning
[0.034s] -- Found moveit_common: 2.5.4 (/home/colcon_ws/src/moveit2-humble/install/moveit_common/share/moveit_common/cmake)
[0.034s] -- Found ament_cmake: 1.3.4 (/opt/ros/humble/share/ament_cmake/cmake)
[0.219s] -- Could NOT find libbfd (missing: LIBBFD_LIBRARY LIBBFD_INCLUDE_DIR) 
[0.219s] -- BACKWARD_HAS_UNWIND=1
[0.219s] -- BACKWARD_HAS_BACKTRACE=0
[0.219s] -- BACKWARD_HAS_BACKTRACE_SYMBOL=0
[0.219s] -- BACKWARD_HAS_DW=1
[0.219s] -- BACKWARD_HAS_BFD=0
[0.219s] -- Found Backward: /opt/ros/humble/share/backward_ros/cmake  
[0.220s] -- Found moveit_msgs: 2.2.1 (/opt/ros/humble/share/moveit_msgs/cmake)
[0.236s] -- Found rosidl_generator_c: 3.1.4 (/opt/ros/humble/share/rosidl_generator_c/cmake)
[0.238s] -- Found rosidl_adapter: 3.1.4 (/opt/ros/humble/share/rosidl_adapter/cmake)
[0.243s] -- Found rosidl_generator_cpp: 3.1.4 (/opt/ros/humble/share/rosidl_generator_cpp/cmake)
[0.254s] -- Using all available rosidl_typesupport_c: rosidl_typesupport_fastrtps_c;rosidl_typesupport_introspection_c
[0.268s] -- Using all available rosidl_typesupport_cpp: rosidl_typesupport_fastrtps_cpp;rosidl_typesupport_introspection_cpp
[0.991s] -- Found pluginlib: 5.1.0 (/opt/ros/humble/share/pluginlib/cmake)
[1.012s] -- Found rclcpp: 16.0.4 (/opt/ros/humble/share/rclcpp/cmake)
[1.052s] -- Found rmw_implementation_cmake: 6.1.1 (/opt/ros/humble/share/rmw_implementation_cmake/cmake)
[1.055s] -- Found rmw_fastrtps_cpp: 6.2.2 (/opt/ros/humble/share/rmw_fastrtps_cpp/cmake)
[1.187s] -- Using RMW implementation 'rmw_fastrtps_cpp' as default
[1.294s] -- Found message_filters: 4.3.3 (/opt/ros/humble/share/message_filters/cmake)
[1.298s] -- Found srdfdom: 2.0.4 (/home/colcon_ws/install/srdfdom/share/srdfdom/cmake)
[1.305s] -- Found tf2: 0.25.2 (/opt/ros/humble/share/tf2/cmake)
[1.311s] -- Found tf2_geometry_msgs: 0.25.2 (/opt/ros/humble/share/tf2_geometry_msgs/cmake)
[1.314s] -- Found eigen3_cmake_module: 0.1.1 (/opt/ros/humble/share/eigen3_cmake_module/cmake)
[1.315s] -- Ensuring Eigen3 include directory is part of orocos-kdl CMake target
[1.551s] -- Found tf2_eigen: 0.25.2 (/opt/ros/humble/share/tf2_eigen/cmake)
[1.556s] -- Found moveit_core: 2.5.4 (/home/colcon_ws/src/moveit2-humble/install/moveit_core/share/moveit_core/cmake)
[1.567s] -- Found Boost: /usr/lib/x86_64-linux-gnu/cmake/Boost-1.74.0/BoostConfig.cmake (found version "1.74.0") found components: chrono date_time filesystem iostreams program_options regex serialization system thread 
[1.573s] -- Found parameter_traits: 0.3.3 (/opt/ros/humble/share/parameter_traits/cmake)
[1.586s] -- Found rclcpp_lifecycle: 16.0.4 (/opt/ros/humble/share/rclcpp_lifecycle/cmake)
[1.622s] -- Found Boost: /usr/lib/x86_64-linux-gnu/cmake/Boost-1.74.0/BoostConfig.cmake (found version "1.74.0") found components: filesystem 
[1.662s] -- library: /usr/lib/x86_64-linux-gnu/libcurl.so
[1.992s] -- Found moveit_ros_occupancy_map_monitor: 2.5.4 (/home/colcon_ws/src/moveit2-humble/install/moveit_ros_occupancy_map_monitor/share/moveit_ros_occupancy_map_monitor/cmake)
[2.182s] -- Found Boost: /usr/lib/x86_64-linux-gnu/cmake/Boost-1.74.0/BoostConfig.cmake (found version "1.74.0") found components: system filesystem date_time program_options thread chrono 
[2.317s] -- Found ament_cmake_gtest: 1.3.4 (/opt/ros/humble/share/ament_cmake_gtest/cmake)
[2.318s] -- Found ament_cmake_gmock: 1.3.4 (/opt/ros/humble/share/ament_cmake_gmock/cmake)
[2.318s] -- Found gmock sources under '/opt/ros/humble/src/gmock_vendor': C++ tests using 'Google Mock' will be built
[2.320s] -- Found gtest sources under '/opt/ros/humble/src/gtest_vendor': C++ tests using 'Google Test' will be built
[2.381s] -- Found ament_lint_auto: 0.12.6 (/opt/ros/humble/share/ament_lint_auto/cmake)
[2.386s] -- Found launch_testing_ament_cmake: 1.0.4 (/opt/ros/humble/share/launch_testing_ament_cmake/cmake)
[2.387s] -- Found python_cmake_module: 0.10.0 (/opt/ros/humble/share/python_cmake_module/cmake)
[2.407s] -- Using PYTHON_EXECUTABLE: /usr/bin/python3
[2.407s] -- Using PYTHON_INCLUDE_DIRS: /usr/include/python3.10
[2.407s] -- Using PYTHON_LIBRARIES: /usr/lib/x86_64-linux-gnu/libpython3.10.so
[2.423s] -- Added test 'cppcheck' to perform static code analysis on C / C++ code
[2.424s] -- Configured cppcheck include dirs: /home/colcon_ws/src/moveit2-humble/moveit_ros/planning/rdf_loader/include;/home/colcon_ws/src/moveit2-humble/moveit_ros/planning/kinematics_plugin_loader/include;/home/colcon_ws/src/moveit2-humble/moveit_ros/planning/robot_model_loader/include;/home/colcon_ws/src/moveit2-humble/moveit_ros/planning/constraint_sampler_manager_loader/include;/home/colcon_ws/src/moveit2-humble/moveit_ros/planning/planning_pipeline/include;/home/colcon_ws/src/moveit2-humble/moveit_ros/planning/planning_scene_monitor/include;/home/colcon_ws/src/moveit2-humble/moveit_ros/planning/trajectory_execution_manager/include;/home/colcon_ws/src/moveit2-humble/moveit_ros/planning/plan_execution/include;/home/colcon_ws/src/moveit2-humble/moveit_ros/planning/collision_plugin_loader/include;/home/colcon_ws/src/moveit2-humble/moveit_ros/planning/moveit_cpp/include
[2.424s] -- Configured cppcheck exclude dirs and/or files: 
[2.427s] -- Added test 'lint_cmake' to check CMake code style
[2.428s] -- Added test 'pep257' to check Python code against some of the docstring style conventions in PEP 257
[2.430s] -- Added test 'xmllint' to check XML markup files
[2.433s] -- Configuring done
[2.793s] -- Generating done
[2.798s] -- Build files have been written to: /home/colcon_ws/src/moveit2-humble/build/moveit_ros_planning
[2.814s] Invoked command in '/home/colcon_ws/src/moveit2-humble/build/moveit_ros_planning' returned '0': AMENT_PREFIX_PATH=/home/colcon_ws/src/moveit2-humble/install/moveit_ros_occupancy_map_monitor:/home/colcon_ws/src/moveit2-humble/install/moveit_core:/home/colcon_ws/src/moveit2-humble/install/moveit_common:${AMENT_PREFIX_PATH} CMAKE_PREFIX_PATH=/home/colcon_ws/src/moveit2-humble/install/moveit_ros_occupancy_map_monitor:/home/colcon_ws/src/moveit2-humble/install/moveit_core:/home/colcon_ws/src/moveit2-humble/install/moveit_common:/home/colcon_ws/install/pilz_industrial_motion_planner_testutils:/home/colcon_ws/install/moveit_runtime:/home/colcon_ws/install/moveit2_tutorials:/home/colcon_ws/install/moveit:/home/colcon_ws/install/moveit_planners:/home/colcon_ws/install/pilz_industrial_motion_planner:/home/colcon_ws/install/origin_hybrid_planning:/home/colcon_ws/install/moveit_visual_tools:/home/colcon_ws/install/moveit_task_constructor_visualization:/home/colcon_ws/install/moveit_task_constructor_demo:/home/colcon_ws/install/moveit_task_constructor_capabilities:/home/colcon_ws/install/moveit_task_constructor_core:/home/colcon_ws/install/moveit_ros_control_interface:/home/colcon_ws/install/moveit_plugins:/home/colcon_ws/install/moveit_simple_controller_manager:/home/colcon_ws/install/moveit_setup_assistant:/home/colcon_ws/install/moveit_setup_srdf_plugins:/home/colcon_ws/install/moveit_setup_core_plugins:/home/colcon_ws/install/moveit_setup_controllers:/home/colcon_ws/install/moveit_setup_app_plugins:/home/colcon_ws/install/moveit_setup_framework:/home/colcon_ws/install/moveit_servo:/home/colcon_ws/install/moveit_ros:/home/colcon_ws/install/moveit_ros_visualization:/home/colcon_ws/install/moveit_hybrid_planning:/home/colcon_ws/install/moveit_ros_planning_interface:/home/colcon_ws/install/moveit_ros_benchmarks:/home/colcon_ws/install/moveit_ros_warehouse:/home/colcon_ws/install/moveit_ros_robot_interaction:/home/colcon_ws/install/moveit_ros_perception:/home/colcon_ws/install/moveit_resources_prbt_pg70_support:/home/colcon_ws/install/moveit_resources_prbt_moveit_config:/home/colcon_ws/install/moveit_ros_move_group:/home/colcon_ws/install/moveit_planners_ompl:/home/colcon_ws/install/moveit_ros_planning:/home/colcon_ws/install/moveit_ros_occupancy_map_monitor:/home/colcon_ws/install/moveit_resources_prbt_ikfast_manipulator_plugin:/home/colcon_ws/install/moveit_planners_chomp:/home/colcon_ws/install/moveit_kinematics:/home/colcon_ws/install/moveit_chomp_optimizer_adapter:/home/colcon_ws/install/chomp_motion_planner:/home/colcon_ws/install/moveit_core:/home/colcon_ws/install/srdfdom:/home/colcon_ws/install/rviz_marker_tools:/home/colcon_ws/install/rosparam_shortcuts:/home/colcon_ws/install/my_messages:/home/colcon_ws/install/moveit_task_constructor_msgs:/home/colcon_ws/install/moveit_resources_prbt_support:/home/colcon_ws/install/moveit_resources:/home/colcon_ws/install/moveit_resources_pr2_description:/home/colcon_ws/install/moveit_resources_panda_moveit_config:/home/colcon_ws/install/moveit_resources_panda_description:/home/colcon_ws/install/moveit_resources_fanuc_moveit_config:/home/colcon_ws/install/moveit_resources_fanuc_description:/home/colcon_ws/install/moveit_common:/home/colcon_ws/install/goal_change_interfaces:/home/colcon_ws/install/cpp_srvcli:/home/colcon_ws/install/moveit_configs_utils:/home/colcon_ws/install/launch_param_builder:/opt/ros/humble LD_LIBRARY_PATH=/home/colcon_ws/src/moveit2-humble/install/moveit_ros_occupancy_map_monitor/lib:/home/colcon_ws/src/moveit2-humble/install/moveit_core/lib:${LD_LIBRARY_PATH} PATH=/home/colcon_ws/src/moveit2-humble/install/moveit_core/bin:${PATH} /usr/bin/cmake /home/colcon_ws/src/moveit2-humble/moveit_ros/planning -DCMAKE_INSTALL_PREFIX=/home/colcon_ws/src/moveit2-humble/install/moveit_ros_planning
[2.815s] Invoking command in '/home/colcon_ws/src/moveit2-humble/build/moveit_ros_planning': AMENT_PREFIX_PATH=/home/colcon_ws/src/moveit2-humble/install/moveit_ros_occupancy_map_monitor:/home/colcon_ws/src/moveit2-humble/install/moveit_core:/home/colcon_ws/src/moveit2-humble/install/moveit_common:${AMENT_PREFIX_PATH} CMAKE_PREFIX_PATH=/home/colcon_ws/src/moveit2-humble/install/moveit_ros_occupancy_map_monitor:/home/colcon_ws/src/moveit2-humble/install/moveit_core:/home/colcon_ws/src/moveit2-humble/install/moveit_common:/home/colcon_ws/install/pilz_industrial_motion_planner_testutils:/home/colcon_ws/install/moveit_runtime:/home/colcon_ws/install/moveit2_tutorials:/home/colcon_ws/install/moveit:/home/colcon_ws/install/moveit_planners:/home/colcon_ws/install/pilz_industrial_motion_planner:/home/colcon_ws/install/origin_hybrid_planning:/home/colcon_ws/install/moveit_visual_tools:/home/colcon_ws/install/moveit_task_constructor_visualization:/home/colcon_ws/install/moveit_task_constructor_demo:/home/colcon_ws/install/moveit_task_constructor_capabilities:/home/colcon_ws/install/moveit_task_constructor_core:/home/colcon_ws/install/moveit_ros_control_interface:/home/colcon_ws/install/moveit_plugins:/home/colcon_ws/install/moveit_simple_controller_manager:/home/colcon_ws/install/moveit_setup_assistant:/home/colcon_ws/install/moveit_setup_srdf_plugins:/home/colcon_ws/install/moveit_setup_core_plugins:/home/colcon_ws/install/moveit_setup_controllers:/home/colcon_ws/install/moveit_setup_app_plugins:/home/colcon_ws/install/moveit_setup_framework:/home/colcon_ws/install/moveit_servo:/home/colcon_ws/install/moveit_ros:/home/colcon_ws/install/moveit_ros_visualization:/home/colcon_ws/install/moveit_hybrid_planning:/home/colcon_ws/install/moveit_ros_planning_interface:/home/colcon_ws/install/moveit_ros_benchmarks:/home/colcon_ws/install/moveit_ros_warehouse:/home/colcon_ws/install/moveit_ros_robot_interaction:/home/colcon_ws/install/moveit_ros_perception:/home/colcon_ws/install/moveit_resources_prbt_pg70_support:/home/colcon_ws/install/moveit_resources_prbt_moveit_config:/home/colcon_ws/install/moveit_ros_move_group:/home/colcon_ws/install/moveit_planners_ompl:/home/colcon_ws/install/moveit_ros_planning:/home/colcon_ws/install/moveit_ros_occupancy_map_monitor:/home/colcon_ws/install/moveit_resources_prbt_ikfast_manipulator_plugin:/home/colcon_ws/install/moveit_planners_chomp:/home/colcon_ws/install/moveit_kinematics:/home/colcon_ws/install/moveit_chomp_optimizer_adapter:/home/colcon_ws/install/chomp_motion_planner:/home/colcon_ws/install/moveit_core:/home/colcon_ws/install/srdfdom:/home/colcon_ws/install/rviz_marker_tools:/home/colcon_ws/install/rosparam_shortcuts:/home/colcon_ws/install/my_messages:/home/colcon_ws/install/moveit_task_constructor_msgs:/home/colcon_ws/install/moveit_resources_prbt_support:/home/colcon_ws/install/moveit_resources:/home/colcon_ws/install/moveit_resources_pr2_description:/home/colcon_ws/install/moveit_resources_panda_moveit_config:/home/colcon_ws/install/moveit_resources_panda_description:/home/colcon_ws/install/moveit_resources_fanuc_moveit_config:/home/colcon_ws/install/moveit_resources_fanuc_description:/home/colcon_ws/install/moveit_common:/home/colcon_ws/install/goal_change_interfaces:/home/colcon_ws/install/cpp_srvcli:/home/colcon_ws/install/moveit_configs_utils:/home/colcon_ws/install/launch_param_builder:/opt/ros/humble LD_LIBRARY_PATH=/home/colcon_ws/src/moveit2-humble/install/moveit_ros_occupancy_map_monitor/lib:/home/colcon_ws/src/moveit2-humble/install/moveit_core/lib:${LD_LIBRARY_PATH} PATH=/home/colcon_ws/src/moveit2-humble/install/moveit_core/bin:${PATH} /usr/bin/cmake --build /home/colcon_ws/src/moveit2-humble/build/moveit_ros_planning -- -j16 -l16
[2.867s] [35m[1mConsolidate compiler generated dependencies of target gmock_main[0m
[2.868s] [35m[1mConsolidate compiler generated dependencies of target gmock[0m
[2.868s] [35m[1mConsolidate compiler generated dependencies of target moveit_list_request_adapter_plugins[0m
[2.869s] [35m[1mConsolidate compiler generated dependencies of target moveit_planning_pipeline[0m
[2.872s] [35m[1mConsolidate compiler generated dependencies of target moveit_rdf_loader[0m
[2.873s] [35m[1mConsolidate compiler generated dependencies of target moveit_collision_plugin_loader[0m
[2.890s] [  4%] Built target gmock
[2.890s] [  8%] Built target gmock_main
[2.892s] [35m[1mConsolidate compiler generated dependencies of target moveit_default_planning_request_adapter_plugins[0m
[2.904s] [  9%] [32m[1mLinking CXX shared library libmoveit_rdf_loader.so[0m
[2.904s] [ 12%] [32m[1mLinking CXX executable moveit_list_request_adapter_plugins[0m
[2.904s] [ 12%] [32m[1mLinking CXX shared library libmoveit_planning_pipeline.so[0m
[2.909s] [ 14%] [32m[1mLinking CXX shared library libmoveit_collision_plugin_loader.so[0m
[2.977s] [ 16%] [32m[1mLinking CXX shared library libmoveit_default_planning_request_adapter_plugins.so[0m
[3.502s] [ 17%] Built target moveit_collision_plugin_loader
[3.529s] [ 19%] Built target moveit_list_request_adapter_plugins
[4.061s] [ 22%] Built target moveit_rdf_loader
[4.076s] [35m[1mConsolidate compiler generated dependencies of target moveit_kinematics_plugin_loader[0m
[4.076s] [35m[1mConsolidate compiler generated dependencies of target moveit_constraint_sampler_manager_loader[0m
[4.104s] [ 24%] [32m[1mLinking CXX shared library libmoveit_kinematics_plugin_loader.so[0m
[4.110s] [ 25%] [32m[1mLinking CXX shared library libmoveit_constraint_sampler_manager_loader.so[0m
[4.537s] [ 27%] Built target moveit_planning_pipeline
[4.611s] [ 29%] Built target moveit_constraint_sampler_manager_loader
[4.679s] [ 30%] Built target moveit_kinematics_plugin_loader
[4.692s] [35m[1mConsolidate compiler generated dependencies of target moveit_robot_model_loader[0m
[4.718s] [ 32%] [32m[1mLinking CXX shared library libmoveit_robot_model_loader.so[0m
[4.780s] [ 48%] Built target moveit_default_planning_request_adapter_plugins
[5.242s] [ 50%] Built target moveit_robot_model_loader
[5.261s] [35m[1mConsolidate compiler generated dependencies of target moveit_print_planning_model_info[0m
[5.269s] [35m[1mConsolidate compiler generated dependencies of target moveit_planning_scene_monitor[0m
[5.286s] [ 51%] [32m[1mLinking CXX executable moveit_print_planning_model_info[0m
[5.325s] [ 53%] [32m[1mLinking CXX shared library libmoveit_planning_scene_monitor.so[0m
[5.745s] [ 54%] Built target moveit_print_planning_model_info
[8.562s] [ 62%] Built target moveit_planning_scene_monitor
[8.580s] [35m[1mConsolidate compiler generated dependencies of target current_state_monitor_tests[0m
[8.580s] [35m[1mConsolidate compiler generated dependencies of target moveit_visualize_robot_collision_volume[0m
[8.581s] [35m[1mConsolidate compiler generated dependencies of target moveit_print_planning_scene_info[0m
[8.583s] [35m[1mConsolidate compiler generated dependencies of target trajectory_monitor_tests[0m
[8.584s] [35m[1mConsolidate compiler generated dependencies of target moveit_evaluate_collision_checking_speed[0m
[8.585s] [35m[1mConsolidate compiler generated dependencies of target moveit_display_random_state[0m
[8.585s] [35m[1mConsolidate compiler generated dependencies of target demo_scene[0m
[8.588s] [35m[1mConsolidate compiler generated dependencies of target moveit_publish_scene_from_text[0m
[8.588s] [35m[1mConsolidate compiler generated dependencies of target moveit_trajectory_execution_manager[0m
[8.624s] [ 64%] [32m[1mLinking CXX executable current_state_monitor_tests[0m
[8.629s] [ 66%] [32m[1mLinking CXX executable moveit_print_planning_scene_info[0m
[8.632s] [ 67%] [32m[1mLinking CXX executable moveit_visualize_robot_collision_volume[0m
[8.633s] [ 69%] [32m[1mLinking CXX executable demo_scene[0m
[8.633s] [ 70%] [32m[1mLinking CXX executable trajectory_monitor_tests[0m
[8.633s] [ 72%] [32m[1mLinking CXX executable moveit_display_random_state[0m
[8.633s] [ 74%] [32m[1mLinking CXX shared library libmoveit_trajectory_execution_manager.so[0m
[8.636s] [ 75%] [32m[1mLinking CXX executable moveit_evaluate_collision_checking_speed[0m
[8.639s] [ 77%] [32m[1mLinking CXX executable moveit_publish_scene_from_text[0m
[9.478s] [ 79%] Built target demo_scene
[13.835s] [ 80%] Built target moveit_print_planning_scene_info
[14.905s] [ 82%] Built target current_state_monitor_tests
[14.957s] [ 83%] Built target trajectory_monitor_tests
[15.052s] [ 85%] Built target moveit_evaluate_collision_checking_speed
[15.061s] [ 87%] Built target moveit_publish_scene_from_text
[15.072s] [ 88%] Built target moveit_visualize_robot_collision_volume
[15.144s] [ 90%] Built target moveit_display_random_state
[15.570s] [ 91%] Built target moveit_trajectory_execution_manager
[15.585s] [35m[1mConsolidate compiler generated dependencies of target moveit_plan_execution[0m
[15.587s] [35m[1mConsolidate compiler generated dependencies of target moveit_cpp[0m
[15.620s] [ 93%] [32m[1mLinking CXX shared library libmoveit_plan_execution.so[0m
[15.627s] [ 95%] [32m[1mLinking CXX shared library libmoveit_cpp.so[0m
[17.510s] [ 96%] Built target moveit_plan_execution
[18.076s] [100%] Built target moveit_cpp
[18.087s] Invoked command in '/home/colcon_ws/src/moveit2-humble/build/moveit_ros_planning' returned '0': AMENT_PREFIX_PATH=/home/colcon_ws/src/moveit2-humble/install/moveit_ros_occupancy_map_monitor:/home/colcon_ws/src/moveit2-humble/install/moveit_core:/home/colcon_ws/src/moveit2-humble/install/moveit_common:${AMENT_PREFIX_PATH} CMAKE_PREFIX_PATH=/home/colcon_ws/src/moveit2-humble/install/moveit_ros_occupancy_map_monitor:/home/colcon_ws/src/moveit2-humble/install/moveit_core:/home/colcon_ws/src/moveit2-humble/install/moveit_common:/home/colcon_ws/install/pilz_industrial_motion_planner_testutils:/home/colcon_ws/install/moveit_runtime:/home/colcon_ws/install/moveit2_tutorials:/home/colcon_ws/install/moveit:/home/colcon_ws/install/moveit_planners:/home/colcon_ws/install/pilz_industrial_motion_planner:/home/colcon_ws/install/origin_hybrid_planning:/home/colcon_ws/install/moveit_visual_tools:/home/colcon_ws/install/moveit_task_constructor_visualization:/home/colcon_ws/install/moveit_task_constructor_demo:/home/colcon_ws/install/moveit_task_constructor_capabilities:/home/colcon_ws/install/moveit_task_constructor_core:/home/colcon_ws/install/moveit_ros_control_interface:/home/colcon_ws/install/moveit_plugins:/home/colcon_ws/install/moveit_simple_controller_manager:/home/colcon_ws/install/moveit_setup_assistant:/home/colcon_ws/install/moveit_setup_srdf_plugins:/home/colcon_ws/install/moveit_setup_core_plugins:/home/colcon_ws/install/moveit_setup_controllers:/home/colcon_ws/install/moveit_setup_app_plugins:/home/colcon_ws/install/moveit_setup_framework:/home/colcon_ws/install/moveit_servo:/home/colcon_ws/install/moveit_ros:/home/colcon_ws/install/moveit_ros_visualization:/home/colcon_ws/install/moveit_hybrid_planning:/home/colcon_ws/install/moveit_ros_planning_interface:/home/colcon_ws/install/moveit_ros_benchmarks:/home/colcon_ws/install/moveit_ros_warehouse:/home/colcon_ws/install/moveit_ros_robot_interaction:/home/colcon_ws/install/moveit_ros_perception:/home/colcon_ws/install/moveit_resources_prbt_pg70_support:/home/colcon_ws/install/moveit_resources_prbt_moveit_config:/home/colcon_ws/install/moveit_ros_move_group:/home/colcon_ws/install/moveit_planners_ompl:/home/colcon_ws/install/moveit_ros_planning:/home/colcon_ws/install/moveit_ros_occupancy_map_monitor:/home/colcon_ws/install/moveit_resources_prbt_ikfast_manipulator_plugin:/home/colcon_ws/install/moveit_planners_chomp:/home/colcon_ws/install/moveit_kinematics:/home/colcon_ws/install/moveit_chomp_optimizer_adapter:/home/colcon_ws/install/chomp_motion_planner:/home/colcon_ws/install/moveit_core:/home/colcon_ws/install/srdfdom:/home/colcon_ws/install/rviz_marker_tools:/home/colcon_ws/install/rosparam_shortcuts:/home/colcon_ws/install/my_messages:/home/colcon_ws/install/moveit_task_constructor_msgs:/home/colcon_ws/install/moveit_resources_prbt_support:/home/colcon_ws/install/moveit_resources:/home/colcon_ws/install/moveit_resources_pr2_description:/home/colcon_ws/install/moveit_resources_panda_moveit_config:/home/colcon_ws/install/moveit_resources_panda_description:/home/colcon_ws/install/moveit_resources_fanuc_moveit_config:/home/colcon_ws/install/moveit_resources_fanuc_description:/home/colcon_ws/install/moveit_common:/home/colcon_ws/install/goal_change_interfaces:/home/colcon_ws/install/cpp_srvcli:/home/colcon_ws/install/moveit_configs_utils:/home/colcon_ws/install/launch_param_builder:/opt/ros/humble LD_LIBRARY_PATH=/home/colcon_ws/src/moveit2-humble/install/moveit_ros_occupancy_map_monitor/lib:/home/colcon_ws/src/moveit2-humble/install/moveit_core/lib:${LD_LIBRARY_PATH} PATH=/home/colcon_ws/src/moveit2-humble/install/moveit_core/bin:${PATH} /usr/bin/cmake --build /home/colcon_ws/src/moveit2-humble/build/moveit_ros_planning -- -j16 -l16
[18.162s] Invoking command in '/home/colcon_ws/src/moveit2-humble/build/moveit_ros_planning': AMENT_PREFIX_PATH=/home/colcon_ws/src/moveit2-humble/install/moveit_ros_occupancy_map_monitor:/home/colcon_ws/src/moveit2-humble/install/moveit_core:/home/colcon_ws/src/moveit2-humble/install/moveit_common:${AMENT_PREFIX_PATH} CMAKE_PREFIX_PATH=/home/colcon_ws/src/moveit2-humble/install/moveit_ros_occupancy_map_monitor:/home/colcon_ws/src/moveit2-humble/install/moveit_core:/home/colcon_ws/src/moveit2-humble/install/moveit_common:/home/colcon_ws/install/pilz_industrial_motion_planner_testutils:/home/colcon_ws/install/moveit_runtime:/home/colcon_ws/install/moveit2_tutorials:/home/colcon_ws/install/moveit:/home/colcon_ws/install/moveit_planners:/home/colcon_ws/install/pilz_industrial_motion_planner:/home/colcon_ws/install/origin_hybrid_planning:/home/colcon_ws/install/moveit_visual_tools:/home/colcon_ws/install/moveit_task_constructor_visualization:/home/colcon_ws/install/moveit_task_constructor_demo:/home/colcon_ws/install/moveit_task_constructor_capabilities:/home/colcon_ws/install/moveit_task_constructor_core:/home/colcon_ws/install/moveit_ros_control_interface:/home/colcon_ws/install/moveit_plugins:/home/colcon_ws/install/moveit_simple_controller_manager:/home/colcon_ws/install/moveit_setup_assistant:/home/colcon_ws/install/moveit_setup_srdf_plugins:/home/colcon_ws/install/moveit_setup_core_plugins:/home/colcon_ws/install/moveit_setup_controllers:/home/colcon_ws/install/moveit_setup_app_plugins:/home/colcon_ws/install/moveit_setup_framework:/home/colcon_ws/install/moveit_servo:/home/colcon_ws/install/moveit_ros:/home/colcon_ws/install/moveit_ros_visualization:/home/colcon_ws/install/moveit_hybrid_planning:/home/colcon_ws/install/moveit_ros_planning_interface:/home/colcon_ws/install/moveit_ros_benchmarks:/home/colcon_ws/install/moveit_ros_warehouse:/home/colcon_ws/install/moveit_ros_robot_interaction:/home/colcon_ws/install/moveit_ros_perception:/home/colcon_ws/install/moveit_resources_prbt_pg70_support:/home/colcon_ws/install/moveit_resources_prbt_moveit_config:/home/colcon_ws/install/moveit_ros_move_group:/home/colcon_ws/install/moveit_planners_ompl:/home/colcon_ws/install/moveit_ros_planning:/home/colcon_ws/install/moveit_ros_occupancy_map_monitor:/home/colcon_ws/install/moveit_resources_prbt_ikfast_manipulator_plugin:/home/colcon_ws/install/moveit_planners_chomp:/home/colcon_ws/install/moveit_kinematics:/home/colcon_ws/install/moveit_chomp_optimizer_adapter:/home/colcon_ws/install/chomp_motion_planner:/home/colcon_ws/install/moveit_core:/home/colcon_ws/install/srdfdom:/home/colcon_ws/install/rviz_marker_tools:/home/colcon_ws/install/rosparam_shortcuts:/home/colcon_ws/install/my_messages:/home/colcon_ws/install/moveit_task_constructor_msgs:/home/colcon_ws/install/moveit_resources_prbt_support:/home/colcon_ws/install/moveit_resources:/home/colcon_ws/install/moveit_resources_pr2_description:/home/colcon_ws/install/moveit_resources_panda_moveit_config:/home/colcon_ws/install/moveit_resources_panda_description:/home/colcon_ws/install/moveit_resources_fanuc_moveit_config:/home/colcon_ws/install/moveit_resources_fanuc_description:/home/colcon_ws/install/moveit_common:/home/colcon_ws/install/goal_change_interfaces:/home/colcon_ws/install/cpp_srvcli:/home/colcon_ws/install/moveit_configs_utils:/home/colcon_ws/install/launch_param_builder:/opt/ros/humble LD_LIBRARY_PATH=/home/colcon_ws/src/moveit2-humble/install/moveit_ros_occupancy_map_monitor/lib:/home/colcon_ws/src/moveit2-humble/install/moveit_core/lib:${LD_LIBRARY_PATH} PATH=/home/colcon_ws/src/moveit2-humble/install/moveit_core/bin:${PATH} /usr/bin/cmake --install /home/colcon_ws/src/moveit2-humble/build/moveit_ros_planning
[18.175s] -- Install configuration: "Debug"
[18.176s] -- Up-to-date: /home/colcon_ws/src/moveit2-humble/install/moveit_ros_planning/include
[18.176s] -- Up-to-date: /home/colcon_ws/src/moveit2-humble/install/moveit_ros_planning/include/moveit
[18.176s] -- Up-to-date: /home/colcon_ws/src/moveit2-humble/install/moveit_ros_planning/include/moveit/rdf_loader
[18.176s] -- Up-to-date: /home/colcon_ws/src/moveit2-humble/install/moveit_ros_planning/include/moveit/rdf_loader/synchronized_string_parameter.h
[18.177s] -- Up-to-date: /home/colcon_ws/src/moveit2-humble/install/moveit_ros_planning/include/moveit/rdf_loader/rdf_loader.h
[18.177s] -- Up-to-date: /home/colcon_ws/src/moveit2-humble/install/moveit_ros_planning/share/moveit_ros_planning/rdf_loader/test/data
[18.177s] -- Up-to-date: /home/colcon_ws/src/moveit2-humble/install/moveit_ros_planning/share/moveit_ros_planning/rdf_loader/test/data/gonzo.srdf
[18.177s] -- Up-to-date: /home/colcon_ws/src/moveit2-humble/install/moveit_ros_planning/share/moveit_ros_planning/rdf_loader/test/data/robin.srdf.xacro
[18.177s] -- Up-to-date: /home/colcon_ws/src/moveit2-humble/install/moveit_ros_planning/share/moveit_ros_planning/rdf_loader/test/data/kermit.urdf
[18.177s] -- Up-to-date: /home/colcon_ws/src/moveit2-humble/install/moveit_ros_planning/share/moveit_ros_planning/rdf_loader/test/data/gonzo.urdf
[18.177s] -- Up-to-date: /home/colcon_ws/src/moveit2-humble/install/moveit_ros_planning/share/moveit_ros_planning/rdf_loader/test/data/kermit.srdf
[18.177s] -- Up-to-date: /home/colcon_ws/src/moveit2-humble/install/moveit_ros_planning/share/moveit_ros_planning/rdf_loader/test/launch
[18.178s] -- Up-to-date: /home/colcon_ws/src/moveit2-humble/install/moveit_ros_planning/share/moveit_ros_planning/rdf_loader/test/launch/test_rdf_integration.test.py
[18.178s] -- Up-to-date: /home/colcon_ws/src/moveit2-humble/install/moveit_ros_planning/include
[18.178s] -- Up-to-date: /home/colcon_ws/src/moveit2-humble/install/moveit_ros_planning/include/moveit
[18.178s] -- Up-to-date: /home/colcon_ws/src/moveit2-humble/install/moveit_ros_planning/include/moveit/collision_plugin_loader
[18.178s] -- Up-to-date: /home/colcon_ws/src/moveit2-humble/install/moveit_ros_planning/include/moveit/collision_plugin_loader/collision_plugin_loader.h
[18.178s] -- Up-to-date: /home/colcon_ws/src/moveit2-humble/install/moveit_ros_planning/include
[18.178s] -- Up-to-date: /home/colcon_ws/src/moveit2-humble/install/moveit_ros_planning/include/moveit
[18.178s] -- Up-to-date: /home/colcon_ws/src/moveit2-humble/install/moveit_ros_planning/include/moveit/kinematics_plugin_loader
[18.178s] -- Up-to-date: /home/colcon_ws/src/moveit2-humble/install/moveit_ros_planning/include/moveit/kinematics_plugin_loader/kinematics_plugin_loader.h
[18.178s] -- Up-to-date: /home/colcon_ws/src/moveit2-humble/install/moveit_ros_planning/include
[18.179s] -- Up-to-date: /home/colcon_ws/src/moveit2-humble/install/moveit_ros_planning/include/moveit
[18.179s] -- Up-to-date: /home/colcon_ws/src/moveit2-humble/install/moveit_ros_planning/include/moveit/robot_model_loader
[18.179s] -- Up-to-date: /home/colcon_ws/src/moveit2-humble/install/moveit_ros_planning/include/moveit/robot_model_loader/robot_model_loader.h
[18.179s] -- Up-to-date: /home/colcon_ws/src/moveit2-humble/install/moveit_ros_planning/include
[18.179s] -- Up-to-date: /home/colcon_ws/src/moveit2-humble/install/moveit_ros_planning/include/moveit
[18.179s] -- Up-to-date: /home/colcon_ws/src/moveit2-humble/install/moveit_ros_planning/include/moveit/constraint_sampler_manager_loader
[18.179s] -- Up-to-date: /home/colcon_ws/src/moveit2-humble/install/moveit_ros_planning/include/moveit/constraint_sampler_manager_loader/constraint_sampler_manager_loader.h
[18.179s] -- Up-to-date: /home/colcon_ws/src/moveit2-humble/install/moveit_ros_planning/include
[18.179s] -- Up-to-date: /home/colcon_ws/src/moveit2-humble/install/moveit_ros_planning/include/moveit
[18.180s] -- Up-to-date: /home/colcon_ws/src/moveit2-humble/install/moveit_ros_planning/include/moveit/planning_pipeline
[18.180s] -- Up-to-date: /home/colcon_ws/src/moveit2-humble/install/moveit_ros_planning/include/moveit/planning_pipeline/planning_pipeline.h
[18.180s] -- Up-to-date: /home/colcon_ws/src/moveit2-humble/install/moveit_ros_planning/include/moveit_planning_pipeline_export.h
[18.180s] -- Installing: /home/colcon_ws/src/moveit2-humble/install/moveit_ros_planning/lib/moveit_ros_planning/moveit_list_request_adapter_plugins
[18.194s] -- Set runtime path of "/home/colcon_ws/src/moveit2-humble/install/moveit_ros_planning/lib/moveit_ros_planning/moveit_list_request_adapter_plugins" to ""
[18.195s] -- Installing: /home/colcon_ws/src/moveit2-humble/install/moveit_ros_planning/lib/moveit_ros_planning/demo_scene
[18.203s] -- Set runtime path of "/home/colcon_ws/src/moveit2-humble/install/moveit_ros_planning/lib/moveit_ros_planning/demo_scene" to ""
[18.203s] -- Up-to-date: /home/colcon_ws/src/moveit2-humble/install/moveit_ros_planning/include
[18.203s] -- Up-to-date: /home/colcon_ws/src/moveit2-humble/install/moveit_ros_planning/include/moveit
[18.203s] -- Up-to-date: /home/colcon_ws/src/moveit2-humble/install/moveit_ros_planning/include/moveit/planning_scene_monitor
[18.203s] -- Up-to-date: /home/colcon_ws/src/moveit2-humble/install/moveit_ros_planning/include/moveit/planning_scene_monitor/trajectory_monitor.h
[18.203s] -- Up-to-date: /home/colcon_ws/src/moveit2-humble/install/moveit_ros_planning/include/moveit/planning_scene_monitor/trajectory_monitor_middleware_handle.hpp
[18.203s] -- Up-to-date: /home/colcon_ws/src/moveit2-humble/install/moveit_ros_planning/include/moveit/planning_scene_monitor/current_state_monitor_middleware_handle.hpp
[18.203s] -- Up-to-date: /home/colcon_ws/src/moveit2-humble/install/moveit_ros_planning/include/moveit/planning_scene_monitor/current_state_monitor.h
[18.203s] -- Up-to-date: /home/colcon_ws/src/moveit2-humble/install/moveit_ros_planning/include/moveit/planning_scene_monitor/planning_scene_monitor.h
[18.203s] -- Up-to-date: /home/colcon_ws/src/moveit2-humble/install/moveit_ros_planning/include/moveit_planning_scene_monitor_export.h
[18.204s] -- Installing: /home/colcon_ws/src/moveit2-humble/install/moveit_ros_planning/lib/moveit_ros_planning/moveit_print_planning_model_info
[18.209s] -- Set runtime path of "/home/colcon_ws/src/moveit2-humble/install/moveit_ros_planning/lib/moveit_ros_planning/moveit_print_planning_model_info" to ""
[18.210s] -- Installing: /home/colcon_ws/src/moveit2-humble/install/moveit_ros_planning/lib/moveit_ros_planning/moveit_print_planning_scene_info
[18.218s] -- Set runtime path of "/home/colcon_ws/src/moveit2-humble/install/moveit_ros_planning/lib/moveit_ros_planning/moveit_print_planning_scene_info" to ""
[18.219s] -- Installing: /home/colcon_ws/src/moveit2-humble/install/moveit_ros_planning/lib/moveit_ros_planning/moveit_display_random_state
[18.230s] -- Set runtime path of "/home/colcon_ws/src/moveit2-humble/install/moveit_ros_planning/lib/moveit_ros_planning/moveit_display_random_state" to ""
[18.231s] -- Installing: /home/colcon_ws/src/moveit2-humble/install/moveit_ros_planning/lib/moveit_ros_planning/moveit_visualize_robot_collision_volume
[18.242s] -- Set runtime path of "/home/colcon_ws/src/moveit2-humble/install/moveit_ros_planning/lib/moveit_ros_planning/moveit_visualize_robot_collision_volume" to ""
[18.243s] -- Installing: /home/colcon_ws/src/moveit2-humble/install/moveit_ros_planning/lib/moveit_ros_planning/moveit_evaluate_collision_checking_speed
[18.251s] -- Set runtime path of "/home/colcon_ws/src/moveit2-humble/install/moveit_ros_planning/lib/moveit_ros_planning/moveit_evaluate_collision_checking_speed" to ""
[18.252s] -- Installing: /home/colcon_ws/src/moveit2-humble/install/moveit_ros_planning/lib/moveit_ros_planning/moveit_publish_scene_from_text
[18.263s] -- Set runtime path of "/home/colcon_ws/src/moveit2-humble/install/moveit_ros_planning/lib/moveit_ros_planning/moveit_publish_scene_from_text" to ""
[18.264s] -- Up-to-date: /home/colcon_ws/src/moveit2-humble/install/moveit_ros_planning/include
[18.264s] -- Up-to-date: /home/colcon_ws/src/moveit2-humble/install/moveit_ros_planning/include/moveit
[18.264s] -- Up-to-date: /home/colcon_ws/src/moveit2-humble/install/moveit_ros_planning/include/moveit/trajectory_execution_manager
[18.264s] -- Up-to-date: /home/colcon_ws/src/moveit2-humble/install/moveit_ros_planning/include/moveit/trajectory_execution_manager/trajectory_execution_manager.h
[18.264s] -- Up-to-date: /home/colcon_ws/src/moveit2-humble/install/moveit_ros_planning/include/moveit_trajectory_execution_manager_export.h
[18.264s] -- Up-to-date: /home/colcon_ws/src/moveit2-humble/install/moveit_ros_planning/include
[18.264s] -- Up-to-date: /home/colcon_ws/src/moveit2-humble/install/moveit_ros_planning/include/moveit
[18.264s] -- Up-to-date: /home/colcon_ws/src/moveit2-humble/install/moveit_ros_planning/include/moveit/plan_execution
[18.264s] -- Up-to-date: /home/colcon_ws/src/moveit2-humble/install/moveit_ros_planning/include/moveit/plan_execution/plan_representation.h
[18.264s] -- Up-to-date: /home/colcon_ws/src/moveit2-humble/install/moveit_ros_planning/include/moveit/plan_execution/plan_execution.h
[18.264s] -- Up-to-date: /home/colcon_ws/src/moveit2-humble/install/moveit_ros_planning/include
[18.264s] -- Up-to-date: /home/colcon_ws/src/moveit2-humble/install/moveit_ros_planning/include/moveit
[18.264s] -- Up-to-date: /home/colcon_ws/src/moveit2-humble/install/moveit_ros_planning/include/moveit/moveit_cpp
[18.264s] -- Up-to-date: /home/colcon_ws/src/moveit2-humble/install/moveit_ros_planning/include/moveit/moveit_cpp/moveit_cpp.h
[18.265s] -- Up-to-date: /home/colcon_ws/src/moveit2-humble/install/moveit_ros_planning/include/moveit/moveit_cpp/planning_component.h
[18.265s] -- Installing: /home/colcon_ws/src/moveit2-humble/install/moveit_ros_planning/lib/libmoveit_rdf_loader.so.2.5.4
[18.281s] -- Set runtime path of "/home/colcon_ws/src/moveit2-humble/install/moveit_ros_planning/lib/libmoveit_rdf_loader.so.2.5.4" to ""
[18.281s] -- Up-to-date: /home/colcon_ws/src/moveit2-humble/install/moveit_ros_planning/lib/libmoveit_rdf_loader.so
[18.282s] -- Installing: /home/colcon_ws/src/moveit2-humble/install/moveit_ros_planning/lib/libmoveit_kinematics_plugin_loader.so.2.5.4
[18.290s] -- Set runtime path of "/home/colcon_ws/src/moveit2-humble/install/moveit_ros_planning/lib/libmoveit_kinematics_plugin_loader.so.2.5.4" to ""
[18.290s] -- Up-to-date: /home/colcon_ws/src/moveit2-humble/install/moveit_ros_planning/lib/libmoveit_kinematics_plugin_loader.so
[18.291s] -- Installing: /home/colcon_ws/src/moveit2-humble/install/moveit_ros_planning/lib/libmoveit_robot_model_loader.so.2.5.4
[18.295s] -- Set runtime path of "/home/colcon_ws/src/moveit2-humble/install/moveit_ros_planning/lib/libmoveit_robot_model_loader.so.2.5.4" to ""
[18.295s] -- Up-to-date: /home/colcon_ws/src/moveit2-humble/install/moveit_ros_planning/lib/libmoveit_robot_model_loader.so
[18.296s] -- Installing: /home/colcon_ws/src/moveit2-humble/install/moveit_ros_planning/lib/libmoveit_constraint_sampler_manager_loader.so.2.5.4
[18.306s] -- Set runtime path of "/home/colcon_ws/src/moveit2-humble/install/moveit_ros_planning/lib/libmoveit_constraint_sampler_manager_loader.so.2.5.4" to ""
[18.307s] -- Up-to-date: /home/colcon_ws/src/moveit2-humble/install/moveit_ros_planning/lib/libmoveit_constraint_sampler_manager_loader.so
[18.307s] -- Installing: /home/colcon_ws/src/moveit2-humble/install/moveit_ros_planning/lib/libmoveit_planning_pipeline.so.2.5.4
[18.323s] -- Set runtime path of "/home/colcon_ws/src/moveit2-humble/install/moveit_ros_planning/lib/libmoveit_planning_pipeline.so.2.5.4" to ""
[18.323s] -- Up-to-date: /home/colcon_ws/src/moveit2-humble/install/moveit_ros_planning/lib/libmoveit_planning_pipeline.so
[18.324s] -- Installing: /home/colcon_ws/src/moveit2-humble/install/moveit_ros_planning/lib/libmoveit_trajectory_execution_manager.so.2.5.4
[18.354s] -- Set runtime path of "/home/colcon_ws/src/moveit2-humble/install/moveit_ros_planning/lib/libmoveit_trajectory_execution_manager.so.2.5.4" to ""
[18.354s] -- Up-to-date: /home/colcon_ws/src/moveit2-humble/install/moveit_ros_planning/lib/libmoveit_trajectory_execution_manager.so
[18.355s] -- Installing: /home/colcon_ws/src/moveit2-humble/install/moveit_ros_planning/lib/libmoveit_plan_execution.so.2.5.4
[18.362s] -- Set runtime path of "/home/colcon_ws/src/moveit2-humble/install/moveit_ros_planning/lib/libmoveit_plan_execution.so.2.5.4" to ""
[18.362s] -- Up-to-date: /home/colcon_ws/src/moveit2-humble/install/moveit_ros_planning/lib/libmoveit_plan_execution.so
[18.363s] -- Installing: /home/colcon_ws/src/moveit2-humble/install/moveit_ros_planning/lib/libmoveit_planning_scene_monitor.so.2.5.4
[18.439s] -- Set runtime path of "/home/colcon_ws/src/moveit2-humble/install/moveit_ros_planning/lib/libmoveit_planning_scene_monitor.so.2.5.4" to ""
[18.439s] -- Up-to-date: /home/colcon_ws/src/moveit2-humble/install/moveit_ros_planning/lib/libmoveit_planning_scene_monitor.so
[18.440s] -- Installing: /home/colcon_ws/src/moveit2-humble/install/moveit_ros_planning/lib/libmoveit_collision_plugin_loader.so.2.5.4
[18.445s] -- Set runtime path of "/home/colcon_ws/src/moveit2-humble/install/moveit_ros_planning/lib/libmoveit_collision_plugin_loader.so.2.5.4" to ""
[18.445s] -- Up-to-date: /home/colcon_ws/src/moveit2-humble/install/moveit_ros_planning/lib/libmoveit_collision_plugin_loader.so
[18.446s] -- Installing: /home/colcon_ws/src/moveit2-humble/install/moveit_ros_planning/lib/libmoveit_default_planning_request_adapter_plugins.so.2.5.4
[18.467s] -- Set runtime path of "/home/colcon_ws/src/moveit2-humble/install/moveit_ros_planning/lib/libmoveit_default_planning_request_adapter_plugins.so.2.5.4" to ""
[18.467s] -- Up-to-date: /home/colcon_ws/src/moveit2-humble/install/moveit_ros_planning/lib/libmoveit_default_planning_request_adapter_plugins.so
[18.468s] -- Installing: /home/colcon_ws/src/moveit2-humble/install/moveit_ros_planning/lib/libmoveit_cpp.so.2.5.4
[18.479s] -- Set runtime path of "/home/colcon_ws/src/moveit2-humble/install/moveit_ros_planning/lib/libmoveit_cpp.so.2.5.4" to ""
[18.479s] -- Up-to-date: /home/colcon_ws/src/moveit2-humble/install/moveit_ros_planning/lib/libmoveit_cpp.so
[18.480s] -- Up-to-date: /home/colcon_ws/src/moveit2-humble/install/moveit_ros_planning/share/moveit_ros_planning/environment/library_path.sh
[18.480s] -- Installing: /home/colcon_ws/src/moveit2-humble/install/moveit_ros_planning/share/moveit_ros_planning/environment/library_path.dsv
[18.480s] -- Up-to-date: /home/colcon_ws/src/moveit2-humble/install/moveit_ros_planning/share/moveit_ros_planning/planning_request_adapters_plugin_description.xml
[18.480s] -- Up-to-date: /home/colcon_ws/src/moveit2-humble/install/moveit_ros_planning/share/ament_index/resource_index/package_run_dependencies/moveit_ros_planning
[18.480s] -- Installing: /home/colcon_ws/src/moveit2-humble/install/moveit_ros_planning/share/ament_index/resource_index/parent_prefix_path/moveit_ros_planning
[18.480s] -- Up-to-date: /home/colcon_ws/src/moveit2-humble/install/moveit_ros_planning/share/moveit_ros_planning/environment/ament_prefix_path.sh
[18.480s] -- Installing: /home/colcon_ws/src/moveit2-humble/install/moveit_ros_planning/share/moveit_ros_planning/environment/ament_prefix_path.dsv
[18.480s] -- Up-to-date: /home/colcon_ws/src/moveit2-humble/install/moveit_ros_planning/share/moveit_ros_planning/environment/path.sh
[18.480s] -- Installing: /home/colcon_ws/src/moveit2-humble/install/moveit_ros_planning/share/moveit_ros_planning/environment/path.dsv
[18.480s] -- Up-to-date: /home/colcon_ws/src/moveit2-humble/install/moveit_ros_planning/share/moveit_ros_planning/local_setup.bash
[18.481s] -- Up-to-date: /home/colcon_ws/src/moveit2-humble/install/moveit_ros_planning/share/moveit_ros_planning/local_setup.sh
[18.481s] -- Up-to-date: /home/colcon_ws/src/moveit2-humble/install/moveit_ros_planning/share/moveit_ros_planning/local_setup.zsh
[18.481s] -- Installing: /home/colcon_ws/src/moveit2-humble/install/moveit_ros_planning/share/moveit_ros_planning/local_setup.dsv
[18.481s] -- Installing: /home/colcon_ws/src/moveit2-humble/install/moveit_ros_planning/share/moveit_ros_planning/package.dsv
[18.481s] -- Up-to-date: /home/colcon_ws/src/moveit2-humble/install/moveit_ros_planning/share/ament_index/resource_index/packages/moveit_ros_planning
[18.481s] -- Up-to-date: /home/colcon_ws/src/moveit2-humble/install/moveit_ros_planning/share/ament_index/resource_index/moveit_core__pluginlib__plugin/moveit_ros_planning
[18.481s] -- Up-to-date: /home/colcon_ws/src/moveit2-humble/install/moveit_ros_planning/share/moveit_ros_planning/cmake/export_moveit_ros_planningExport.cmake
[18.481s] -- Up-to-date: /home/colcon_ws/src/moveit2-humble/install/moveit_ros_planning/share/moveit_ros_planning/cmake/export_moveit_ros_planningExport-debug.cmake
[18.481s] -- Up-to-date: /home/colcon_ws/src/moveit2-humble/install/moveit_ros_planning/share/moveit_ros_planning/cmake/ConfigExtras.cmake
[18.481s] -- Up-to-date: /home/colcon_ws/src/moveit2-humble/install/moveit_ros_planning/share/moveit_ros_planning/cmake/ament_cmake_export_targets-extras.cmake
[18.482s] -- Up-to-date: /home/colcon_ws/src/moveit2-humble/install/moveit_ros_planning/share/moveit_ros_planning/cmake/ament_cmake_export_dependencies-extras.cmake
[18.482s] -- Up-to-date: /home/colcon_ws/src/moveit2-humble/install/moveit_ros_planning/share/moveit_ros_planning/cmake/moveit_ros_planningConfig.cmake
[18.482s] -- Up-to-date: /home/colcon_ws/src/moveit2-humble/install/moveit_ros_planning/share/moveit_ros_planning/cmake/moveit_ros_planningConfig-version.cmake
[18.482s] -- Up-to-date: /home/colcon_ws/src/moveit2-humble/install/moveit_ros_planning/share/moveit_ros_planning/package.xml
[18.484s] Invoked command in '/home/colcon_ws/src/moveit2-humble/build/moveit_ros_planning' returned '0': AMENT_PREFIX_PATH=/home/colcon_ws/src/moveit2-humble/install/moveit_ros_occupancy_map_monitor:/home/colcon_ws/src/moveit2-humble/install/moveit_core:/home/colcon_ws/src/moveit2-humble/install/moveit_common:${AMENT_PREFIX_PATH} CMAKE_PREFIX_PATH=/home/colcon_ws/src/moveit2-humble/install/moveit_ros_occupancy_map_monitor:/home/colcon_ws/src/moveit2-humble/install/moveit_core:/home/colcon_ws/src/moveit2-humble/install/moveit_common:/home/colcon_ws/install/pilz_industrial_motion_planner_testutils:/home/colcon_ws/install/moveit_runtime:/home/colcon_ws/install/moveit2_tutorials:/home/colcon_ws/install/moveit:/home/colcon_ws/install/moveit_planners:/home/colcon_ws/install/pilz_industrial_motion_planner:/home/colcon_ws/install/origin_hybrid_planning:/home/colcon_ws/install/moveit_visual_tools:/home/colcon_ws/install/moveit_task_constructor_visualization:/home/colcon_ws/install/moveit_task_constructor_demo:/home/colcon_ws/install/moveit_task_constructor_capabilities:/home/colcon_ws/install/moveit_task_constructor_core:/home/colcon_ws/install/moveit_ros_control_interface:/home/colcon_ws/install/moveit_plugins:/home/colcon_ws/install/moveit_simple_controller_manager:/home/colcon_ws/install/moveit_setup_assistant:/home/colcon_ws/install/moveit_setup_srdf_plugins:/home/colcon_ws/install/moveit_setup_core_plugins:/home/colcon_ws/install/moveit_setup_controllers:/home/colcon_ws/install/moveit_setup_app_plugins:/home/colcon_ws/install/moveit_setup_framework:/home/colcon_ws/install/moveit_servo:/home/colcon_ws/install/moveit_ros:/home/colcon_ws/install/moveit_ros_visualization:/home/colcon_ws/install/moveit_hybrid_planning:/home/colcon_ws/install/moveit_ros_planning_interface:/home/colcon_ws/install/moveit_ros_benchmarks:/home/colcon_ws/install/moveit_ros_warehouse:/home/colcon_ws/install/moveit_ros_robot_interaction:/home/colcon_ws/install/moveit_ros_perception:/home/colcon_ws/install/moveit_resources_prbt_pg70_support:/home/colcon_ws/install/moveit_resources_prbt_moveit_config:/home/colcon_ws/install/moveit_ros_move_group:/home/colcon_ws/install/moveit_planners_ompl:/home/colcon_ws/install/moveit_ros_planning:/home/colcon_ws/install/moveit_ros_occupancy_map_monitor:/home/colcon_ws/install/moveit_resources_prbt_ikfast_manipulator_plugin:/home/colcon_ws/install/moveit_planners_chomp:/home/colcon_ws/install/moveit_kinematics:/home/colcon_ws/install/moveit_chomp_optimizer_adapter:/home/colcon_ws/install/chomp_motion_planner:/home/colcon_ws/install/moveit_core:/home/colcon_ws/install/srdfdom:/home/colcon_ws/install/rviz_marker_tools:/home/colcon_ws/install/rosparam_shortcuts:/home/colcon_ws/install/my_messages:/home/colcon_ws/install/moveit_task_constructor_msgs:/home/colcon_ws/install/moveit_resources_prbt_support:/home/colcon_ws/install/moveit_resources:/home/colcon_ws/install/moveit_resources_pr2_description:/home/colcon_ws/install/moveit_resources_panda_moveit_config:/home/colcon_ws/install/moveit_resources_panda_description:/home/colcon_ws/install/moveit_resources_fanuc_moveit_config:/home/colcon_ws/install/moveit_resources_fanuc_description:/home/colcon_ws/install/moveit_common:/home/colcon_ws/install/goal_change_interfaces:/home/colcon_ws/install/cpp_srvcli:/home/colcon_ws/install/moveit_configs_utils:/home/colcon_ws/install/launch_param_builder:/opt/ros/humble LD_LIBRARY_PATH=/home/colcon_ws/src/moveit2-humble/install/moveit_ros_occupancy_map_monitor/lib:/home/colcon_ws/src/moveit2-humble/install/moveit_core/lib:${LD_LIBRARY_PATH} PATH=/home/colcon_ws/src/moveit2-humble/install/moveit_core/bin:${PATH} /usr/bin/cmake --install /home/colcon_ws/src/moveit2-humble/build/moveit_ros_planning
