[0.569s] Invoking command in '/home/colcon_ws/src/moveit2-humble/moveit_configs_utils': PYTHONPATH=/home/colcon_ws/src/moveit2-humble/build/moveit_configs_utils/prefix_override:/home/colcon_ws/src/moveit2-humble/install/moveit_configs_utils/lib/python3.10/site-packages:${PYTHONPATH} /usr/bin/python3 setup.py egg_info --egg-base ../build/moveit_configs_utils build --build-base /home/colcon_ws/src/moveit2-humble/build/moveit_configs_utils/build install --record /home/colcon_ws/src/moveit2-humble/build/moveit_configs_utils/install.log --single-version-externally-managed
[0.776s] running egg_info
[0.776s] creating ../build/moveit_configs_utils/moveit_configs_utils.egg-info
[0.776s] writing ../build/moveit_configs_utils/moveit_configs_utils.egg-info/PKG-INFO
[0.776s] writing dependency_links to ../build/moveit_configs_utils/moveit_configs_utils.egg-info/dependency_links.txt
[0.777s] writing entry points to ../build/moveit_configs_utils/moveit_configs_utils.egg-info/entry_points.txt
[0.777s] writing requirements to ../build/moveit_configs_utils/moveit_configs_utils.egg-info/requires.txt
[0.777s] writing top-level names to ../build/moveit_configs_utils/moveit_configs_utils.egg-info/top_level.txt
[0.777s] writing manifest file '../build/moveit_configs_utils/moveit_configs_utils.egg-info/SOURCES.txt'
[0.778s] reading manifest file '../build/moveit_configs_utils/moveit_configs_utils.egg-info/SOURCES.txt'
[0.779s] writing manifest file '../build/moveit_configs_utils/moveit_configs_utils.egg-info/SOURCES.txt'
[0.779s] running build
[0.779s] running build_py
[0.779s] creating /home/colcon_ws/src/moveit2-humble/build/moveit_configs_utils/build
[0.780s] creating /home/colcon_ws/src/moveit2-humble/build/moveit_configs_utils/build/lib
[0.780s] creating /home/colcon_ws/src/moveit2-humble/build/moveit_configs_utils/build/lib/moveit_configs_utils
[0.780s] copying moveit_configs_utils/__init__.py -> /home/colcon_ws/src/moveit2-humble/build/moveit_configs_utils/build/lib/moveit_configs_utils
[0.780s] copying moveit_configs_utils/launch_utils.py -> /home/colcon_ws/src/moveit2-humble/build/moveit_configs_utils/build/lib/moveit_configs_utils
[0.780s] copying moveit_configs_utils/launches.py -> /home/colcon_ws/src/moveit2-humble/build/moveit_configs_utils/build/lib/moveit_configs_utils
[0.780s] copying moveit_configs_utils/moveit_configs_builder.py -> /home/colcon_ws/src/moveit2-humble/build/moveit_configs_utils/build/lib/moveit_configs_utils
[0.780s] creating /home/colcon_ws/src/moveit2-humble/build/moveit_configs_utils/build/lib/moveit_configs_utils/substitutions
[0.780s] copying moveit_configs_utils/substitutions/__init__.py -> /home/colcon_ws/src/moveit2-humble/build/moveit_configs_utils/build/lib/moveit_configs_utils/substitutions
[0.780s] copying moveit_configs_utils/substitutions/xacro.py -> /home/colcon_ws/src/moveit2-humble/build/moveit_configs_utils/build/lib/moveit_configs_utils/substitutions
[0.780s] running install
[0.781s] /usr/lib/python3/dist-packages/setuptools/command/install.py:34: SetuptoolsDeprecationWarning: setup.py install is deprecated. Use build and pip and other standards-based tools.
[0.781s]   warnings.warn(
[0.781s] running install_lib
[0.781s] creating /home/colcon_ws/src/moveit2-humble/install/moveit_configs_utils/lib/python3.10/site-packages/moveit_configs_utils
[0.781s] creating /home/colcon_ws/src/moveit2-humble/install/moveit_configs_utils/lib/python3.10/site-packages/moveit_configs_utils/substitutions
[0.781s] copying /home/colcon_ws/src/moveit2-humble/build/moveit_configs_utils/build/lib/moveit_configs_utils/substitutions/__init__.py -> /home/colcon_ws/src/moveit2-humble/install/moveit_configs_utils/lib/python3.10/site-packages/moveit_configs_utils/substitutions
[0.781s] copying /home/colcon_ws/src/moveit2-humble/build/moveit_configs_utils/build/lib/moveit_configs_utils/substitutions/xacro.py -> /home/colcon_ws/src/moveit2-humble/install/moveit_configs_utils/lib/python3.10/site-packages/moveit_configs_utils/substitutions
[0.782s] copying /home/colcon_ws/src/moveit2-humble/build/moveit_configs_utils/build/lib/moveit_configs_utils/__init__.py -> /home/colcon_ws/src/moveit2-humble/install/moveit_configs_utils/lib/python3.10/site-packages/moveit_configs_utils
[0.782s] copying /home/colcon_ws/src/moveit2-humble/build/moveit_configs_utils/build/lib/moveit_configs_utils/launch_utils.py -> /home/colcon_ws/src/moveit2-humble/install/moveit_configs_utils/lib/python3.10/site-packages/moveit_configs_utils
[0.782s] copying /home/colcon_ws/src/moveit2-humble/build/moveit_configs_utils/build/lib/moveit_configs_utils/launches.py -> /home/colcon_ws/src/moveit2-humble/install/moveit_configs_utils/lib/python3.10/site-packages/moveit_configs_utils
[0.782s] copying /home/colcon_ws/src/moveit2-humble/build/moveit_configs_utils/build/lib/moveit_configs_utils/moveit_configs_builder.py -> /home/colcon_ws/src/moveit2-humble/install/moveit_configs_utils/lib/python3.10/site-packages/moveit_configs_utils
[0.782s] byte-compiling /home/colcon_ws/src/moveit2-humble/install/moveit_configs_utils/lib/python3.10/site-packages/moveit_configs_utils/substitutions/__init__.py to __init__.cpython-310.pyc
[0.783s] byte-compiling /home/colcon_ws/src/moveit2-humble/install/moveit_configs_utils/lib/python3.10/site-packages/moveit_configs_utils/substitutions/xacro.py to xacro.cpython-310.pyc
[0.783s] byte-compiling /home/colcon_ws/src/moveit2-humble/install/moveit_configs_utils/lib/python3.10/site-packages/moveit_configs_utils/__init__.py to __init__.cpython-310.pyc
[0.783s] byte-compiling /home/colcon_ws/src/moveit2-humble/install/moveit_configs_utils/lib/python3.10/site-packages/moveit_configs_utils/launch_utils.py to launch_utils.cpython-310.pyc
[0.784s] byte-compiling /home/colcon_ws/src/moveit2-humble/install/moveit_configs_utils/lib/python3.10/site-packages/moveit_configs_utils/launches.py to launches.cpython-310.pyc
[0.785s] byte-compiling /home/colcon_ws/src/moveit2-humble/install/moveit_configs_utils/lib/python3.10/site-packages/moveit_configs_utils/moveit_configs_builder.py to moveit_configs_builder.cpython-310.pyc
[0.787s] running install_data
[0.787s] creating /home/colcon_ws/src/moveit2-humble/install/moveit_configs_utils/share/ament_index
[0.787s] creating /home/colcon_ws/src/moveit2-humble/install/moveit_configs_utils/share/ament_index/resource_index
[0.787s] creating /home/colcon_ws/src/moveit2-humble/install/moveit_configs_utils/share/ament_index/resource_index/packages
[0.787s] copying resource/moveit_configs_utils -> /home/colcon_ws/src/moveit2-humble/install/moveit_configs_utils/share/ament_index/resource_index/packages
[0.787s] copying package.xml -> /home/colcon_ws/src/moveit2-humble/install/moveit_configs_utils/share/moveit_configs_utils
[0.787s] creating /home/colcon_ws/src/moveit2-humble/install/moveit_configs_utils/share/moveit_configs_utils/default_configs
[0.787s] copying default_configs/chomp_planning.yaml -> /home/colcon_ws/src/moveit2-humble/install/moveit_configs_utils/share/moveit_configs_utils/default_configs
[0.788s] copying default_configs/ompl_planning.yaml -> /home/colcon_ws/src/moveit2-humble/install/moveit_configs_utils/share/moveit_configs_utils/default_configs
[0.788s] copying default_configs/ompl_defaults.yaml -> /home/colcon_ws/src/moveit2-humble/install/moveit_configs_utils/share/moveit_configs_utils/default_configs
[0.789s] copying default_configs/pilz_industrial_motion_planner_planning.yaml -> /home/colcon_ws/src/moveit2-humble/install/moveit_configs_utils/share/moveit_configs_utils/default_configs
[0.789s] running install_egg_info
[0.791s] Copying ../build/moveit_configs_utils/moveit_configs_utils.egg-info to /home/colcon_ws/src/moveit2-humble/install/moveit_configs_utils/lib/python3.10/site-packages/moveit_configs_utils-2.5.3-py3.10.egg-info
[0.791s] running install_scripts
[0.810s] writing list of installed files to '/home/colcon_ws/src/moveit2-humble/build/moveit_configs_utils/install.log'
[0.838s] Invoked command in '/home/colcon_ws/src/moveit2-humble/moveit_configs_utils' returned '0': PYTHONPATH=/home/colcon_ws/src/moveit2-humble/build/moveit_configs_utils/prefix_override:/home/colcon_ws/src/moveit2-humble/install/moveit_configs_utils/lib/python3.10/site-packages:${PYTHONPATH} /usr/bin/python3 setup.py egg_info --egg-base ../build/moveit_configs_utils build --build-base /home/colcon_ws/src/moveit2-humble/build/moveit_configs_utils/build install --record /home/colcon_ws/src/moveit2-humble/build/moveit_configs_utils/install.log --single-version-externally-managed
