[0.024s] Invoking command in '/home/colcon_ws/src/moveit2-humble/build/moveit_common': CMAKE_PREFIX_PATH=${CMAKE_PREFIX_PATH}:/home/colcon_ws/install/moveit_configs_utils:/home/colcon_ws/install/launch_param_builder:/opt/ros/humble /usr/bin/cmake /home/colcon_ws/src/moveit2-humble/moveit_common -DCMAKE_BUILD_TYPE=Debug -DCMAKE_INSTALL_PREFIX=/home/colcon_ws/src/moveit2-humble/install/moveit_common
[0.035s] -- Found ament_cmake: 1.3.4 (/opt/ros/humble/share/ament_cmake/cmake)
[0.155s] -- Found ament_lint_auto: 0.12.6 (/opt/ros/humble/share/ament_lint_auto/cmake)
[0.213s] -- Added test 'copyright' to check source files copyright and LICENSE
[0.215s] -- Added test 'lint_cmake' to check CMake code style
[0.215s] -- Added test 'xmllint' to check XML markup files
[0.217s] -- Configuring done
[0.220s] -- Generating done
[0.221s] -- Build files have been written to: /home/colcon_ws/src/moveit2-humble/build/moveit_common
[0.233s] Invoked command in '/home/colcon_ws/src/moveit2-humble/build/moveit_common' returned '0': CMAKE_PREFIX_PATH=${CMAKE_PREFIX_PATH}:/home/colcon_ws/install/moveit_configs_utils:/home/colcon_ws/install/launch_param_builder:/opt/ros/humble /usr/bin/cmake /home/colcon_ws/src/moveit2-humble/moveit_common -DCMAKE_BUILD_TYPE=Debug -DCMAKE_INSTALL_PREFIX=/home/colcon_ws/src/moveit2-humble/install/moveit_common
[0.235s] Invoking command in '/home/colcon_ws/src/moveit2-humble/build/moveit_common': CMAKE_PREFIX_PATH=${CMAKE_PREFIX_PATH}:/home/colcon_ws/install/moveit_configs_utils:/home/colcon_ws/install/launch_param_builder:/opt/ros/humble /usr/bin/cmake --build /home/colcon_ws/src/moveit2-humble/build/moveit_common -- -j16 -l16
[0.280s] Invoked command in '/home/colcon_ws/src/moveit2-humble/build/moveit_common' returned '0': CMAKE_PREFIX_PATH=${CMAKE_PREFIX_PATH}:/home/colcon_ws/install/moveit_configs_utils:/home/colcon_ws/install/launch_param_builder:/opt/ros/humble /usr/bin/cmake --build /home/colcon_ws/src/moveit2-humble/build/moveit_common -- -j16 -l16
[0.320s] Invoking command in '/home/colcon_ws/src/moveit2-humble/build/moveit_common': CMAKE_PREFIX_PATH=${CMAKE_PREFIX_PATH}:/home/colcon_ws/install/moveit_configs_utils:/home/colcon_ws/install/launch_param_builder:/opt/ros/humble /usr/bin/cmake --install /home/colcon_ws/src/moveit2-humble/build/moveit_common
[0.328s] -- Install configuration: "Debug"
[0.328s] -- Up-to-date: /home/colcon_ws/src/moveit2-humble/install/moveit_common/share/ament_index/resource_index/package_run_dependencies/moveit_common
[0.328s] -- Installing: /home/colcon_ws/src/moveit2-humble/install/moveit_common/share/ament_index/resource_index/parent_prefix_path/moveit_common
[0.328s] -- Up-to-date: /home/colcon_ws/src/moveit2-humble/install/moveit_common/share/moveit_common/environment/ament_prefix_path.sh
[0.328s] -- Installing: /home/colcon_ws/src/moveit2-humble/install/moveit_common/share/moveit_common/environment/ament_prefix_path.dsv
[0.328s] -- Up-to-date: /home/colcon_ws/src/moveit2-humble/install/moveit_common/share/moveit_common/environment/path.sh
[0.328s] -- Installing: /home/colcon_ws/src/moveit2-humble/install/moveit_common/share/moveit_common/environment/path.dsv
[0.329s] -- Up-to-date: /home/colcon_ws/src/moveit2-humble/install/moveit_common/share/moveit_common/local_setup.bash
[0.329s] -- Up-to-date: /home/colcon_ws/src/moveit2-humble/install/moveit_common/share/moveit_common/local_setup.sh
[0.329s] -- Up-to-date: /home/colcon_ws/src/moveit2-humble/install/moveit_common/share/moveit_common/local_setup.zsh
[0.329s] -- Installing: /home/colcon_ws/src/moveit2-humble/install/moveit_common/share/moveit_common/local_setup.dsv
[0.329s] -- Installing: /home/colcon_ws/src/moveit2-humble/install/moveit_common/share/moveit_common/package.dsv
[0.329s] -- Up-to-date: /home/colcon_ws/src/moveit2-humble/install/moveit_common/share/ament_index/resource_index/packages/moveit_common
[0.329s] -- Up-to-date: /home/colcon_ws/src/moveit2-humble/install/moveit_common/share/moveit_common/cmake/moveit_common-extras.cmake
[0.329s] -- Up-to-date: /home/colcon_ws/src/moveit2-humble/install/moveit_common/share/moveit_common/cmake/moveit_commonConfig.cmake
[0.329s] -- Up-to-date: /home/colcon_ws/src/moveit2-humble/install/moveit_common/share/moveit_common/cmake/moveit_commonConfig-version.cmake
[0.329s] -- Up-to-date: /home/colcon_ws/src/moveit2-humble/install/moveit_common/share/moveit_common/package.xml
[0.329s] -- Up-to-date: /home/colcon_ws/src/moveit2-humble/install/moveit_common/share/moveit_common/cmake
[0.330s] -- Up-to-date: /home/colcon_ws/src/moveit2-humble/install/moveit_common/share/moveit_common/cmake/moveit_package.cmake
[0.331s] Invoked command in '/home/colcon_ws/src/moveit2-humble/build/moveit_common' returned '0': CMAKE_PREFIX_PATH=${CMAKE_PREFIX_PATH}:/home/colcon_ws/install/moveit_configs_utils:/home/colcon_ws/install/launch_param_builder:/opt/ros/humble /usr/bin/cmake --install /home/colcon_ws/src/moveit2-humble/build/moveit_common
