[0.564s] Invoking command in '/home/colcon_ws/src/moveit2-humble/moveit_configs_utils': PYTHONPATH=/home/colcon_ws/src/moveit2-humble/build/moveit_configs_utils/prefix_override:/home/colcon_ws/src/moveit2-humble/install/moveit_configs_utils/lib/python3.10/site-packages:${PYTHONPATH} /usr/bin/python3 setup.py egg_info --egg-base ../build/moveit_configs_utils build --build-base /home/colcon_ws/src/moveit2-humble/build/moveit_configs_utils/build install --record /home/colcon_ws/src/moveit2-humble/build/moveit_configs_utils/install.log --single-version-externally-managed
[0.817s] running egg_info
[0.818s] writing ../build/moveit_configs_utils/moveit_configs_utils.egg-info/PKG-INFO
[0.818s] writing dependency_links to ../build/moveit_configs_utils/moveit_configs_utils.egg-info/dependency_links.txt
[0.818s] writing entry points to ../build/moveit_configs_utils/moveit_configs_utils.egg-info/entry_points.txt
[0.818s] writing requirements to ../build/moveit_configs_utils/moveit_configs_utils.egg-info/requires.txt
[0.818s] writing top-level names to ../build/moveit_configs_utils/moveit_configs_utils.egg-info/top_level.txt
[0.820s] reading manifest file '../build/moveit_configs_utils/moveit_configs_utils.egg-info/SOURCES.txt'
[0.821s] writing manifest file '../build/moveit_configs_utils/moveit_configs_utils.egg-info/SOURCES.txt'
[0.821s] running build
[0.821s] running build_py
[0.821s] running install
[0.821s] /usr/lib/python3/dist-packages/setuptools/command/install.py:34: SetuptoolsDeprecationWarning: setup.py install is deprecated. Use build and pip and other standards-based tools.
[0.822s]   warnings.warn(
[0.822s] running install_lib
[0.823s] running install_data
[0.823s] running install_egg_info
[0.824s] removing '/home/colcon_ws/src/moveit2-humble/install/moveit_configs_utils/lib/python3.10/site-packages/moveit_configs_utils-2.5.3-py3.10.egg-info' (and everything under it)
[0.825s] Copying ../build/moveit_configs_utils/moveit_configs_utils.egg-info to /home/colcon_ws/src/moveit2-humble/install/moveit_configs_utils/lib/python3.10/site-packages/moveit_configs_utils-2.5.3-py3.10.egg-info
[0.825s] running install_scripts
[0.842s] writing list of installed files to '/home/colcon_ws/src/moveit2-humble/build/moveit_configs_utils/install.log'
[0.861s] Invoked command in '/home/colcon_ws/src/moveit2-humble/moveit_configs_utils' returned '0': PYTHONPATH=/home/colcon_ws/src/moveit2-humble/build/moveit_configs_utils/prefix_override:/home/colcon_ws/src/moveit2-humble/install/moveit_configs_utils/lib/python3.10/site-packages:${PYTHONPATH} /usr/bin/python3 setup.py egg_info --egg-base ../build/moveit_configs_utils build --build-base /home/colcon_ws/src/moveit2-humble/build/moveit_configs_utils/build install --record /home/colcon_ws/src/moveit2-humble/build/moveit_configs_utils/install.log --single-version-externally-managed
