[0.029s] Invoking command in '/home/colcon_ws/src/moveit2-humble/build/moveit_common': CMAKE_PREFIX_PATH=${CMAKE_PREFIX_PATH}:/home/colcon_ws/install/moveit_configs_utils:/home/colcon_ws/install/launch_param_builder:/opt/ros/humble /usr/bin/cmake /home/colcon_ws/src/moveit2-humble/moveit_common -DCMAKE_INSTALL_PREFIX=/home/colcon_ws/src/moveit2-humble/install/moveit_common
[0.045s] -- Found ament_cmake: 1.3.4 (/opt/ros/humble/share/ament_cmake/cmake)
[0.184s] -- Found ament_lint_auto: 0.12.6 (/opt/ros/humble/share/ament_lint_auto/cmake)
[0.254s] -- Added test 'copyright' to check source files copyright and LICENSE
[0.258s] -- Added test 'lint_cmake' to check CMake code style
[0.258s] -- Added test 'xmllint' to check XML markup files
[0.259s] -- Configuring done
[0.265s] -- Generating done
[0.266s] -- Build files have been written to: /home/colcon_ws/src/moveit2-humble/build/moveit_common
[0.268s] Invoked command in '/home/colcon_ws/src/moveit2-humble/build/moveit_common' returned '0': CMAKE_PREFIX_PATH=${CMAKE_PREFIX_PATH}:/home/colcon_ws/install/moveit_configs_utils:/home/colcon_ws/install/launch_param_builder:/opt/ros/humble /usr/bin/cmake /home/colcon_ws/src/moveit2-humble/moveit_common -DCMAKE_INSTALL_PREFIX=/home/colcon_ws/src/moveit2-humble/install/moveit_common
[0.270s] Invoking command in '/home/colcon_ws/src/moveit2-humble/build/moveit_common': CMAKE_PREFIX_PATH=${CMAKE_PREFIX_PATH}:/home/colcon_ws/install/moveit_configs_utils:/home/colcon_ws/install/launch_param_builder:/opt/ros/humble /usr/bin/cmake --build /home/colcon_ws/src/moveit2-humble/build/moveit_common -- -j16 -l16
[0.315s] Invoked command in '/home/colcon_ws/src/moveit2-humble/build/moveit_common' returned '0': CMAKE_PREFIX_PATH=${CMAKE_PREFIX_PATH}:/home/colcon_ws/install/moveit_configs_utils:/home/colcon_ws/install/launch_param_builder:/opt/ros/humble /usr/bin/cmake --build /home/colcon_ws/src/moveit2-humble/build/moveit_common -- -j16 -l16
[0.358s] Invoking command in '/home/colcon_ws/src/moveit2-humble/build/moveit_common': CMAKE_PREFIX_PATH=${CMAKE_PREFIX_PATH}:/home/colcon_ws/install/moveit_configs_utils:/home/colcon_ws/install/launch_param_builder:/opt/ros/humble /usr/bin/cmake --install /home/colcon_ws/src/moveit2-humble/build/moveit_common
[0.366s] -- Install configuration: "Debug"
[0.366s] -- Up-to-date: /home/colcon_ws/src/moveit2-humble/install/moveit_common/share/ament_index/resource_index/package_run_dependencies/moveit_common
[0.366s] -- Installing: /home/colcon_ws/src/moveit2-humble/install/moveit_common/share/ament_index/resource_index/parent_prefix_path/moveit_common
[0.366s] -- Up-to-date: /home/colcon_ws/src/moveit2-humble/install/moveit_common/share/moveit_common/environment/ament_prefix_path.sh
[0.366s] -- Installing: /home/colcon_ws/src/moveit2-humble/install/moveit_common/share/moveit_common/environment/ament_prefix_path.dsv
[0.366s] -- Up-to-date: /home/colcon_ws/src/moveit2-humble/install/moveit_common/share/moveit_common/environment/path.sh
[0.366s] -- Installing: /home/colcon_ws/src/moveit2-humble/install/moveit_common/share/moveit_common/environment/path.dsv
[0.366s] -- Up-to-date: /home/colcon_ws/src/moveit2-humble/install/moveit_common/share/moveit_common/local_setup.bash
[0.366s] -- Up-to-date: /home/colcon_ws/src/moveit2-humble/install/moveit_common/share/moveit_common/local_setup.sh
[0.366s] -- Up-to-date: /home/colcon_ws/src/moveit2-humble/install/moveit_common/share/moveit_common/local_setup.zsh
[0.367s] -- Installing: /home/colcon_ws/src/moveit2-humble/install/moveit_common/share/moveit_common/local_setup.dsv
[0.367s] -- Installing: /home/colcon_ws/src/moveit2-humble/install/moveit_common/share/moveit_common/package.dsv
[0.367s] -- Up-to-date: /home/colcon_ws/src/moveit2-humble/install/moveit_common/share/ament_index/resource_index/packages/moveit_common
[0.367s] -- Up-to-date: /home/colcon_ws/src/moveit2-humble/install/moveit_common/share/moveit_common/cmake/moveit_common-extras.cmake
[0.367s] -- Up-to-date: /home/colcon_ws/src/moveit2-humble/install/moveit_common/share/moveit_common/cmake/moveit_commonConfig.cmake
[0.367s] -- Up-to-date: /home/colcon_ws/src/moveit2-humble/install/moveit_common/share/moveit_common/cmake/moveit_commonConfig-version.cmake
[0.367s] -- Up-to-date: /home/colcon_ws/src/moveit2-humble/install/moveit_common/share/moveit_common/package.xml
[0.367s] -- Up-to-date: /home/colcon_ws/src/moveit2-humble/install/moveit_common/share/moveit_common/cmake
[0.367s] -- Up-to-date: /home/colcon_ws/src/moveit2-humble/install/moveit_common/share/moveit_common/cmake/moveit_package.cmake
[0.369s] Invoked command in '/home/colcon_ws/src/moveit2-humble/build/moveit_common' returned '0': CMAKE_PREFIX_PATH=${CMAKE_PREFIX_PATH}:/home/colcon_ws/install/moveit_configs_utils:/home/colcon_ws/install/launch_param_builder:/opt/ros/humble /usr/bin/cmake --install /home/colcon_ws/src/moveit2-humble/build/moveit_common
