-- The C compiler identification is GNU 11.3.0
-- The CXX compiler identification is GNU 11.3.0
-- Detecting C compiler ABI info
-- Detecting C compiler ABI info - done
-- Check for working C compiler: /usr/bin/cc - skipped
-- Detecting C compile features
-- Detecting C compile features - done
-- Detecting CXX compiler ABI info
-- Detecting CXX compiler ABI info - done
-- Check for working CXX compiler: /usr/bin/c++ - skipped
-- Detecting CXX compile features
-- Detecting CXX compile features - done
-- Found moveit_common: 2.5.4 (/home/colcon_ws/src/moveit2-humble/install/moveit_common/share/moveit_common/cmake)
-- Found ament_cmake: 1.3.4 (/opt/ros/humble/share/ament_cmake/cmake)
-- Found Python3: /usr/bin/python3.10 (found version "3.10.6") found components: Interpreter 
-- Found libdw: /usr/lib/x86_64-linux-gnu/libdw.so  
-- Could NOT find libbfd (missing: LIBBFD_LIBRARY LIBBFD_INCLUDE_DIR) 
-- BACKWARD_HAS_UNWIND=1
-- BACKWARD_HAS_BACKTRACE=0
-- BACKWARD_HAS_BACKTRACE_SYMBOL=0
-- BACKWARD_HAS_DW=1
-- BACKWARD_HAS_BFD=0
-- Found Backward: /opt/ros/humble/share/backward_ros/cmake  
-- Found moveit_core: 2.5.4 (/home/colcon_ws/src/moveit2-humble/install/moveit_core/share/moveit_core/cmake)
-- Found Boost: /usr/lib/x86_64-linux-gnu/cmake/Boost-1.74.0/BoostConfig.cmake (found version "1.74.0") found components: chrono date_time filesystem iostreams program_options regex serialization system thread 
-- Found parameter_traits: 0.3.3 (/opt/ros/humble/share/parameter_traits/cmake)
-- Found rosidl_generator_c: 3.1.4 (/opt/ros/humble/share/rosidl_generator_c/cmake)
-- Found rosidl_adapter: 3.1.4 (/opt/ros/humble/share/rosidl_adapter/cmake)
-- Found rosidl_generator_cpp: 3.1.4 (/opt/ros/humble/share/rosidl_generator_cpp/cmake)
-- Using all available rosidl_typesupport_c: rosidl_typesupport_fastrtps_c;rosidl_typesupport_introspection_c
-- Using all available rosidl_typesupport_cpp: rosidl_typesupport_fastrtps_cpp;rosidl_typesupport_introspection_cpp
-- Found rmw_implementation_cmake: 6.1.1 (/opt/ros/humble/share/rmw_implementation_cmake/cmake)
-- Found rmw_fastrtps_cpp: 6.2.2 (/opt/ros/humble/share/rmw_fastrtps_cpp/cmake)
-- Found OpenSSL: /usr/lib/x86_64-linux-gnu/libcrypto.so (found version "3.0.2")  
-- Found FastRTPS: /opt/ros/humble/include  
-- Using RMW implementation 'rmw_fastrtps_cpp' as default
-- Found Threads: TRUE  
-- Found rclcpp_lifecycle: 16.0.4 (/opt/ros/humble/share/rclcpp_lifecycle/cmake)
-- Found Boost: /usr/lib/x86_64-linux-gnu/cmake/Boost-1.74.0/BoostConfig.cmake (found version "1.74.0") found components: filesystem 
-- library: /usr/lib/x86_64-linux-gnu/libcurl.so
-- Found Eigen3: TRUE (found version "3.4.0") 
-- Ensuring Eigen3 include directory is part of orocos-kdl CMake target
-- Found moveit_ros_planning: 2.5.4 (/home/colcon_ws/src/moveit2-humble/install/moveit_ros_planning/share/moveit_ros_planning/cmake)
-- Found Boost: /usr/lib/x86_64-linux-gnu/cmake/Boost-1.74.0/BoostConfig.cmake (found version "1.74.0") found components: system filesystem date_time program_options thread chrono 
-- Found moveit_ros_planning_interface: 2.5.4 (/home/colcon_ws/src/moveit2-humble/install/moveit_ros_planning_interface/share/moveit_ros_planning_interface/cmake)
-- Found Boost: /usr/lib/x86_64-linux-gnu/cmake/Boost-1.74.0/BoostConfig.cmake (found version "1.74.0") found components: date_time filesystem program_options system thread 
-- Found Boost: /usr/lib/x86_64-linux-gnu/cmake/Boost-1.74.0/BoostConfig.cmake (found version "1.74.0") found components: thread system filesystem regex date_time program_options 
-- Found Boost: /usr/lib/x86_64-linux-gnu/cmake/Boost-1.74.0/BoostConfig.cmake (found version "1.74.0") found components: system filesystem date_time program_options thread 
-- Found goal_change_interfaces: 0.0.0 (/home/colcon_ws/install/goal_change_interfaces/share/goal_change_interfaces/cmake)
-- Found ament_lint_auto: 0.12.6 (/opt/ros/humble/share/ament_lint_auto/cmake)
-- Found ament_cmake_gtest: 1.3.4 (/opt/ros/humble/share/ament_cmake_gtest/cmake)
-- Found ros_testing: 0.4.0 (/opt/ros/humble/share/ros_testing/cmake)
-- Found launch_testing_ament_cmake: 1.0.4 (/opt/ros/humble/share/launch_testing_ament_cmake/cmake)
-- Found python_cmake_module: 0.10.0 (/opt/ros/humble/share/python_cmake_module/cmake)
-- Found PythonInterp: /usr/bin/python3 (found suitable version "3.10.6", minimum required is "3.6") 
-- Found PythonLibs: /usr/lib/x86_64-linux-gnu/libpython3.10.so (found suitable version "3.10.6", minimum required is "3.5") 
-- Using PYTHON_EXECUTABLE: /usr/bin/python3
-- Using PYTHON_INCLUDE_DIRS: /usr/include/python3.10
-- Using PYTHON_LIBRARIES: /usr/lib/x86_64-linux-gnu/libpython3.10.so
-- Found PythonExtra: .so  
-- Found Boost: /usr/lib/x86_64-linux-gnu/cmake/Boost-1.74.0/BoostConfig.cmake (found version "1.74.0") found components: filesystem 
-- Configuring done
-- Generating done
-- Build files have been written to: /home/colcon_ws/src/moveit2-humble/build/moveit_hybrid_planning
[  4%] [32mBuilding CXX object local_planner/local_planner_component/CMakeFiles/moveit_local_planner_component.dir/src/local_planner_component.cpp.o[0m
[  8%] [32mBuilding CXX object hybrid_planning_manager/hybrid_planning_manager_component/CMakeFiles/moveit_hybrid_planning_manager.dir/src/hybrid_planning_manager.cpp.o[0m
[ 12%] [32mBuilding CXX object global_planner/global_planner_component/CMakeFiles/moveit_global_planner_component.dir/src/global_planner_component.cpp.o[0m
[ 16%] [32mBuilding CXX object global_planner/global_planner_plugins/CMakeFiles/motion_planning_pipeline_plugin.dir/src/moveit_planning_pipeline.cpp.o[0m
[ 20%] [32mBuilding CXX object local_planner/trajectory_operator_plugins/CMakeFiles/simple_sampler_plugin.dir/src/simple_sampler.cpp.o[0m
[ 25%] [32mBuilding CXX object local_planner/local_constraint_solver_plugins/CMakeFiles/forward_trajectory_plugin.dir/src/forward_trajectory.cpp.o[0m
[ 29%] [32mBuilding CXX object goal_change_service_caller/CMakeFiles/moveit_goal_change_service_caller_component.dir/goal_change_service_caller_component.cpp.o[0m
[01m[K/home/colcon_ws/src/moveit2-humble/moveit_ros/hybrid_planning/local_planner/trajectory_operator_plugins/src/simple_sampler.cpp:[m[K In member function ‘[01m[Kgoal_change_interfaces::srv::GoalChange::Response moveit::hybrid_planning::SimpleSampler::adaptNewGoal(const Pose&)[m[K’:
[01m[K/home/colcon_ws/src/moveit2-humble/moveit_ros/hybrid_planning/local_planner/trajectory_operator_plugins/src/simple_sampler.cpp:70:61:[m[K [01;35m[Kwarning: [m[Kunused parameter ‘[01m[Knew_goal[m[K’ [[01;35m[K]8;;https://gcc.gnu.org/onlinedocs/gcc/Warning-Options.html#index-Wunused-parameter-Wunused-parameter]8;;[m[K]
   70 | SimpleSampler::adaptNewGoal([01;35m[Kconst geometry_msgs::msg::Pose& new_goal[m[K)
      |                             [01;35m[K~~~~~~~~~~~~~~~~~~~~~~~~~~~~~~~~^~~~~~~~[m[K
[ 33%] [32m[1mLinking CXX shared library libmoveit_goal_change_service_caller_component.so[0m
[ 33%] Built target moveit_goal_change_service_caller_component
[01m[K/home/colcon_ws/src/moveit2-humble/moveit_ros/hybrid_planning/local_planner/local_planner_component/src/local_planner_component.cpp:[m[K In lambda function:
[01m[K/home/colcon_ws/src/moveit2-humble/moveit_ros/hybrid_planning/local_planner/local_planner_component/src/local_planner_component.cpp:237:76:[m[K [01;35m[Kwarning: [m[Kunused parameter ‘[01m[Kresponse[m[K’ [[01;35m[K]8;;https://gcc.gnu.org/onlinedocs/gcc/Warning-Options.html#index-Wunused-parameter-Wunused-parameter]8;;[m[K]
  237 |   [01;35m[Kconst std::shared_ptr<goal_change_interfaces::srv::GoalChange::Response> response[m[K) {
      |   [01;35m[K~~~~~~~~~~~~~~~~~~~~~~~~~~~~~~~~~~~~~~~~~~~~~~~~~~~~~~~~~~~~~~~~~~~~~~~~~^~~~~~~~[m[K
[ 37%] [32m[1mLinking CXX shared library libsimple_sampler_plugin.so[0m
[ 37%] Built target simple_sampler_plugin
[ 41%] [32m[1mLinking CXX shared library libforward_trajectory_plugin.so[0m
[ 45%] [32m[1mLinking CXX shared library libmotion_planning_pipeline_plugin.so[0m
[ 45%] Built target forward_trajectory_plugin
[ 45%] Built target motion_planning_pipeline_plugin
[ 50%] [32m[1mLinking CXX shared library libmoveit_hybrid_planning_manager.so[0m
[ 54%] [32m[1mLinking CXX shared library libmoveit_global_planner_component.so[0m
[ 54%] Built target moveit_global_planner_component
[ 54%] Built target moveit_hybrid_planning_manager
[ 58%] [32mBuilding CXX object hybrid_planning_manager/planner_logic_plugins/CMakeFiles/single_plan_execution_plugin.dir/src/single_plan_execution.cpp.o[0m
[ 62%] [32m[1mLinking CXX shared library libmoveit_local_planner_component.so[0m
[ 66%] [32m[1mLinking CXX shared library libsingle_plan_execution_plugin.so[0m
[ 66%] Built target single_plan_execution_plugin
[ 70%] [32mBuilding CXX object hybrid_planning_manager/planner_logic_plugins/CMakeFiles/replan_invalidated_trajectory_plugin.dir/src/replan_invalidated_trajectory.cpp.o[0m
[ 70%] Built target moveit_local_planner_component
[ 75%] [32m[1mLinking CXX shared library libreplan_invalidated_trajectory_plugin.so[0m
[ 75%] Built target replan_invalidated_trajectory_plugin
[ 87%] [32mBuilding CXX object test/CMakeFiles/goal_change_demo_node.dir/goal_change_demo_node.cpp.o[0m
[ 87%] [32mBuilding CXX object test/CMakeFiles/hybrid_planning_demo_node.dir/hybrid_planning_demo_node.cpp.o[0m
[ 87%] [32mBuilding CXX object test/CMakeFiles/cancel_action.dir/cancel_action.cpp.o[0m
[ 91%] [32m[1mLinking CXX executable cancel_action[0m
[ 91%] Built target cancel_action
[ 95%] [32m[1mLinking CXX executable goal_change_demo_node[0m
[100%] [32m[1mLinking CXX executable hybrid_planning_demo_node[0m
[100%] Built target goal_change_demo_node
[100%] Built target hybrid_planning_demo_node
-- Install configuration: "Debug"
-- Installing: /home/colcon_ws/src/moveit2-humble/install/moveit_hybrid_planning/lib/libmoveit_global_planner_component.so.2.5.4
-- Set runtime path of "/home/colcon_ws/src/moveit2-humble/install/moveit_hybrid_planning/lib/libmoveit_global_planner_component.so.2.5.4" to ""
-- Installing: /home/colcon_ws/src/moveit2-humble/install/moveit_hybrid_planning/lib/libmoveit_global_planner_component.so
-- Installing: /home/colcon_ws/src/moveit2-humble/install/moveit_hybrid_planning/lib/libmoveit_hybrid_planning_manager.so.2.5.4
-- Set runtime path of "/home/colcon_ws/src/moveit2-humble/install/moveit_hybrid_planning/lib/libmoveit_hybrid_planning_manager.so.2.5.4" to ""
-- Installing: /home/colcon_ws/src/moveit2-humble/install/moveit_hybrid_planning/lib/libmoveit_hybrid_planning_manager.so
-- Installing: /home/colcon_ws/src/moveit2-humble/install/moveit_hybrid_planning/lib/libmoveit_local_planner_component.so.2.5.4
-- Set runtime path of "/home/colcon_ws/src/moveit2-humble/install/moveit_hybrid_planning/lib/libmoveit_local_planner_component.so.2.5.4" to ""
-- Installing: /home/colcon_ws/src/moveit2-humble/install/moveit_hybrid_planning/lib/libmoveit_local_planner_component.so
-- Installing: /home/colcon_ws/src/moveit2-humble/install/moveit_hybrid_planning/lib/libmoveit_goal_change_service_caller_component.so.2.5.4
-- Set runtime path of "/home/colcon_ws/src/moveit2-humble/install/moveit_hybrid_planning/lib/libmoveit_goal_change_service_caller_component.so.2.5.4" to ""
-- Installing: /home/colcon_ws/src/moveit2-humble/install/moveit_hybrid_planning/lib/libmoveit_goal_change_service_caller_component.so
-- Installing: /home/colcon_ws/src/moveit2-humble/install/moveit_hybrid_planning/lib/libforward_trajectory_plugin.so.2.5.4
-- Set runtime path of "/home/colcon_ws/src/moveit2-humble/install/moveit_hybrid_planning/lib/libforward_trajectory_plugin.so.2.5.4" to ""
-- Installing: /home/colcon_ws/src/moveit2-humble/install/moveit_hybrid_planning/lib/libforward_trajectory_plugin.so
-- Installing: /home/colcon_ws/src/moveit2-humble/install/moveit_hybrid_planning/lib/libmotion_planning_pipeline_plugin.so.2.5.4
-- Set runtime path of "/home/colcon_ws/src/moveit2-humble/install/moveit_hybrid_planning/lib/libmotion_planning_pipeline_plugin.so.2.5.4" to ""
-- Installing: /home/colcon_ws/src/moveit2-humble/install/moveit_hybrid_planning/lib/libmotion_planning_pipeline_plugin.so
-- Installing: /home/colcon_ws/src/moveit2-humble/install/moveit_hybrid_planning/lib/libreplan_invalidated_trajectory_plugin.so.2.5.4
-- Set runtime path of "/home/colcon_ws/src/moveit2-humble/install/moveit_hybrid_planning/lib/libreplan_invalidated_trajectory_plugin.so.2.5.4" to ""
-- Installing: /home/colcon_ws/src/moveit2-humble/install/moveit_hybrid_planning/lib/libreplan_invalidated_trajectory_plugin.so
-- Installing: /home/colcon_ws/src/moveit2-humble/install/moveit_hybrid_planning/lib/libsimple_sampler_plugin.so.2.5.4
-- Set runtime path of "/home/colcon_ws/src/moveit2-humble/install/moveit_hybrid_planning/lib/libsimple_sampler_plugin.so.2.5.4" to ""
-- Installing: /home/colcon_ws/src/moveit2-humble/install/moveit_hybrid_planning/lib/libsimple_sampler_plugin.so
-- Installing: /home/colcon_ws/src/moveit2-humble/install/moveit_hybrid_planning/lib/libsingle_plan_execution_plugin.so.2.5.4
-- Set runtime path of "/home/colcon_ws/src/moveit2-humble/install/moveit_hybrid_planning/lib/libsingle_plan_execution_plugin.so.2.5.4" to ""
-- Installing: /home/colcon_ws/src/moveit2-humble/install/moveit_hybrid_planning/lib/libsingle_plan_execution_plugin.so
-- Installing: /home/colcon_ws/src/moveit2-humble/install/moveit_hybrid_planning/lib/moveit_hybrid_planning/cancel_action
-- Set runtime path of "/home/colcon_ws/src/moveit2-humble/install/moveit_hybrid_planning/lib/moveit_hybrid_planning/cancel_action" to ""
-- Installing: /home/colcon_ws/src/moveit2-humble/install/moveit_hybrid_planning/lib/moveit_hybrid_planning/hybrid_planning_demo_node
-- Set runtime path of "/home/colcon_ws/src/moveit2-humble/install/moveit_hybrid_planning/lib/moveit_hybrid_planning/hybrid_planning_demo_node" to ""
-- Installing: /home/colcon_ws/src/moveit2-humble/install/moveit_hybrid_planning/include
-- Installing: /home/colcon_ws/src/moveit2-humble/install/moveit_hybrid_planning/include/moveit
-- Installing: /home/colcon_ws/src/moveit2-humble/install/moveit_hybrid_planning/include/moveit/global_planner
-- Installing: /home/colcon_ws/src/moveit2-humble/install/moveit_hybrid_planning/include/moveit/global_planner/global_planner_interface.h
-- Installing: /home/colcon_ws/src/moveit2-humble/install/moveit_hybrid_planning/include/moveit/global_planner/global_planner_component.h
-- Up-to-date: /home/colcon_ws/src/moveit2-humble/install/moveit_hybrid_planning/include
-- Up-to-date: /home/colcon_ws/src/moveit2-humble/install/moveit_hybrid_planning/include/moveit
-- Up-to-date: /home/colcon_ws/src/moveit2-humble/install/moveit_hybrid_planning/include/moveit/global_planner
-- Installing: /home/colcon_ws/src/moveit2-humble/install/moveit_hybrid_planning/include/moveit/global_planner/moveit_planning_pipeline.h
-- Up-to-date: /home/colcon_ws/src/moveit2-humble/install/moveit_hybrid_planning/include
-- Up-to-date: /home/colcon_ws/src/moveit2-humble/install/moveit_hybrid_planning/include/moveit
-- Installing: /home/colcon_ws/src/moveit2-humble/install/moveit_hybrid_planning/include/moveit/hybrid_planning_manager
-- Installing: /home/colcon_ws/src/moveit2-humble/install/moveit_hybrid_planning/include/moveit/hybrid_planning_manager/moveit_error_code_interface.h
-- Installing: /home/colcon_ws/src/moveit2-humble/install/moveit_hybrid_planning/include/moveit/hybrid_planning_manager/hybrid_planning_events.h
-- Installing: /home/colcon_ws/src/moveit2-humble/install/moveit_hybrid_planning/include/moveit/hybrid_planning_manager/hybrid_planning_manager.h
-- Installing: /home/colcon_ws/src/moveit2-humble/install/moveit_hybrid_planning/include/moveit/hybrid_planning_manager/planner_logic_interface.h
-- Up-to-date: /home/colcon_ws/src/moveit2-humble/install/moveit_hybrid_planning/include
-- Up-to-date: /home/colcon_ws/src/moveit2-humble/install/moveit_hybrid_planning/include/moveit
-- Installing: /home/colcon_ws/src/moveit2-humble/install/moveit_hybrid_planning/include/moveit/planner_logic_plugins
-- Installing: /home/colcon_ws/src/moveit2-humble/install/moveit_hybrid_planning/include/moveit/planner_logic_plugins/single_plan_execution.h
-- Installing: /home/colcon_ws/src/moveit2-humble/install/moveit_hybrid_planning/include/moveit/planner_logic_plugins/replan_invalidated_trajectory.h
-- Up-to-date: /home/colcon_ws/src/moveit2-humble/install/moveit_hybrid_planning/include
-- Up-to-date: /home/colcon_ws/src/moveit2-humble/install/moveit_hybrid_planning/include/moveit
-- Installing: /home/colcon_ws/src/moveit2-humble/install/moveit_hybrid_planning/include/moveit/local_planner
-- Installing: /home/colcon_ws/src/moveit2-humble/install/moveit_hybrid_planning/include/moveit/local_planner/local_planner_component.h
-- Installing: /home/colcon_ws/src/moveit2-humble/install/moveit_hybrid_planning/include/moveit/local_planner/trajectory_operator_interface.h
-- Installing: /home/colcon_ws/src/moveit2-humble/install/moveit_hybrid_planning/include/moveit/local_planner/feedback_types.h
-- Installing: /home/colcon_ws/src/moveit2-humble/install/moveit_hybrid_planning/include/moveit/local_planner/local_constraint_solver_interface.h
-- Up-to-date: /home/colcon_ws/src/moveit2-humble/install/moveit_hybrid_planning/include
-- Up-to-date: /home/colcon_ws/src/moveit2-humble/install/moveit_hybrid_planning/include/moveit
-- Installing: /home/colcon_ws/src/moveit2-humble/install/moveit_hybrid_planning/include/moveit/trajectory_operator_plugins
-- Installing: /home/colcon_ws/src/moveit2-humble/install/moveit_hybrid_planning/include/moveit/trajectory_operator_plugins/simple_sampler.h
-- Up-to-date: /home/colcon_ws/src/moveit2-humble/install/moveit_hybrid_planning/include
-- Up-to-date: /home/colcon_ws/src/moveit2-humble/install/moveit_hybrid_planning/include/moveit
-- Installing: /home/colcon_ws/src/moveit2-humble/install/moveit_hybrid_planning/include/moveit/local_constraint_solver_plugins
-- Installing: /home/colcon_ws/src/moveit2-humble/install/moveit_hybrid_planning/include/moveit/local_constraint_solver_plugins/forward_trajectory.h
-- Installing: /home/colcon_ws/src/moveit2-humble/install/moveit_hybrid_planning/share/moveit_hybrid_planning/launch
-- Installing: /home/colcon_ws/src/moveit2-humble/install/moveit_hybrid_planning/share/moveit_hybrid_planning/launch/__pycache__
-- Installing: /home/colcon_ws/src/moveit2-humble/install/moveit_hybrid_planning/share/moveit_hybrid_planning/launch/__pycache__/goal_change_demo_node.launch.cpython-310.pyc
-- Installing: /home/colcon_ws/src/moveit2-humble/install/moveit_hybrid_planning/share/moveit_hybrid_planning/launch/__pycache__/goal_change_common.cpython-310.pyc
-- Installing: /home/colcon_ws/src/moveit2-humble/install/moveit_hybrid_planning/share/moveit_hybrid_planning/launch/goal_change_demo_node.launch.py
-- Installing: /home/colcon_ws/src/moveit2-humble/install/moveit_hybrid_planning/share/moveit_hybrid_planning/launch/hybrid_planning_demo.launch.py
-- Installing: /home/colcon_ws/src/moveit2-humble/install/moveit_hybrid_planning/share/moveit_hybrid_planning/launch/test_basic_integration.test.py
-- Installing: /home/colcon_ws/src/moveit2-humble/install/moveit_hybrid_planning/share/moveit_hybrid_planning/launch/hybrid_planning_common.py
-- Installing: /home/colcon_ws/src/moveit2-humble/install/moveit_hybrid_planning/share/moveit_hybrid_planning/launch/goal_change_common.py
-- Installing: /home/colcon_ws/src/moveit2-humble/install/moveit_hybrid_planning/share/moveit_hybrid_planning/config
-- Installing: /home/colcon_ws/src/moveit2-humble/install/moveit_hybrid_planning/share/moveit_hybrid_planning/config/common_hybrid_planning_params.yaml
-- Installing: /home/colcon_ws/src/moveit2-humble/install/moveit_hybrid_planning/share/moveit_hybrid_planning/config/hybrid_planning_demo.rviz
-- Installing: /home/colcon_ws/src/moveit2-humble/install/moveit_hybrid_planning/share/moveit_hybrid_planning/config/demo_controller.yaml
-- Installing: /home/colcon_ws/src/moveit2-humble/install/moveit_hybrid_planning/share/moveit_hybrid_planning/config/hybrid_planning_manager.yaml
-- Installing: /home/colcon_ws/src/moveit2-humble/install/moveit_hybrid_planning/share/moveit_hybrid_planning/config/global_planner.yaml
-- Installing: /home/colcon_ws/src/moveit2-humble/install/moveit_hybrid_planning/share/moveit_hybrid_planning/config/local_planner.yaml
-- Installing: /home/colcon_ws/src/moveit2-humble/install/moveit_hybrid_planning/share/moveit_hybrid_planning/single_plan_execution_plugin.xml
-- Installing: /home/colcon_ws/src/moveit2-humble/install/moveit_hybrid_planning/share/moveit_hybrid_planning/moveit_planning_pipeline_plugin.xml
-- Installing: /home/colcon_ws/src/moveit2-humble/install/moveit_hybrid_planning/share/moveit_hybrid_planning/simple_sampler_plugin.xml
-- Installing: /home/colcon_ws/src/moveit2-humble/install/moveit_hybrid_planning/share/moveit_hybrid_planning/replan_invalidated_trajectory_plugin.xml
-- Installing: /home/colcon_ws/src/moveit2-humble/install/moveit_hybrid_planning/share/moveit_hybrid_planning/forward_trajectory_plugin.xml
-- Installing: /home/colcon_ws/src/moveit2-humble/install/moveit_hybrid_planning/share/moveit_hybrid_planning/environment/library_path.sh
-- Installing: /home/colcon_ws/src/moveit2-humble/install/moveit_hybrid_planning/share/moveit_hybrid_planning/environment/library_path.dsv
-- Installing: /home/colcon_ws/src/moveit2-humble/install/moveit_hybrid_planning/share/ament_index/resource_index/package_run_dependencies/moveit_hybrid_planning
-- Installing: /home/colcon_ws/src/moveit2-humble/install/moveit_hybrid_planning/share/ament_index/resource_index/parent_prefix_path/moveit_hybrid_planning
-- Installing: /home/colcon_ws/src/moveit2-humble/install/moveit_hybrid_planning/share/moveit_hybrid_planning/environment/ament_prefix_path.sh
-- Installing: /home/colcon_ws/src/moveit2-humble/install/moveit_hybrid_planning/share/moveit_hybrid_planning/environment/ament_prefix_path.dsv
-- Installing: /home/colcon_ws/src/moveit2-humble/install/moveit_hybrid_planning/share/moveit_hybrid_planning/environment/path.sh
-- Installing: /home/colcon_ws/src/moveit2-humble/install/moveit_hybrid_planning/share/moveit_hybrid_planning/environment/path.dsv
-- Installing: /home/colcon_ws/src/moveit2-humble/install/moveit_hybrid_planning/share/moveit_hybrid_planning/local_setup.bash
-- Installing: /home/colcon_ws/src/moveit2-humble/install/moveit_hybrid_planning/share/moveit_hybrid_planning/local_setup.sh
-- Installing: /home/colcon_ws/src/moveit2-humble/install/moveit_hybrid_planning/share/moveit_hybrid_planning/local_setup.zsh
-- Installing: /home/colcon_ws/src/moveit2-humble/install/moveit_hybrid_planning/share/moveit_hybrid_planning/local_setup.dsv
-- Installing: /home/colcon_ws/src/moveit2-humble/install/moveit_hybrid_planning/share/moveit_hybrid_planning/package.dsv
-- Installing: /home/colcon_ws/src/moveit2-humble/install/moveit_hybrid_planning/share/ament_index/resource_index/packages/moveit_hybrid_planning
-- Installing: /home/colcon_ws/src/moveit2-humble/install/moveit_hybrid_planning/share/ament_index/resource_index/moveit_hybrid_planning__pluginlib__plugin/moveit_hybrid_planning
-- Installing: /home/colcon_ws/src/moveit2-humble/install/moveit_hybrid_planning/share/ament_index/resource_index/rclcpp_components/moveit_hybrid_planning
-- Installing: /home/colcon_ws/src/moveit2-humble/install/moveit_hybrid_planning/share/moveit_hybrid_planning/cmake/export_moveit_hybrid_planningExport.cmake
-- Installing: /home/colcon_ws/src/moveit2-humble/install/moveit_hybrid_planning/share/moveit_hybrid_planning/cmake/export_moveit_hybrid_planningExport-debug.cmake
-- Installing: /home/colcon_ws/src/moveit2-humble/install/moveit_hybrid_planning/share/moveit_hybrid_planning/cmake/ament_cmake_export_include_directories-extras.cmake
-- Installing: /home/colcon_ws/src/moveit2-humble/install/moveit_hybrid_planning/share/moveit_hybrid_planning/cmake/ament_cmake_export_libraries-extras.cmake
-- Installing: /home/colcon_ws/src/moveit2-humble/install/moveit_hybrid_planning/share/moveit_hybrid_planning/cmake/ament_cmake_export_dependencies-extras.cmake
-- Installing: /home/colcon_ws/src/moveit2-humble/install/moveit_hybrid_planning/share/moveit_hybrid_planning/cmake/ament_cmake_export_targets-extras.cmake
-- Installing: /home/colcon_ws/src/moveit2-humble/install/moveit_hybrid_planning/share/moveit_hybrid_planning/cmake/moveit_hybrid_planningConfig.cmake
-- Installing: /home/colcon_ws/src/moveit2-humble/install/moveit_hybrid_planning/share/moveit_hybrid_planning/cmake/moveit_hybrid_planningConfig-version.cmake
-- Installing: /home/colcon_ws/src/moveit2-humble/install/moveit_hybrid_planning/share/moveit_hybrid_planning/package.xml
