[0.041s] Invoking command in '/home/colcon_ws/src/moveit2-humble/build/moveit_hybrid_planning': AMENT_PREFIX_PATH=/home/colcon_ws/src/moveit2-humble/install/moveit_ros_planning_interface:/home/colcon_ws/src/moveit2-humble/install/moveit_ros_move_group:/home/colcon_ws/src/moveit2-humble/install/moveit_ros_warehouse:/home/colcon_ws/src/moveit2-humble/install/moveit_planners_ompl:/home/colcon_ws/src/moveit2-humble/install/moveit_kinematics:/home/colcon_ws/src/moveit2-humble/install/moveit_ros_planning:/home/colcon_ws/src/moveit2-humble/install/moveit_ros_occupancy_map_monitor:/home/colcon_ws/src/moveit2-humble/install/moveit_core:/home/colcon_ws/src/moveit2-humble/install/moveit_common:${AMENT_PREFIX_PATH} CMAKE_PREFIX_PATH=/home/colcon_ws/src/moveit2-humble/install/moveit_ros_planning_interface:/home/colcon_ws/src/moveit2-humble/install/moveit_ros_move_group:/home/colcon_ws/src/moveit2-humble/install/moveit_ros_warehouse:/home/colcon_ws/src/moveit2-humble/install/moveit_planners_ompl:/home/colcon_ws/src/moveit2-humble/install/moveit_kinematics:/home/colcon_ws/src/moveit2-humble/install/moveit_ros_planning:/home/colcon_ws/src/moveit2-humble/install/moveit_ros_occupancy_map_monitor:/home/colcon_ws/src/moveit2-humble/install/moveit_core:/home/colcon_ws/src/moveit2-humble/install/moveit_common:/home/colcon_ws/install/pilz_industrial_motion_planner_testutils:/home/colcon_ws/install/moveit_runtime:/home/colcon_ws/install/moveit2_tutorials:/home/colcon_ws/install/moveit:/home/colcon_ws/install/moveit_planners:/home/colcon_ws/install/pilz_industrial_motion_planner:/home/colcon_ws/install/moveit_visual_tools:/home/colcon_ws/install/moveit_task_constructor_visualization:/home/colcon_ws/install/moveit_task_constructor_demo:/home/colcon_ws/install/moveit_task_constructor_capabilities:/home/colcon_ws/install/moveit_task_constructor_core:/home/colcon_ws/install/moveit_ros_control_interface:/home/colcon_ws/install/moveit_plugins:/home/colcon_ws/install/moveit_simple_controller_manager:/home/colcon_ws/install/moveit_setup_assistant:/home/colcon_ws/install/moveit_setup_srdf_plugins:/home/colcon_ws/install/moveit_setup_core_plugins:/home/colcon_ws/install/moveit_setup_controllers:/home/colcon_ws/install/moveit_setup_app_plugins:/home/colcon_ws/install/moveit_setup_framework:/home/colcon_ws/install/moveit_servo:/home/colcon_ws/install/moveit_ros:/home/colcon_ws/install/moveit_ros_visualization:/home/colcon_ws/install/moveit_hybrid_planning:/home/colcon_ws/install/moveit_ros_planning_interface:/home/colcon_ws/install/moveit_ros_benchmarks:/home/colcon_ws/install/moveit_ros_warehouse:/home/colcon_ws/install/moveit_ros_robot_interaction:/home/colcon_ws/install/moveit_ros_perception:/home/colcon_ws/install/moveit_resources_prbt_pg70_support:/home/colcon_ws/install/moveit_resources_prbt_moveit_config:/home/colcon_ws/install/moveit_ros_move_group:/home/colcon_ws/install/moveit_planners_ompl:/home/colcon_ws/install/moveit_ros_planning:/home/colcon_ws/install/moveit_ros_occupancy_map_monitor:/home/colcon_ws/install/moveit_resources_prbt_ikfast_manipulator_plugin:/home/colcon_ws/install/moveit_planners_chomp:/home/colcon_ws/install/moveit_kinematics:/home/colcon_ws/install/moveit_chomp_optimizer_adapter:/home/colcon_ws/install/chomp_motion_planner:/home/colcon_ws/install/moveit_core:/home/colcon_ws/install/srdfdom:/home/colcon_ws/install/rviz_marker_tools:/home/colcon_ws/install/rosparam_shortcuts:/home/colcon_ws/install/my_messages:/home/colcon_ws/install/moveit_task_constructor_msgs:/home/colcon_ws/install/moveit_resources_prbt_support:/home/colcon_ws/install/moveit_resources:/home/colcon_ws/install/moveit_resources_pr2_description:/home/colcon_ws/install/moveit_resources_panda_moveit_config:/home/colcon_ws/install/moveit_resources_panda_description:/home/colcon_ws/install/moveit_resources_fanuc_moveit_config:/home/colcon_ws/install/moveit_resources_fanuc_description:/home/colcon_ws/install/moveit_common:/home/colcon_ws/install/goal_change_interfaces:/home/colcon_ws/install/cpp_srvcli:/home/colcon_ws/install/moveit_configs_utils:/home/colcon_ws/install/launch_param_builder:/opt/ros/humble LD_LIBRARY_PATH=/home/colcon_ws/src/moveit2-humble/install/moveit_ros_planning_interface/lib:/home/colcon_ws/src/moveit2-humble/install/moveit_ros_move_group/lib:/home/colcon_ws/src/moveit2-humble/install/moveit_ros_warehouse/lib:/home/colcon_ws/src/moveit2-humble/install/moveit_planners_ompl/lib:/home/colcon_ws/src/moveit2-humble/install/moveit_kinematics/lib:/home/colcon_ws/src/moveit2-humble/install/moveit_ros_planning/lib:/home/colcon_ws/src/moveit2-humble/install/moveit_ros_occupancy_map_monitor/lib:/home/colcon_ws/src/moveit2-humble/install/moveit_core/lib:${LD_LIBRARY_PATH} PATH=/home/colcon_ws/src/moveit2-humble/install/moveit_core/bin:${PATH} /usr/bin/cmake /home/colcon_ws/src/moveit2-humble/moveit_ros/hybrid_planning -DCMAKE_BUILD_TYPE=Debug -DCMAKE_INSTALL_PREFIX=/home/colcon_ws/src/moveit2-humble/install/moveit_hybrid_planning
[0.098s] -- The C compiler identification is GNU 11.3.0
[0.149s] -- The CXX compiler identification is GNU 11.3.0
[0.156s] -- Detecting C compiler ABI info
[0.236s] -- Detecting C compiler ABI info - done
[0.243s] -- Check for working C compiler: /usr/bin/cc - skipped
[0.243s] -- Detecting C compile features
[0.244s] -- Detecting C compile features - done
[0.247s] -- Detecting CXX compiler ABI info
[0.335s] -- Detecting CXX compiler ABI info - done
[0.341s] -- Check for working CXX compiler: /usr/bin/c++ - skipped
[0.341s] -- Detecting CXX compile features
[0.342s] -- Detecting CXX compile features - done
[0.343s] -- Found moveit_common: 2.5.4 (/home/colcon_ws/src/moveit2-humble/install/moveit_common/share/moveit_common/cmake)
[0.352s] -- Found ament_cmake: 1.3.4 (/opt/ros/humble/share/ament_cmake/cmake)
[0.564s] -- Found Python3: /usr/bin/python3.10 (found version "3.10.6") found components: Interpreter 
[0.810s] -- Found libdw: /usr/lib/x86_64-linux-gnu/libdw.so  
[0.815s] -- Could NOT find libbfd (missing: LIBBFD_LIBRARY LIBBFD_INCLUDE_DIR) 
[0.815s] -- BACKWARD_HAS_UNWIND=1
[0.816s] -- BACKWARD_HAS_BACKTRACE=0
[0.816s] -- BACKWARD_HAS_BACKTRACE_SYMBOL=0
[0.816s] -- BACKWARD_HAS_DW=1
[0.816s] -- BACKWARD_HAS_BFD=0
[0.816s] -- Found Backward: /opt/ros/humble/share/backward_ros/cmake  
[0.818s] -- Found moveit_core: 2.5.4 (/home/colcon_ws/src/moveit2-humble/install/moveit_core/share/moveit_core/cmake)
[1.134s] -- Found Boost: /usr/lib/x86_64-linux-gnu/cmake/Boost-1.74.0/BoostConfig.cmake (found version "1.74.0") found components: chrono date_time filesystem iostreams program_options regex serialization system thread 
[1.182s] -- Found parameter_traits: 0.3.3 (/opt/ros/humble/share/parameter_traits/cmake)
[1.312s] -- Found rosidl_generator_c: 3.1.4 (/opt/ros/humble/share/rosidl_generator_c/cmake)
[1.330s] -- Found rosidl_adapter: 3.1.4 (/opt/ros/humble/share/rosidl_adapter/cmake)
[1.352s] -- Found rosidl_generator_cpp: 3.1.4 (/opt/ros/humble/share/rosidl_generator_cpp/cmake)
[1.380s] -- Using all available rosidl_typesupport_c: rosidl_typesupport_fastrtps_c;rosidl_typesupport_introspection_c
[1.420s] -- Using all available rosidl_typesupport_cpp: rosidl_typesupport_fastrtps_cpp;rosidl_typesupport_introspection_cpp
[1.550s] -- Found rmw_implementation_cmake: 6.1.1 (/opt/ros/humble/share/rmw_implementation_cmake/cmake)
[1.561s] -- Found rmw_fastrtps_cpp: 6.2.2 (/opt/ros/humble/share/rmw_fastrtps_cpp/cmake)
[1.707s] -- Found OpenSSL: /usr/lib/x86_64-linux-gnu/libcrypto.so (found version "3.0.2")  
[1.739s] -- Found FastRTPS: /opt/ros/humble/include  
[1.802s] -- Using RMW implementation 'rmw_fastrtps_cpp' as default
[1.835s] -- Found Threads: TRUE  
[2.057s] -- Found rclcpp_lifecycle: 16.0.4 (/opt/ros/humble/share/rclcpp_lifecycle/cmake)
[2.118s] -- Found Boost: /usr/lib/x86_64-linux-gnu/cmake/Boost-1.74.0/BoostConfig.cmake (found version "1.74.0") found components: filesystem 
[2.321s] -- library: /usr/lib/x86_64-linux-gnu/libcurl.so
[2.632s] -- Found Eigen3: TRUE (found version "3.4.0") 
[2.632s] -- Ensuring Eigen3 include directory is part of orocos-kdl CMake target
[3.786s] -- Found moveit_ros_planning: 2.5.4 (/home/colcon_ws/src/moveit2-humble/install/moveit_ros_planning/share/moveit_ros_planning/cmake)
[3.790s] -- Found Boost: /usr/lib/x86_64-linux-gnu/cmake/Boost-1.74.0/BoostConfig.cmake (found version "1.74.0") found components: system filesystem date_time program_options thread chrono 
[4.199s] -- Found moveit_ros_planning_interface: 2.5.4 (/home/colcon_ws/src/moveit2-humble/install/moveit_ros_planning_interface/share/moveit_ros_planning_interface/cmake)
[4.202s] -- Found Boost: /usr/lib/x86_64-linux-gnu/cmake/Boost-1.74.0/BoostConfig.cmake (found version "1.74.0") found components: date_time filesystem program_options system thread 
[4.384s] -- Found Boost: /usr/lib/x86_64-linux-gnu/cmake/Boost-1.74.0/BoostConfig.cmake (found version "1.74.0") found components: thread system filesystem regex date_time program_options 
[4.615s] -- Found Boost: /usr/lib/x86_64-linux-gnu/cmake/Boost-1.74.0/BoostConfig.cmake (found version "1.74.0") found components: system filesystem date_time program_options thread 
[5.033s] -- Found goal_change_interfaces: 0.0.0 (/home/colcon_ws/install/goal_change_interfaces/share/goal_change_interfaces/cmake)
[5.376s] -- Found ament_lint_auto: 0.12.6 (/opt/ros/humble/share/ament_lint_auto/cmake)
[5.385s] -- Found ament_cmake_gtest: 1.3.4 (/opt/ros/humble/share/ament_cmake_gtest/cmake)
[5.394s] -- Found ros_testing: 0.4.0 (/opt/ros/humble/share/ros_testing/cmake)
[5.403s] -- Found launch_testing_ament_cmake: 1.0.4 (/opt/ros/humble/share/launch_testing_ament_cmake/cmake)
[5.411s] -- Found python_cmake_module: 0.10.0 (/opt/ros/humble/share/python_cmake_module/cmake)
[5.431s] -- Found PythonInterp: /usr/bin/python3 (found suitable version "3.10.6", minimum required is "3.6") 
[5.437s] -- Found PythonLibs: /usr/lib/x86_64-linux-gnu/libpython3.10.so (found suitable version "3.10.6", minimum required is "3.5") 
[5.437s] -- Using PYTHON_EXECUTABLE: /usr/bin/python3
[5.438s] -- Using PYTHON_INCLUDE_DIRS: /usr/include/python3.10
[5.438s] -- Using PYTHON_LIBRARIES: /usr/lib/x86_64-linux-gnu/libpython3.10.so
[5.456s] -- Found PythonExtra: .so  
[5.459s] -- Found Boost: /usr/lib/x86_64-linux-gnu/cmake/Boost-1.74.0/BoostConfig.cmake (found version "1.74.0") found components: filesystem 
[5.605s] -- Configuring done
[5.857s] -- Generating done
[5.860s] -- Build files have been written to: /home/colcon_ws/src/moveit2-humble/build/moveit_hybrid_planning
[5.876s] Invoked command in '/home/colcon_ws/src/moveit2-humble/build/moveit_hybrid_planning' returned '0': AMENT_PREFIX_PATH=/home/colcon_ws/src/moveit2-humble/install/moveit_ros_planning_interface:/home/colcon_ws/src/moveit2-humble/install/moveit_ros_move_group:/home/colcon_ws/src/moveit2-humble/install/moveit_ros_warehouse:/home/colcon_ws/src/moveit2-humble/install/moveit_planners_ompl:/home/colcon_ws/src/moveit2-humble/install/moveit_kinematics:/home/colcon_ws/src/moveit2-humble/install/moveit_ros_planning:/home/colcon_ws/src/moveit2-humble/install/moveit_ros_occupancy_map_monitor:/home/colcon_ws/src/moveit2-humble/install/moveit_core:/home/colcon_ws/src/moveit2-humble/install/moveit_common:${AMENT_PREFIX_PATH} CMAKE_PREFIX_PATH=/home/colcon_ws/src/moveit2-humble/install/moveit_ros_planning_interface:/home/colcon_ws/src/moveit2-humble/install/moveit_ros_move_group:/home/colcon_ws/src/moveit2-humble/install/moveit_ros_warehouse:/home/colcon_ws/src/moveit2-humble/install/moveit_planners_ompl:/home/colcon_ws/src/moveit2-humble/install/moveit_kinematics:/home/colcon_ws/src/moveit2-humble/install/moveit_ros_planning:/home/colcon_ws/src/moveit2-humble/install/moveit_ros_occupancy_map_monitor:/home/colcon_ws/src/moveit2-humble/install/moveit_core:/home/colcon_ws/src/moveit2-humble/install/moveit_common:/home/colcon_ws/install/pilz_industrial_motion_planner_testutils:/home/colcon_ws/install/moveit_runtime:/home/colcon_ws/install/moveit2_tutorials:/home/colcon_ws/install/moveit:/home/colcon_ws/install/moveit_planners:/home/colcon_ws/install/pilz_industrial_motion_planner:/home/colcon_ws/install/moveit_visual_tools:/home/colcon_ws/install/moveit_task_constructor_visualization:/home/colcon_ws/install/moveit_task_constructor_demo:/home/colcon_ws/install/moveit_task_constructor_capabilities:/home/colcon_ws/install/moveit_task_constructor_core:/home/colcon_ws/install/moveit_ros_control_interface:/home/colcon_ws/install/moveit_plugins:/home/colcon_ws/install/moveit_simple_controller_manager:/home/colcon_ws/install/moveit_setup_assistant:/home/colcon_ws/install/moveit_setup_srdf_plugins:/home/colcon_ws/install/moveit_setup_core_plugins:/home/colcon_ws/install/moveit_setup_controllers:/home/colcon_ws/install/moveit_setup_app_plugins:/home/colcon_ws/install/moveit_setup_framework:/home/colcon_ws/install/moveit_servo:/home/colcon_ws/install/moveit_ros:/home/colcon_ws/install/moveit_ros_visualization:/home/colcon_ws/install/moveit_hybrid_planning:/home/colcon_ws/install/moveit_ros_planning_interface:/home/colcon_ws/install/moveit_ros_benchmarks:/home/colcon_ws/install/moveit_ros_warehouse:/home/colcon_ws/install/moveit_ros_robot_interaction:/home/colcon_ws/install/moveit_ros_perception:/home/colcon_ws/install/moveit_resources_prbt_pg70_support:/home/colcon_ws/install/moveit_resources_prbt_moveit_config:/home/colcon_ws/install/moveit_ros_move_group:/home/colcon_ws/install/moveit_planners_ompl:/home/colcon_ws/install/moveit_ros_planning:/home/colcon_ws/install/moveit_ros_occupancy_map_monitor:/home/colcon_ws/install/moveit_resources_prbt_ikfast_manipulator_plugin:/home/colcon_ws/install/moveit_planners_chomp:/home/colcon_ws/install/moveit_kinematics:/home/colcon_ws/install/moveit_chomp_optimizer_adapter:/home/colcon_ws/install/chomp_motion_planner:/home/colcon_ws/install/moveit_core:/home/colcon_ws/install/srdfdom:/home/colcon_ws/install/rviz_marker_tools:/home/colcon_ws/install/rosparam_shortcuts:/home/colcon_ws/install/my_messages:/home/colcon_ws/install/moveit_task_constructor_msgs:/home/colcon_ws/install/moveit_resources_prbt_support:/home/colcon_ws/install/moveit_resources:/home/colcon_ws/install/moveit_resources_pr2_description:/home/colcon_ws/install/moveit_resources_panda_moveit_config:/home/colcon_ws/install/moveit_resources_panda_description:/home/colcon_ws/install/moveit_resources_fanuc_moveit_config:/home/colcon_ws/install/moveit_resources_fanuc_description:/home/colcon_ws/install/moveit_common:/home/colcon_ws/install/goal_change_interfaces:/home/colcon_ws/install/cpp_srvcli:/home/colcon_ws/install/moveit_configs_utils:/home/colcon_ws/install/launch_param_builder:/opt/ros/humble LD_LIBRARY_PATH=/home/colcon_ws/src/moveit2-humble/install/moveit_ros_planning_interface/lib:/home/colcon_ws/src/moveit2-humble/install/moveit_ros_move_group/lib:/home/colcon_ws/src/moveit2-humble/install/moveit_ros_warehouse/lib:/home/colcon_ws/src/moveit2-humble/install/moveit_planners_ompl/lib:/home/colcon_ws/src/moveit2-humble/install/moveit_kinematics/lib:/home/colcon_ws/src/moveit2-humble/install/moveit_ros_planning/lib:/home/colcon_ws/src/moveit2-humble/install/moveit_ros_occupancy_map_monitor/lib:/home/colcon_ws/src/moveit2-humble/install/moveit_core/lib:${LD_LIBRARY_PATH} PATH=/home/colcon_ws/src/moveit2-humble/install/moveit_core/bin:${PATH} /usr/bin/cmake /home/colcon_ws/src/moveit2-humble/moveit_ros/hybrid_planning -DCMAKE_BUILD_TYPE=Debug -DCMAKE_INSTALL_PREFIX=/home/colcon_ws/src/moveit2-humble/install/moveit_hybrid_planning
[5.877s] Invoking command in '/home/colcon_ws/src/moveit2-humble/build/moveit_hybrid_planning': AMENT_PREFIX_PATH=/home/colcon_ws/src/moveit2-humble/install/moveit_ros_planning_interface:/home/colcon_ws/src/moveit2-humble/install/moveit_ros_move_group:/home/colcon_ws/src/moveit2-humble/install/moveit_ros_warehouse:/home/colcon_ws/src/moveit2-humble/install/moveit_planners_ompl:/home/colcon_ws/src/moveit2-humble/install/moveit_kinematics:/home/colcon_ws/src/moveit2-humble/install/moveit_ros_planning:/home/colcon_ws/src/moveit2-humble/install/moveit_ros_occupancy_map_monitor:/home/colcon_ws/src/moveit2-humble/install/moveit_core:/home/colcon_ws/src/moveit2-humble/install/moveit_common:${AMENT_PREFIX_PATH} CMAKE_PREFIX_PATH=/home/colcon_ws/src/moveit2-humble/install/moveit_ros_planning_interface:/home/colcon_ws/src/moveit2-humble/install/moveit_ros_move_group:/home/colcon_ws/src/moveit2-humble/install/moveit_ros_warehouse:/home/colcon_ws/src/moveit2-humble/install/moveit_planners_ompl:/home/colcon_ws/src/moveit2-humble/install/moveit_kinematics:/home/colcon_ws/src/moveit2-humble/install/moveit_ros_planning:/home/colcon_ws/src/moveit2-humble/install/moveit_ros_occupancy_map_monitor:/home/colcon_ws/src/moveit2-humble/install/moveit_core:/home/colcon_ws/src/moveit2-humble/install/moveit_common:/home/colcon_ws/install/pilz_industrial_motion_planner_testutils:/home/colcon_ws/install/moveit_runtime:/home/colcon_ws/install/moveit2_tutorials:/home/colcon_ws/install/moveit:/home/colcon_ws/install/moveit_planners:/home/colcon_ws/install/pilz_industrial_motion_planner:/home/colcon_ws/install/moveit_visual_tools:/home/colcon_ws/install/moveit_task_constructor_visualization:/home/colcon_ws/install/moveit_task_constructor_demo:/home/colcon_ws/install/moveit_task_constructor_capabilities:/home/colcon_ws/install/moveit_task_constructor_core:/home/colcon_ws/install/moveit_ros_control_interface:/home/colcon_ws/install/moveit_plugins:/home/colcon_ws/install/moveit_simple_controller_manager:/home/colcon_ws/install/moveit_setup_assistant:/home/colcon_ws/install/moveit_setup_srdf_plugins:/home/colcon_ws/install/moveit_setup_core_plugins:/home/colcon_ws/install/moveit_setup_controllers:/home/colcon_ws/install/moveit_setup_app_plugins:/home/colcon_ws/install/moveit_setup_framework:/home/colcon_ws/install/moveit_servo:/home/colcon_ws/install/moveit_ros:/home/colcon_ws/install/moveit_ros_visualization:/home/colcon_ws/install/moveit_hybrid_planning:/home/colcon_ws/install/moveit_ros_planning_interface:/home/colcon_ws/install/moveit_ros_benchmarks:/home/colcon_ws/install/moveit_ros_warehouse:/home/colcon_ws/install/moveit_ros_robot_interaction:/home/colcon_ws/install/moveit_ros_perception:/home/colcon_ws/install/moveit_resources_prbt_pg70_support:/home/colcon_ws/install/moveit_resources_prbt_moveit_config:/home/colcon_ws/install/moveit_ros_move_group:/home/colcon_ws/install/moveit_planners_ompl:/home/colcon_ws/install/moveit_ros_planning:/home/colcon_ws/install/moveit_ros_occupancy_map_monitor:/home/colcon_ws/install/moveit_resources_prbt_ikfast_manipulator_plugin:/home/colcon_ws/install/moveit_planners_chomp:/home/colcon_ws/install/moveit_kinematics:/home/colcon_ws/install/moveit_chomp_optimizer_adapter:/home/colcon_ws/install/chomp_motion_planner:/home/colcon_ws/install/moveit_core:/home/colcon_ws/install/srdfdom:/home/colcon_ws/install/rviz_marker_tools:/home/colcon_ws/install/rosparam_shortcuts:/home/colcon_ws/install/my_messages:/home/colcon_ws/install/moveit_task_constructor_msgs:/home/colcon_ws/install/moveit_resources_prbt_support:/home/colcon_ws/install/moveit_resources:/home/colcon_ws/install/moveit_resources_pr2_description:/home/colcon_ws/install/moveit_resources_panda_moveit_config:/home/colcon_ws/install/moveit_resources_panda_description:/home/colcon_ws/install/moveit_resources_fanuc_moveit_config:/home/colcon_ws/install/moveit_resources_fanuc_description:/home/colcon_ws/install/moveit_common:/home/colcon_ws/install/goal_change_interfaces:/home/colcon_ws/install/cpp_srvcli:/home/colcon_ws/install/moveit_configs_utils:/home/colcon_ws/install/launch_param_builder:/opt/ros/humble LD_LIBRARY_PATH=/home/colcon_ws/src/moveit2-humble/install/moveit_ros_planning_interface/lib:/home/colcon_ws/src/moveit2-humble/install/moveit_ros_move_group/lib:/home/colcon_ws/src/moveit2-humble/install/moveit_ros_warehouse/lib:/home/colcon_ws/src/moveit2-humble/install/moveit_planners_ompl/lib:/home/colcon_ws/src/moveit2-humble/install/moveit_kinematics/lib:/home/colcon_ws/src/moveit2-humble/install/moveit_ros_planning/lib:/home/colcon_ws/src/moveit2-humble/install/moveit_ros_occupancy_map_monitor/lib:/home/colcon_ws/src/moveit2-humble/install/moveit_core/lib:${LD_LIBRARY_PATH} PATH=/home/colcon_ws/src/moveit2-humble/install/moveit_core/bin:${PATH} /usr/bin/cmake --build /home/colcon_ws/src/moveit2-humble/build/moveit_hybrid_planning -- -j16 -l16
[5.948s] [  4%] [32mBuilding CXX object local_planner/local_planner_component/CMakeFiles/moveit_local_planner_component.dir/src/local_planner_component.cpp.o[0m
[5.948s] [  8%] [32mBuilding CXX object hybrid_planning_manager/hybrid_planning_manager_component/CMakeFiles/moveit_hybrid_planning_manager.dir/src/hybrid_planning_manager.cpp.o[0m
[5.951s] [ 12%] [32mBuilding CXX object global_planner/global_planner_component/CMakeFiles/moveit_global_planner_component.dir/src/global_planner_component.cpp.o[0m
[5.953s] [ 16%] [32mBuilding CXX object global_planner/global_planner_plugins/CMakeFiles/motion_planning_pipeline_plugin.dir/src/moveit_planning_pipeline.cpp.o[0m
[5.954s] [ 20%] [32mBuilding CXX object local_planner/trajectory_operator_plugins/CMakeFiles/simple_sampler_plugin.dir/src/simple_sampler.cpp.o[0m
[5.954s] [ 25%] [32mBuilding CXX object local_planner/local_constraint_solver_plugins/CMakeFiles/forward_trajectory_plugin.dir/src/forward_trajectory.cpp.o[0m
[5.956s] [ 29%] [32mBuilding CXX object goal_change_service_caller/CMakeFiles/moveit_goal_change_service_caller_component.dir/goal_change_service_caller_component.cpp.o[0m
[10.221s] [01m[K/home/colcon_ws/src/moveit2-humble/moveit_ros/hybrid_planning/local_planner/trajectory_operator_plugins/src/simple_sampler.cpp:[m[K In member function ‘[01m[Kgoal_change_interfaces::srv::GoalChange::Response moveit::hybrid_planning::SimpleSampler::adaptNewGoal(const Pose&)[m[K’:
[10.221s] [01m[K/home/colcon_ws/src/moveit2-humble/moveit_ros/hybrid_planning/local_planner/trajectory_operator_plugins/src/simple_sampler.cpp:70:61:[m[K [01;35m[Kwarning: [m[Kunused parameter ‘[01m[Knew_goal[m[K’ [[01;35m[K]8;;https://gcc.gnu.org/onlinedocs/gcc/Warning-Options.html#index-Wunused-parameter-Wunused-parameter]8;;[m[K]
[10.221s]    70 | SimpleSampler::adaptNewGoal([01;35m[Kconst geometry_msgs::msg::Pose& new_goal[m[K)
[10.221s]       |                             [01;35m[K~~~~~~~~~~~~~~~~~~~~~~~~~~~~~~~~^~~~~~~~[m[K
[10.665s] [ 33%] [32m[1mLinking CXX shared library libmoveit_goal_change_service_caller_component.so[0m
[11.276s] [ 33%] Built target moveit_goal_change_service_caller_component
[13.084s] [01m[K/home/colcon_ws/src/moveit2-humble/moveit_ros/hybrid_planning/local_planner/local_planner_component/src/local_planner_component.cpp:[m[K In lambda function:
[13.084s] [01m[K/home/colcon_ws/src/moveit2-humble/moveit_ros/hybrid_planning/local_planner/local_planner_component/src/local_planner_component.cpp:237:76:[m[K [01;35m[Kwarning: [m[Kunused parameter ‘[01m[Kresponse[m[K’ [[01;35m[K]8;;https://gcc.gnu.org/onlinedocs/gcc/Warning-Options.html#index-Wunused-parameter-Wunused-parameter]8;;[m[K]
[13.084s]   237 |   [01;35m[Kconst std::shared_ptr<goal_change_interfaces::srv::GoalChange::Response> response[m[K) {
[13.085s]       |   [01;35m[K~~~~~~~~~~~~~~~~~~~~~~~~~~~~~~~~~~~~~~~~~~~~~~~~~~~~~~~~~~~~~~~~~~~~~~~~~^~~~~~~~[m[K
[13.503s] [ 37%] [32m[1mLinking CXX shared library libsimple_sampler_plugin.so[0m
[14.463s] [ 37%] Built target simple_sampler_plugin
[16.259s] [ 41%] [32m[1mLinking CXX shared library libforward_trajectory_plugin.so[0m
[17.631s] [ 45%] [32m[1mLinking CXX shared library libmotion_planning_pipeline_plugin.so[0m
[18.347s] [ 45%] Built target forward_trajectory_plugin
[19.063s] [ 45%] Built target motion_planning_pipeline_plugin
[21.852s] [ 50%] [32m[1mLinking CXX shared library libmoveit_hybrid_planning_manager.so[0m
[22.110s] [ 54%] [32m[1mLinking CXX shared library libmoveit_global_planner_component.so[0m
[22.984s] [ 54%] Built target moveit_global_planner_component
[23.131s] [ 54%] Built target moveit_hybrid_planning_manager
[23.159s] [ 58%] [32mBuilding CXX object hybrid_planning_manager/planner_logic_plugins/CMakeFiles/single_plan_execution_plugin.dir/src/single_plan_execution.cpp.o[0m
[26.793s] [ 62%] [32m[1mLinking CXX shared library libmoveit_local_planner_component.so[0m
[27.174s] [ 66%] [32m[1mLinking CXX shared library libsingle_plan_execution_plugin.so[0m
[27.876s] [ 66%] Built target single_plan_execution_plugin
[27.907s] [ 70%] [32mBuilding CXX object hybrid_planning_manager/planner_logic_plugins/CMakeFiles/replan_invalidated_trajectory_plugin.dir/src/replan_invalidated_trajectory.cpp.o[0m
[29.050s] [ 70%] Built target moveit_local_planner_component
[31.876s] [ 75%] [32m[1mLinking CXX shared library libreplan_invalidated_trajectory_plugin.so[0m
[32.420s] [ 75%] Built target replan_invalidated_trajectory_plugin
[32.449s] [ 87%] [32mBuilding CXX object test/CMakeFiles/goal_change_demo_node.dir/goal_change_demo_node.cpp.o[0m
[32.449s] [ 87%] [32mBuilding CXX object test/CMakeFiles/hybrid_planning_demo_node.dir/hybrid_planning_demo_node.cpp.o[0m
[32.449s] [ 87%] [32mBuilding CXX object test/CMakeFiles/cancel_action.dir/cancel_action.cpp.o[0m
[35.255s] [ 91%] [32m[1mLinking CXX executable cancel_action[0m
[35.719s] [ 91%] Built target cancel_action
[48.699s] [ 95%] [32m[1mLinking CXX executable goal_change_demo_node[0m
[48.850s] [100%] [32m[1mLinking CXX executable hybrid_planning_demo_node[0m
[51.777s] [100%] Built target goal_change_demo_node
[51.981s] [100%] Built target hybrid_planning_demo_node
[51.993s] Invoked command in '/home/colcon_ws/src/moveit2-humble/build/moveit_hybrid_planning' returned '0': AMENT_PREFIX_PATH=/home/colcon_ws/src/moveit2-humble/install/moveit_ros_planning_interface:/home/colcon_ws/src/moveit2-humble/install/moveit_ros_move_group:/home/colcon_ws/src/moveit2-humble/install/moveit_ros_warehouse:/home/colcon_ws/src/moveit2-humble/install/moveit_planners_ompl:/home/colcon_ws/src/moveit2-humble/install/moveit_kinematics:/home/colcon_ws/src/moveit2-humble/install/moveit_ros_planning:/home/colcon_ws/src/moveit2-humble/install/moveit_ros_occupancy_map_monitor:/home/colcon_ws/src/moveit2-humble/install/moveit_core:/home/colcon_ws/src/moveit2-humble/install/moveit_common:${AMENT_PREFIX_PATH} CMAKE_PREFIX_PATH=/home/colcon_ws/src/moveit2-humble/install/moveit_ros_planning_interface:/home/colcon_ws/src/moveit2-humble/install/moveit_ros_move_group:/home/colcon_ws/src/moveit2-humble/install/moveit_ros_warehouse:/home/colcon_ws/src/moveit2-humble/install/moveit_planners_ompl:/home/colcon_ws/src/moveit2-humble/install/moveit_kinematics:/home/colcon_ws/src/moveit2-humble/install/moveit_ros_planning:/home/colcon_ws/src/moveit2-humble/install/moveit_ros_occupancy_map_monitor:/home/colcon_ws/src/moveit2-humble/install/moveit_core:/home/colcon_ws/src/moveit2-humble/install/moveit_common:/home/colcon_ws/install/pilz_industrial_motion_planner_testutils:/home/colcon_ws/install/moveit_runtime:/home/colcon_ws/install/moveit2_tutorials:/home/colcon_ws/install/moveit:/home/colcon_ws/install/moveit_planners:/home/colcon_ws/install/pilz_industrial_motion_planner:/home/colcon_ws/install/moveit_visual_tools:/home/colcon_ws/install/moveit_task_constructor_visualization:/home/colcon_ws/install/moveit_task_constructor_demo:/home/colcon_ws/install/moveit_task_constructor_capabilities:/home/colcon_ws/install/moveit_task_constructor_core:/home/colcon_ws/install/moveit_ros_control_interface:/home/colcon_ws/install/moveit_plugins:/home/colcon_ws/install/moveit_simple_controller_manager:/home/colcon_ws/install/moveit_setup_assistant:/home/colcon_ws/install/moveit_setup_srdf_plugins:/home/colcon_ws/install/moveit_setup_core_plugins:/home/colcon_ws/install/moveit_setup_controllers:/home/colcon_ws/install/moveit_setup_app_plugins:/home/colcon_ws/install/moveit_setup_framework:/home/colcon_ws/install/moveit_servo:/home/colcon_ws/install/moveit_ros:/home/colcon_ws/install/moveit_ros_visualization:/home/colcon_ws/install/moveit_hybrid_planning:/home/colcon_ws/install/moveit_ros_planning_interface:/home/colcon_ws/install/moveit_ros_benchmarks:/home/colcon_ws/install/moveit_ros_warehouse:/home/colcon_ws/install/moveit_ros_robot_interaction:/home/colcon_ws/install/moveit_ros_perception:/home/colcon_ws/install/moveit_resources_prbt_pg70_support:/home/colcon_ws/install/moveit_resources_prbt_moveit_config:/home/colcon_ws/install/moveit_ros_move_group:/home/colcon_ws/install/moveit_planners_ompl:/home/colcon_ws/install/moveit_ros_planning:/home/colcon_ws/install/moveit_ros_occupancy_map_monitor:/home/colcon_ws/install/moveit_resources_prbt_ikfast_manipulator_plugin:/home/colcon_ws/install/moveit_planners_chomp:/home/colcon_ws/install/moveit_kinematics:/home/colcon_ws/install/moveit_chomp_optimizer_adapter:/home/colcon_ws/install/chomp_motion_planner:/home/colcon_ws/install/moveit_core:/home/colcon_ws/install/srdfdom:/home/colcon_ws/install/rviz_marker_tools:/home/colcon_ws/install/rosparam_shortcuts:/home/colcon_ws/install/my_messages:/home/colcon_ws/install/moveit_task_constructor_msgs:/home/colcon_ws/install/moveit_resources_prbt_support:/home/colcon_ws/install/moveit_resources:/home/colcon_ws/install/moveit_resources_pr2_description:/home/colcon_ws/install/moveit_resources_panda_moveit_config:/home/colcon_ws/install/moveit_resources_panda_description:/home/colcon_ws/install/moveit_resources_fanuc_moveit_config:/home/colcon_ws/install/moveit_resources_fanuc_description:/home/colcon_ws/install/moveit_common:/home/colcon_ws/install/goal_change_interfaces:/home/colcon_ws/install/cpp_srvcli:/home/colcon_ws/install/moveit_configs_utils:/home/colcon_ws/install/launch_param_builder:/opt/ros/humble LD_LIBRARY_PATH=/home/colcon_ws/src/moveit2-humble/install/moveit_ros_planning_interface/lib:/home/colcon_ws/src/moveit2-humble/install/moveit_ros_move_group/lib:/home/colcon_ws/src/moveit2-humble/install/moveit_ros_warehouse/lib:/home/colcon_ws/src/moveit2-humble/install/moveit_planners_ompl/lib:/home/colcon_ws/src/moveit2-humble/install/moveit_kinematics/lib:/home/colcon_ws/src/moveit2-humble/install/moveit_ros_planning/lib:/home/colcon_ws/src/moveit2-humble/install/moveit_ros_occupancy_map_monitor/lib:/home/colcon_ws/src/moveit2-humble/install/moveit_core/lib:${LD_LIBRARY_PATH} PATH=/home/colcon_ws/src/moveit2-humble/install/moveit_core/bin:${PATH} /usr/bin/cmake --build /home/colcon_ws/src/moveit2-humble/build/moveit_hybrid_planning -- -j16 -l16
[52.040s] Invoking command in '/home/colcon_ws/src/moveit2-humble/build/moveit_hybrid_planning': AMENT_PREFIX_PATH=/home/colcon_ws/src/moveit2-humble/install/moveit_ros_planning_interface:/home/colcon_ws/src/moveit2-humble/install/moveit_ros_move_group:/home/colcon_ws/src/moveit2-humble/install/moveit_ros_warehouse:/home/colcon_ws/src/moveit2-humble/install/moveit_planners_ompl:/home/colcon_ws/src/moveit2-humble/install/moveit_kinematics:/home/colcon_ws/src/moveit2-humble/install/moveit_ros_planning:/home/colcon_ws/src/moveit2-humble/install/moveit_ros_occupancy_map_monitor:/home/colcon_ws/src/moveit2-humble/install/moveit_core:/home/colcon_ws/src/moveit2-humble/install/moveit_common:${AMENT_PREFIX_PATH} CMAKE_PREFIX_PATH=/home/colcon_ws/src/moveit2-humble/install/moveit_ros_planning_interface:/home/colcon_ws/src/moveit2-humble/install/moveit_ros_move_group:/home/colcon_ws/src/moveit2-humble/install/moveit_ros_warehouse:/home/colcon_ws/src/moveit2-humble/install/moveit_planners_ompl:/home/colcon_ws/src/moveit2-humble/install/moveit_kinematics:/home/colcon_ws/src/moveit2-humble/install/moveit_ros_planning:/home/colcon_ws/src/moveit2-humble/install/moveit_ros_occupancy_map_monitor:/home/colcon_ws/src/moveit2-humble/install/moveit_core:/home/colcon_ws/src/moveit2-humble/install/moveit_common:/home/colcon_ws/install/pilz_industrial_motion_planner_testutils:/home/colcon_ws/install/moveit_runtime:/home/colcon_ws/install/moveit2_tutorials:/home/colcon_ws/install/moveit:/home/colcon_ws/install/moveit_planners:/home/colcon_ws/install/pilz_industrial_motion_planner:/home/colcon_ws/install/moveit_visual_tools:/home/colcon_ws/install/moveit_task_constructor_visualization:/home/colcon_ws/install/moveit_task_constructor_demo:/home/colcon_ws/install/moveit_task_constructor_capabilities:/home/colcon_ws/install/moveit_task_constructor_core:/home/colcon_ws/install/moveit_ros_control_interface:/home/colcon_ws/install/moveit_plugins:/home/colcon_ws/install/moveit_simple_controller_manager:/home/colcon_ws/install/moveit_setup_assistant:/home/colcon_ws/install/moveit_setup_srdf_plugins:/home/colcon_ws/install/moveit_setup_core_plugins:/home/colcon_ws/install/moveit_setup_controllers:/home/colcon_ws/install/moveit_setup_app_plugins:/home/colcon_ws/install/moveit_setup_framework:/home/colcon_ws/install/moveit_servo:/home/colcon_ws/install/moveit_ros:/home/colcon_ws/install/moveit_ros_visualization:/home/colcon_ws/install/moveit_hybrid_planning:/home/colcon_ws/install/moveit_ros_planning_interface:/home/colcon_ws/install/moveit_ros_benchmarks:/home/colcon_ws/install/moveit_ros_warehouse:/home/colcon_ws/install/moveit_ros_robot_interaction:/home/colcon_ws/install/moveit_ros_perception:/home/colcon_ws/install/moveit_resources_prbt_pg70_support:/home/colcon_ws/install/moveit_resources_prbt_moveit_config:/home/colcon_ws/install/moveit_ros_move_group:/home/colcon_ws/install/moveit_planners_ompl:/home/colcon_ws/install/moveit_ros_planning:/home/colcon_ws/install/moveit_ros_occupancy_map_monitor:/home/colcon_ws/install/moveit_resources_prbt_ikfast_manipulator_plugin:/home/colcon_ws/install/moveit_planners_chomp:/home/colcon_ws/install/moveit_kinematics:/home/colcon_ws/install/moveit_chomp_optimizer_adapter:/home/colcon_ws/install/chomp_motion_planner:/home/colcon_ws/install/moveit_core:/home/colcon_ws/install/srdfdom:/home/colcon_ws/install/rviz_marker_tools:/home/colcon_ws/install/rosparam_shortcuts:/home/colcon_ws/install/my_messages:/home/colcon_ws/install/moveit_task_constructor_msgs:/home/colcon_ws/install/moveit_resources_prbt_support:/home/colcon_ws/install/moveit_resources:/home/colcon_ws/install/moveit_resources_pr2_description:/home/colcon_ws/install/moveit_resources_panda_moveit_config:/home/colcon_ws/install/moveit_resources_panda_description:/home/colcon_ws/install/moveit_resources_fanuc_moveit_config:/home/colcon_ws/install/moveit_resources_fanuc_description:/home/colcon_ws/install/moveit_common:/home/colcon_ws/install/goal_change_interfaces:/home/colcon_ws/install/cpp_srvcli:/home/colcon_ws/install/moveit_configs_utils:/home/colcon_ws/install/launch_param_builder:/opt/ros/humble LD_LIBRARY_PATH=/home/colcon_ws/src/moveit2-humble/install/moveit_ros_planning_interface/lib:/home/colcon_ws/src/moveit2-humble/install/moveit_ros_move_group/lib:/home/colcon_ws/src/moveit2-humble/install/moveit_ros_warehouse/lib:/home/colcon_ws/src/moveit2-humble/install/moveit_planners_ompl/lib:/home/colcon_ws/src/moveit2-humble/install/moveit_kinematics/lib:/home/colcon_ws/src/moveit2-humble/install/moveit_ros_planning/lib:/home/colcon_ws/src/moveit2-humble/install/moveit_ros_occupancy_map_monitor/lib:/home/colcon_ws/src/moveit2-humble/install/moveit_core/lib:${LD_LIBRARY_PATH} PATH=/home/colcon_ws/src/moveit2-humble/install/moveit_core/bin:${PATH} /usr/bin/cmake --install /home/colcon_ws/src/moveit2-humble/build/moveit_hybrid_planning
[52.049s] -- Install configuration: "Debug"
[52.050s] -- Installing: /home/colcon_ws/src/moveit2-humble/install/moveit_hybrid_planning/lib/libmoveit_global_planner_component.so.2.5.4
[52.064s] -- Set runtime path of "/home/colcon_ws/src/moveit2-humble/install/moveit_hybrid_planning/lib/libmoveit_global_planner_component.so.2.5.4" to ""
[52.064s] -- Installing: /home/colcon_ws/src/moveit2-humble/install/moveit_hybrid_planning/lib/libmoveit_global_planner_component.so
[52.064s] -- Installing: /home/colcon_ws/src/moveit2-humble/install/moveit_hybrid_planning/lib/libmoveit_hybrid_planning_manager.so.2.5.4
[52.086s] -- Set runtime path of "/home/colcon_ws/src/moveit2-humble/install/moveit_hybrid_planning/lib/libmoveit_hybrid_planning_manager.so.2.5.4" to ""
[52.086s] -- Installing: /home/colcon_ws/src/moveit2-humble/install/moveit_hybrid_planning/lib/libmoveit_hybrid_planning_manager.so
[52.086s] -- Installing: /home/colcon_ws/src/moveit2-humble/install/moveit_hybrid_planning/lib/libmoveit_local_planner_component.so.2.5.4
[52.114s] -- Set runtime path of "/home/colcon_ws/src/moveit2-humble/install/moveit_hybrid_planning/lib/libmoveit_local_planner_component.so.2.5.4" to ""
[52.114s] -- Installing: /home/colcon_ws/src/moveit2-humble/install/moveit_hybrid_planning/lib/libmoveit_local_planner_component.so
[52.114s] -- Installing: /home/colcon_ws/src/moveit2-humble/install/moveit_hybrid_planning/lib/libmoveit_goal_change_service_caller_component.so.2.5.4
[52.117s] -- Set runtime path of "/home/colcon_ws/src/moveit2-humble/install/moveit_hybrid_planning/lib/libmoveit_goal_change_service_caller_component.so.2.5.4" to ""
[52.117s] -- Installing: /home/colcon_ws/src/moveit2-humble/install/moveit_hybrid_planning/lib/libmoveit_goal_change_service_caller_component.so
[52.117s] -- Installing: /home/colcon_ws/src/moveit2-humble/install/moveit_hybrid_planning/lib/libforward_trajectory_plugin.so.2.5.4
[52.126s] -- Set runtime path of "/home/colcon_ws/src/moveit2-humble/install/moveit_hybrid_planning/lib/libforward_trajectory_plugin.so.2.5.4" to ""
[52.126s] -- Installing: /home/colcon_ws/src/moveit2-humble/install/moveit_hybrid_planning/lib/libforward_trajectory_plugin.so
[52.126s] -- Installing: /home/colcon_ws/src/moveit2-humble/install/moveit_hybrid_planning/lib/libmotion_planning_pipeline_plugin.so.2.5.4
[52.133s] -- Set runtime path of "/home/colcon_ws/src/moveit2-humble/install/moveit_hybrid_planning/lib/libmotion_planning_pipeline_plugin.so.2.5.4" to ""
[52.134s] -- Installing: /home/colcon_ws/src/moveit2-humble/install/moveit_hybrid_planning/lib/libmotion_planning_pipeline_plugin.so
[52.134s] -- Installing: /home/colcon_ws/src/moveit2-humble/install/moveit_hybrid_planning/lib/libreplan_invalidated_trajectory_plugin.so.2.5.4
[52.135s] -- Set runtime path of "/home/colcon_ws/src/moveit2-humble/install/moveit_hybrid_planning/lib/libreplan_invalidated_trajectory_plugin.so.2.5.4" to ""
[52.135s] -- Installing: /home/colcon_ws/src/moveit2-humble/install/moveit_hybrid_planning/lib/libreplan_invalidated_trajectory_plugin.so
[52.135s] -- Installing: /home/colcon_ws/src/moveit2-humble/install/moveit_hybrid_planning/lib/libsimple_sampler_plugin.so.2.5.4
[52.141s] -- Set runtime path of "/home/colcon_ws/src/moveit2-humble/install/moveit_hybrid_planning/lib/libsimple_sampler_plugin.so.2.5.4" to ""
[52.141s] -- Installing: /home/colcon_ws/src/moveit2-humble/install/moveit_hybrid_planning/lib/libsimple_sampler_plugin.so
[52.141s] -- Installing: /home/colcon_ws/src/moveit2-humble/install/moveit_hybrid_planning/lib/libsingle_plan_execution_plugin.so.2.5.4
[52.143s] -- Set runtime path of "/home/colcon_ws/src/moveit2-humble/install/moveit_hybrid_planning/lib/libsingle_plan_execution_plugin.so.2.5.4" to ""
[52.143s] -- Installing: /home/colcon_ws/src/moveit2-humble/install/moveit_hybrid_planning/lib/libsingle_plan_execution_plugin.so
[52.143s] -- Installing: /home/colcon_ws/src/moveit2-humble/install/moveit_hybrid_planning/lib/moveit_hybrid_planning/cancel_action
[52.145s] -- Set runtime path of "/home/colcon_ws/src/moveit2-humble/install/moveit_hybrid_planning/lib/moveit_hybrid_planning/cancel_action" to ""
[52.145s] -- Installing: /home/colcon_ws/src/moveit2-humble/install/moveit_hybrid_planning/lib/moveit_hybrid_planning/hybrid_planning_demo_node
[52.166s] -- Set runtime path of "/home/colcon_ws/src/moveit2-humble/install/moveit_hybrid_planning/lib/moveit_hybrid_planning/hybrid_planning_demo_node" to ""
[52.166s] -- Installing: /home/colcon_ws/src/moveit2-humble/install/moveit_hybrid_planning/include
[52.167s] -- Installing: /home/colcon_ws/src/moveit2-humble/install/moveit_hybrid_planning/include/moveit
[52.167s] -- Installing: /home/colcon_ws/src/moveit2-humble/install/moveit_hybrid_planning/include/moveit/global_planner
[52.167s] -- Installing: /home/colcon_ws/src/moveit2-humble/install/moveit_hybrid_planning/include/moveit/global_planner/global_planner_interface.h
[52.167s] -- Installing: /home/colcon_ws/src/moveit2-humble/install/moveit_hybrid_planning/include/moveit/global_planner/global_planner_component.h
[52.167s] -- Up-to-date: /home/colcon_ws/src/moveit2-humble/install/moveit_hybrid_planning/include
[52.167s] -- Up-to-date: /home/colcon_ws/src/moveit2-humble/install/moveit_hybrid_planning/include/moveit
[52.167s] -- Up-to-date: /home/colcon_ws/src/moveit2-humble/install/moveit_hybrid_planning/include/moveit/global_planner
[52.167s] -- Installing: /home/colcon_ws/src/moveit2-humble/install/moveit_hybrid_planning/include/moveit/global_planner/moveit_planning_pipeline.h
[52.167s] -- Up-to-date: /home/colcon_ws/src/moveit2-humble/install/moveit_hybrid_planning/include
[52.167s] -- Up-to-date: /home/colcon_ws/src/moveit2-humble/install/moveit_hybrid_planning/include/moveit
[52.167s] -- Installing: /home/colcon_ws/src/moveit2-humble/install/moveit_hybrid_planning/include/moveit/hybrid_planning_manager
[52.168s] -- Installing: /home/colcon_ws/src/moveit2-humble/install/moveit_hybrid_planning/include/moveit/hybrid_planning_manager/moveit_error_code_interface.h
[52.168s] -- Installing: /home/colcon_ws/src/moveit2-humble/install/moveit_hybrid_planning/include/moveit/hybrid_planning_manager/hybrid_planning_events.h
[52.168s] -- Installing: /home/colcon_ws/src/moveit2-humble/install/moveit_hybrid_planning/include/moveit/hybrid_planning_manager/hybrid_planning_manager.h
[52.168s] -- Installing: /home/colcon_ws/src/moveit2-humble/install/moveit_hybrid_planning/include/moveit/hybrid_planning_manager/planner_logic_interface.h
[52.168s] -- Up-to-date: /home/colcon_ws/src/moveit2-humble/install/moveit_hybrid_planning/include
[52.168s] -- Up-to-date: /home/colcon_ws/src/moveit2-humble/install/moveit_hybrid_planning/include/moveit
[52.168s] -- Installing: /home/colcon_ws/src/moveit2-humble/install/moveit_hybrid_planning/include/moveit/planner_logic_plugins
[52.168s] -- Installing: /home/colcon_ws/src/moveit2-humble/install/moveit_hybrid_planning/include/moveit/planner_logic_plugins/single_plan_execution.h
[52.168s] -- Installing: /home/colcon_ws/src/moveit2-humble/install/moveit_hybrid_planning/include/moveit/planner_logic_plugins/replan_invalidated_trajectory.h
[52.168s] -- Up-to-date: /home/colcon_ws/src/moveit2-humble/install/moveit_hybrid_planning/include
[52.168s] -- Up-to-date: /home/colcon_ws/src/moveit2-humble/install/moveit_hybrid_planning/include/moveit
[52.168s] -- Installing: /home/colcon_ws/src/moveit2-humble/install/moveit_hybrid_planning/include/moveit/local_planner
[52.169s] -- Installing: /home/colcon_ws/src/moveit2-humble/install/moveit_hybrid_planning/include/moveit/local_planner/local_planner_component.h
[52.169s] -- Installing: /home/colcon_ws/src/moveit2-humble/install/moveit_hybrid_planning/include/moveit/local_planner/trajectory_operator_interface.h
[52.169s] -- Installing: /home/colcon_ws/src/moveit2-humble/install/moveit_hybrid_planning/include/moveit/local_planner/feedback_types.h
[52.169s] -- Installing: /home/colcon_ws/src/moveit2-humble/install/moveit_hybrid_planning/include/moveit/local_planner/local_constraint_solver_interface.h
[52.169s] -- Up-to-date: /home/colcon_ws/src/moveit2-humble/install/moveit_hybrid_planning/include
[52.169s] -- Up-to-date: /home/colcon_ws/src/moveit2-humble/install/moveit_hybrid_planning/include/moveit
[52.169s] -- Installing: /home/colcon_ws/src/moveit2-humble/install/moveit_hybrid_planning/include/moveit/trajectory_operator_plugins
[52.169s] -- Installing: /home/colcon_ws/src/moveit2-humble/install/moveit_hybrid_planning/include/moveit/trajectory_operator_plugins/simple_sampler.h
[52.169s] -- Up-to-date: /home/colcon_ws/src/moveit2-humble/install/moveit_hybrid_planning/include
[52.169s] -- Up-to-date: /home/colcon_ws/src/moveit2-humble/install/moveit_hybrid_planning/include/moveit
[52.169s] -- Installing: /home/colcon_ws/src/moveit2-humble/install/moveit_hybrid_planning/include/moveit/local_constraint_solver_plugins
[52.169s] -- Installing: /home/colcon_ws/src/moveit2-humble/install/moveit_hybrid_planning/include/moveit/local_constraint_solver_plugins/forward_trajectory.h
[52.169s] -- Installing: /home/colcon_ws/src/moveit2-humble/install/moveit_hybrid_planning/share/moveit_hybrid_planning/launch
[52.170s] -- Installing: /home/colcon_ws/src/moveit2-humble/install/moveit_hybrid_planning/share/moveit_hybrid_planning/launch/__pycache__
[52.170s] -- Installing: /home/colcon_ws/src/moveit2-humble/install/moveit_hybrid_planning/share/moveit_hybrid_planning/launch/__pycache__/goal_change_demo_node.launch.cpython-310.pyc
[52.170s] -- Installing: /home/colcon_ws/src/moveit2-humble/install/moveit_hybrid_planning/share/moveit_hybrid_planning/launch/__pycache__/goal_change_common.cpython-310.pyc
[52.170s] -- Installing: /home/colcon_ws/src/moveit2-humble/install/moveit_hybrid_planning/share/moveit_hybrid_planning/launch/goal_change_demo_node.launch.py
[52.170s] -- Installing: /home/colcon_ws/src/moveit2-humble/install/moveit_hybrid_planning/share/moveit_hybrid_planning/launch/hybrid_planning_demo.launch.py
[52.170s] -- Installing: /home/colcon_ws/src/moveit2-humble/install/moveit_hybrid_planning/share/moveit_hybrid_planning/launch/test_basic_integration.test.py
[52.170s] -- Installing: /home/colcon_ws/src/moveit2-humble/install/moveit_hybrid_planning/share/moveit_hybrid_planning/launch/hybrid_planning_common.py
[52.170s] -- Installing: /home/colcon_ws/src/moveit2-humble/install/moveit_hybrid_planning/share/moveit_hybrid_planning/launch/goal_change_common.py
[52.171s] -- Installing: /home/colcon_ws/src/moveit2-humble/install/moveit_hybrid_planning/share/moveit_hybrid_planning/config
[52.171s] -- Installing: /home/colcon_ws/src/moveit2-humble/install/moveit_hybrid_planning/share/moveit_hybrid_planning/config/common_hybrid_planning_params.yaml
[52.171s] -- Installing: /home/colcon_ws/src/moveit2-humble/install/moveit_hybrid_planning/share/moveit_hybrid_planning/config/hybrid_planning_demo.rviz
[52.171s] -- Installing: /home/colcon_ws/src/moveit2-humble/install/moveit_hybrid_planning/share/moveit_hybrid_planning/config/demo_controller.yaml
[52.171s] -- Installing: /home/colcon_ws/src/moveit2-humble/install/moveit_hybrid_planning/share/moveit_hybrid_planning/config/hybrid_planning_manager.yaml
[52.171s] -- Installing: /home/colcon_ws/src/moveit2-humble/install/moveit_hybrid_planning/share/moveit_hybrid_planning/config/global_planner.yaml
[52.171s] -- Installing: /home/colcon_ws/src/moveit2-humble/install/moveit_hybrid_planning/share/moveit_hybrid_planning/config/local_planner.yaml
[52.171s] -- Installing: /home/colcon_ws/src/moveit2-humble/install/moveit_hybrid_planning/share/moveit_hybrid_planning/single_plan_execution_plugin.xml
[52.171s] -- Installing: /home/colcon_ws/src/moveit2-humble/install/moveit_hybrid_planning/share/moveit_hybrid_planning/moveit_planning_pipeline_plugin.xml
[52.172s] -- Installing: /home/colcon_ws/src/moveit2-humble/install/moveit_hybrid_planning/share/moveit_hybrid_planning/simple_sampler_plugin.xml
[52.172s] -- Installing: /home/colcon_ws/src/moveit2-humble/install/moveit_hybrid_planning/share/moveit_hybrid_planning/replan_invalidated_trajectory_plugin.xml
[52.172s] -- Installing: /home/colcon_ws/src/moveit2-humble/install/moveit_hybrid_planning/share/moveit_hybrid_planning/forward_trajectory_plugin.xml
[52.172s] -- Installing: /home/colcon_ws/src/moveit2-humble/install/moveit_hybrid_planning/share/moveit_hybrid_planning/environment/library_path.sh
[52.172s] -- Installing: /home/colcon_ws/src/moveit2-humble/install/moveit_hybrid_planning/share/moveit_hybrid_planning/environment/library_path.dsv
[52.173s] -- Installing: /home/colcon_ws/src/moveit2-humble/install/moveit_hybrid_planning/share/ament_index/resource_index/package_run_dependencies/moveit_hybrid_planning
[52.173s] -- Installing: /home/colcon_ws/src/moveit2-humble/install/moveit_hybrid_planning/share/ament_index/resource_index/parent_prefix_path/moveit_hybrid_planning
[52.173s] -- Installing: /home/colcon_ws/src/moveit2-humble/install/moveit_hybrid_planning/share/moveit_hybrid_planning/environment/ament_prefix_path.sh
[52.173s] -- Installing: /home/colcon_ws/src/moveit2-humble/install/moveit_hybrid_planning/share/moveit_hybrid_planning/environment/ament_prefix_path.dsv
[52.173s] -- Installing: /home/colcon_ws/src/moveit2-humble/install/moveit_hybrid_planning/share/moveit_hybrid_planning/environment/path.sh
[52.173s] -- Installing: /home/colcon_ws/src/moveit2-humble/install/moveit_hybrid_planning/share/moveit_hybrid_planning/environment/path.dsv
[52.173s] -- Installing: /home/colcon_ws/src/moveit2-humble/install/moveit_hybrid_planning/share/moveit_hybrid_planning/local_setup.bash
[52.174s] -- Installing: /home/colcon_ws/src/moveit2-humble/install/moveit_hybrid_planning/share/moveit_hybrid_planning/local_setup.sh
[52.174s] -- Installing: /home/colcon_ws/src/moveit2-humble/install/moveit_hybrid_planning/share/moveit_hybrid_planning/local_setup.zsh
[52.174s] -- Installing: /home/colcon_ws/src/moveit2-humble/install/moveit_hybrid_planning/share/moveit_hybrid_planning/local_setup.dsv
[52.174s] -- Installing: /home/colcon_ws/src/moveit2-humble/install/moveit_hybrid_planning/share/moveit_hybrid_planning/package.dsv
[52.174s] -- Installing: /home/colcon_ws/src/moveit2-humble/install/moveit_hybrid_planning/share/ament_index/resource_index/packages/moveit_hybrid_planning
[52.174s] -- Installing: /home/colcon_ws/src/moveit2-humble/install/moveit_hybrid_planning/share/ament_index/resource_index/moveit_hybrid_planning__pluginlib__plugin/moveit_hybrid_planning
[52.175s] -- Installing: /home/colcon_ws/src/moveit2-humble/install/moveit_hybrid_planning/share/ament_index/resource_index/rclcpp_components/moveit_hybrid_planning
[52.175s] -- Installing: /home/colcon_ws/src/moveit2-humble/install/moveit_hybrid_planning/share/moveit_hybrid_planning/cmake/export_moveit_hybrid_planningExport.cmake
[52.175s] -- Installing: /home/colcon_ws/src/moveit2-humble/install/moveit_hybrid_planning/share/moveit_hybrid_planning/cmake/export_moveit_hybrid_planningExport-debug.cmake
[52.175s] -- Installing: /home/colcon_ws/src/moveit2-humble/install/moveit_hybrid_planning/share/moveit_hybrid_planning/cmake/ament_cmake_export_include_directories-extras.cmake
[52.175s] -- Installing: /home/colcon_ws/src/moveit2-humble/install/moveit_hybrid_planning/share/moveit_hybrid_planning/cmake/ament_cmake_export_libraries-extras.cmake
[52.176s] -- Installing: /home/colcon_ws/src/moveit2-humble/install/moveit_hybrid_planning/share/moveit_hybrid_planning/cmake/ament_cmake_export_dependencies-extras.cmake
[52.176s] -- Installing: /home/colcon_ws/src/moveit2-humble/install/moveit_hybrid_planning/share/moveit_hybrid_planning/cmake/ament_cmake_export_targets-extras.cmake
[52.176s] -- Installing: /home/colcon_ws/src/moveit2-humble/install/moveit_hybrid_planning/share/moveit_hybrid_planning/cmake/moveit_hybrid_planningConfig.cmake
[52.176s] -- Installing: /home/colcon_ws/src/moveit2-humble/install/moveit_hybrid_planning/share/moveit_hybrid_planning/cmake/moveit_hybrid_planningConfig-version.cmake
[52.176s] -- Installing: /home/colcon_ws/src/moveit2-humble/install/moveit_hybrid_planning/share/moveit_hybrid_planning/package.xml
[52.180s] Invoked command in '/home/colcon_ws/src/moveit2-humble/build/moveit_hybrid_planning' returned '0': AMENT_PREFIX_PATH=/home/colcon_ws/src/moveit2-humble/install/moveit_ros_planning_interface:/home/colcon_ws/src/moveit2-humble/install/moveit_ros_move_group:/home/colcon_ws/src/moveit2-humble/install/moveit_ros_warehouse:/home/colcon_ws/src/moveit2-humble/install/moveit_planners_ompl:/home/colcon_ws/src/moveit2-humble/install/moveit_kinematics:/home/colcon_ws/src/moveit2-humble/install/moveit_ros_planning:/home/colcon_ws/src/moveit2-humble/install/moveit_ros_occupancy_map_monitor:/home/colcon_ws/src/moveit2-humble/install/moveit_core:/home/colcon_ws/src/moveit2-humble/install/moveit_common:${AMENT_PREFIX_PATH} CMAKE_PREFIX_PATH=/home/colcon_ws/src/moveit2-humble/install/moveit_ros_planning_interface:/home/colcon_ws/src/moveit2-humble/install/moveit_ros_move_group:/home/colcon_ws/src/moveit2-humble/install/moveit_ros_warehouse:/home/colcon_ws/src/moveit2-humble/install/moveit_planners_ompl:/home/colcon_ws/src/moveit2-humble/install/moveit_kinematics:/home/colcon_ws/src/moveit2-humble/install/moveit_ros_planning:/home/colcon_ws/src/moveit2-humble/install/moveit_ros_occupancy_map_monitor:/home/colcon_ws/src/moveit2-humble/install/moveit_core:/home/colcon_ws/src/moveit2-humble/install/moveit_common:/home/colcon_ws/install/pilz_industrial_motion_planner_testutils:/home/colcon_ws/install/moveit_runtime:/home/colcon_ws/install/moveit2_tutorials:/home/colcon_ws/install/moveit:/home/colcon_ws/install/moveit_planners:/home/colcon_ws/install/pilz_industrial_motion_planner:/home/colcon_ws/install/moveit_visual_tools:/home/colcon_ws/install/moveit_task_constructor_visualization:/home/colcon_ws/install/moveit_task_constructor_demo:/home/colcon_ws/install/moveit_task_constructor_capabilities:/home/colcon_ws/install/moveit_task_constructor_core:/home/colcon_ws/install/moveit_ros_control_interface:/home/colcon_ws/install/moveit_plugins:/home/colcon_ws/install/moveit_simple_controller_manager:/home/colcon_ws/install/moveit_setup_assistant:/home/colcon_ws/install/moveit_setup_srdf_plugins:/home/colcon_ws/install/moveit_setup_core_plugins:/home/colcon_ws/install/moveit_setup_controllers:/home/colcon_ws/install/moveit_setup_app_plugins:/home/colcon_ws/install/moveit_setup_framework:/home/colcon_ws/install/moveit_servo:/home/colcon_ws/install/moveit_ros:/home/colcon_ws/install/moveit_ros_visualization:/home/colcon_ws/install/moveit_hybrid_planning:/home/colcon_ws/install/moveit_ros_planning_interface:/home/colcon_ws/install/moveit_ros_benchmarks:/home/colcon_ws/install/moveit_ros_warehouse:/home/colcon_ws/install/moveit_ros_robot_interaction:/home/colcon_ws/install/moveit_ros_perception:/home/colcon_ws/install/moveit_resources_prbt_pg70_support:/home/colcon_ws/install/moveit_resources_prbt_moveit_config:/home/colcon_ws/install/moveit_ros_move_group:/home/colcon_ws/install/moveit_planners_ompl:/home/colcon_ws/install/moveit_ros_planning:/home/colcon_ws/install/moveit_ros_occupancy_map_monitor:/home/colcon_ws/install/moveit_resources_prbt_ikfast_manipulator_plugin:/home/colcon_ws/install/moveit_planners_chomp:/home/colcon_ws/install/moveit_kinematics:/home/colcon_ws/install/moveit_chomp_optimizer_adapter:/home/colcon_ws/install/chomp_motion_planner:/home/colcon_ws/install/moveit_core:/home/colcon_ws/install/srdfdom:/home/colcon_ws/install/rviz_marker_tools:/home/colcon_ws/install/rosparam_shortcuts:/home/colcon_ws/install/my_messages:/home/colcon_ws/install/moveit_task_constructor_msgs:/home/colcon_ws/install/moveit_resources_prbt_support:/home/colcon_ws/install/moveit_resources:/home/colcon_ws/install/moveit_resources_pr2_description:/home/colcon_ws/install/moveit_resources_panda_moveit_config:/home/colcon_ws/install/moveit_resources_panda_description:/home/colcon_ws/install/moveit_resources_fanuc_moveit_config:/home/colcon_ws/install/moveit_resources_fanuc_description:/home/colcon_ws/install/moveit_common:/home/colcon_ws/install/goal_change_interfaces:/home/colcon_ws/install/cpp_srvcli:/home/colcon_ws/install/moveit_configs_utils:/home/colcon_ws/install/launch_param_builder:/opt/ros/humble LD_LIBRARY_PATH=/home/colcon_ws/src/moveit2-humble/install/moveit_ros_planning_interface/lib:/home/colcon_ws/src/moveit2-humble/install/moveit_ros_move_group/lib:/home/colcon_ws/src/moveit2-humble/install/moveit_ros_warehouse/lib:/home/colcon_ws/src/moveit2-humble/install/moveit_planners_ompl/lib:/home/colcon_ws/src/moveit2-humble/install/moveit_kinematics/lib:/home/colcon_ws/src/moveit2-humble/install/moveit_ros_planning/lib:/home/colcon_ws/src/moveit2-humble/install/moveit_ros_occupancy_map_monitor/lib:/home/colcon_ws/src/moveit2-humble/install/moveit_core/lib:${LD_LIBRARY_PATH} PATH=/home/colcon_ws/src/moveit2-humble/install/moveit_core/bin:${PATH} /usr/bin/cmake --install /home/colcon_ws/src/moveit2-humble/build/moveit_hybrid_planning
