[0.013s] Invoking command in '/home/colcon_ws/src/moveit2-humble/build/moveit_core': AMENT_PREFIX_PATH=/home/colcon_ws/src/moveit2-humble/install/moveit_common:${AMENT_PREFIX_PATH} CMAKE_PREFIX_PATH=/home/colcon_ws/src/moveit2-humble/install/moveit_common:/home/colcon_ws/install/pilz_industrial_motion_planner_testutils:/home/colcon_ws/install/moveit_runtime:/home/colcon_ws/install/moveit2_tutorials:/home/colcon_ws/install/moveit:/home/colcon_ws/install/moveit_planners:/home/colcon_ws/install/pilz_industrial_motion_planner:/home/colcon_ws/install/moveit_visual_tools:/home/colcon_ws/install/moveit_task_constructor_visualization:/home/colcon_ws/install/moveit_task_constructor_demo:/home/colcon_ws/install/moveit_task_constructor_capabilities:/home/colcon_ws/install/moveit_task_constructor_core:/home/colcon_ws/install/moveit_ros_control_interface:/home/colcon_ws/install/moveit_plugins:/home/colcon_ws/install/moveit_simple_controller_manager:/home/colcon_ws/install/moveit_setup_assistant:/home/colcon_ws/install/moveit_setup_srdf_plugins:/home/colcon_ws/install/moveit_setup_core_plugins:/home/colcon_ws/install/moveit_setup_controllers:/home/colcon_ws/install/moveit_setup_app_plugins:/home/colcon_ws/install/moveit_setup_framework:/home/colcon_ws/install/moveit_servo:/home/colcon_ws/install/moveit_ros:/home/colcon_ws/install/moveit_ros_visualization:/home/colcon_ws/install/moveit_hybrid_planning:/home/colcon_ws/install/moveit_ros_planning_interface:/home/colcon_ws/install/moveit_ros_benchmarks:/home/colcon_ws/install/moveit_ros_warehouse:/home/colcon_ws/install/moveit_ros_robot_interaction:/home/colcon_ws/install/moveit_ros_perception:/home/colcon_ws/install/moveit_resources_prbt_pg70_support:/home/colcon_ws/install/moveit_resources_prbt_moveit_config:/home/colcon_ws/install/moveit_ros_move_group:/home/colcon_ws/install/moveit_planners_ompl:/home/colcon_ws/install/moveit_ros_planning:/home/colcon_ws/install/moveit_ros_occupancy_map_monitor:/home/colcon_ws/install/moveit_resources_prbt_ikfast_manipulator_plugin:/home/colcon_ws/install/moveit_planners_chomp:/home/colcon_ws/install/moveit_kinematics:/home/colcon_ws/install/moveit_chomp_optimizer_adapter:/home/colcon_ws/install/chomp_motion_planner:/home/colcon_ws/install/moveit_core:/home/colcon_ws/install/srdfdom:/home/colcon_ws/install/rviz_marker_tools:/home/colcon_ws/install/rosparam_shortcuts:/home/colcon_ws/install/my_messages:/home/colcon_ws/install/moveit_task_constructor_msgs:/home/colcon_ws/install/moveit_resources_prbt_support:/home/colcon_ws/install/moveit_resources:/home/colcon_ws/install/moveit_resources_pr2_description:/home/colcon_ws/install/moveit_resources_panda_moveit_config:/home/colcon_ws/install/moveit_resources_panda_description:/home/colcon_ws/install/moveit_resources_fanuc_moveit_config:/home/colcon_ws/install/moveit_resources_fanuc_description:/home/colcon_ws/install/moveit_common:/home/colcon_ws/install/goal_change_interfaces:/home/colcon_ws/install/cpp_srvcli:/home/colcon_ws/install/moveit_configs_utils:/home/colcon_ws/install/launch_param_builder:/opt/ros/humble /usr/bin/cmake /home/colcon_ws/src/moveit2-humble/moveit_core -DCMAKE_INSTALL_PREFIX=/home/colcon_ws/src/moveit2-humble/install/moveit_core
[0.025s] -- Found moveit_common: 2.5.4 (/home/colcon_ws/src/moveit2-humble/install/moveit_common/share/moveit_common/cmake)
[0.026s] -- Found ament_cmake: 1.3.4 (/opt/ros/humble/share/ament_cmake/cmake)
[0.224s] -- Could NOT find libbfd (missing: LIBBFD_LIBRARY LIBBFD_INCLUDE_DIR) 
[0.225s] -- BACKWARD_HAS_UNWIND=1
[0.225s] -- BACKWARD_HAS_BACKTRACE=0
[0.225s] -- BACKWARD_HAS_BACKTRACE_SYMBOL=0
[0.225s] -- BACKWARD_HAS_DW=1
[0.225s] -- BACKWARD_HAS_BFD=0
[0.225s] -- Found Backward: /opt/ros/humble/share/backward_ros/cmake  
[0.226s] -- Found rclcpp: 16.0.4 (/opt/ros/humble/share/rclcpp/cmake)
[0.246s] -- Found rosidl_generator_c: 3.1.4 (/opt/ros/humble/share/rosidl_generator_c/cmake)
[0.248s] -- Found rosidl_adapter: 3.1.4 (/opt/ros/humble/share/rosidl_adapter/cmake)
[0.254s] -- Found rosidl_generator_cpp: 3.1.4 (/opt/ros/humble/share/rosidl_generator_cpp/cmake)
[0.264s] -- Using all available rosidl_typesupport_c: rosidl_typesupport_fastrtps_c;rosidl_typesupport_introspection_c
[0.280s] -- Using all available rosidl_typesupport_cpp: rosidl_typesupport_fastrtps_cpp;rosidl_typesupport_introspection_cpp
[0.339s] -- Found rmw_implementation_cmake: 6.1.1 (/opt/ros/humble/share/rmw_implementation_cmake/cmake)
[0.342s] -- Found rmw_fastrtps_cpp: 6.2.2 (/opt/ros/humble/share/rmw_fastrtps_cpp/cmake)
[0.484s] -- Using RMW implementation 'rmw_fastrtps_cpp' as default
[0.617s] -- Found eigen3_cmake_module: 0.1.1 (/opt/ros/humble/share/eigen3_cmake_module/cmake)
[0.635s] -- Found angles: 1.15.0 (/opt/ros/humble/share/angles/cmake)
[0.638s] -- Found urdf: 2.6.0 (/opt/ros/humble/share/urdf/cmake)
[0.664s] -- Found tf2_eigen: 0.25.2 (/opt/ros/humble/share/tf2_eigen/cmake)
[1.022s] -- Found tf2_kdl: 0.25.2 (/opt/ros/humble/share/tf2_kdl/cmake)
[1.030s] -- Ensuring Eigen3 include directory is part of orocos-kdl CMake target
[1.039s] -- Found tf2_geometry_msgs: 0.25.2 (/opt/ros/humble/share/tf2_geometry_msgs/cmake)
[1.050s] -- Found eigen_stl_containers: 1.0.0 (/opt/ros/humble/share/eigen_stl_containers/cmake)
[1.050s] -- Found generate_parameter_library: 0.3.3 (/opt/ros/humble/share/generate_parameter_library/cmake)
[1.051s] -- Found parameter_traits: 0.3.3 (/opt/ros/humble/share/parameter_traits/cmake)
[1.064s] -- Found rclcpp_lifecycle: 16.0.4 (/opt/ros/humble/share/rclcpp_lifecycle/cmake)
[1.099s] -- Found geometric_shapes: 2.1.3 (/opt/ros/humble/share/geometric_shapes/cmake)
[1.103s] -- Found Boost: /usr/lib/x86_64-linux-gnu/cmake/Boost-1.74.0/BoostConfig.cmake (found version "1.74.0") found components: filesystem 
[1.143s] -- library: /usr/lib/x86_64-linux-gnu/libcurl.so
[1.390s] -- Found kdl_parser: 2.6.4 (/opt/ros/humble/share/kdl_parser/cmake)
[1.391s] -- Found moveit_msgs: 2.2.1 (/opt/ros/humble/share/moveit_msgs/cmake)
[1.878s] -- Found srdfdom: 2.0.4 (/home/colcon_ws/install/srdfdom/share/srdfdom/cmake)
[1.880s] -- Found common_interfaces: 4.2.3 (/opt/ros/humble/share/common_interfaces/cmake)
[1.892s] -- Found Boost: /usr/lib/x86_64-linux-gnu/cmake/Boost-1.74.0/BoostConfig.cmake (found version "1.74.0") found components: chrono date_time filesystem iostreams program_options regex serialization system thread 
[1.893s] --  *** Building MoveIt 2.5.4-Alpha ***
[1.906s] -- Found ament_cmake_gtest: 1.3.4 (/opt/ros/humble/share/ament_cmake_gtest/cmake)
[1.907s] -- Found gtest sources under '/opt/ros/humble/src/gtest_vendor': C++ tests using 'Google Test' will be built
[1.927s] -- Found ament_cmake_gmock: 1.3.4 (/opt/ros/humble/share/ament_cmake_gmock/cmake)
[1.929s] -- Found gmock sources under '/opt/ros/humble/src/gmock_vendor': C++ tests using 'Google Mock' will be built
[1.932s] -- Found ament_cmake_gtest: 1.3.4 (/opt/ros/humble/share/ament_cmake_gtest/cmake)
[1.932s] -- Found gtest sources under '/opt/ros/humble/src/gtest_vendor': C++ tests using 'Google Test' will be built
[1.951s] -- Found ament_cmake_gtest: 1.3.4 (/opt/ros/humble/share/ament_cmake_gtest/cmake)
[1.952s] -- Found gtest sources under '/opt/ros/humble/src/gtest_vendor': C++ tests using 'Google Test' will be built
[2.008s] -- Found ament_cmake_gtest: 1.3.4 (/opt/ros/humble/share/ament_cmake_gtest/cmake)
[2.008s] -- Found gtest sources under '/opt/ros/humble/src/gtest_vendor': C++ tests using 'Google Test' will be built
[2.024s] -- Found ament_lint_auto: 0.12.6 (/opt/ros/humble/share/ament_lint_auto/cmake)
[2.025s] -- Found ament_cmake_gtest: 1.3.4 (/opt/ros/humble/share/ament_cmake_gtest/cmake)
[2.025s] -- Found gtest sources under '/opt/ros/humble/src/gtest_vendor': C++ tests using 'Google Test' will be built
[2.055s] -- Found ament_cmake_gtest: 1.3.4 (/opt/ros/humble/share/ament_cmake_gtest/cmake)
[2.056s] -- Found gtest sources under '/opt/ros/humble/src/gtest_vendor': C++ tests using 'Google Test' will be built
[2.080s] -- Found ament_cmake_gtest: 1.3.4 (/opt/ros/humble/share/ament_cmake_gtest/cmake)
[2.081s] -- Found gtest sources under '/opt/ros/humble/src/gtest_vendor': C++ tests using 'Google Test' will be built
[2.096s] -- Found ament_cmake_gtest: 1.3.4 (/opt/ros/humble/share/ament_cmake_gtest/cmake)
[2.097s] -- Found gtest sources under '/opt/ros/humble/src/gtest_vendor': C++ tests using 'Google Test' will be built
[2.111s] -- Found gtest sources under '/opt/ros/humble/src/gtest_vendor': C++ tests using 'Google Test' will be built
[2.125s] -- Found gtest sources under '/opt/ros/humble/src/gtest_vendor': C++ tests using 'Google Test' will be built
[2.142s] -- Found ament_cmake_gtest: 1.3.4 (/opt/ros/humble/share/ament_cmake_gtest/cmake)
[2.143s] -- Found gtest sources under '/opt/ros/humble/src/gtest_vendor': C++ tests using 'Google Test' will be built
[2.178s] -- Found gtest sources under '/opt/ros/humble/src/gtest_vendor': C++ tests using 'Google Test' will be built
[2.204s] -- Found gtest sources under '/opt/ros/humble/src/gtest_vendor': C++ tests using 'Google Test' will be built
[2.226s] -- Found gtest sources under '/opt/ros/humble/src/gtest_vendor': C++ tests using 'Google Test' will be built
[2.231s] -- Found ament_lint_auto: 0.12.6 (/opt/ros/humble/share/ament_lint_auto/cmake)
[2.262s] -- Added test 'cppcheck' to perform static code analysis on C / C++ code
[2.263s] -- Configured cppcheck include dirs: /home/colcon_ws/src/moveit2-humble/moveit_core/exceptions/include;/home/colcon_ws/src/moveit2-humble/moveit_core/collision_detection/include;/home/colcon_ws/src/moveit2-humble/moveit_core/collision_detection_fcl/include;/home/colcon_ws/src/moveit2-humble/moveit_core/collision_detection_bullet/include;/home/colcon_ws/src/moveit2-humble/moveit_core/constraint_samplers/include;/home/colcon_ws/src/moveit2-humble/moveit_core/controller_manager/include;/home/colcon_ws/src/moveit2-humble/moveit_core/distance_field/include;/home/colcon_ws/src/moveit2-humble/moveit_core/collision_distance_field/include;/home/colcon_ws/src/moveit2-humble/moveit_core/dynamics_solver/include;/home/colcon_ws/src/moveit2-humble/moveit_core/kinematics_base/include;/home/colcon_ws/src/moveit2-humble/moveit_core/kinematics_metrics/include;/home/colcon_ws/src/moveit2-humble/moveit_core/robot_model/include;/home/colcon_ws/src/moveit2-humble/moveit_core/transforms/include;/home/colcon_ws/src/moveit2-humble/moveit_core/robot_state/include;/home/colcon_ws/src/moveit2-humble/moveit_core/robot_trajectory/include;/home/colcon_ws/src/moveit2-humble/moveit_core/kinematic_constraints/include;/home/colcon_ws/src/moveit2-humble/moveit_core/macros/include;/home/colcon_ws/src/moveit2-humble/moveit_core/online_signal_smoothing/include;/home/colcon_ws/src/moveit2-humble/moveit_core/planning_interface/include;/home/colcon_ws/src/moveit2-humble/moveit_core/planning_request_adapter/include;/home/colcon_ws/src/moveit2-humble/moveit_core/planning_scene/include;/home/colcon_ws/src/moveit2-humble/moveit_core/sensor_manager/include;/home/colcon_ws/src/moveit2-humble/moveit_core/trajectory_processing/include;/home/colcon_ws/src/moveit2-humble/moveit_core/utils/include
[2.263s] -- Configured cppcheck exclude dirs and/or files: 
[2.266s] -- Added test 'pep257' to check Python code against some of the docstring style conventions in PEP 257
[2.269s] -- Added test 'xmllint' to check XML markup files
[2.271s] -- Configuring done
[2.948s] -- Generating done
[2.958s] -- Build files have been written to: /home/colcon_ws/src/moveit2-humble/build/moveit_core
[2.981s] Invoked command in '/home/colcon_ws/src/moveit2-humble/build/moveit_core' returned '0': AMENT_PREFIX_PATH=/home/colcon_ws/src/moveit2-humble/install/moveit_common:${AMENT_PREFIX_PATH} CMAKE_PREFIX_PATH=/home/colcon_ws/src/moveit2-humble/install/moveit_common:/home/colcon_ws/install/pilz_industrial_motion_planner_testutils:/home/colcon_ws/install/moveit_runtime:/home/colcon_ws/install/moveit2_tutorials:/home/colcon_ws/install/moveit:/home/colcon_ws/install/moveit_planners:/home/colcon_ws/install/pilz_industrial_motion_planner:/home/colcon_ws/install/moveit_visual_tools:/home/colcon_ws/install/moveit_task_constructor_visualization:/home/colcon_ws/install/moveit_task_constructor_demo:/home/colcon_ws/install/moveit_task_constructor_capabilities:/home/colcon_ws/install/moveit_task_constructor_core:/home/colcon_ws/install/moveit_ros_control_interface:/home/colcon_ws/install/moveit_plugins:/home/colcon_ws/install/moveit_simple_controller_manager:/home/colcon_ws/install/moveit_setup_assistant:/home/colcon_ws/install/moveit_setup_srdf_plugins:/home/colcon_ws/install/moveit_setup_core_plugins:/home/colcon_ws/install/moveit_setup_controllers:/home/colcon_ws/install/moveit_setup_app_plugins:/home/colcon_ws/install/moveit_setup_framework:/home/colcon_ws/install/moveit_servo:/home/colcon_ws/install/moveit_ros:/home/colcon_ws/install/moveit_ros_visualization:/home/colcon_ws/install/moveit_hybrid_planning:/home/colcon_ws/install/moveit_ros_planning_interface:/home/colcon_ws/install/moveit_ros_benchmarks:/home/colcon_ws/install/moveit_ros_warehouse:/home/colcon_ws/install/moveit_ros_robot_interaction:/home/colcon_ws/install/moveit_ros_perception:/home/colcon_ws/install/moveit_resources_prbt_pg70_support:/home/colcon_ws/install/moveit_resources_prbt_moveit_config:/home/colcon_ws/install/moveit_ros_move_group:/home/colcon_ws/install/moveit_planners_ompl:/home/colcon_ws/install/moveit_ros_planning:/home/colcon_ws/install/moveit_ros_occupancy_map_monitor:/home/colcon_ws/install/moveit_resources_prbt_ikfast_manipulator_plugin:/home/colcon_ws/install/moveit_planners_chomp:/home/colcon_ws/install/moveit_kinematics:/home/colcon_ws/install/moveit_chomp_optimizer_adapter:/home/colcon_ws/install/chomp_motion_planner:/home/colcon_ws/install/moveit_core:/home/colcon_ws/install/srdfdom:/home/colcon_ws/install/rviz_marker_tools:/home/colcon_ws/install/rosparam_shortcuts:/home/colcon_ws/install/my_messages:/home/colcon_ws/install/moveit_task_constructor_msgs:/home/colcon_ws/install/moveit_resources_prbt_support:/home/colcon_ws/install/moveit_resources:/home/colcon_ws/install/moveit_resources_pr2_description:/home/colcon_ws/install/moveit_resources_panda_moveit_config:/home/colcon_ws/install/moveit_resources_panda_description:/home/colcon_ws/install/moveit_resources_fanuc_moveit_config:/home/colcon_ws/install/moveit_resources_fanuc_description:/home/colcon_ws/install/moveit_common:/home/colcon_ws/install/goal_change_interfaces:/home/colcon_ws/install/cpp_srvcli:/home/colcon_ws/install/moveit_configs_utils:/home/colcon_ws/install/launch_param_builder:/opt/ros/humble /usr/bin/cmake /home/colcon_ws/src/moveit2-humble/moveit_core -DCMAKE_INSTALL_PREFIX=/home/colcon_ws/src/moveit2-humble/install/moveit_core
[2.981s] Invoking command in '/home/colcon_ws/src/moveit2-humble/build/moveit_core': AMENT_PREFIX_PATH=/home/colcon_ws/src/moveit2-humble/install/moveit_common:${AMENT_PREFIX_PATH} CMAKE_PREFIX_PATH=/home/colcon_ws/src/moveit2-humble/install/moveit_common:/home/colcon_ws/install/pilz_industrial_motion_planner_testutils:/home/colcon_ws/install/moveit_runtime:/home/colcon_ws/install/moveit2_tutorials:/home/colcon_ws/install/moveit:/home/colcon_ws/install/moveit_planners:/home/colcon_ws/install/pilz_industrial_motion_planner:/home/colcon_ws/install/moveit_visual_tools:/home/colcon_ws/install/moveit_task_constructor_visualization:/home/colcon_ws/install/moveit_task_constructor_demo:/home/colcon_ws/install/moveit_task_constructor_capabilities:/home/colcon_ws/install/moveit_task_constructor_core:/home/colcon_ws/install/moveit_ros_control_interface:/home/colcon_ws/install/moveit_plugins:/home/colcon_ws/install/moveit_simple_controller_manager:/home/colcon_ws/install/moveit_setup_assistant:/home/colcon_ws/install/moveit_setup_srdf_plugins:/home/colcon_ws/install/moveit_setup_core_plugins:/home/colcon_ws/install/moveit_setup_controllers:/home/colcon_ws/install/moveit_setup_app_plugins:/home/colcon_ws/install/moveit_setup_framework:/home/colcon_ws/install/moveit_servo:/home/colcon_ws/install/moveit_ros:/home/colcon_ws/install/moveit_ros_visualization:/home/colcon_ws/install/moveit_hybrid_planning:/home/colcon_ws/install/moveit_ros_planning_interface:/home/colcon_ws/install/moveit_ros_benchmarks:/home/colcon_ws/install/moveit_ros_warehouse:/home/colcon_ws/install/moveit_ros_robot_interaction:/home/colcon_ws/install/moveit_ros_perception:/home/colcon_ws/install/moveit_resources_prbt_pg70_support:/home/colcon_ws/install/moveit_resources_prbt_moveit_config:/home/colcon_ws/install/moveit_ros_move_group:/home/colcon_ws/install/moveit_planners_ompl:/home/colcon_ws/install/moveit_ros_planning:/home/colcon_ws/install/moveit_ros_occupancy_map_monitor:/home/colcon_ws/install/moveit_resources_prbt_ikfast_manipulator_plugin:/home/colcon_ws/install/moveit_planners_chomp:/home/colcon_ws/install/moveit_kinematics:/home/colcon_ws/install/moveit_chomp_optimizer_adapter:/home/colcon_ws/install/chomp_motion_planner:/home/colcon_ws/install/moveit_core:/home/colcon_ws/install/srdfdom:/home/colcon_ws/install/rviz_marker_tools:/home/colcon_ws/install/rosparam_shortcuts:/home/colcon_ws/install/my_messages:/home/colcon_ws/install/moveit_task_constructor_msgs:/home/colcon_ws/install/moveit_resources_prbt_support:/home/colcon_ws/install/moveit_resources:/home/colcon_ws/install/moveit_resources_pr2_description:/home/colcon_ws/install/moveit_resources_panda_moveit_config:/home/colcon_ws/install/moveit_resources_panda_description:/home/colcon_ws/install/moveit_resources_fanuc_moveit_config:/home/colcon_ws/install/moveit_resources_fanuc_description:/home/colcon_ws/install/moveit_common:/home/colcon_ws/install/goal_change_interfaces:/home/colcon_ws/install/cpp_srvcli:/home/colcon_ws/install/moveit_configs_utils:/home/colcon_ws/install/launch_param_builder:/opt/ros/humble /usr/bin/cmake --build /home/colcon_ws/src/moveit2-humble/build/moveit_core -- -j16 -l16
[3.040s] [35m[1mConsolidate compiler generated dependencies of target moveit_utils[0m
[3.041s] [35m[1mConsolidate compiler generated dependencies of target moveit_exceptions[0m
[3.041s] [35m[1mConsolidate compiler generated dependencies of target gtest_main[0m
[3.041s] [35m[1mConsolidate compiler generated dependencies of target gtest[0m
[3.042s] [35m[1mConsolidate compiler generated dependencies of target gmock_main[0m
[3.042s] [35m[1mConsolidate compiler generated dependencies of target moveit_kinematics_base[0m
[3.042s] [35m[1mConsolidate compiler generated dependencies of target gmock[0m
[3.043s] [35m[1mConsolidate compiler generated dependencies of target moveit_transforms[0m
[3.043s] [35m[1mConsolidate compiler generated dependencies of target moveit_version[0m
[3.045s] [35m[1mConsolidate compiler generated dependencies of target moveit_smoothing_base[0m
[3.046s] [35m[1mConsolidate compiler generated dependencies of target moveit_distance_field[0m
[3.062s] [  1%] Built target moveit_butterworth_parameters
[3.068s] [  3%] Built target moveit_exceptions
[3.068s] [  5%] Built target moveit_utils
[3.069s] [  6%] Built target moveit_version
[3.072s] [  7%] Built target gtest_main
[3.072s] [  8%] Built target gtest
[3.073s] [  9%] Built target gmock_main
[3.076s] [ 11%] Built target gmock
[3.078s] [ 12%] Built target moveit_smoothing_base
[3.082s] [ 13%] Built target moveit_kinematics_base
[3.084s] [ 14%] Built target moveit_transforms
[3.100s] [ 16%] Built target moveit_distance_field
[3.101s] [35m[1mConsolidate compiler generated dependencies of target test_transforms[0m
[3.106s] [35m[1mConsolidate compiler generated dependencies of target moveit_robot_model[0m
[3.115s] [35m[1mConsolidate compiler generated dependencies of target test_voxel_grid[0m
[3.115s] [35m[1mConsolidate compiler generated dependencies of target test_distance_field[0m
[3.122s] [ 17%] Built target test_transforms
[3.137s] [ 18%] Built target test_voxel_grid
[3.144s] [ 19%] Built target test_distance_field
[3.157s] [ 26%] Built target moveit_robot_model
[3.173s] [35m[1mConsolidate compiler generated dependencies of target moveit_robot_state[0m
[3.174s] [35m[1mConsolidate compiler generated dependencies of target moveit_butterworth_filter[0m
[3.174s] [35m[1mConsolidate compiler generated dependencies of target moveit_test_utils[0m
[3.205s] [ 27%] Built target moveit_butterworth_filter
[3.213s] [ 28%] Built target moveit_test_utils
[3.219s] [ 31%] Built target moveit_robot_state
[3.222s] [35m[1mConsolidate compiler generated dependencies of target test_butterworth_filter[0m
[3.231s] [35m[1mConsolidate compiler generated dependencies of target test_robot_model[0m
[3.239s] [35m[1mConsolidate compiler generated dependencies of target moveit_kinematics_metrics[0m
[3.240s] [35m[1mConsolidate compiler generated dependencies of target moveit_robot_trajectory[0m
[3.240s] [35m[1mConsolidate compiler generated dependencies of target test_robot_state_benchmark[0m
[3.241s] [35m[1mConsolidate compiler generated dependencies of target test_robot_state[0m
[3.242s] [35m[1mConsolidate compiler generated dependencies of target test_robot_state_complex[0m
[3.243s] [35m[1mConsolidate compiler generated dependencies of target moveit_dynamics_solver[0m
[3.243s] [35m[1mConsolidate compiler generated dependencies of target test_aabb[0m
[3.245s] [35m[1mConsolidate compiler generated dependencies of target test_cartesian_interpolator[0m
[3.251s] [35m[1mConsolidate compiler generated dependencies of target moveit_collision_detection[0m
[3.259s] [ 32%] Built target test_butterworth_filter
[3.262s] [ 33%] Built target test_robot_model
[3.271s] [ 34%] Built target moveit_kinematics_metrics
[3.273s] [ 35%] Built target test_robot_state_benchmark
[3.275s] [ 37%] Built target test_robot_state
[3.279s] [ 39%] Built target moveit_dynamics_solver
[3.279s] [ 40%] Built target moveit_robot_trajectory
[3.283s] [ 41%] Built target test_cartesian_interpolator
[3.283s] [ 42%] Built target test_robot_state_complex
[3.285s] [ 43%] Built target test_aabb
[3.293s] [35m[1mConsolidate compiler generated dependencies of target test_robot_trajectory[0m
[3.296s] [35m[1mConsolidate compiler generated dependencies of target moveit_trajectory_processing[0m
[3.298s] [35m[1mConsolidate compiler generated dependencies of target moveit_planning_interface[0m
[3.310s] [ 49%] Built target moveit_collision_detection
[3.323s] [ 50%] Built target test_robot_trajectory
[3.327s] [35m[1mConsolidate compiler generated dependencies of target test_world[0m
[3.328s] [35m[1mConsolidate compiler generated dependencies of target moveit_collision_detection_fcl[0m
[3.329s] [35m[1mConsolidate compiler generated dependencies of target test_all_valid[0m
[3.331s] [35m[1mConsolidate compiler generated dependencies of target test_world_diff[0m
[3.332s] [35m[1mConsolidate compiler generated dependencies of target moveit_collision_detection_bullet[0m
[3.338s] [ 52%] Built target moveit_planning_interface
[3.340s] [ 56%] Built target moveit_trajectory_processing
[3.347s] [ 57%] Built target test_world
[3.355s] [ 59%] Built target test_world_diff
[3.356s] [35m[1mConsolidate compiler generated dependencies of target test_time_optimal_trajectory_generation[0m
[3.357s] [35m[1mConsolidate compiler generated dependencies of target test_time_parameterization[0m
[3.358s] [35m[1mConsolidate compiler generated dependencies of target test_ruckig_traj_smoothing[0m
[3.365s] [ 60%] Built target test_all_valid
[3.375s] [ 62%] Built target moveit_collision_detection_fcl
[3.386s] [ 64%] Built target test_time_optimal_trajectory_generation
[3.389s] [ 65%] Built target test_time_parameterization
[3.390s] [35m[1mConsolidate compiler generated dependencies of target test_fcl_collision_detection[0m
[3.391s] [ 66%] Built target test_ruckig_traj_smoothing
[3.395s] [35m[1mConsolidate compiler generated dependencies of target test_fcl_collision_detection_panda[0m
[3.395s] [35m[1mConsolidate compiler generated dependencies of target moveit_kinematic_constraints[0m
[3.395s] [35m[1mConsolidate compiler generated dependencies of target test_fcl_collision_env[0m
[3.404s] [ 71%] Built target moveit_collision_detection_bullet
[3.420s] [35m[1mConsolidate compiler generated dependencies of target test_bullet_collision_detection_panda[0m
[3.421s] [35m[1mConsolidate compiler generated dependencies of target test_bullet_continuous_collision_checking[0m
[3.421s] [35m[1mConsolidate compiler generated dependencies of target test_bullet_collision_detection[0m
[3.428s] [ 72%] Built target test_fcl_collision_detection
[3.440s] [ 74%] Built target test_fcl_collision_env
[3.440s] [ 75%] Built target test_fcl_collision_detection_panda
[3.450s] [ 77%] Built target moveit_kinematic_constraints
[3.457s] [ 79%] Built target test_bullet_continuous_collision_checking
[3.458s] [ 80%] Built target test_bullet_collision_detection
[3.459s] [ 81%] Built target test_bullet_collision_detection_panda
[3.465s] [35m[1mConsolidate compiler generated dependencies of target test_orientation_constraints[0m
[3.465s] [35m[1mConsolidate compiler generated dependencies of target moveit_planning_scene[0m
[3.467s] [35m[1mConsolidate compiler generated dependencies of target test_constraints[0m
[3.492s] [ 82%] Built target test_orientation_constraints
[3.497s] [ 83%] Built target test_constraints
[3.500s] [ 84%] Built target moveit_planning_scene
[3.517s] [35m[1mConsolidate compiler generated dependencies of target moveit_planning_request_adapter[0m
[3.517s] [35m[1mConsolidate compiler generated dependencies of target test_collision_objects[0m
[3.517s] [35m[1mConsolidate compiler generated dependencies of target collision_detector_fcl_plugin[0m
[3.520s] [35m[1mConsolidate compiler generated dependencies of target test_multi_threaded[0m
[3.522s] [35m[1mConsolidate compiler generated dependencies of target test_planning_scene[0m
[3.522s] [35m[1mConsolidate compiler generated dependencies of target moveit_collision_distance_field[0m
[3.522s] [35m[1mConsolidate compiler generated dependencies of target collision_detector_bullet_plugin[0m
[3.528s] [35m[1mConsolidate compiler generated dependencies of target moveit_constraint_samplers[0m
[3.545s] [ 85%] Built target test_collision_objects
[3.550s] [ 86%] Built target moveit_planning_request_adapter
[3.553s] [ 87%] Built target collision_detector_fcl_plugin
[3.558s] [ 89%] Built target test_planning_scene
[3.558s] [ 89%] Built target test_multi_threaded
[3.560s] [ 90%] Built target collision_detector_bullet_plugin
[3.576s] [ 96%] Built target moveit_constraint_samplers
[3.576s] [ 96%] Built target moveit_collision_distance_field
[3.590s] [35m[1mConsolidate compiler generated dependencies of target test_collision_distance_field[0m
[3.591s] [35m[1mConsolidate compiler generated dependencies of target test_constraint_samplers[0m
[3.620s] [ 97%] Built target test_collision_distance_field
[3.629s] [100%] Built target test_constraint_samplers
[3.640s] Invoked command in '/home/colcon_ws/src/moveit2-humble/build/moveit_core' returned '0': AMENT_PREFIX_PATH=/home/colcon_ws/src/moveit2-humble/install/moveit_common:${AMENT_PREFIX_PATH} CMAKE_PREFIX_PATH=/home/colcon_ws/src/moveit2-humble/install/moveit_common:/home/colcon_ws/install/pilz_industrial_motion_planner_testutils:/home/colcon_ws/install/moveit_runtime:/home/colcon_ws/install/moveit2_tutorials:/home/colcon_ws/install/moveit:/home/colcon_ws/install/moveit_planners:/home/colcon_ws/install/pilz_industrial_motion_planner:/home/colcon_ws/install/moveit_visual_tools:/home/colcon_ws/install/moveit_task_constructor_visualization:/home/colcon_ws/install/moveit_task_constructor_demo:/home/colcon_ws/install/moveit_task_constructor_capabilities:/home/colcon_ws/install/moveit_task_constructor_core:/home/colcon_ws/install/moveit_ros_control_interface:/home/colcon_ws/install/moveit_plugins:/home/colcon_ws/install/moveit_simple_controller_manager:/home/colcon_ws/install/moveit_setup_assistant:/home/colcon_ws/install/moveit_setup_srdf_plugins:/home/colcon_ws/install/moveit_setup_core_plugins:/home/colcon_ws/install/moveit_setup_controllers:/home/colcon_ws/install/moveit_setup_app_plugins:/home/colcon_ws/install/moveit_setup_framework:/home/colcon_ws/install/moveit_servo:/home/colcon_ws/install/moveit_ros:/home/colcon_ws/install/moveit_ros_visualization:/home/colcon_ws/install/moveit_hybrid_planning:/home/colcon_ws/install/moveit_ros_planning_interface:/home/colcon_ws/install/moveit_ros_benchmarks:/home/colcon_ws/install/moveit_ros_warehouse:/home/colcon_ws/install/moveit_ros_robot_interaction:/home/colcon_ws/install/moveit_ros_perception:/home/colcon_ws/install/moveit_resources_prbt_pg70_support:/home/colcon_ws/install/moveit_resources_prbt_moveit_config:/home/colcon_ws/install/moveit_ros_move_group:/home/colcon_ws/install/moveit_planners_ompl:/home/colcon_ws/install/moveit_ros_planning:/home/colcon_ws/install/moveit_ros_occupancy_map_monitor:/home/colcon_ws/install/moveit_resources_prbt_ikfast_manipulator_plugin:/home/colcon_ws/install/moveit_planners_chomp:/home/colcon_ws/install/moveit_kinematics:/home/colcon_ws/install/moveit_chomp_optimizer_adapter:/home/colcon_ws/install/chomp_motion_planner:/home/colcon_ws/install/moveit_core:/home/colcon_ws/install/srdfdom:/home/colcon_ws/install/rviz_marker_tools:/home/colcon_ws/install/rosparam_shortcuts:/home/colcon_ws/install/my_messages:/home/colcon_ws/install/moveit_task_constructor_msgs:/home/colcon_ws/install/moveit_resources_prbt_support:/home/colcon_ws/install/moveit_resources:/home/colcon_ws/install/moveit_resources_pr2_description:/home/colcon_ws/install/moveit_resources_panda_moveit_config:/home/colcon_ws/install/moveit_resources_panda_description:/home/colcon_ws/install/moveit_resources_fanuc_moveit_config:/home/colcon_ws/install/moveit_resources_fanuc_description:/home/colcon_ws/install/moveit_common:/home/colcon_ws/install/goal_change_interfaces:/home/colcon_ws/install/cpp_srvcli:/home/colcon_ws/install/moveit_configs_utils:/home/colcon_ws/install/launch_param_builder:/opt/ros/humble /usr/bin/cmake --build /home/colcon_ws/src/moveit2-humble/build/moveit_core -- -j16 -l16
[3.759s] Invoking command in '/home/colcon_ws/src/moveit2-humble/build/moveit_core': AMENT_PREFIX_PATH=/home/colcon_ws/src/moveit2-humble/install/moveit_common:${AMENT_PREFIX_PATH} CMAKE_PREFIX_PATH=/home/colcon_ws/src/moveit2-humble/install/moveit_common:/home/colcon_ws/install/pilz_industrial_motion_planner_testutils:/home/colcon_ws/install/moveit_runtime:/home/colcon_ws/install/moveit2_tutorials:/home/colcon_ws/install/moveit:/home/colcon_ws/install/moveit_planners:/home/colcon_ws/install/pilz_industrial_motion_planner:/home/colcon_ws/install/moveit_visual_tools:/home/colcon_ws/install/moveit_task_constructor_visualization:/home/colcon_ws/install/moveit_task_constructor_demo:/home/colcon_ws/install/moveit_task_constructor_capabilities:/home/colcon_ws/install/moveit_task_constructor_core:/home/colcon_ws/install/moveit_ros_control_interface:/home/colcon_ws/install/moveit_plugins:/home/colcon_ws/install/moveit_simple_controller_manager:/home/colcon_ws/install/moveit_setup_assistant:/home/colcon_ws/install/moveit_setup_srdf_plugins:/home/colcon_ws/install/moveit_setup_core_plugins:/home/colcon_ws/install/moveit_setup_controllers:/home/colcon_ws/install/moveit_setup_app_plugins:/home/colcon_ws/install/moveit_setup_framework:/home/colcon_ws/install/moveit_servo:/home/colcon_ws/install/moveit_ros:/home/colcon_ws/install/moveit_ros_visualization:/home/colcon_ws/install/moveit_hybrid_planning:/home/colcon_ws/install/moveit_ros_planning_interface:/home/colcon_ws/install/moveit_ros_benchmarks:/home/colcon_ws/install/moveit_ros_warehouse:/home/colcon_ws/install/moveit_ros_robot_interaction:/home/colcon_ws/install/moveit_ros_perception:/home/colcon_ws/install/moveit_resources_prbt_pg70_support:/home/colcon_ws/install/moveit_resources_prbt_moveit_config:/home/colcon_ws/install/moveit_ros_move_group:/home/colcon_ws/install/moveit_planners_ompl:/home/colcon_ws/install/moveit_ros_planning:/home/colcon_ws/install/moveit_ros_occupancy_map_monitor:/home/colcon_ws/install/moveit_resources_prbt_ikfast_manipulator_plugin:/home/colcon_ws/install/moveit_planners_chomp:/home/colcon_ws/install/moveit_kinematics:/home/colcon_ws/install/moveit_chomp_optimizer_adapter:/home/colcon_ws/install/chomp_motion_planner:/home/colcon_ws/install/moveit_core:/home/colcon_ws/install/srdfdom:/home/colcon_ws/install/rviz_marker_tools:/home/colcon_ws/install/rosparam_shortcuts:/home/colcon_ws/install/my_messages:/home/colcon_ws/install/moveit_task_constructor_msgs:/home/colcon_ws/install/moveit_resources_prbt_support:/home/colcon_ws/install/moveit_resources:/home/colcon_ws/install/moveit_resources_pr2_description:/home/colcon_ws/install/moveit_resources_panda_moveit_config:/home/colcon_ws/install/moveit_resources_panda_description:/home/colcon_ws/install/moveit_resources_fanuc_moveit_config:/home/colcon_ws/install/moveit_resources_fanuc_description:/home/colcon_ws/install/moveit_common:/home/colcon_ws/install/goal_change_interfaces:/home/colcon_ws/install/cpp_srvcli:/home/colcon_ws/install/moveit_configs_utils:/home/colcon_ws/install/launch_param_builder:/opt/ros/humble /usr/bin/cmake --install /home/colcon_ws/src/moveit2-humble/build/moveit_core
[3.767s] -- Install configuration: "Debug"
[3.767s] -- Up-to-date: /home/colcon_ws/src/moveit2-humble/install/moveit_core/include/moveit/version.h
[3.768s] -- Up-to-date: /home/colcon_ws/src/moveit2-humble/install/moveit_core/include
[3.768s] -- Up-to-date: /home/colcon_ws/src/moveit2-humble/install/moveit_core/include/moveit
[3.768s] -- Up-to-date: /home/colcon_ws/src/moveit2-humble/install/moveit_core/include/moveit/collision_distance_field
[3.768s] -- Up-to-date: /home/colcon_ws/src/moveit2-humble/install/moveit_core/include/moveit/collision_distance_field/collision_env_hybrid.h
[3.768s] -- Up-to-date: /home/colcon_ws/src/moveit2-humble/install/moveit_core/include/moveit/collision_distance_field/collision_common_distance_field.h
[3.768s] -- Up-to-date: /home/colcon_ws/src/moveit2-humble/install/moveit_core/include/moveit/collision_distance_field/collision_detector_allocator_hybrid.h
[3.768s] -- Up-to-date: /home/colcon_ws/src/moveit2-humble/install/moveit_core/include/moveit/collision_distance_field/collision_env_distance_field.h
[3.768s] -- Up-to-date: /home/colcon_ws/src/moveit2-humble/install/moveit_core/include/moveit/collision_distance_field/collision_distance_field_types.h
[3.768s] -- Up-to-date: /home/colcon_ws/src/moveit2-humble/install/moveit_core/include/moveit/collision_distance_field/collision_detector_allocator_distance_field.h
[3.768s] -- Up-to-date: /home/colcon_ws/src/moveit2-humble/install/moveit_core/include/moveit_collision_distance_field_export.h
[3.768s] -- Up-to-date: /home/colcon_ws/src/moveit2-humble/install/moveit_core/include
[3.768s] -- Up-to-date: /home/colcon_ws/src/moveit2-humble/install/moveit_core/include/moveit
[3.769s] -- Up-to-date: /home/colcon_ws/src/moveit2-humble/install/moveit_core/include/moveit/constraint_samplers
[3.769s] -- Up-to-date: /home/colcon_ws/src/moveit2-humble/install/moveit_core/include/moveit/constraint_samplers/union_constraint_sampler.h
[3.769s] -- Up-to-date: /home/colcon_ws/src/moveit2-humble/install/moveit_core/include/moveit/constraint_samplers/constraint_sampler_manager.h
[3.769s] -- Up-to-date: /home/colcon_ws/src/moveit2-humble/install/moveit_core/include/moveit/constraint_samplers/constraint_sampler.h
[3.769s] -- Up-to-date: /home/colcon_ws/src/moveit2-humble/install/moveit_core/include/moveit/constraint_samplers/constraint_sampler_tools.h
[3.769s] -- Up-to-date: /home/colcon_ws/src/moveit2-humble/install/moveit_core/include/moveit/constraint_samplers/constraint_sampler_allocator.h
[3.769s] -- Up-to-date: /home/colcon_ws/src/moveit2-humble/install/moveit_core/include/moveit/constraint_samplers/default_constraint_samplers.h
[3.769s] -- Up-to-date: /home/colcon_ws/src/moveit2-humble/install/moveit_core/include
[3.769s] -- Up-to-date: /home/colcon_ws/src/moveit2-humble/install/moveit_core/include/moveit
[3.769s] -- Up-to-date: /home/colcon_ws/src/moveit2-humble/install/moveit_core/include/moveit/controller_manager
[3.769s] -- Up-to-date: /home/colcon_ws/src/moveit2-humble/install/moveit_core/include/moveit/controller_manager/controller_manager.h
[3.769s] -- Up-to-date: /home/colcon_ws/src/moveit2-humble/install/moveit_core/include
[3.769s] -- Up-to-date: /home/colcon_ws/src/moveit2-humble/install/moveit_core/include/moveit
[3.769s] -- Up-to-date: /home/colcon_ws/src/moveit2-humble/install/moveit_core/include/moveit/distance_field
[3.770s] -- Up-to-date: /home/colcon_ws/src/moveit2-humble/install/moveit_core/include/moveit/distance_field/voxel_grid.h
[3.770s] -- Up-to-date: /home/colcon_ws/src/moveit2-humble/install/moveit_core/include/moveit/distance_field/find_internal_points.h
[3.770s] -- Up-to-date: /home/colcon_ws/src/moveit2-humble/install/moveit_core/include/moveit/distance_field/distance_field.h
[3.770s] -- Up-to-date: /home/colcon_ws/src/moveit2-humble/install/moveit_core/include/moveit/distance_field/propagation_distance_field.h
[3.770s] -- Up-to-date: /home/colcon_ws/src/moveit2-humble/install/moveit_core/include
[3.770s] -- Up-to-date: /home/colcon_ws/src/moveit2-humble/install/moveit_core/include/moveit
[3.770s] -- Up-to-date: /home/colcon_ws/src/moveit2-humble/install/moveit_core/include/moveit/dynamics_solver
[3.770s] -- Up-to-date: /home/colcon_ws/src/moveit2-humble/install/moveit_core/include/moveit/dynamics_solver/dynamics_solver.h
[3.770s] -- Up-to-date: /home/colcon_ws/src/moveit2-humble/install/moveit_core/include
[3.770s] -- Up-to-date: /home/colcon_ws/src/moveit2-humble/install/moveit_core/include/moveit
[3.770s] -- Up-to-date: /home/colcon_ws/src/moveit2-humble/install/moveit_core/include/moveit/exceptions
[3.770s] -- Up-to-date: /home/colcon_ws/src/moveit2-humble/install/moveit_core/include/moveit/exceptions/exceptions.h
[3.770s] -- Up-to-date: /home/colcon_ws/src/moveit2-humble/install/moveit_core/include
[3.770s] -- Up-to-date: /home/colcon_ws/src/moveit2-humble/install/moveit_core/include/moveit
[3.770s] -- Up-to-date: /home/colcon_ws/src/moveit2-humble/install/moveit_core/include/moveit/kinematics_base
[3.771s] -- Up-to-date: /home/colcon_ws/src/moveit2-humble/install/moveit_core/include/moveit/kinematics_base/kinematics_base.h
[3.771s] -- Up-to-date: /home/colcon_ws/src/moveit2-humble/install/moveit_core/include/moveit_kinematics_base_export.h
[3.771s] -- Up-to-date: /home/colcon_ws/src/moveit2-humble/install/moveit_core/include
[3.771s] -- Up-to-date: /home/colcon_ws/src/moveit2-humble/install/moveit_core/include/moveit
[3.771s] -- Up-to-date: /home/colcon_ws/src/moveit2-humble/install/moveit_core/include/moveit/kinematic_constraints
[3.771s] -- Up-to-date: /home/colcon_ws/src/moveit2-humble/install/moveit_core/include/moveit/kinematic_constraints/kinematic_constraint.h
[3.771s] -- Up-to-date: /home/colcon_ws/src/moveit2-humble/install/moveit_core/include/moveit/kinematic_constraints/utils.h
[3.771s] -- Up-to-date: /home/colcon_ws/src/moveit2-humble/install/moveit_core/include
[3.771s] -- Up-to-date: /home/colcon_ws/src/moveit2-humble/install/moveit_core/include/moveit
[3.771s] -- Up-to-date: /home/colcon_ws/src/moveit2-humble/install/moveit_core/include/moveit/kinematics_metrics
[3.771s] -- Up-to-date: /home/colcon_ws/src/moveit2-humble/install/moveit_core/include/moveit/kinematics_metrics/kinematics_metrics.h
[3.771s] -- Up-to-date: /home/colcon_ws/src/moveit2-humble/install/moveit_core/include
[3.771s] -- Up-to-date: /home/colcon_ws/src/moveit2-humble/install/moveit_core/include/moveit
[3.771s] -- Up-to-date: /home/colcon_ws/src/moveit2-humble/install/moveit_core/include/moveit/macros
[3.772s] -- Up-to-date: /home/colcon_ws/src/moveit2-humble/install/moveit_core/include/moveit/macros/console_colors.h
[3.772s] -- Up-to-date: /home/colcon_ws/src/moveit2-humble/install/moveit_core/include/moveit/macros/class_forward.h
[3.772s] -- Up-to-date: /home/colcon_ws/src/moveit2-humble/install/moveit_core/include/moveit/macros/deprecation.h
[3.772s] -- Up-to-date: /home/colcon_ws/src/moveit2-humble/install/moveit_core/include/moveit/macros/declare_ptr.h
[3.772s] -- Up-to-date: /home/colcon_ws/src/moveit2-humble/install/moveit_core/include/moveit_butterworth_parameters
[3.772s] -- Up-to-date: /home/colcon_ws/src/moveit2-humble/install/moveit_core/include/moveit_butterworth_parameters/moveit_butterworth_parameters.hpp
[3.772s] -- Up-to-date: /home/colcon_ws/src/moveit2-humble/install/moveit_core/include
[3.772s] -- Up-to-date: /home/colcon_ws/src/moveit2-humble/install/moveit_core/include/moveit
[3.772s] -- Up-to-date: /home/colcon_ws/src/moveit2-humble/install/moveit_core/include/moveit/online_signal_smoothing
[3.772s] -- Up-to-date: /home/colcon_ws/src/moveit2-humble/install/moveit_core/include/moveit/online_signal_smoothing/smoothing_base_class.h
[3.772s] -- Up-to-date: /home/colcon_ws/src/moveit2-humble/install/moveit_core/include/moveit/online_signal_smoothing/butterworth_filter.h
[3.772s] -- Up-to-date: /home/colcon_ws/src/moveit2-humble/install/moveit_core/include/moveit_smoothing_base_export.h
[3.772s] -- Up-to-date: /home/colcon_ws/src/moveit2-humble/install/moveit_core/include/moveit_butterworth_filter_export.h
[3.772s] -- Up-to-date: /home/colcon_ws/src/moveit2-humble/install/moveit_core/include
[3.773s] -- Up-to-date: /home/colcon_ws/src/moveit2-humble/install/moveit_core/include/moveit
[3.773s] -- Up-to-date: /home/colcon_ws/src/moveit2-humble/install/moveit_core/include/moveit/planning_interface
[3.773s] -- Up-to-date: /home/colcon_ws/src/moveit2-humble/install/moveit_core/include/moveit/planning_interface/planning_response.h
[3.773s] -- Up-to-date: /home/colcon_ws/src/moveit2-humble/install/moveit_core/include/moveit/planning_interface/planning_interface.h
[3.773s] -- Up-to-date: /home/colcon_ws/src/moveit2-humble/install/moveit_core/include/moveit/planning_interface/planning_request.h
[3.773s] -- Up-to-date: /home/colcon_ws/src/moveit2-humble/install/moveit_core/include
[3.773s] -- Up-to-date: /home/colcon_ws/src/moveit2-humble/install/moveit_core/include/moveit
[3.773s] -- Up-to-date: /home/colcon_ws/src/moveit2-humble/install/moveit_core/include/moveit/planning_request_adapter
[3.773s] -- Up-to-date: /home/colcon_ws/src/moveit2-humble/install/moveit_core/include/moveit/planning_request_adapter/planning_request_adapter.h
[3.773s] -- Up-to-date: /home/colcon_ws/src/moveit2-humble/install/moveit_core/include
[3.773s] -- Up-to-date: /home/colcon_ws/src/moveit2-humble/install/moveit_core/include/moveit
[3.773s] -- Up-to-date: /home/colcon_ws/src/moveit2-humble/install/moveit_core/include/moveit/planning_scene
[3.773s] -- Up-to-date: /home/colcon_ws/src/moveit2-humble/install/moveit_core/include/moveit/planning_scene/planning_scene.h
[3.773s] -- Up-to-date: /home/colcon_ws/src/moveit2-humble/install/moveit_core/include/moveit_planning_scene_export.h
[3.773s] -- Up-to-date: /home/colcon_ws/src/moveit2-humble/install/moveit_core/include
[3.774s] -- Up-to-date: /home/colcon_ws/src/moveit2-humble/install/moveit_core/include/moveit
[3.774s] -- Up-to-date: /home/colcon_ws/src/moveit2-humble/install/moveit_core/include/moveit/robot_model
[3.774s] -- Up-to-date: /home/colcon_ws/src/moveit2-humble/install/moveit_core/include/moveit/robot_model/link_model.h
[3.774s] -- Up-to-date: /home/colcon_ws/src/moveit2-humble/install/moveit_core/include/moveit/robot_model/prismatic_joint_model.h
[3.774s] -- Up-to-date: /home/colcon_ws/src/moveit2-humble/install/moveit_core/include/moveit/robot_model/aabb.h
[3.774s] -- Up-to-date: /home/colcon_ws/src/moveit2-humble/install/moveit_core/include/moveit/robot_model/revolute_joint_model.h
[3.774s] -- Up-to-date: /home/colcon_ws/src/moveit2-humble/install/moveit_core/include/moveit/robot_model/robot_model.h
[3.774s] -- Up-to-date: /home/colcon_ws/src/moveit2-humble/install/moveit_core/include/moveit/robot_model/joint_model.h
[3.774s] -- Up-to-date: /home/colcon_ws/src/moveit2-humble/install/moveit_core/include/moveit/robot_model/joint_model_group.h
[3.774s] -- Up-to-date: /home/colcon_ws/src/moveit2-humble/install/moveit_core/include/moveit/robot_model/floating_joint_model.h
[3.774s] -- Up-to-date: /home/colcon_ws/src/moveit2-humble/install/moveit_core/include/moveit/robot_model/fixed_joint_model.h
[3.774s] -- Up-to-date: /home/colcon_ws/src/moveit2-humble/install/moveit_core/include/moveit/robot_model/planar_joint_model.h
[3.774s] -- Up-to-date: /home/colcon_ws/src/moveit2-humble/install/moveit_core/include
[3.775s] -- Up-to-date: /home/colcon_ws/src/moveit2-humble/install/moveit_core/include/moveit
[3.775s] -- Up-to-date: /home/colcon_ws/src/moveit2-humble/install/moveit_core/include/moveit/robot_state
[3.775s] -- Up-to-date: /home/colcon_ws/src/moveit2-humble/install/moveit_core/include/moveit/robot_state/attached_body.h
[3.775s] -- Up-to-date: /home/colcon_ws/src/moveit2-humble/install/moveit_core/include/moveit/robot_state/cartesian_interpolator.h
[3.775s] -- Up-to-date: /home/colcon_ws/src/moveit2-humble/install/moveit_core/include/moveit/robot_state/robot_state.h
[3.775s] -- Up-to-date: /home/colcon_ws/src/moveit2-humble/install/moveit_core/include/moveit/robot_state/conversions.h
[3.775s] -- Up-to-date: /home/colcon_ws/src/moveit2-humble/install/moveit_core/include
[3.775s] -- Up-to-date: /home/colcon_ws/src/moveit2-humble/install/moveit_core/include/moveit
[3.775s] -- Up-to-date: /home/colcon_ws/src/moveit2-humble/install/moveit_core/include/moveit/robot_trajectory
[3.775s] -- Up-to-date: /home/colcon_ws/src/moveit2-humble/install/moveit_core/include/moveit/robot_trajectory/robot_trajectory.h
[3.775s] -- Up-to-date: /home/colcon_ws/src/moveit2-humble/install/moveit_core/include
[3.775s] -- Up-to-date: /home/colcon_ws/src/moveit2-humble/install/moveit_core/include/moveit
[3.775s] -- Up-to-date: /home/colcon_ws/src/moveit2-humble/install/moveit_core/include/moveit/sensor_manager
[3.775s] -- Up-to-date: /home/colcon_ws/src/moveit2-humble/install/moveit_core/include/moveit/sensor_manager/sensor_manager.h
[3.775s] -- Up-to-date: /home/colcon_ws/src/moveit2-humble/install/moveit_core/include
[3.775s] -- Up-to-date: /home/colcon_ws/src/moveit2-humble/install/moveit_core/include/moveit
[3.776s] -- Up-to-date: /home/colcon_ws/src/moveit2-humble/install/moveit_core/include/moveit/trajectory_processing
[3.776s] -- Up-to-date: /home/colcon_ws/src/moveit2-humble/install/moveit_core/include/moveit/trajectory_processing/trajectory_tools.h
[3.776s] -- Up-to-date: /home/colcon_ws/src/moveit2-humble/install/moveit_core/include/moveit/trajectory_processing/ruckig_traj_smoothing.h
[3.776s] -- Up-to-date: /home/colcon_ws/src/moveit2-humble/install/moveit_core/include/moveit/trajectory_processing/time_parameterization.h
[3.776s] -- Up-to-date: /home/colcon_ws/src/moveit2-humble/install/moveit_core/include/moveit/trajectory_processing/iterative_time_parameterization.h
[3.776s] -- Up-to-date: /home/colcon_ws/src/moveit2-humble/install/moveit_core/include/moveit/trajectory_processing/time_optimal_trajectory_generation.h
[3.776s] -- Up-to-date: /home/colcon_ws/src/moveit2-humble/install/moveit_core/include/moveit/trajectory_processing/iterative_spline_parameterization.h
[3.776s] -- Up-to-date: /home/colcon_ws/src/moveit2-humble/install/moveit_core/include
[3.776s] -- Up-to-date: /home/colcon_ws/src/moveit2-humble/install/moveit_core/include/moveit
[3.776s] -- Up-to-date: /home/colcon_ws/src/moveit2-humble/install/moveit_core/include/moveit/transforms
[3.776s] -- Up-to-date: /home/colcon_ws/src/moveit2-humble/install/moveit_core/include/moveit/transforms/transforms.h
[3.776s] -- Up-to-date: /home/colcon_ws/src/moveit2-humble/install/moveit_core/include
[3.776s] -- Up-to-date: /home/colcon_ws/src/moveit2-humble/install/moveit_core/include/moveit
[3.776s] -- Up-to-date: /home/colcon_ws/src/moveit2-humble/install/moveit_core/include/moveit/utils
[3.776s] -- Up-to-date: /home/colcon_ws/src/moveit2-humble/install/moveit_core/include/moveit/utils/message_checks.h
[3.777s] -- Up-to-date: /home/colcon_ws/src/moveit2-humble/install/moveit_core/include/moveit/utils/lexical_casts.h
[3.777s] -- Up-to-date: /home/colcon_ws/src/moveit2-humble/install/moveit_core/include/moveit/utils/rclcpp_utils.h
[3.777s] -- Up-to-date: /home/colcon_ws/src/moveit2-humble/install/moveit_core/include/moveit/utils/moveit_error_code.h
[3.777s] -- Up-to-date: /home/colcon_ws/src/moveit2-humble/install/moveit_core/include/moveit/utils/robot_model_test_utils.h
[3.777s] -- Up-to-date: /home/colcon_ws/src/moveit2-humble/install/moveit_core/bin/moveit_version
[3.777s] -- Up-to-date: /home/colcon_ws/src/moveit2-humble/install/moveit_core/include
[3.777s] -- Up-to-date: /home/colcon_ws/src/moveit2-humble/install/moveit_core/include/moveit
[3.777s] -- Up-to-date: /home/colcon_ws/src/moveit2-humble/install/moveit_core/include/moveit/collision_detection
[3.777s] -- Up-to-date: /home/colcon_ws/src/moveit2-humble/install/moveit_core/include/moveit/collision_detection/collision_matrix.h
[3.777s] -- Up-to-date: /home/colcon_ws/src/moveit2-humble/install/moveit_core/include/moveit/collision_detection/collision_plugin_cache.h
[3.777s] -- Up-to-date: /home/colcon_ws/src/moveit2-humble/install/moveit_core/include/moveit/collision_detection/collision_tools.h
[3.777s] -- Up-to-date: /home/colcon_ws/src/moveit2-humble/install/moveit_core/include/moveit/collision_detection/collision_plugin.h
[3.777s] -- Up-to-date: /home/colcon_ws/src/moveit2-humble/install/moveit_core/include/moveit/collision_detection/occupancy_map.h
[3.777s] -- Up-to-date: /home/colcon_ws/src/moveit2-humble/install/moveit_core/include/moveit/collision_detection/allvalid
[3.777s] -- Up-to-date: /home/colcon_ws/src/moveit2-humble/install/moveit_core/include/moveit/collision_detection/allvalid/collision_detector_allocator_allvalid.h
[3.777s] -- Up-to-date: /home/colcon_ws/src/moveit2-humble/install/moveit_core/include/moveit/collision_detection/allvalid/collision_env_allvalid.h
[3.778s] -- Up-to-date: /home/colcon_ws/src/moveit2-humble/install/moveit_core/include/moveit/collision_detection/world_diff.h
[3.778s] -- Up-to-date: /home/colcon_ws/src/moveit2-humble/install/moveit_core/include/moveit/collision_detection/collision_common.h
[3.778s] -- Up-to-date: /home/colcon_ws/src/moveit2-humble/install/moveit_core/include/moveit/collision_detection/collision_octomap_filter.h
[3.778s] -- Up-to-date: /home/colcon_ws/src/moveit2-humble/install/moveit_core/include/moveit/collision_detection/collision_env.h
[3.778s] -- Up-to-date: /home/colcon_ws/src/moveit2-humble/install/moveit_core/include/moveit/collision_detection/world.h
[3.778s] -- Up-to-date: /home/colcon_ws/src/moveit2-humble/install/moveit_core/include/moveit/collision_detection/collision_detector_allocator.h
[3.778s] -- Up-to-date: /home/colcon_ws/src/moveit2-humble/install/moveit_core/include/moveit/collision_detection/test_collision_common_panda.h
[3.778s] -- Up-to-date: /home/colcon_ws/src/moveit2-humble/install/moveit_core/include/moveit/collision_detection/test_collision_common_pr2.h
[3.778s] -- Up-to-date: /home/colcon_ws/src/moveit2-humble/install/moveit_core/include/moveit_collision_detection_export.h
[3.778s] -- Up-to-date: /home/colcon_ws/src/moveit2-humble/install/moveit_core/include/moveit_core
[3.778s] -- Up-to-date: /home/colcon_ws/src/moveit2-humble/install/moveit_core/include/moveit_core/moveit
[3.778s] -- Up-to-date: /home/colcon_ws/src/moveit2-humble/install/moveit_core/include/moveit_core/moveit/collision_detection_bullet
[3.778s] -- Up-to-date: /home/colcon_ws/src/moveit2-humble/install/moveit_core/include/moveit_core/moveit/collision_detection_bullet/collision_env_bullet.h
[3.778s] -- Up-to-date: /home/colcon_ws/src/moveit2-humble/install/moveit_core/include/moveit_core/moveit/collision_detection_bullet/collision_detector_allocator_bullet.h
[3.778s] -- Up-to-date: /home/colcon_ws/src/moveit2-humble/install/moveit_core/include/moveit_core/moveit/collision_detection_bullet/bullet_integration
[3.778s] -- Up-to-date: /home/colcon_ws/src/moveit2-humble/install/moveit_core/include/moveit_core/moveit/collision_detection_bullet/bullet_integration/bullet_discrete_bvh_manager.h
[3.778s] -- Up-to-date: /home/colcon_ws/src/moveit2-humble/install/moveit_core/include/moveit_core/moveit/collision_detection_bullet/bullet_integration/bullet_utils.h
[3.779s] -- Up-to-date: /home/colcon_ws/src/moveit2-humble/install/moveit_core/include/moveit_core/moveit/collision_detection_bullet/bullet_integration/bullet_bvh_manager.h
[3.779s] -- Up-to-date: /home/colcon_ws/src/moveit2-humble/install/moveit_core/include/moveit_core/moveit/collision_detection_bullet/bullet_integration/basic_types.h
[3.779s] -- Up-to-date: /home/colcon_ws/src/moveit2-humble/install/moveit_core/include/moveit_core/moveit/collision_detection_bullet/bullet_integration/bullet_cast_bvh_manager.h
[3.779s] -- Up-to-date: /home/colcon_ws/src/moveit2-humble/install/moveit_core/include/moveit_core/moveit/collision_detection_bullet/bullet_integration/contact_checker_common.h
[3.779s] -- Up-to-date: /home/colcon_ws/src/moveit2-humble/install/moveit_core/include/moveit_core/moveit/collision_detection_bullet/bullet_integration/ros_bullet_utils.h
[3.779s] -- Up-to-date: /home/colcon_ws/src/moveit2-humble/install/moveit_core/include/moveit_core/moveit/collision_detection_bullet/collision_detector_bullet_plugin_loader.h
[3.779s] -- Up-to-date: /home/colcon_ws/src/moveit2-humble/install/moveit_core/include/moveit_core/moveit_collision_detection_bullet_export.h
[3.779s] -- Up-to-date: /home/colcon_ws/src/moveit2-humble/install/moveit_core/include
[3.779s] -- Up-to-date: /home/colcon_ws/src/moveit2-humble/install/moveit_core/include/moveit
[3.779s] -- Up-to-date: /home/colcon_ws/src/moveit2-humble/install/moveit_core/include/moveit/collision_detection_fcl
[3.779s] -- Up-to-date: /home/colcon_ws/src/moveit2-humble/install/moveit_core/include/moveit/collision_detection_fcl/collision_detector_fcl_plugin_loader.h
[3.779s] -- Up-to-date: /home/colcon_ws/src/moveit2-humble/install/moveit_core/include/moveit/collision_detection_fcl/collision_env_fcl.h
[3.779s] -- Up-to-date: /home/colcon_ws/src/moveit2-humble/install/moveit_core/include/moveit/collision_detection_fcl/collision_detector_allocator_fcl.h
[3.779s] -- Up-to-date: /home/colcon_ws/src/moveit2-humble/install/moveit_core/include/moveit/collision_detection_fcl/fcl_compat.h
[3.779s] -- Up-to-date: /home/colcon_ws/src/moveit2-humble/install/moveit_core/include/moveit/collision_detection_fcl/collision_common.h
[3.779s] -- Up-to-date: /home/colcon_ws/src/moveit2-humble/install/moveit_core/include/moveit_collision_detection_fcl_export.h
[3.779s] -- Up-to-date: /home/colcon_ws/src/moveit2-humble/install/moveit_core/lib/libcollision_detector_bullet_plugin.so.2.5.4
[3.779s] -- Up-to-date: /home/colcon_ws/src/moveit2-humble/install/moveit_core/lib/libcollision_detector_bullet_plugin.so
[3.780s] -- Up-to-date: /home/colcon_ws/src/moveit2-humble/install/moveit_core/lib/libmoveit_butterworth_filter.so.2.5.4
[3.780s] -- Up-to-date: /home/colcon_ws/src/moveit2-humble/install/moveit_core/lib/libmoveit_butterworth_filter.so
[3.780s] -- Up-to-date: /home/colcon_ws/src/moveit2-humble/install/moveit_core/lib/libmoveit_collision_distance_field.so.2.5.4
[3.780s] -- Up-to-date: /home/colcon_ws/src/moveit2-humble/install/moveit_core/lib/libmoveit_collision_distance_field.so
[3.780s] -- Up-to-date: /home/colcon_ws/src/moveit2-humble/install/moveit_core/lib/libmoveit_collision_detection.so.2.5.4
[3.780s] -- Up-to-date: /home/colcon_ws/src/moveit2-humble/install/moveit_core/lib/libmoveit_collision_detection.so
[3.780s] -- Up-to-date: /home/colcon_ws/src/moveit2-humble/install/moveit_core/lib/libmoveit_collision_detection_fcl.so.2.5.4
[3.780s] -- Up-to-date: /home/colcon_ws/src/moveit2-humble/install/moveit_core/lib/libmoveit_collision_detection_fcl.so
[3.780s] -- Up-to-date: /home/colcon_ws/src/moveit2-humble/install/moveit_core/lib/libmoveit_collision_detection_bullet.so.2.5.4
[3.780s] -- Up-to-date: /home/colcon_ws/src/moveit2-humble/install/moveit_core/lib/libmoveit_collision_detection_bullet.so
[3.780s] -- Up-to-date: /home/colcon_ws/src/moveit2-humble/install/moveit_core/lib/libmoveit_dynamics_solver.so.2.5.4
[3.780s] -- Up-to-date: /home/colcon_ws/src/moveit2-humble/install/moveit_core/lib/libmoveit_dynamics_solver.so
[3.780s] -- Up-to-date: /home/colcon_ws/src/moveit2-humble/install/moveit_core/lib/libmoveit_constraint_samplers.so.2.5.4
[3.780s] -- Up-to-date: /home/colcon_ws/src/moveit2-humble/install/moveit_core/lib/libmoveit_constraint_samplers.so
[3.780s] -- Up-to-date: /home/colcon_ws/src/moveit2-humble/install/moveit_core/lib/libmoveit_distance_field.so.2.5.4
[3.781s] -- Up-to-date: /home/colcon_ws/src/moveit2-humble/install/moveit_core/lib/libmoveit_distance_field.so
[3.781s] -- Up-to-date: /home/colcon_ws/src/moveit2-humble/install/moveit_core/lib/libmoveit_exceptions.so.2.5.4
[3.781s] -- Up-to-date: /home/colcon_ws/src/moveit2-humble/install/moveit_core/lib/libmoveit_exceptions.so
[3.781s] -- Up-to-date: /home/colcon_ws/src/moveit2-humble/install/moveit_core/lib/libmoveit_kinematics_base.so
[3.781s] -- Up-to-date: /home/colcon_ws/src/moveit2-humble/install/moveit_core/lib/libmoveit_kinematic_constraints.so.2.5.4
[3.781s] -- Up-to-date: /home/colcon_ws/src/moveit2-humble/install/moveit_core/lib/libmoveit_kinematic_constraints.so
[3.781s] -- Up-to-date: /home/colcon_ws/src/moveit2-humble/install/moveit_core/lib/libmoveit_kinematics_metrics.so.2.5.4
[3.781s] -- Up-to-date: /home/colcon_ws/src/moveit2-humble/install/moveit_core/lib/libmoveit_kinematics_metrics.so
[3.781s] -- Up-to-date: /home/colcon_ws/src/moveit2-humble/install/moveit_core/lib/libmoveit_planning_interface.so.2.5.4
[3.781s] -- Up-to-date: /home/colcon_ws/src/moveit2-humble/install/moveit_core/lib/libmoveit_planning_interface.so
[3.781s] -- Up-to-date: /home/colcon_ws/src/moveit2-humble/install/moveit_core/lib/libmoveit_planning_scene.so.2.5.4
[3.781s] -- Up-to-date: /home/colcon_ws/src/moveit2-humble/install/moveit_core/lib/libmoveit_planning_scene.so
[3.781s] -- Up-to-date: /home/colcon_ws/src/moveit2-humble/install/moveit_core/lib/libmoveit_planning_request_adapter.so.2.5.4
[3.781s] -- Up-to-date: /home/colcon_ws/src/moveit2-humble/install/moveit_core/lib/libmoveit_planning_request_adapter.so
[3.781s] -- Up-to-date: /home/colcon_ws/src/moveit2-humble/install/moveit_core/lib/libmoveit_robot_model.so.2.5.4
[3.781s] -- Up-to-date: /home/colcon_ws/src/moveit2-humble/install/moveit_core/lib/libmoveit_robot_model.so
[3.782s] -- Up-to-date: /home/colcon_ws/src/moveit2-humble/install/moveit_core/lib/libmoveit_robot_state.so.2.5.4
[3.782s] -- Up-to-date: /home/colcon_ws/src/moveit2-humble/install/moveit_core/lib/libmoveit_robot_state.so
[3.782s] -- Up-to-date: /home/colcon_ws/src/moveit2-humble/install/moveit_core/lib/libmoveit_robot_trajectory.so.2.5.4
[3.782s] -- Up-to-date: /home/colcon_ws/src/moveit2-humble/install/moveit_core/lib/libmoveit_robot_trajectory.so
[3.782s] -- Up-to-date: /home/colcon_ws/src/moveit2-humble/install/moveit_core/lib/libmoveit_smoothing_base.so.2.5.4
[3.783s] -- Up-to-date: /home/colcon_ws/src/moveit2-humble/install/moveit_core/lib/libmoveit_smoothing_base.so
[3.783s] -- Up-to-date: /home/colcon_ws/src/moveit2-humble/install/moveit_core/lib/libmoveit_test_utils.so.2.5.4
[3.783s] -- Up-to-date: /home/colcon_ws/src/moveit2-humble/install/moveit_core/lib/libmoveit_test_utils.so
[3.783s] -- Up-to-date: /home/colcon_ws/src/moveit2-humble/install/moveit_core/lib/libmoveit_trajectory_processing.so.2.5.4
[3.783s] -- Up-to-date: /home/colcon_ws/src/moveit2-humble/install/moveit_core/lib/libmoveit_trajectory_processing.so
[3.784s] -- Up-to-date: /home/colcon_ws/src/moveit2-humble/install/moveit_core/lib/libmoveit_transforms.so.2.5.4
[3.784s] -- Up-to-date: /home/colcon_ws/src/moveit2-humble/install/moveit_core/lib/libmoveit_transforms.so
[3.784s] -- Up-to-date: /home/colcon_ws/src/moveit2-humble/install/moveit_core/lib/libmoveit_utils.so.2.5.4
[3.784s] -- Up-to-date: /home/colcon_ws/src/moveit2-humble/install/moveit_core/lib/libmoveit_utils.so
[3.784s] -- Up-to-date: /home/colcon_ws/src/moveit2-humble/install/moveit_core/share/moveit_core/environment/library_path.sh
[3.784s] -- Installing: /home/colcon_ws/src/moveit2-humble/install/moveit_core/share/moveit_core/environment/library_path.dsv
[3.784s] -- Up-to-date: /home/colcon_ws/src/moveit2-humble/install/moveit_core/share/moveit_core/collision_detector_fcl_description.xml
[3.784s] -- Up-to-date: /home/colcon_ws/src/moveit2-humble/install/moveit_core/share/moveit_core/collision_detector_bullet_description.xml
[3.784s] -- Up-to-date: /home/colcon_ws/src/moveit2-humble/install/moveit_core/share/moveit_core/filter_plugin_butterworth.xml
[3.785s] -- Up-to-date: /home/colcon_ws/src/moveit2-humble/install/moveit_core/share/ament_index/resource_index/package_run_dependencies/moveit_core
[3.785s] -- Up-to-date: /home/colcon_ws/src/moveit2-humble/install/moveit_core/share/ament_index/resource_index/parent_prefix_path/moveit_core
[3.785s] -- Up-to-date: /home/colcon_ws/src/moveit2-humble/install/moveit_core/share/moveit_core/environment/ament_prefix_path.sh
[3.785s] -- Installing: /home/colcon_ws/src/moveit2-humble/install/moveit_core/share/moveit_core/environment/ament_prefix_path.dsv
[3.785s] -- Up-to-date: /home/colcon_ws/src/moveit2-humble/install/moveit_core/share/moveit_core/environment/path.sh
[3.785s] -- Installing: /home/colcon_ws/src/moveit2-humble/install/moveit_core/share/moveit_core/environment/path.dsv
[3.785s] -- Up-to-date: /home/colcon_ws/src/moveit2-humble/install/moveit_core/share/moveit_core/local_setup.bash
[3.785s] -- Up-to-date: /home/colcon_ws/src/moveit2-humble/install/moveit_core/share/moveit_core/local_setup.sh
[3.785s] -- Up-to-date: /home/colcon_ws/src/moveit2-humble/install/moveit_core/share/moveit_core/local_setup.zsh
[3.785s] -- Installing: /home/colcon_ws/src/moveit2-humble/install/moveit_core/share/moveit_core/local_setup.dsv
[3.785s] -- Installing: /home/colcon_ws/src/moveit2-humble/install/moveit_core/share/moveit_core/package.dsv
[3.785s] -- Up-to-date: /home/colcon_ws/src/moveit2-humble/install/moveit_core/share/ament_index/resource_index/packages/moveit_core
[3.785s] -- Up-to-date: /home/colcon_ws/src/moveit2-humble/install/moveit_core/share/ament_index/resource_index/moveit_core__pluginlib__plugin/moveit_core
[3.786s] -- Up-to-date: /home/colcon_ws/src/moveit2-humble/install/moveit_core/share/moveit_core/cmake/export_moveit_coreExport.cmake
[3.786s] -- Up-to-date: /home/colcon_ws/src/moveit2-humble/install/moveit_core/share/moveit_core/cmake/export_moveit_coreExport-debug.cmake
[3.786s] -- Up-to-date: /home/colcon_ws/src/moveit2-humble/install/moveit_core/share/moveit_core/cmake/ConfigExtras.cmake
[3.786s] -- Up-to-date: /home/colcon_ws/src/moveit2-humble/install/moveit_core/share/moveit_core/cmake/ament_cmake_export_targets-extras.cmake
[3.786s] -- Up-to-date: /home/colcon_ws/src/moveit2-humble/install/moveit_core/share/moveit_core/cmake/ament_cmake_export_dependencies-extras.cmake
[3.786s] -- Up-to-date: /home/colcon_ws/src/moveit2-humble/install/moveit_core/share/moveit_core/cmake/moveit_coreConfig.cmake
[3.786s] -- Up-to-date: /home/colcon_ws/src/moveit2-humble/install/moveit_core/share/moveit_core/cmake/moveit_coreConfig-version.cmake
[3.786s] -- Up-to-date: /home/colcon_ws/src/moveit2-humble/install/moveit_core/share/moveit_core/package.xml
[3.790s] Invoked command in '/home/colcon_ws/src/moveit2-humble/build/moveit_core' returned '0': AMENT_PREFIX_PATH=/home/colcon_ws/src/moveit2-humble/install/moveit_common:${AMENT_PREFIX_PATH} CMAKE_PREFIX_PATH=/home/colcon_ws/src/moveit2-humble/install/moveit_common:/home/colcon_ws/install/pilz_industrial_motion_planner_testutils:/home/colcon_ws/install/moveit_runtime:/home/colcon_ws/install/moveit2_tutorials:/home/colcon_ws/install/moveit:/home/colcon_ws/install/moveit_planners:/home/colcon_ws/install/pilz_industrial_motion_planner:/home/colcon_ws/install/moveit_visual_tools:/home/colcon_ws/install/moveit_task_constructor_visualization:/home/colcon_ws/install/moveit_task_constructor_demo:/home/colcon_ws/install/moveit_task_constructor_capabilities:/home/colcon_ws/install/moveit_task_constructor_core:/home/colcon_ws/install/moveit_ros_control_interface:/home/colcon_ws/install/moveit_plugins:/home/colcon_ws/install/moveit_simple_controller_manager:/home/colcon_ws/install/moveit_setup_assistant:/home/colcon_ws/install/moveit_setup_srdf_plugins:/home/colcon_ws/install/moveit_setup_core_plugins:/home/colcon_ws/install/moveit_setup_controllers:/home/colcon_ws/install/moveit_setup_app_plugins:/home/colcon_ws/install/moveit_setup_framework:/home/colcon_ws/install/moveit_servo:/home/colcon_ws/install/moveit_ros:/home/colcon_ws/install/moveit_ros_visualization:/home/colcon_ws/install/moveit_hybrid_planning:/home/colcon_ws/install/moveit_ros_planning_interface:/home/colcon_ws/install/moveit_ros_benchmarks:/home/colcon_ws/install/moveit_ros_warehouse:/home/colcon_ws/install/moveit_ros_robot_interaction:/home/colcon_ws/install/moveit_ros_perception:/home/colcon_ws/install/moveit_resources_prbt_pg70_support:/home/colcon_ws/install/moveit_resources_prbt_moveit_config:/home/colcon_ws/install/moveit_ros_move_group:/home/colcon_ws/install/moveit_planners_ompl:/home/colcon_ws/install/moveit_ros_planning:/home/colcon_ws/install/moveit_ros_occupancy_map_monitor:/home/colcon_ws/install/moveit_resources_prbt_ikfast_manipulator_plugin:/home/colcon_ws/install/moveit_planners_chomp:/home/colcon_ws/install/moveit_kinematics:/home/colcon_ws/install/moveit_chomp_optimizer_adapter:/home/colcon_ws/install/chomp_motion_planner:/home/colcon_ws/install/moveit_core:/home/colcon_ws/install/srdfdom:/home/colcon_ws/install/rviz_marker_tools:/home/colcon_ws/install/rosparam_shortcuts:/home/colcon_ws/install/my_messages:/home/colcon_ws/install/moveit_task_constructor_msgs:/home/colcon_ws/install/moveit_resources_prbt_support:/home/colcon_ws/install/moveit_resources:/home/colcon_ws/install/moveit_resources_pr2_description:/home/colcon_ws/install/moveit_resources_panda_moveit_config:/home/colcon_ws/install/moveit_resources_panda_description:/home/colcon_ws/install/moveit_resources_fanuc_moveit_config:/home/colcon_ws/install/moveit_resources_fanuc_description:/home/colcon_ws/install/moveit_common:/home/colcon_ws/install/goal_change_interfaces:/home/colcon_ws/install/cpp_srvcli:/home/colcon_ws/install/moveit_configs_utils:/home/colcon_ws/install/launch_param_builder:/opt/ros/humble /usr/bin/cmake --install /home/colcon_ws/src/moveit2-humble/build/moveit_core
