[0.030s] Invoking command in '/home/colcon_ws/src/moveit2-humble/build/moveit_kinematics': AMENT_PREFIX_PATH=/home/colcon_ws/src/moveit2-humble/install/moveit_ros_planning:/home/colcon_ws/src/moveit2-humble/install/moveit_ros_occupancy_map_monitor:/home/colcon_ws/src/moveit2-humble/install/moveit_core:/home/colcon_ws/src/moveit2-humble/install/moveit_configs_utils:/home/colcon_ws/src/moveit2-humble/install/moveit_common:${AMENT_PREFIX_PATH} CMAKE_PREFIX_PATH=/home/colcon_ws/src/moveit2-humble/install/moveit_ros_planning:/home/colcon_ws/src/moveit2-humble/install/moveit_ros_occupancy_map_monitor:/home/colcon_ws/src/moveit2-humble/install/moveit_core:/home/colcon_ws/src/moveit2-humble/install/moveit_common:/home/colcon_ws/install/pilz_industrial_motion_planner_testutils:/home/colcon_ws/install/moveit_runtime:/home/colcon_ws/install/moveit2_tutorials:/home/colcon_ws/install/moveit:/home/colcon_ws/install/moveit_planners:/home/colcon_ws/install/pilz_industrial_motion_planner:/home/colcon_ws/install/origin_hybrid_planning:/home/colcon_ws/install/moveit_visual_tools:/home/colcon_ws/install/moveit_task_constructor_visualization:/home/colcon_ws/install/moveit_task_constructor_demo:/home/colcon_ws/install/moveit_task_constructor_capabilities:/home/colcon_ws/install/moveit_task_constructor_core:/home/colcon_ws/install/moveit_ros_control_interface:/home/colcon_ws/install/moveit_plugins:/home/colcon_ws/install/moveit_simple_controller_manager:/home/colcon_ws/install/moveit_setup_assistant:/home/colcon_ws/install/moveit_setup_srdf_plugins:/home/colcon_ws/install/moveit_setup_core_plugins:/home/colcon_ws/install/moveit_setup_controllers:/home/colcon_ws/install/moveit_setup_app_plugins:/home/colcon_ws/install/moveit_setup_framework:/home/colcon_ws/install/moveit_servo:/home/colcon_ws/install/moveit_ros:/home/colcon_ws/install/moveit_ros_visualization:/home/colcon_ws/install/moveit_hybrid_planning:/home/colcon_ws/install/moveit_ros_planning_interface:/home/colcon_ws/install/moveit_ros_benchmarks:/home/colcon_ws/install/moveit_ros_warehouse:/home/colcon_ws/install/moveit_ros_robot_interaction:/home/colcon_ws/install/moveit_ros_perception:/home/colcon_ws/install/moveit_resources_prbt_pg70_support:/home/colcon_ws/install/moveit_resources_prbt_moveit_config:/home/colcon_ws/install/moveit_ros_move_group:/home/colcon_ws/install/moveit_planners_ompl:/home/colcon_ws/install/moveit_ros_planning:/home/colcon_ws/install/moveit_ros_occupancy_map_monitor:/home/colcon_ws/install/moveit_resources_prbt_ikfast_manipulator_plugin:/home/colcon_ws/install/moveit_planners_chomp:/home/colcon_ws/install/moveit_kinematics:/home/colcon_ws/install/moveit_chomp_optimizer_adapter:/home/colcon_ws/install/chomp_motion_planner:/home/colcon_ws/install/moveit_core:/home/colcon_ws/install/srdfdom:/home/colcon_ws/install/rviz_marker_tools:/home/colcon_ws/install/rosparam_shortcuts:/home/colcon_ws/install/my_messages:/home/colcon_ws/install/moveit_task_constructor_msgs:/home/colcon_ws/install/moveit_resources_prbt_support:/home/colcon_ws/install/moveit_resources:/home/colcon_ws/install/moveit_resources_pr2_description:/home/colcon_ws/install/moveit_resources_panda_moveit_config:/home/colcon_ws/install/moveit_resources_panda_description:/home/colcon_ws/install/moveit_resources_fanuc_moveit_config:/home/colcon_ws/install/moveit_resources_fanuc_description:/home/colcon_ws/install/moveit_common:/home/colcon_ws/install/goal_change_interfaces:/home/colcon_ws/install/cpp_srvcli:/home/colcon_ws/install/moveit_configs_utils:/home/colcon_ws/install/launch_param_builder:/opt/ros/humble LD_LIBRARY_PATH=/home/colcon_ws/src/moveit2-humble/install/moveit_ros_planning/lib:/home/colcon_ws/src/moveit2-humble/install/moveit_ros_occupancy_map_monitor/lib:/home/colcon_ws/src/moveit2-humble/install/moveit_core/lib:${LD_LIBRARY_PATH} PATH=/home/colcon_ws/src/moveit2-humble/install/moveit_core/bin:${PATH} PYTHONPATH=/home/colcon_ws/src/moveit2-humble/install/moveit_configs_utils/lib/python3.10/site-packages:${PYTHONPATH} /usr/bin/cmake /home/colcon_ws/src/moveit2-humble/moveit_kinematics -DCMAKE_BUILD_TYPE=Debug -DCMAKE_INSTALL_PREFIX=/home/colcon_ws/src/moveit2-humble/install/moveit_kinematics
[0.044s] -- Found moveit_common: 2.5.4 (/home/colcon_ws/src/moveit2-humble/install/moveit_common/share/moveit_common/cmake)
[0.044s] -- Found ament_cmake: 1.3.4 (/opt/ros/humble/share/ament_cmake/cmake)
[0.248s] -- Could NOT find libbfd (missing: LIBBFD_LIBRARY LIBBFD_INCLUDE_DIR) 
[0.248s] -- BACKWARD_HAS_UNWIND=1
[0.248s] -- BACKWARD_HAS_BACKTRACE=0
[0.248s] -- BACKWARD_HAS_BACKTRACE_SYMBOL=0
[0.248s] -- BACKWARD_HAS_DW=1
[0.248s] -- BACKWARD_HAS_BFD=0
[0.248s] -- Found Backward: /opt/ros/humble/share/backward_ros/cmake  
[0.250s] -- Found tf2_kdl: 0.25.2 (/opt/ros/humble/share/tf2_kdl/cmake)
[0.266s] -- Found rosidl_generator_c: 3.1.4 (/opt/ros/humble/share/rosidl_generator_c/cmake)
[0.268s] -- Found rosidl_adapter: 3.1.4 (/opt/ros/humble/share/rosidl_adapter/cmake)
[0.273s] -- Found rosidl_generator_cpp: 3.1.4 (/opt/ros/humble/share/rosidl_generator_cpp/cmake)
[0.284s] -- Using all available rosidl_typesupport_c: rosidl_typesupport_fastrtps_c;rosidl_typesupport_introspection_c
[0.299s] -- Using all available rosidl_typesupport_cpp: rosidl_typesupport_fastrtps_cpp;rosidl_typesupport_introspection_cpp
[0.399s] -- Found eigen3_cmake_module: 0.1.1 (/opt/ros/humble/share/eigen3_cmake_module/cmake)
[0.400s] -- Ensuring Eigen3 include directory is part of orocos-kdl CMake target
[0.502s] -- Found rmw_implementation_cmake: 6.1.1 (/opt/ros/humble/share/rmw_implementation_cmake/cmake)
[0.505s] -- Found rmw_fastrtps_cpp: 6.2.2 (/opt/ros/humble/share/rmw_fastrtps_cpp/cmake)
[0.640s] -- Using RMW implementation 'rmw_fastrtps_cpp' as default
[0.989s] -- Found kdl_parser: 2.6.4 (/opt/ros/humble/share/kdl_parser/cmake)
[0.991s] -- Found random_numbers: 2.0.1 (/opt/ros/humble/share/random_numbers/cmake)
[0.995s] -- Found pluginlib: 5.1.0 (/opt/ros/humble/share/pluginlib/cmake)
[1.015s] -- Found moveit_core: 2.5.4 (/home/colcon_ws/src/moveit2-humble/install/moveit_core/share/moveit_core/cmake)
[1.027s] -- Found Boost: /usr/lib/x86_64-linux-gnu/cmake/Boost-1.74.0/BoostConfig.cmake (found version "1.74.0") found components: chrono date_time filesystem iostreams program_options regex serialization system thread 
[1.033s] -- Found parameter_traits: 0.3.3 (/opt/ros/humble/share/parameter_traits/cmake)
[1.046s] -- Found rclcpp_lifecycle: 16.0.4 (/opt/ros/humble/share/rclcpp_lifecycle/cmake)
[1.084s] -- Found Boost: /usr/lib/x86_64-linux-gnu/cmake/Boost-1.74.0/BoostConfig.cmake (found version "1.74.0") found components: filesystem 
[1.126s] -- library: /usr/lib/x86_64-linux-gnu/libcurl.so
[2.058s] -- Found moveit_ros_planning: 2.5.4 (/home/colcon_ws/src/moveit2-humble/install/moveit_ros_planning/share/moveit_ros_planning/cmake)
[2.062s] -- Found Boost: /usr/lib/x86_64-linux-gnu/cmake/Boost-1.74.0/BoostConfig.cmake (found version "1.74.0") found components: system filesystem date_time program_options thread chrono 
[2.469s] -- Found Boost: /usr/lib/x86_64-linux-gnu/cmake/Boost-1.74.0/BoostConfig.cmake (found version "1.74.0") found components: program_options system 
[2.572s] -- Found ament_cmake_gtest: 1.3.4 (/opt/ros/humble/share/ament_cmake_gtest/cmake)
[2.573s] -- Found ros_testing: 0.4.0 (/opt/ros/humble/share/ros_testing/cmake)
[2.573s] -- Found launch_testing_ament_cmake: 1.0.4 (/opt/ros/humble/share/launch_testing_ament_cmake/cmake)
[2.573s] -- Found python_cmake_module: 0.10.0 (/opt/ros/humble/share/python_cmake_module/cmake)
[2.593s] -- Using PYTHON_EXECUTABLE: /usr/bin/python3
[2.593s] -- Using PYTHON_INCLUDE_DIRS: /usr/include/python3.10
[2.593s] -- Using PYTHON_LIBRARIES: /usr/lib/x86_64-linux-gnu/libpython3.10.so
[2.594s] -- Found moveit_resources_fanuc_description: 2.0.6 (/home/colcon_ws/install/moveit_resources_fanuc_description/share/moveit_resources_fanuc_description/cmake)
[2.595s] -- Found moveit_resources_fanuc_moveit_config: 2.0.6 (/home/colcon_ws/install/moveit_resources_fanuc_moveit_config/share/moveit_resources_fanuc_moveit_config/cmake)
[2.595s] -- Found moveit_resources_panda_description: 2.0.6 (/home/colcon_ws/install/moveit_resources_panda_description/share/moveit_resources_panda_description/cmake)
[2.595s] -- Found moveit_resources_panda_moveit_config: 2.0.6 (/home/colcon_ws/install/moveit_resources_panda_moveit_config/share/moveit_resources_panda_moveit_config/cmake)
[2.595s] -- Found gtest sources under '/opt/ros/humble/src/gtest_vendor': C++ tests using 'Google Test' will be built
[2.617s] -- Found ament_lint_auto: 0.12.6 (/opt/ros/humble/share/ament_lint_auto/cmake)
[2.621s] -- Found launch_testing_ament_cmake: 1.0.4 (/opt/ros/humble/share/launch_testing_ament_cmake/cmake)
[2.621s] -- Found python_cmake_module: 0.10.0 (/opt/ros/humble/share/python_cmake_module/cmake)
[2.641s] -- Using PYTHON_EXECUTABLE: /usr/bin/python3
[2.642s] -- Using PYTHON_INCLUDE_DIRS: /usr/include/python3.10
[2.642s] -- Using PYTHON_LIBRARIES: /usr/lib/x86_64-linux-gnu/libpython3.10.so
[2.684s] -- Added test 'cppcheck' to perform static code analysis on C / C++ code
[2.684s] -- Configured cppcheck include dirs: /home/colcon_ws/src/moveit2-humble/moveit_kinematics/kdl_kinematics_plugin/include;/home/colcon_ws/src/moveit2-humble/moveit_kinematics/lma_kinematics_plugin/include;/home/colcon_ws/src/moveit2-humble/moveit_kinematics/srv_kinematics_plugin/include;/home/colcon_ws/src/moveit2-humble/moveit_kinematics/cached_ik_kinematics_plugin/include
[2.684s] -- Configured cppcheck exclude dirs and/or files: 
[2.686s] -- Added test 'lint_cmake' to check CMake code style
[2.688s] -- Configuring done
[2.844s] -- Generating done
[2.851s] -- Build files have been written to: /home/colcon_ws/src/moveit2-humble/build/moveit_kinematics
[2.871s] Invoked command in '/home/colcon_ws/src/moveit2-humble/build/moveit_kinematics' returned '0': AMENT_PREFIX_PATH=/home/colcon_ws/src/moveit2-humble/install/moveit_ros_planning:/home/colcon_ws/src/moveit2-humble/install/moveit_ros_occupancy_map_monitor:/home/colcon_ws/src/moveit2-humble/install/moveit_core:/home/colcon_ws/src/moveit2-humble/install/moveit_configs_utils:/home/colcon_ws/src/moveit2-humble/install/moveit_common:${AMENT_PREFIX_PATH} CMAKE_PREFIX_PATH=/home/colcon_ws/src/moveit2-humble/install/moveit_ros_planning:/home/colcon_ws/src/moveit2-humble/install/moveit_ros_occupancy_map_monitor:/home/colcon_ws/src/moveit2-humble/install/moveit_core:/home/colcon_ws/src/moveit2-humble/install/moveit_common:/home/colcon_ws/install/pilz_industrial_motion_planner_testutils:/home/colcon_ws/install/moveit_runtime:/home/colcon_ws/install/moveit2_tutorials:/home/colcon_ws/install/moveit:/home/colcon_ws/install/moveit_planners:/home/colcon_ws/install/pilz_industrial_motion_planner:/home/colcon_ws/install/origin_hybrid_planning:/home/colcon_ws/install/moveit_visual_tools:/home/colcon_ws/install/moveit_task_constructor_visualization:/home/colcon_ws/install/moveit_task_constructor_demo:/home/colcon_ws/install/moveit_task_constructor_capabilities:/home/colcon_ws/install/moveit_task_constructor_core:/home/colcon_ws/install/moveit_ros_control_interface:/home/colcon_ws/install/moveit_plugins:/home/colcon_ws/install/moveit_simple_controller_manager:/home/colcon_ws/install/moveit_setup_assistant:/home/colcon_ws/install/moveit_setup_srdf_plugins:/home/colcon_ws/install/moveit_setup_core_plugins:/home/colcon_ws/install/moveit_setup_controllers:/home/colcon_ws/install/moveit_setup_app_plugins:/home/colcon_ws/install/moveit_setup_framework:/home/colcon_ws/install/moveit_servo:/home/colcon_ws/install/moveit_ros:/home/colcon_ws/install/moveit_ros_visualization:/home/colcon_ws/install/moveit_hybrid_planning:/home/colcon_ws/install/moveit_ros_planning_interface:/home/colcon_ws/install/moveit_ros_benchmarks:/home/colcon_ws/install/moveit_ros_warehouse:/home/colcon_ws/install/moveit_ros_robot_interaction:/home/colcon_ws/install/moveit_ros_perception:/home/colcon_ws/install/moveit_resources_prbt_pg70_support:/home/colcon_ws/install/moveit_resources_prbt_moveit_config:/home/colcon_ws/install/moveit_ros_move_group:/home/colcon_ws/install/moveit_planners_ompl:/home/colcon_ws/install/moveit_ros_planning:/home/colcon_ws/install/moveit_ros_occupancy_map_monitor:/home/colcon_ws/install/moveit_resources_prbt_ikfast_manipulator_plugin:/home/colcon_ws/install/moveit_planners_chomp:/home/colcon_ws/install/moveit_kinematics:/home/colcon_ws/install/moveit_chomp_optimizer_adapter:/home/colcon_ws/install/chomp_motion_planner:/home/colcon_ws/install/moveit_core:/home/colcon_ws/install/srdfdom:/home/colcon_ws/install/rviz_marker_tools:/home/colcon_ws/install/rosparam_shortcuts:/home/colcon_ws/install/my_messages:/home/colcon_ws/install/moveit_task_constructor_msgs:/home/colcon_ws/install/moveit_resources_prbt_support:/home/colcon_ws/install/moveit_resources:/home/colcon_ws/install/moveit_resources_pr2_description:/home/colcon_ws/install/moveit_resources_panda_moveit_config:/home/colcon_ws/install/moveit_resources_panda_description:/home/colcon_ws/install/moveit_resources_fanuc_moveit_config:/home/colcon_ws/install/moveit_resources_fanuc_description:/home/colcon_ws/install/moveit_common:/home/colcon_ws/install/goal_change_interfaces:/home/colcon_ws/install/cpp_srvcli:/home/colcon_ws/install/moveit_configs_utils:/home/colcon_ws/install/launch_param_builder:/opt/ros/humble LD_LIBRARY_PATH=/home/colcon_ws/src/moveit2-humble/install/moveit_ros_planning/lib:/home/colcon_ws/src/moveit2-humble/install/moveit_ros_occupancy_map_monitor/lib:/home/colcon_ws/src/moveit2-humble/install/moveit_core/lib:${LD_LIBRARY_PATH} PATH=/home/colcon_ws/src/moveit2-humble/install/moveit_core/bin:${PATH} PYTHONPATH=/home/colcon_ws/src/moveit2-humble/install/moveit_configs_utils/lib/python3.10/site-packages:${PYTHONPATH} /usr/bin/cmake /home/colcon_ws/src/moveit2-humble/moveit_kinematics -DCMAKE_BUILD_TYPE=Debug -DCMAKE_INSTALL_PREFIX=/home/colcon_ws/src/moveit2-humble/install/moveit_kinematics
[2.873s] Invoking command in '/home/colcon_ws/src/moveit2-humble/build/moveit_kinematics': AMENT_PREFIX_PATH=/home/colcon_ws/src/moveit2-humble/install/moveit_ros_planning:/home/colcon_ws/src/moveit2-humble/install/moveit_ros_occupancy_map_monitor:/home/colcon_ws/src/moveit2-humble/install/moveit_core:/home/colcon_ws/src/moveit2-humble/install/moveit_configs_utils:/home/colcon_ws/src/moveit2-humble/install/moveit_common:${AMENT_PREFIX_PATH} CMAKE_PREFIX_PATH=/home/colcon_ws/src/moveit2-humble/install/moveit_ros_planning:/home/colcon_ws/src/moveit2-humble/install/moveit_ros_occupancy_map_monitor:/home/colcon_ws/src/moveit2-humble/install/moveit_core:/home/colcon_ws/src/moveit2-humble/install/moveit_common:/home/colcon_ws/install/pilz_industrial_motion_planner_testutils:/home/colcon_ws/install/moveit_runtime:/home/colcon_ws/install/moveit2_tutorials:/home/colcon_ws/install/moveit:/home/colcon_ws/install/moveit_planners:/home/colcon_ws/install/pilz_industrial_motion_planner:/home/colcon_ws/install/origin_hybrid_planning:/home/colcon_ws/install/moveit_visual_tools:/home/colcon_ws/install/moveit_task_constructor_visualization:/home/colcon_ws/install/moveit_task_constructor_demo:/home/colcon_ws/install/moveit_task_constructor_capabilities:/home/colcon_ws/install/moveit_task_constructor_core:/home/colcon_ws/install/moveit_ros_control_interface:/home/colcon_ws/install/moveit_plugins:/home/colcon_ws/install/moveit_simple_controller_manager:/home/colcon_ws/install/moveit_setup_assistant:/home/colcon_ws/install/moveit_setup_srdf_plugins:/home/colcon_ws/install/moveit_setup_core_plugins:/home/colcon_ws/install/moveit_setup_controllers:/home/colcon_ws/install/moveit_setup_app_plugins:/home/colcon_ws/install/moveit_setup_framework:/home/colcon_ws/install/moveit_servo:/home/colcon_ws/install/moveit_ros:/home/colcon_ws/install/moveit_ros_visualization:/home/colcon_ws/install/moveit_hybrid_planning:/home/colcon_ws/install/moveit_ros_planning_interface:/home/colcon_ws/install/moveit_ros_benchmarks:/home/colcon_ws/install/moveit_ros_warehouse:/home/colcon_ws/install/moveit_ros_robot_interaction:/home/colcon_ws/install/moveit_ros_perception:/home/colcon_ws/install/moveit_resources_prbt_pg70_support:/home/colcon_ws/install/moveit_resources_prbt_moveit_config:/home/colcon_ws/install/moveit_ros_move_group:/home/colcon_ws/install/moveit_planners_ompl:/home/colcon_ws/install/moveit_ros_planning:/home/colcon_ws/install/moveit_ros_occupancy_map_monitor:/home/colcon_ws/install/moveit_resources_prbt_ikfast_manipulator_plugin:/home/colcon_ws/install/moveit_planners_chomp:/home/colcon_ws/install/moveit_kinematics:/home/colcon_ws/install/moveit_chomp_optimizer_adapter:/home/colcon_ws/install/chomp_motion_planner:/home/colcon_ws/install/moveit_core:/home/colcon_ws/install/srdfdom:/home/colcon_ws/install/rviz_marker_tools:/home/colcon_ws/install/rosparam_shortcuts:/home/colcon_ws/install/my_messages:/home/colcon_ws/install/moveit_task_constructor_msgs:/home/colcon_ws/install/moveit_resources_prbt_support:/home/colcon_ws/install/moveit_resources:/home/colcon_ws/install/moveit_resources_pr2_description:/home/colcon_ws/install/moveit_resources_panda_moveit_config:/home/colcon_ws/install/moveit_resources_panda_description:/home/colcon_ws/install/moveit_resources_fanuc_moveit_config:/home/colcon_ws/install/moveit_resources_fanuc_description:/home/colcon_ws/install/moveit_common:/home/colcon_ws/install/goal_change_interfaces:/home/colcon_ws/install/cpp_srvcli:/home/colcon_ws/install/moveit_configs_utils:/home/colcon_ws/install/launch_param_builder:/opt/ros/humble LD_LIBRARY_PATH=/home/colcon_ws/src/moveit2-humble/install/moveit_ros_planning/lib:/home/colcon_ws/src/moveit2-humble/install/moveit_ros_occupancy_map_monitor/lib:/home/colcon_ws/src/moveit2-humble/install/moveit_core/lib:${LD_LIBRARY_PATH} PATH=/home/colcon_ws/src/moveit2-humble/install/moveit_core/bin:${PATH} PYTHONPATH=/home/colcon_ws/src/moveit2-humble/install/moveit_configs_utils/lib/python3.10/site-packages:${PYTHONPATH} /usr/bin/cmake --build /home/colcon_ws/src/moveit2-humble/build/moveit_kinematics -- -j16 -l16
[2.942s] [35m[1mConsolidate compiler generated dependencies of target moveit_srv_kinematics_plugin[0m
[2.943s] [35m[1mConsolidate compiler generated dependencies of target gtest_main[0m
[2.943s] [35m[1mConsolidate compiler generated dependencies of target moveit_cached_ik_kinematics_base[0m
[2.944s] [35m[1mConsolidate compiler generated dependencies of target moveit_kdl_kinematics_plugin[0m
[2.946s] [35m[1mConsolidate compiler generated dependencies of target moveit_lma_kinematics_plugin[0m
[2.947s] [35m[1mConsolidate compiler generated dependencies of target gtest[0m
[2.948s] [35m[1mConsolidate compiler generated dependencies of target benchmark_ik[0m
[2.970s] [ 10%] Built target gtest_main
[2.976s] [ 21%] Built target gtest
[2.983s] [ 31%] Built target moveit_srv_kinematics_plugin
[2.987s] [ 47%] Built target moveit_kdl_kinematics_plugin
[2.988s] [ 57%] Built target moveit_lma_kinematics_plugin
[2.989s] [ 68%] Built target moveit_cached_ik_kinematics_base
[2.995s] [ 78%] Built target benchmark_ik
[3.002s] [35m[1mConsolidate compiler generated dependencies of target test_kinematics_plugin[0m
[3.004s] [35m[1mConsolidate compiler generated dependencies of target moveit_cached_ik_kinematics_plugin[0m
[3.031s] [100%] Built target test_kinematics_plugin
[3.031s] [100%] Built target moveit_cached_ik_kinematics_plugin
[3.046s] Invoked command in '/home/colcon_ws/src/moveit2-humble/build/moveit_kinematics' returned '0': AMENT_PREFIX_PATH=/home/colcon_ws/src/moveit2-humble/install/moveit_ros_planning:/home/colcon_ws/src/moveit2-humble/install/moveit_ros_occupancy_map_monitor:/home/colcon_ws/src/moveit2-humble/install/moveit_core:/home/colcon_ws/src/moveit2-humble/install/moveit_configs_utils:/home/colcon_ws/src/moveit2-humble/install/moveit_common:${AMENT_PREFIX_PATH} CMAKE_PREFIX_PATH=/home/colcon_ws/src/moveit2-humble/install/moveit_ros_planning:/home/colcon_ws/src/moveit2-humble/install/moveit_ros_occupancy_map_monitor:/home/colcon_ws/src/moveit2-humble/install/moveit_core:/home/colcon_ws/src/moveit2-humble/install/moveit_common:/home/colcon_ws/install/pilz_industrial_motion_planner_testutils:/home/colcon_ws/install/moveit_runtime:/home/colcon_ws/install/moveit2_tutorials:/home/colcon_ws/install/moveit:/home/colcon_ws/install/moveit_planners:/home/colcon_ws/install/pilz_industrial_motion_planner:/home/colcon_ws/install/origin_hybrid_planning:/home/colcon_ws/install/moveit_visual_tools:/home/colcon_ws/install/moveit_task_constructor_visualization:/home/colcon_ws/install/moveit_task_constructor_demo:/home/colcon_ws/install/moveit_task_constructor_capabilities:/home/colcon_ws/install/moveit_task_constructor_core:/home/colcon_ws/install/moveit_ros_control_interface:/home/colcon_ws/install/moveit_plugins:/home/colcon_ws/install/moveit_simple_controller_manager:/home/colcon_ws/install/moveit_setup_assistant:/home/colcon_ws/install/moveit_setup_srdf_plugins:/home/colcon_ws/install/moveit_setup_core_plugins:/home/colcon_ws/install/moveit_setup_controllers:/home/colcon_ws/install/moveit_setup_app_plugins:/home/colcon_ws/install/moveit_setup_framework:/home/colcon_ws/install/moveit_servo:/home/colcon_ws/install/moveit_ros:/home/colcon_ws/install/moveit_ros_visualization:/home/colcon_ws/install/moveit_hybrid_planning:/home/colcon_ws/install/moveit_ros_planning_interface:/home/colcon_ws/install/moveit_ros_benchmarks:/home/colcon_ws/install/moveit_ros_warehouse:/home/colcon_ws/install/moveit_ros_robot_interaction:/home/colcon_ws/install/moveit_ros_perception:/home/colcon_ws/install/moveit_resources_prbt_pg70_support:/home/colcon_ws/install/moveit_resources_prbt_moveit_config:/home/colcon_ws/install/moveit_ros_move_group:/home/colcon_ws/install/moveit_planners_ompl:/home/colcon_ws/install/moveit_ros_planning:/home/colcon_ws/install/moveit_ros_occupancy_map_monitor:/home/colcon_ws/install/moveit_resources_prbt_ikfast_manipulator_plugin:/home/colcon_ws/install/moveit_planners_chomp:/home/colcon_ws/install/moveit_kinematics:/home/colcon_ws/install/moveit_chomp_optimizer_adapter:/home/colcon_ws/install/chomp_motion_planner:/home/colcon_ws/install/moveit_core:/home/colcon_ws/install/srdfdom:/home/colcon_ws/install/rviz_marker_tools:/home/colcon_ws/install/rosparam_shortcuts:/home/colcon_ws/install/my_messages:/home/colcon_ws/install/moveit_task_constructor_msgs:/home/colcon_ws/install/moveit_resources_prbt_support:/home/colcon_ws/install/moveit_resources:/home/colcon_ws/install/moveit_resources_pr2_description:/home/colcon_ws/install/moveit_resources_panda_moveit_config:/home/colcon_ws/install/moveit_resources_panda_description:/home/colcon_ws/install/moveit_resources_fanuc_moveit_config:/home/colcon_ws/install/moveit_resources_fanuc_description:/home/colcon_ws/install/moveit_common:/home/colcon_ws/install/goal_change_interfaces:/home/colcon_ws/install/cpp_srvcli:/home/colcon_ws/install/moveit_configs_utils:/home/colcon_ws/install/launch_param_builder:/opt/ros/humble LD_LIBRARY_PATH=/home/colcon_ws/src/moveit2-humble/install/moveit_ros_planning/lib:/home/colcon_ws/src/moveit2-humble/install/moveit_ros_occupancy_map_monitor/lib:/home/colcon_ws/src/moveit2-humble/install/moveit_core/lib:${LD_LIBRARY_PATH} PATH=/home/colcon_ws/src/moveit2-humble/install/moveit_core/bin:${PATH} PYTHONPATH=/home/colcon_ws/src/moveit2-humble/install/moveit_configs_utils/lib/python3.10/site-packages:${PYTHONPATH} /usr/bin/cmake --build /home/colcon_ws/src/moveit2-humble/build/moveit_kinematics -- -j16 -l16
[3.111s] Invoking command in '/home/colcon_ws/src/moveit2-humble/build/moveit_kinematics': AMENT_PREFIX_PATH=/home/colcon_ws/src/moveit2-humble/install/moveit_ros_planning:/home/colcon_ws/src/moveit2-humble/install/moveit_ros_occupancy_map_monitor:/home/colcon_ws/src/moveit2-humble/install/moveit_core:/home/colcon_ws/src/moveit2-humble/install/moveit_configs_utils:/home/colcon_ws/src/moveit2-humble/install/moveit_common:${AMENT_PREFIX_PATH} CMAKE_PREFIX_PATH=/home/colcon_ws/src/moveit2-humble/install/moveit_ros_planning:/home/colcon_ws/src/moveit2-humble/install/moveit_ros_occupancy_map_monitor:/home/colcon_ws/src/moveit2-humble/install/moveit_core:/home/colcon_ws/src/moveit2-humble/install/moveit_common:/home/colcon_ws/install/pilz_industrial_motion_planner_testutils:/home/colcon_ws/install/moveit_runtime:/home/colcon_ws/install/moveit2_tutorials:/home/colcon_ws/install/moveit:/home/colcon_ws/install/moveit_planners:/home/colcon_ws/install/pilz_industrial_motion_planner:/home/colcon_ws/install/origin_hybrid_planning:/home/colcon_ws/install/moveit_visual_tools:/home/colcon_ws/install/moveit_task_constructor_visualization:/home/colcon_ws/install/moveit_task_constructor_demo:/home/colcon_ws/install/moveit_task_constructor_capabilities:/home/colcon_ws/install/moveit_task_constructor_core:/home/colcon_ws/install/moveit_ros_control_interface:/home/colcon_ws/install/moveit_plugins:/home/colcon_ws/install/moveit_simple_controller_manager:/home/colcon_ws/install/moveit_setup_assistant:/home/colcon_ws/install/moveit_setup_srdf_plugins:/home/colcon_ws/install/moveit_setup_core_plugins:/home/colcon_ws/install/moveit_setup_controllers:/home/colcon_ws/install/moveit_setup_app_plugins:/home/colcon_ws/install/moveit_setup_framework:/home/colcon_ws/install/moveit_servo:/home/colcon_ws/install/moveit_ros:/home/colcon_ws/install/moveit_ros_visualization:/home/colcon_ws/install/moveit_hybrid_planning:/home/colcon_ws/install/moveit_ros_planning_interface:/home/colcon_ws/install/moveit_ros_benchmarks:/home/colcon_ws/install/moveit_ros_warehouse:/home/colcon_ws/install/moveit_ros_robot_interaction:/home/colcon_ws/install/moveit_ros_perception:/home/colcon_ws/install/moveit_resources_prbt_pg70_support:/home/colcon_ws/install/moveit_resources_prbt_moveit_config:/home/colcon_ws/install/moveit_ros_move_group:/home/colcon_ws/install/moveit_planners_ompl:/home/colcon_ws/install/moveit_ros_planning:/home/colcon_ws/install/moveit_ros_occupancy_map_monitor:/home/colcon_ws/install/moveit_resources_prbt_ikfast_manipulator_plugin:/home/colcon_ws/install/moveit_planners_chomp:/home/colcon_ws/install/moveit_kinematics:/home/colcon_ws/install/moveit_chomp_optimizer_adapter:/home/colcon_ws/install/chomp_motion_planner:/home/colcon_ws/install/moveit_core:/home/colcon_ws/install/srdfdom:/home/colcon_ws/install/rviz_marker_tools:/home/colcon_ws/install/rosparam_shortcuts:/home/colcon_ws/install/my_messages:/home/colcon_ws/install/moveit_task_constructor_msgs:/home/colcon_ws/install/moveit_resources_prbt_support:/home/colcon_ws/install/moveit_resources:/home/colcon_ws/install/moveit_resources_pr2_description:/home/colcon_ws/install/moveit_resources_panda_moveit_config:/home/colcon_ws/install/moveit_resources_panda_description:/home/colcon_ws/install/moveit_resources_fanuc_moveit_config:/home/colcon_ws/install/moveit_resources_fanuc_description:/home/colcon_ws/install/moveit_common:/home/colcon_ws/install/goal_change_interfaces:/home/colcon_ws/install/cpp_srvcli:/home/colcon_ws/install/moveit_configs_utils:/home/colcon_ws/install/launch_param_builder:/opt/ros/humble LD_LIBRARY_PATH=/home/colcon_ws/src/moveit2-humble/install/moveit_ros_planning/lib:/home/colcon_ws/src/moveit2-humble/install/moveit_ros_occupancy_map_monitor/lib:/home/colcon_ws/src/moveit2-humble/install/moveit_core/lib:${LD_LIBRARY_PATH} PATH=/home/colcon_ws/src/moveit2-humble/install/moveit_core/bin:${PATH} PYTHONPATH=/home/colcon_ws/src/moveit2-humble/install/moveit_configs_utils/lib/python3.10/site-packages:${PYTHONPATH} /usr/bin/cmake --install /home/colcon_ws/src/moveit2-humble/build/moveit_kinematics
[3.125s] -- Install configuration: "Debug"
[3.126s] -- Up-to-date: /home/colcon_ws/src/moveit2-humble/install/moveit_kinematics/share/moveit_kinematics/kdl_kinematics_plugin_description.xml
[3.126s] -- Up-to-date: /home/colcon_ws/src/moveit2-humble/install/moveit_kinematics/share/moveit_kinematics/lma_kinematics_plugin_description.xml
[3.126s] -- Up-to-date: /home/colcon_ws/src/moveit2-humble/install/moveit_kinematics/share/moveit_kinematics/srv_kinematics_plugin_description.xml
[3.126s] -- Up-to-date: /home/colcon_ws/src/moveit2-humble/install/moveit_kinematics/share/moveit_kinematics/cached_ik_kinematics_plugin_description.xml
[3.126s] -- Up-to-date: /home/colcon_ws/src/moveit2-humble/install/moveit_kinematics/include
[3.126s] -- Up-to-date: /home/colcon_ws/src/moveit2-humble/install/moveit_kinematics/include/moveit
[3.126s] -- Up-to-date: /home/colcon_ws/src/moveit2-humble/install/moveit_kinematics/include/moveit/cached_ik_kinematics_plugin
[3.127s] -- Up-to-date: /home/colcon_ws/src/moveit2-humble/install/moveit_kinematics/include/moveit/cached_ik_kinematics_plugin/cached_ik_kinematics_plugin.h
[3.127s] -- Up-to-date: /home/colcon_ws/src/moveit2-humble/install/moveit_kinematics/include/moveit/cached_ik_kinematics_plugin/detail
[3.127s] -- Up-to-date: /home/colcon_ws/src/moveit2-humble/install/moveit_kinematics/include/moveit/cached_ik_kinematics_plugin/detail/GreedyKCenters.h
[3.127s] -- Up-to-date: /home/colcon_ws/src/moveit2-humble/install/moveit_kinematics/include/moveit/cached_ik_kinematics_plugin/detail/NearestNeighborsGNAT.h
[3.127s] -- Up-to-date: /home/colcon_ws/src/moveit2-humble/install/moveit_kinematics/include/moveit/cached_ik_kinematics_plugin/detail/NearestNeighbors.h
[3.128s] -- Up-to-date: /home/colcon_ws/src/moveit2-humble/install/moveit_kinematics/include/moveit/cached_ik_kinematics_plugin/cached_ik_kinematics_plugin-inl.h
[3.128s] -- Up-to-date: /home/colcon_ws/src/moveit2-humble/install/moveit_kinematics/share/moveit_kinematics/launch
[3.128s] -- Up-to-date: /home/colcon_ws/src/moveit2-humble/install/moveit_kinematics/share/moveit_kinematics/launch/measure_ik_call_cost.launch
[3.128s] -- Up-to-date: /home/colcon_ws/src/moveit2-humble/install/moveit_kinematics/lib/moveit_kinematics/auto_create_ikfast_moveit_plugin.sh
[3.128s] -- Up-to-date: /home/colcon_ws/src/moveit2-humble/install/moveit_kinematics/lib/moveit_kinematics/create_ikfast_moveit_plugin.py
[3.128s] -- Up-to-date: /home/colcon_ws/src/moveit2-humble/install/moveit_kinematics/lib/moveit_kinematics/round_collada_numbers.py
[3.128s] -- Up-to-date: /home/colcon_ws/src/moveit2-humble/install/moveit_kinematics/share/moveit_kinematics/ikfast_kinematics_plugin/templates
[3.128s] -- Up-to-date: /home/colcon_ws/src/moveit2-humble/install/moveit_kinematics/share/moveit_kinematics/ikfast_kinematics_plugin/templates/ikfast.h
[3.129s] -- Up-to-date: /home/colcon_ws/src/moveit2-humble/install/moveit_kinematics/share/moveit_kinematics/ikfast_kinematics_plugin/templates/ikfast61_moveit_plugin_template.cpp
[3.129s] -- Up-to-date: /home/colcon_ws/src/moveit2-humble/install/moveit_kinematics/share/moveit_kinematics/ikfast_kinematics_plugin/templates/CMakeLists.txt
[3.129s] -- Up-to-date: /home/colcon_ws/src/moveit2-humble/install/moveit_kinematics/include
[3.129s] -- Up-to-date: /home/colcon_ws/src/moveit2-humble/install/moveit_kinematics/include/moveit
[3.129s] -- Up-to-date: /home/colcon_ws/src/moveit2-humble/install/moveit_kinematics/include/moveit/kdl_kinematics_plugin
[3.129s] -- Up-to-date: /home/colcon_ws/src/moveit2-humble/install/moveit_kinematics/include/moveit/kdl_kinematics_plugin/chainiksolver_vel_mimic_svd.hpp
[3.129s] -- Up-to-date: /home/colcon_ws/src/moveit2-humble/install/moveit_kinematics/include/moveit/kdl_kinematics_plugin/joint_mimic.hpp
[3.129s] -- Up-to-date: /home/colcon_ws/src/moveit2-humble/install/moveit_kinematics/include/moveit/kdl_kinematics_plugin/kdl_kinematics_plugin.h
[3.130s] -- Up-to-date: /home/colcon_ws/src/moveit2-humble/install/moveit_kinematics/include
[3.130s] -- Up-to-date: /home/colcon_ws/src/moveit2-humble/install/moveit_kinematics/include/moveit
[3.130s] -- Up-to-date: /home/colcon_ws/src/moveit2-humble/install/moveit_kinematics/include/moveit/lma_kinematics_plugin
[3.130s] -- Up-to-date: /home/colcon_ws/src/moveit2-humble/install/moveit_kinematics/include/moveit/lma_kinematics_plugin/lma_kinematics_plugin.h
[3.130s] -- Up-to-date: /home/colcon_ws/src/moveit2-humble/install/moveit_kinematics/include
[3.130s] -- Up-to-date: /home/colcon_ws/src/moveit2-humble/install/moveit_kinematics/include/moveit
[3.130s] -- Up-to-date: /home/colcon_ws/src/moveit2-humble/install/moveit_kinematics/include/moveit/srv_kinematics_plugin
[3.130s] -- Up-to-date: /home/colcon_ws/src/moveit2-humble/install/moveit_kinematics/include/moveit/srv_kinematics_plugin/srv_kinematics_plugin.h
[3.130s] -- Up-to-date: /home/colcon_ws/src/moveit2-humble/install/moveit_kinematics/share/moveit_kinematics/config
[3.130s] -- Up-to-date: /home/colcon_ws/src/moveit2-humble/install/moveit_kinematics/share/moveit_kinematics/config/fanuc-lma-test.yaml
[3.131s] -- Up-to-date: /home/colcon_ws/src/moveit2-humble/install/moveit_kinematics/share/moveit_kinematics/config/panda-kdl-singular-test.yaml
[3.131s] -- Up-to-date: /home/colcon_ws/src/moveit2-humble/install/moveit_kinematics/share/moveit_kinematics/config/panda-lma-singular-test.yaml
[3.131s] -- Up-to-date: /home/colcon_ws/src/moveit2-humble/install/moveit_kinematics/share/moveit_kinematics/config/panda-lma-test.yaml
[3.131s] -- Up-to-date: /home/colcon_ws/src/moveit2-humble/install/moveit_kinematics/share/moveit_kinematics/config/fanuc-kdl-test.yaml
[3.131s] -- Up-to-date: /home/colcon_ws/src/moveit2-humble/install/moveit_kinematics/share/moveit_kinematics/config/panda-kdl-test.yaml
[3.131s] -- Up-to-date: /home/colcon_ws/src/moveit2-humble/install/moveit_kinematics/share/moveit_kinematics/config/fanuc-kdl-singular-test.yaml
[3.131s] -- Up-to-date: /home/colcon_ws/src/moveit2-humble/install/moveit_kinematics/share/moveit_kinematics/config/fanuc-lma-singular-test.yaml
[3.131s] -- Up-to-date: /home/colcon_ws/src/moveit2-humble/install/moveit_kinematics/share/moveit_kinematics/launch
[3.131s] -- Up-to-date: /home/colcon_ws/src/moveit2-humble/install/moveit_kinematics/share/moveit_kinematics/launch/fanuc-lma.test.py
[3.131s] -- Up-to-date: /home/colcon_ws/src/moveit2-humble/install/moveit_kinematics/share/moveit_kinematics/launch/fanuc-kdl.test.py
[3.131s] -- Up-to-date: /home/colcon_ws/src/moveit2-humble/install/moveit_kinematics/share/moveit_kinematics/launch/fanuc-kdl-singular.test.py
[3.131s] -- Up-to-date: /home/colcon_ws/src/moveit2-humble/install/moveit_kinematics/share/moveit_kinematics/launch/panda-lma.test.py
[3.131s] -- Up-to-date: /home/colcon_ws/src/moveit2-humble/install/moveit_kinematics/share/moveit_kinematics/launch/panda-lma-singular.test.py
[3.131s] -- Up-to-date: /home/colcon_ws/src/moveit2-humble/install/moveit_kinematics/share/moveit_kinematics/launch/panda-kdl-singular.test.py
[3.131s] -- Up-to-date: /home/colcon_ws/src/moveit2-humble/install/moveit_kinematics/share/moveit_kinematics/launch/panda-kdl.test.py
[3.131s] -- Up-to-date: /home/colcon_ws/src/moveit2-humble/install/moveit_kinematics/share/moveit_kinematics/launch/fanuc-lma-singular.test.py
[3.132s] -- Up-to-date: /home/colcon_ws/src/moveit2-humble/install/moveit_kinematics/lib/moveit_kinematics/benchmark_ik
[3.132s] -- Up-to-date: /home/colcon_ws/src/moveit2-humble/install/moveit_kinematics/lib/moveit_kinematics/test_kinematics_plugin
[3.133s] -- Up-to-date: /home/colcon_ws/src/moveit2-humble/install/moveit_kinematics/lib/libmoveit_cached_ik_kinematics_base.so.2.5.4
[3.133s] -- Up-to-date: /home/colcon_ws/src/moveit2-humble/install/moveit_kinematics/lib/libmoveit_cached_ik_kinematics_base.so
[3.134s] -- Up-to-date: /home/colcon_ws/src/moveit2-humble/install/moveit_kinematics/lib/libmoveit_cached_ik_kinematics_plugin.so.2.5.4
[3.134s] -- Up-to-date: /home/colcon_ws/src/moveit2-humble/install/moveit_kinematics/lib/libmoveit_cached_ik_kinematics_plugin.so
[3.135s] -- Up-to-date: /home/colcon_ws/src/moveit2-humble/install/moveit_kinematics/lib/libmoveit_kdl_kinematics_plugin.so
[3.136s] -- Up-to-date: /home/colcon_ws/src/moveit2-humble/install/moveit_kinematics/lib/libmoveit_lma_kinematics_plugin.so.2.5.4
[3.136s] -- Up-to-date: /home/colcon_ws/src/moveit2-humble/install/moveit_kinematics/lib/libmoveit_lma_kinematics_plugin.so
[3.137s] -- Up-to-date: /home/colcon_ws/src/moveit2-humble/install/moveit_kinematics/lib/libmoveit_srv_kinematics_plugin.so.2.5.4
[3.137s] -- Up-to-date: /home/colcon_ws/src/moveit2-humble/install/moveit_kinematics/lib/libmoveit_srv_kinematics_plugin.so
[3.137s] -- Up-to-date: /home/colcon_ws/src/moveit2-humble/install/moveit_kinematics/share/moveit_kinematics/environment/library_path.sh
[3.137s] -- Installing: /home/colcon_ws/src/moveit2-humble/install/moveit_kinematics/share/moveit_kinematics/environment/library_path.dsv
[3.137s] -- Up-to-date: /home/colcon_ws/src/moveit2-humble/install/moveit_kinematics/share/ament_index/resource_index/package_run_dependencies/moveit_kinematics
[3.137s] -- Installing: /home/colcon_ws/src/moveit2-humble/install/moveit_kinematics/share/ament_index/resource_index/parent_prefix_path/moveit_kinematics
[3.137s] -- Up-to-date: /home/colcon_ws/src/moveit2-humble/install/moveit_kinematics/share/moveit_kinematics/environment/ament_prefix_path.sh
[3.137s] -- Installing: /home/colcon_ws/src/moveit2-humble/install/moveit_kinematics/share/moveit_kinematics/environment/ament_prefix_path.dsv
[3.137s] -- Up-to-date: /home/colcon_ws/src/moveit2-humble/install/moveit_kinematics/share/moveit_kinematics/environment/path.sh
[3.137s] -- Installing: /home/colcon_ws/src/moveit2-humble/install/moveit_kinematics/share/moveit_kinematics/environment/path.dsv
[3.138s] -- Up-to-date: /home/colcon_ws/src/moveit2-humble/install/moveit_kinematics/share/moveit_kinematics/local_setup.bash
[3.138s] -- Up-to-date: /home/colcon_ws/src/moveit2-humble/install/moveit_kinematics/share/moveit_kinematics/local_setup.sh
[3.138s] -- Up-to-date: /home/colcon_ws/src/moveit2-humble/install/moveit_kinematics/share/moveit_kinematics/local_setup.zsh
[3.138s] -- Installing: /home/colcon_ws/src/moveit2-humble/install/moveit_kinematics/share/moveit_kinematics/local_setup.dsv
[3.138s] -- Installing: /home/colcon_ws/src/moveit2-humble/install/moveit_kinematics/share/moveit_kinematics/package.dsv
[3.138s] -- Up-to-date: /home/colcon_ws/src/moveit2-humble/install/moveit_kinematics/share/ament_index/resource_index/packages/moveit_kinematics
[3.138s] -- Up-to-date: /home/colcon_ws/src/moveit2-humble/install/moveit_kinematics/share/ament_index/resource_index/moveit_core__pluginlib__plugin/moveit_kinematics
[3.138s] -- Up-to-date: /home/colcon_ws/src/moveit2-humble/install/moveit_kinematics/share/moveit_kinematics/cmake/export_moveit_kinematicsExport.cmake
[3.138s] -- Up-to-date: /home/colcon_ws/src/moveit2-humble/install/moveit_kinematics/share/moveit_kinematics/cmake/export_moveit_kinematicsExport-debug.cmake
[3.138s] -- Up-to-date: /home/colcon_ws/src/moveit2-humble/install/moveit_kinematics/share/moveit_kinematics/cmake/ConfigExtras.cmake
[3.139s] -- Up-to-date: /home/colcon_ws/src/moveit2-humble/install/moveit_kinematics/share/moveit_kinematics/cmake/ament_cmake_export_targets-extras.cmake
[3.139s] -- Up-to-date: /home/colcon_ws/src/moveit2-humble/install/moveit_kinematics/share/moveit_kinematics/cmake/ament_cmake_export_dependencies-extras.cmake
[3.139s] -- Up-to-date: /home/colcon_ws/src/moveit2-humble/install/moveit_kinematics/share/moveit_kinematics/cmake/moveit_kinematicsConfig.cmake
[3.139s] -- Up-to-date: /home/colcon_ws/src/moveit2-humble/install/moveit_kinematics/share/moveit_kinematics/cmake/moveit_kinematicsConfig-version.cmake
[3.139s] -- Up-to-date: /home/colcon_ws/src/moveit2-humble/install/moveit_kinematics/share/moveit_kinematics/package.xml
[3.143s] Invoked command in '/home/colcon_ws/src/moveit2-humble/build/moveit_kinematics' returned '0': AMENT_PREFIX_PATH=/home/colcon_ws/src/moveit2-humble/install/moveit_ros_planning:/home/colcon_ws/src/moveit2-humble/install/moveit_ros_occupancy_map_monitor:/home/colcon_ws/src/moveit2-humble/install/moveit_core:/home/colcon_ws/src/moveit2-humble/install/moveit_configs_utils:/home/colcon_ws/src/moveit2-humble/install/moveit_common:${AMENT_PREFIX_PATH} CMAKE_PREFIX_PATH=/home/colcon_ws/src/moveit2-humble/install/moveit_ros_planning:/home/colcon_ws/src/moveit2-humble/install/moveit_ros_occupancy_map_monitor:/home/colcon_ws/src/moveit2-humble/install/moveit_core:/home/colcon_ws/src/moveit2-humble/install/moveit_common:/home/colcon_ws/install/pilz_industrial_motion_planner_testutils:/home/colcon_ws/install/moveit_runtime:/home/colcon_ws/install/moveit2_tutorials:/home/colcon_ws/install/moveit:/home/colcon_ws/install/moveit_planners:/home/colcon_ws/install/pilz_industrial_motion_planner:/home/colcon_ws/install/origin_hybrid_planning:/home/colcon_ws/install/moveit_visual_tools:/home/colcon_ws/install/moveit_task_constructor_visualization:/home/colcon_ws/install/moveit_task_constructor_demo:/home/colcon_ws/install/moveit_task_constructor_capabilities:/home/colcon_ws/install/moveit_task_constructor_core:/home/colcon_ws/install/moveit_ros_control_interface:/home/colcon_ws/install/moveit_plugins:/home/colcon_ws/install/moveit_simple_controller_manager:/home/colcon_ws/install/moveit_setup_assistant:/home/colcon_ws/install/moveit_setup_srdf_plugins:/home/colcon_ws/install/moveit_setup_core_plugins:/home/colcon_ws/install/moveit_setup_controllers:/home/colcon_ws/install/moveit_setup_app_plugins:/home/colcon_ws/install/moveit_setup_framework:/home/colcon_ws/install/moveit_servo:/home/colcon_ws/install/moveit_ros:/home/colcon_ws/install/moveit_ros_visualization:/home/colcon_ws/install/moveit_hybrid_planning:/home/colcon_ws/install/moveit_ros_planning_interface:/home/colcon_ws/install/moveit_ros_benchmarks:/home/colcon_ws/install/moveit_ros_warehouse:/home/colcon_ws/install/moveit_ros_robot_interaction:/home/colcon_ws/install/moveit_ros_perception:/home/colcon_ws/install/moveit_resources_prbt_pg70_support:/home/colcon_ws/install/moveit_resources_prbt_moveit_config:/home/colcon_ws/install/moveit_ros_move_group:/home/colcon_ws/install/moveit_planners_ompl:/home/colcon_ws/install/moveit_ros_planning:/home/colcon_ws/install/moveit_ros_occupancy_map_monitor:/home/colcon_ws/install/moveit_resources_prbt_ikfast_manipulator_plugin:/home/colcon_ws/install/moveit_planners_chomp:/home/colcon_ws/install/moveit_kinematics:/home/colcon_ws/install/moveit_chomp_optimizer_adapter:/home/colcon_ws/install/chomp_motion_planner:/home/colcon_ws/install/moveit_core:/home/colcon_ws/install/srdfdom:/home/colcon_ws/install/rviz_marker_tools:/home/colcon_ws/install/rosparam_shortcuts:/home/colcon_ws/install/my_messages:/home/colcon_ws/install/moveit_task_constructor_msgs:/home/colcon_ws/install/moveit_resources_prbt_support:/home/colcon_ws/install/moveit_resources:/home/colcon_ws/install/moveit_resources_pr2_description:/home/colcon_ws/install/moveit_resources_panda_moveit_config:/home/colcon_ws/install/moveit_resources_panda_description:/home/colcon_ws/install/moveit_resources_fanuc_moveit_config:/home/colcon_ws/install/moveit_resources_fanuc_description:/home/colcon_ws/install/moveit_common:/home/colcon_ws/install/goal_change_interfaces:/home/colcon_ws/install/cpp_srvcli:/home/colcon_ws/install/moveit_configs_utils:/home/colcon_ws/install/launch_param_builder:/opt/ros/humble LD_LIBRARY_PATH=/home/colcon_ws/src/moveit2-humble/install/moveit_ros_planning/lib:/home/colcon_ws/src/moveit2-humble/install/moveit_ros_occupancy_map_monitor/lib:/home/colcon_ws/src/moveit2-humble/install/moveit_core/lib:${LD_LIBRARY_PATH} PATH=/home/colcon_ws/src/moveit2-humble/install/moveit_core/bin:${PATH} PYTHONPATH=/home/colcon_ws/src/moveit2-humble/install/moveit_configs_utils/lib/python3.10/site-packages:${PYTHONPATH} /usr/bin/cmake --install /home/colcon_ws/src/moveit2-humble/build/moveit_kinematics
