[0.020s] Invoking command in '/home/colcon_ws/src/moveit2-humble/build/moveit_ros_planning': AMENT_PREFIX_PATH=/home/colcon_ws/src/moveit2-humble/install/moveit_ros_occupancy_map_monitor:/home/colcon_ws/src/moveit2-humble/install/moveit_core:/home/colcon_ws/src/moveit2-humble/install/moveit_common:${AMENT_PREFIX_PATH} CMAKE_PREFIX_PATH=/home/colcon_ws/src/moveit2-humble/install/moveit_ros_occupancy_map_monitor:/home/colcon_ws/src/moveit2-humble/install/moveit_core:/home/colcon_ws/src/moveit2-humble/install/moveit_common:/home/colcon_ws/install/pilz_industrial_motion_planner_testutils:/home/colcon_ws/install/moveit_runtime:/home/colcon_ws/install/moveit2_tutorials:/home/colcon_ws/install/moveit:/home/colcon_ws/install/moveit_planners:/home/colcon_ws/install/pilz_industrial_motion_planner:/home/colcon_ws/install/origin_hybrid_planning:/home/colcon_ws/install/moveit_visual_tools:/home/colcon_ws/install/moveit_task_constructor_visualization:/home/colcon_ws/install/moveit_task_constructor_demo:/home/colcon_ws/install/moveit_task_constructor_capabilities:/home/colcon_ws/install/moveit_task_constructor_core:/home/colcon_ws/install/moveit_ros_control_interface:/home/colcon_ws/install/moveit_plugins:/home/colcon_ws/install/moveit_simple_controller_manager:/home/colcon_ws/install/moveit_setup_assistant:/home/colcon_ws/install/moveit_setup_srdf_plugins:/home/colcon_ws/install/moveit_setup_core_plugins:/home/colcon_ws/install/moveit_setup_controllers:/home/colcon_ws/install/moveit_setup_app_plugins:/home/colcon_ws/install/moveit_setup_framework:/home/colcon_ws/install/moveit_servo:/home/colcon_ws/install/moveit_ros:/home/colcon_ws/install/moveit_ros_visualization:/home/colcon_ws/install/moveit_hybrid_planning:/home/colcon_ws/install/moveit_ros_planning_interface:/home/colcon_ws/install/moveit_ros_benchmarks:/home/colcon_ws/install/moveit_ros_warehouse:/home/colcon_ws/install/moveit_ros_robot_interaction:/home/colcon_ws/install/moveit_ros_perception:/home/colcon_ws/install/moveit_resources_prbt_pg70_support:/home/colcon_ws/install/moveit_resources_prbt_moveit_config:/home/colcon_ws/install/moveit_ros_move_group:/home/colcon_ws/install/moveit_planners_ompl:/home/colcon_ws/install/moveit_ros_planning:/home/colcon_ws/install/moveit_ros_occupancy_map_monitor:/home/colcon_ws/install/moveit_resources_prbt_ikfast_manipulator_plugin:/home/colcon_ws/install/moveit_planners_chomp:/home/colcon_ws/install/moveit_kinematics:/home/colcon_ws/install/moveit_chomp_optimizer_adapter:/home/colcon_ws/install/chomp_motion_planner:/home/colcon_ws/install/moveit_core:/home/colcon_ws/install/srdfdom:/home/colcon_ws/install/rviz_marker_tools:/home/colcon_ws/install/rosparam_shortcuts:/home/colcon_ws/install/my_messages:/home/colcon_ws/install/moveit_task_constructor_msgs:/home/colcon_ws/install/moveit_resources_prbt_support:/home/colcon_ws/install/moveit_resources:/home/colcon_ws/install/moveit_resources_pr2_description:/home/colcon_ws/install/moveit_resources_panda_moveit_config:/home/colcon_ws/install/moveit_resources_panda_description:/home/colcon_ws/install/moveit_resources_fanuc_moveit_config:/home/colcon_ws/install/moveit_resources_fanuc_description:/home/colcon_ws/install/moveit_common:/home/colcon_ws/install/goal_change_interfaces:/home/colcon_ws/install/cpp_srvcli:/home/colcon_ws/install/moveit_configs_utils:/home/colcon_ws/install/launch_param_builder:/opt/ros/humble LD_LIBRARY_PATH=/home/colcon_ws/src/moveit2-humble/install/moveit_ros_occupancy_map_monitor/lib:/home/colcon_ws/src/moveit2-humble/install/moveit_core/lib:${LD_LIBRARY_PATH} PATH=/home/colcon_ws/src/moveit2-humble/install/moveit_core/bin:${PATH} /usr/bin/cmake --build /home/colcon_ws/src/moveit2-humble/build/moveit_ros_planning -- -j16 -l16
[0.089s] [  3%] Built target gmock_main
[0.094s] [  8%] Built target gmock
[0.095s] [ 11%] Built target moveit_collision_plugin_loader
[0.098s] [ 16%] Built target moveit_rdf_loader
[0.102s] [ 19%] Built target moveit_list_request_adapter_plugins
[0.106s] [ 22%] Built target moveit_planning_pipeline
[0.128s] [ 40%] Built target moveit_default_planning_request_adapter_plugins
[0.133s] [ 46%] Built target moveit_constraint_sampler_manager_loader
[0.133s] [ 46%] Built target moveit_kinematics_plugin_loader
[0.167s] [ 50%] Built target moveit_robot_model_loader
[0.199s] [ 53%] Built target moveit_print_planning_model_info
[0.213s] [ 62%] Built target moveit_planning_scene_monitor
[0.260s] [ 66%] Built target trajectory_monitor_tests
[0.261s] [ 69%] Built target moveit_trajectory_execution_manager
[0.263s] [ 72%] Built target moveit_visualize_robot_collision_volume
[0.264s] [ 79%] Built target moveit_evaluate_collision_checking_speed
[0.264s] [ 79%] Built target demo_scene
[0.266s] [ 82%] Built target moveit_display_random_state
[0.268s] [ 85%] Built target current_state_monitor_tests
[0.268s] [ 88%] Built target moveit_print_planning_scene_info
[0.271s] [ 91%] Built target moveit_publish_scene_from_text
[0.301s] [ 95%] Built target moveit_plan_execution
[0.306s] [100%] Built target moveit_cpp
[0.318s] Invoked command in '/home/colcon_ws/src/moveit2-humble/build/moveit_ros_planning' returned '0': AMENT_PREFIX_PATH=/home/colcon_ws/src/moveit2-humble/install/moveit_ros_occupancy_map_monitor:/home/colcon_ws/src/moveit2-humble/install/moveit_core:/home/colcon_ws/src/moveit2-humble/install/moveit_common:${AMENT_PREFIX_PATH} CMAKE_PREFIX_PATH=/home/colcon_ws/src/moveit2-humble/install/moveit_ros_occupancy_map_monitor:/home/colcon_ws/src/moveit2-humble/install/moveit_core:/home/colcon_ws/src/moveit2-humble/install/moveit_common:/home/colcon_ws/install/pilz_industrial_motion_planner_testutils:/home/colcon_ws/install/moveit_runtime:/home/colcon_ws/install/moveit2_tutorials:/home/colcon_ws/install/moveit:/home/colcon_ws/install/moveit_planners:/home/colcon_ws/install/pilz_industrial_motion_planner:/home/colcon_ws/install/origin_hybrid_planning:/home/colcon_ws/install/moveit_visual_tools:/home/colcon_ws/install/moveit_task_constructor_visualization:/home/colcon_ws/install/moveit_task_constructor_demo:/home/colcon_ws/install/moveit_task_constructor_capabilities:/home/colcon_ws/install/moveit_task_constructor_core:/home/colcon_ws/install/moveit_ros_control_interface:/home/colcon_ws/install/moveit_plugins:/home/colcon_ws/install/moveit_simple_controller_manager:/home/colcon_ws/install/moveit_setup_assistant:/home/colcon_ws/install/moveit_setup_srdf_plugins:/home/colcon_ws/install/moveit_setup_core_plugins:/home/colcon_ws/install/moveit_setup_controllers:/home/colcon_ws/install/moveit_setup_app_plugins:/home/colcon_ws/install/moveit_setup_framework:/home/colcon_ws/install/moveit_servo:/home/colcon_ws/install/moveit_ros:/home/colcon_ws/install/moveit_ros_visualization:/home/colcon_ws/install/moveit_hybrid_planning:/home/colcon_ws/install/moveit_ros_planning_interface:/home/colcon_ws/install/moveit_ros_benchmarks:/home/colcon_ws/install/moveit_ros_warehouse:/home/colcon_ws/install/moveit_ros_robot_interaction:/home/colcon_ws/install/moveit_ros_perception:/home/colcon_ws/install/moveit_resources_prbt_pg70_support:/home/colcon_ws/install/moveit_resources_prbt_moveit_config:/home/colcon_ws/install/moveit_ros_move_group:/home/colcon_ws/install/moveit_planners_ompl:/home/colcon_ws/install/moveit_ros_planning:/home/colcon_ws/install/moveit_ros_occupancy_map_monitor:/home/colcon_ws/install/moveit_resources_prbt_ikfast_manipulator_plugin:/home/colcon_ws/install/moveit_planners_chomp:/home/colcon_ws/install/moveit_kinematics:/home/colcon_ws/install/moveit_chomp_optimizer_adapter:/home/colcon_ws/install/chomp_motion_planner:/home/colcon_ws/install/moveit_core:/home/colcon_ws/install/srdfdom:/home/colcon_ws/install/rviz_marker_tools:/home/colcon_ws/install/rosparam_shortcuts:/home/colcon_ws/install/my_messages:/home/colcon_ws/install/moveit_task_constructor_msgs:/home/colcon_ws/install/moveit_resources_prbt_support:/home/colcon_ws/install/moveit_resources:/home/colcon_ws/install/moveit_resources_pr2_description:/home/colcon_ws/install/moveit_resources_panda_moveit_config:/home/colcon_ws/install/moveit_resources_panda_description:/home/colcon_ws/install/moveit_resources_fanuc_moveit_config:/home/colcon_ws/install/moveit_resources_fanuc_description:/home/colcon_ws/install/moveit_common:/home/colcon_ws/install/goal_change_interfaces:/home/colcon_ws/install/cpp_srvcli:/home/colcon_ws/install/moveit_configs_utils:/home/colcon_ws/install/launch_param_builder:/opt/ros/humble LD_LIBRARY_PATH=/home/colcon_ws/src/moveit2-humble/install/moveit_ros_occupancy_map_monitor/lib:/home/colcon_ws/src/moveit2-humble/install/moveit_core/lib:${LD_LIBRARY_PATH} PATH=/home/colcon_ws/src/moveit2-humble/install/moveit_core/bin:${PATH} /usr/bin/cmake --build /home/colcon_ws/src/moveit2-humble/build/moveit_ros_planning -- -j16 -l16
[0.386s] Invoking command in '/home/colcon_ws/src/moveit2-humble/build/moveit_ros_planning': AMENT_PREFIX_PATH=/home/colcon_ws/src/moveit2-humble/install/moveit_ros_occupancy_map_monitor:/home/colcon_ws/src/moveit2-humble/install/moveit_core:/home/colcon_ws/src/moveit2-humble/install/moveit_common:${AMENT_PREFIX_PATH} CMAKE_PREFIX_PATH=/home/colcon_ws/src/moveit2-humble/install/moveit_ros_occupancy_map_monitor:/home/colcon_ws/src/moveit2-humble/install/moveit_core:/home/colcon_ws/src/moveit2-humble/install/moveit_common:/home/colcon_ws/install/pilz_industrial_motion_planner_testutils:/home/colcon_ws/install/moveit_runtime:/home/colcon_ws/install/moveit2_tutorials:/home/colcon_ws/install/moveit:/home/colcon_ws/install/moveit_planners:/home/colcon_ws/install/pilz_industrial_motion_planner:/home/colcon_ws/install/origin_hybrid_planning:/home/colcon_ws/install/moveit_visual_tools:/home/colcon_ws/install/moveit_task_constructor_visualization:/home/colcon_ws/install/moveit_task_constructor_demo:/home/colcon_ws/install/moveit_task_constructor_capabilities:/home/colcon_ws/install/moveit_task_constructor_core:/home/colcon_ws/install/moveit_ros_control_interface:/home/colcon_ws/install/moveit_plugins:/home/colcon_ws/install/moveit_simple_controller_manager:/home/colcon_ws/install/moveit_setup_assistant:/home/colcon_ws/install/moveit_setup_srdf_plugins:/home/colcon_ws/install/moveit_setup_core_plugins:/home/colcon_ws/install/moveit_setup_controllers:/home/colcon_ws/install/moveit_setup_app_plugins:/home/colcon_ws/install/moveit_setup_framework:/home/colcon_ws/install/moveit_servo:/home/colcon_ws/install/moveit_ros:/home/colcon_ws/install/moveit_ros_visualization:/home/colcon_ws/install/moveit_hybrid_planning:/home/colcon_ws/install/moveit_ros_planning_interface:/home/colcon_ws/install/moveit_ros_benchmarks:/home/colcon_ws/install/moveit_ros_warehouse:/home/colcon_ws/install/moveit_ros_robot_interaction:/home/colcon_ws/install/moveit_ros_perception:/home/colcon_ws/install/moveit_resources_prbt_pg70_support:/home/colcon_ws/install/moveit_resources_prbt_moveit_config:/home/colcon_ws/install/moveit_ros_move_group:/home/colcon_ws/install/moveit_planners_ompl:/home/colcon_ws/install/moveit_ros_planning:/home/colcon_ws/install/moveit_ros_occupancy_map_monitor:/home/colcon_ws/install/moveit_resources_prbt_ikfast_manipulator_plugin:/home/colcon_ws/install/moveit_planners_chomp:/home/colcon_ws/install/moveit_kinematics:/home/colcon_ws/install/moveit_chomp_optimizer_adapter:/home/colcon_ws/install/chomp_motion_planner:/home/colcon_ws/install/moveit_core:/home/colcon_ws/install/srdfdom:/home/colcon_ws/install/rviz_marker_tools:/home/colcon_ws/install/rosparam_shortcuts:/home/colcon_ws/install/my_messages:/home/colcon_ws/install/moveit_task_constructor_msgs:/home/colcon_ws/install/moveit_resources_prbt_support:/home/colcon_ws/install/moveit_resources:/home/colcon_ws/install/moveit_resources_pr2_description:/home/colcon_ws/install/moveit_resources_panda_moveit_config:/home/colcon_ws/install/moveit_resources_panda_description:/home/colcon_ws/install/moveit_resources_fanuc_moveit_config:/home/colcon_ws/install/moveit_resources_fanuc_description:/home/colcon_ws/install/moveit_common:/home/colcon_ws/install/goal_change_interfaces:/home/colcon_ws/install/cpp_srvcli:/home/colcon_ws/install/moveit_configs_utils:/home/colcon_ws/install/launch_param_builder:/opt/ros/humble LD_LIBRARY_PATH=/home/colcon_ws/src/moveit2-humble/install/moveit_ros_occupancy_map_monitor/lib:/home/colcon_ws/src/moveit2-humble/install/moveit_core/lib:${LD_LIBRARY_PATH} PATH=/home/colcon_ws/src/moveit2-humble/install/moveit_core/bin:${PATH} /usr/bin/cmake --install /home/colcon_ws/src/moveit2-humble/build/moveit_ros_planning
[0.395s] -- Install configuration: "Debug"
[0.395s] -- Up-to-date: /home/colcon_ws/src/moveit2-humble/install/moveit_ros_planning/include
[0.395s] -- Up-to-date: /home/colcon_ws/src/moveit2-humble/install/moveit_ros_planning/include/moveit
[0.395s] -- Up-to-date: /home/colcon_ws/src/moveit2-humble/install/moveit_ros_planning/include/moveit/rdf_loader
[0.395s] -- Up-to-date: /home/colcon_ws/src/moveit2-humble/install/moveit_ros_planning/include/moveit/rdf_loader/synchronized_string_parameter.h
[0.396s] -- Up-to-date: /home/colcon_ws/src/moveit2-humble/install/moveit_ros_planning/include/moveit/rdf_loader/rdf_loader.h
[0.396s] -- Up-to-date: /home/colcon_ws/src/moveit2-humble/install/moveit_ros_planning/share/moveit_ros_planning/rdf_loader/test/data
[0.396s] -- Up-to-date: /home/colcon_ws/src/moveit2-humble/install/moveit_ros_planning/share/moveit_ros_planning/rdf_loader/test/data/gonzo.srdf
[0.396s] -- Up-to-date: /home/colcon_ws/src/moveit2-humble/install/moveit_ros_planning/share/moveit_ros_planning/rdf_loader/test/data/robin.srdf.xacro
[0.396s] -- Up-to-date: /home/colcon_ws/src/moveit2-humble/install/moveit_ros_planning/share/moveit_ros_planning/rdf_loader/test/data/kermit.urdf
[0.396s] -- Up-to-date: /home/colcon_ws/src/moveit2-humble/install/moveit_ros_planning/share/moveit_ros_planning/rdf_loader/test/data/gonzo.urdf
[0.396s] -- Up-to-date: /home/colcon_ws/src/moveit2-humble/install/moveit_ros_planning/share/moveit_ros_planning/rdf_loader/test/data/kermit.srdf
[0.396s] -- Up-to-date: /home/colcon_ws/src/moveit2-humble/install/moveit_ros_planning/share/moveit_ros_planning/rdf_loader/test/launch
[0.397s] -- Up-to-date: /home/colcon_ws/src/moveit2-humble/install/moveit_ros_planning/share/moveit_ros_planning/rdf_loader/test/launch/test_rdf_integration.test.py
[0.397s] -- Up-to-date: /home/colcon_ws/src/moveit2-humble/install/moveit_ros_planning/include
[0.397s] -- Up-to-date: /home/colcon_ws/src/moveit2-humble/install/moveit_ros_planning/include/moveit
[0.397s] -- Up-to-date: /home/colcon_ws/src/moveit2-humble/install/moveit_ros_planning/include/moveit/collision_plugin_loader
[0.397s] -- Up-to-date: /home/colcon_ws/src/moveit2-humble/install/moveit_ros_planning/include/moveit/collision_plugin_loader/collision_plugin_loader.h
[0.397s] -- Up-to-date: /home/colcon_ws/src/moveit2-humble/install/moveit_ros_planning/include
[0.397s] -- Up-to-date: /home/colcon_ws/src/moveit2-humble/install/moveit_ros_planning/include/moveit
[0.397s] -- Up-to-date: /home/colcon_ws/src/moveit2-humble/install/moveit_ros_planning/include/moveit/kinematics_plugin_loader
[0.398s] -- Up-to-date: /home/colcon_ws/src/moveit2-humble/install/moveit_ros_planning/include/moveit/kinematics_plugin_loader/kinematics_plugin_loader.h
[0.398s] -- Up-to-date: /home/colcon_ws/src/moveit2-humble/install/moveit_ros_planning/include
[0.398s] -- Up-to-date: /home/colcon_ws/src/moveit2-humble/install/moveit_ros_planning/include/moveit
[0.398s] -- Up-to-date: /home/colcon_ws/src/moveit2-humble/install/moveit_ros_planning/include/moveit/robot_model_loader
[0.398s] -- Up-to-date: /home/colcon_ws/src/moveit2-humble/install/moveit_ros_planning/include/moveit/robot_model_loader/robot_model_loader.h
[0.398s] -- Up-to-date: /home/colcon_ws/src/moveit2-humble/install/moveit_ros_planning/include
[0.398s] -- Up-to-date: /home/colcon_ws/src/moveit2-humble/install/moveit_ros_planning/include/moveit
[0.398s] -- Up-to-date: /home/colcon_ws/src/moveit2-humble/install/moveit_ros_planning/include/moveit/constraint_sampler_manager_loader
[0.399s] -- Up-to-date: /home/colcon_ws/src/moveit2-humble/install/moveit_ros_planning/include/moveit/constraint_sampler_manager_loader/constraint_sampler_manager_loader.h
[0.399s] -- Up-to-date: /home/colcon_ws/src/moveit2-humble/install/moveit_ros_planning/include
[0.399s] -- Up-to-date: /home/colcon_ws/src/moveit2-humble/install/moveit_ros_planning/include/moveit
[0.399s] -- Up-to-date: /home/colcon_ws/src/moveit2-humble/install/moveit_ros_planning/include/moveit/planning_pipeline
[0.399s] -- Up-to-date: /home/colcon_ws/src/moveit2-humble/install/moveit_ros_planning/include/moveit/planning_pipeline/planning_pipeline.h
[0.399s] -- Up-to-date: /home/colcon_ws/src/moveit2-humble/install/moveit_ros_planning/include/moveit_planning_pipeline_export.h
[0.399s] -- Up-to-date: /home/colcon_ws/src/moveit2-humble/install/moveit_ros_planning/lib/moveit_ros_planning/moveit_list_request_adapter_plugins
[0.399s] -- Up-to-date: /home/colcon_ws/src/moveit2-humble/install/moveit_ros_planning/lib/moveit_ros_planning/demo_scene
[0.399s] -- Up-to-date: /home/colcon_ws/src/moveit2-humble/install/moveit_ros_planning/include
[0.400s] -- Up-to-date: /home/colcon_ws/src/moveit2-humble/install/moveit_ros_planning/include/moveit
[0.400s] -- Up-to-date: /home/colcon_ws/src/moveit2-humble/install/moveit_ros_planning/include/moveit/planning_scene_monitor
[0.400s] -- Up-to-date: /home/colcon_ws/src/moveit2-humble/install/moveit_ros_planning/include/moveit/planning_scene_monitor/trajectory_monitor.h
[0.400s] -- Up-to-date: /home/colcon_ws/src/moveit2-humble/install/moveit_ros_planning/include/moveit/planning_scene_monitor/trajectory_monitor_middleware_handle.hpp
[0.400s] -- Up-to-date: /home/colcon_ws/src/moveit2-humble/install/moveit_ros_planning/include/moveit/planning_scene_monitor/current_state_monitor_middleware_handle.hpp
[0.400s] -- Up-to-date: /home/colcon_ws/src/moveit2-humble/install/moveit_ros_planning/include/moveit/planning_scene_monitor/current_state_monitor.h
[0.400s] -- Up-to-date: /home/colcon_ws/src/moveit2-humble/install/moveit_ros_planning/include/moveit/planning_scene_monitor/planning_scene_monitor.h
[0.400s] -- Up-to-date: /home/colcon_ws/src/moveit2-humble/install/moveit_ros_planning/include/moveit_planning_scene_monitor_export.h
[0.401s] -- Up-to-date: /home/colcon_ws/src/moveit2-humble/install/moveit_ros_planning/lib/moveit_ros_planning/moveit_print_planning_model_info
[0.401s] -- Up-to-date: /home/colcon_ws/src/moveit2-humble/install/moveit_ros_planning/lib/moveit_ros_planning/moveit_print_planning_scene_info
[0.401s] -- Up-to-date: /home/colcon_ws/src/moveit2-humble/install/moveit_ros_planning/lib/moveit_ros_planning/moveit_display_random_state
[0.401s] -- Up-to-date: /home/colcon_ws/src/moveit2-humble/install/moveit_ros_planning/lib/moveit_ros_planning/moveit_visualize_robot_collision_volume
[0.402s] -- Up-to-date: /home/colcon_ws/src/moveit2-humble/install/moveit_ros_planning/lib/moveit_ros_planning/moveit_evaluate_collision_checking_speed
[0.402s] -- Up-to-date: /home/colcon_ws/src/moveit2-humble/install/moveit_ros_planning/lib/moveit_ros_planning/moveit_publish_scene_from_text
[0.403s] -- Up-to-date: /home/colcon_ws/src/moveit2-humble/install/moveit_ros_planning/include
[0.403s] -- Up-to-date: /home/colcon_ws/src/moveit2-humble/install/moveit_ros_planning/include/moveit
[0.403s] -- Up-to-date: /home/colcon_ws/src/moveit2-humble/install/moveit_ros_planning/include/moveit/trajectory_execution_manager
[0.403s] -- Up-to-date: /home/colcon_ws/src/moveit2-humble/install/moveit_ros_planning/include/moveit/trajectory_execution_manager/trajectory_execution_manager.h
[0.403s] -- Up-to-date: /home/colcon_ws/src/moveit2-humble/install/moveit_ros_planning/include/moveit_trajectory_execution_manager_export.h
[0.403s] -- Up-to-date: /home/colcon_ws/src/moveit2-humble/install/moveit_ros_planning/include
[0.403s] -- Up-to-date: /home/colcon_ws/src/moveit2-humble/install/moveit_ros_planning/include/moveit
[0.403s] -- Up-to-date: /home/colcon_ws/src/moveit2-humble/install/moveit_ros_planning/include/moveit/plan_execution
[0.404s] -- Up-to-date: /home/colcon_ws/src/moveit2-humble/install/moveit_ros_planning/include/moveit/plan_execution/plan_representation.h
[0.404s] -- Up-to-date: /home/colcon_ws/src/moveit2-humble/install/moveit_ros_planning/include/moveit/plan_execution/plan_execution.h
[0.404s] -- Up-to-date: /home/colcon_ws/src/moveit2-humble/install/moveit_ros_planning/include
[0.404s] -- Up-to-date: /home/colcon_ws/src/moveit2-humble/install/moveit_ros_planning/include/moveit
[0.404s] -- Up-to-date: /home/colcon_ws/src/moveit2-humble/install/moveit_ros_planning/include/moveit/moveit_cpp
[0.404s] -- Up-to-date: /home/colcon_ws/src/moveit2-humble/install/moveit_ros_planning/include/moveit/moveit_cpp/moveit_cpp.h
[0.404s] -- Up-to-date: /home/colcon_ws/src/moveit2-humble/install/moveit_ros_planning/include/moveit/moveit_cpp/planning_component.h
[0.405s] -- Up-to-date: /home/colcon_ws/src/moveit2-humble/install/moveit_ros_planning/lib/libmoveit_rdf_loader.so.2.5.4
[0.405s] -- Up-to-date: /home/colcon_ws/src/moveit2-humble/install/moveit_ros_planning/lib/libmoveit_rdf_loader.so
[0.405s] -- Up-to-date: /home/colcon_ws/src/moveit2-humble/install/moveit_ros_planning/lib/libmoveit_kinematics_plugin_loader.so.2.5.4
[0.405s] -- Up-to-date: /home/colcon_ws/src/moveit2-humble/install/moveit_ros_planning/lib/libmoveit_kinematics_plugin_loader.so
[0.405s] -- Up-to-date: /home/colcon_ws/src/moveit2-humble/install/moveit_ros_planning/lib/libmoveit_robot_model_loader.so.2.5.4
[0.405s] -- Up-to-date: /home/colcon_ws/src/moveit2-humble/install/moveit_ros_planning/lib/libmoveit_robot_model_loader.so
[0.406s] -- Up-to-date: /home/colcon_ws/src/moveit2-humble/install/moveit_ros_planning/lib/libmoveit_constraint_sampler_manager_loader.so.2.5.4
[0.406s] -- Up-to-date: /home/colcon_ws/src/moveit2-humble/install/moveit_ros_planning/lib/libmoveit_constraint_sampler_manager_loader.so
[0.406s] -- Up-to-date: /home/colcon_ws/src/moveit2-humble/install/moveit_ros_planning/lib/libmoveit_planning_pipeline.so.2.5.4
[0.406s] -- Up-to-date: /home/colcon_ws/src/moveit2-humble/install/moveit_ros_planning/lib/libmoveit_planning_pipeline.so
[0.407s] -- Up-to-date: /home/colcon_ws/src/moveit2-humble/install/moveit_ros_planning/lib/libmoveit_trajectory_execution_manager.so.2.5.4
[0.407s] -- Up-to-date: /home/colcon_ws/src/moveit2-humble/install/moveit_ros_planning/lib/libmoveit_trajectory_execution_manager.so
[0.407s] -- Up-to-date: /home/colcon_ws/src/moveit2-humble/install/moveit_ros_planning/lib/libmoveit_plan_execution.so.2.5.4
[0.407s] -- Up-to-date: /home/colcon_ws/src/moveit2-humble/install/moveit_ros_planning/lib/libmoveit_plan_execution.so
[0.408s] -- Up-to-date: /home/colcon_ws/src/moveit2-humble/install/moveit_ros_planning/lib/libmoveit_planning_scene_monitor.so.2.5.4
[0.408s] -- Up-to-date: /home/colcon_ws/src/moveit2-humble/install/moveit_ros_planning/lib/libmoveit_planning_scene_monitor.so
[0.408s] -- Up-to-date: /home/colcon_ws/src/moveit2-humble/install/moveit_ros_planning/lib/libmoveit_collision_plugin_loader.so.2.5.4
[0.408s] -- Up-to-date: /home/colcon_ws/src/moveit2-humble/install/moveit_ros_planning/lib/libmoveit_collision_plugin_loader.so
[0.409s] -- Up-to-date: /home/colcon_ws/src/moveit2-humble/install/moveit_ros_planning/lib/libmoveit_default_planning_request_adapter_plugins.so.2.5.4
[0.409s] -- Up-to-date: /home/colcon_ws/src/moveit2-humble/install/moveit_ros_planning/lib/libmoveit_default_planning_request_adapter_plugins.so
[0.409s] -- Up-to-date: /home/colcon_ws/src/moveit2-humble/install/moveit_ros_planning/lib/libmoveit_cpp.so.2.5.4
[0.409s] -- Up-to-date: /home/colcon_ws/src/moveit2-humble/install/moveit_ros_planning/lib/libmoveit_cpp.so
[0.410s] -- Up-to-date: /home/colcon_ws/src/moveit2-humble/install/moveit_ros_planning/share/moveit_ros_planning/environment/library_path.sh
[0.410s] -- Up-to-date: /home/colcon_ws/src/moveit2-humble/install/moveit_ros_planning/share/moveit_ros_planning/environment/library_path.dsv
[0.410s] -- Up-to-date: /home/colcon_ws/src/moveit2-humble/install/moveit_ros_planning/share/moveit_ros_planning/planning_request_adapters_plugin_description.xml
[0.410s] -- Up-to-date: /home/colcon_ws/src/moveit2-humble/install/moveit_ros_planning/share/ament_index/resource_index/package_run_dependencies/moveit_ros_planning
[0.410s] -- Up-to-date: /home/colcon_ws/src/moveit2-humble/install/moveit_ros_planning/share/ament_index/resource_index/parent_prefix_path/moveit_ros_planning
[0.410s] -- Up-to-date: /home/colcon_ws/src/moveit2-humble/install/moveit_ros_planning/share/moveit_ros_planning/environment/ament_prefix_path.sh
[0.410s] -- Up-to-date: /home/colcon_ws/src/moveit2-humble/install/moveit_ros_planning/share/moveit_ros_planning/environment/ament_prefix_path.dsv
[0.410s] -- Up-to-date: /home/colcon_ws/src/moveit2-humble/install/moveit_ros_planning/share/moveit_ros_planning/environment/path.sh
[0.411s] -- Up-to-date: /home/colcon_ws/src/moveit2-humble/install/moveit_ros_planning/share/moveit_ros_planning/environment/path.dsv
[0.411s] -- Up-to-date: /home/colcon_ws/src/moveit2-humble/install/moveit_ros_planning/share/moveit_ros_planning/local_setup.bash
[0.411s] -- Up-to-date: /home/colcon_ws/src/moveit2-humble/install/moveit_ros_planning/share/moveit_ros_planning/local_setup.sh
[0.411s] -- Up-to-date: /home/colcon_ws/src/moveit2-humble/install/moveit_ros_planning/share/moveit_ros_planning/local_setup.zsh
[0.411s] -- Up-to-date: /home/colcon_ws/src/moveit2-humble/install/moveit_ros_planning/share/moveit_ros_planning/local_setup.dsv
[0.411s] -- Installing: /home/colcon_ws/src/moveit2-humble/install/moveit_ros_planning/share/moveit_ros_planning/package.dsv
[0.411s] -- Up-to-date: /home/colcon_ws/src/moveit2-humble/install/moveit_ros_planning/share/ament_index/resource_index/packages/moveit_ros_planning
[0.411s] -- Up-to-date: /home/colcon_ws/src/moveit2-humble/install/moveit_ros_planning/share/ament_index/resource_index/moveit_core__pluginlib__plugin/moveit_ros_planning
[0.411s] -- Up-to-date: /home/colcon_ws/src/moveit2-humble/install/moveit_ros_planning/share/moveit_ros_planning/cmake/export_moveit_ros_planningExport.cmake
[0.411s] -- Up-to-date: /home/colcon_ws/src/moveit2-humble/install/moveit_ros_planning/share/moveit_ros_planning/cmake/export_moveit_ros_planningExport-debug.cmake
[0.411s] -- Up-to-date: /home/colcon_ws/src/moveit2-humble/install/moveit_ros_planning/share/moveit_ros_planning/cmake/ConfigExtras.cmake
[0.411s] -- Up-to-date: /home/colcon_ws/src/moveit2-humble/install/moveit_ros_planning/share/moveit_ros_planning/cmake/ament_cmake_export_targets-extras.cmake
[0.411s] -- Up-to-date: /home/colcon_ws/src/moveit2-humble/install/moveit_ros_planning/share/moveit_ros_planning/cmake/ament_cmake_export_dependencies-extras.cmake
[0.411s] -- Up-to-date: /home/colcon_ws/src/moveit2-humble/install/moveit_ros_planning/share/moveit_ros_planning/cmake/moveit_ros_planningConfig.cmake
[0.411s] -- Up-to-date: /home/colcon_ws/src/moveit2-humble/install/moveit_ros_planning/share/moveit_ros_planning/cmake/moveit_ros_planningConfig-version.cmake
[0.411s] -- Up-to-date: /home/colcon_ws/src/moveit2-humble/install/moveit_ros_planning/share/moveit_ros_planning/package.xml
[0.414s] Invoked command in '/home/colcon_ws/src/moveit2-humble/build/moveit_ros_planning' returned '0': AMENT_PREFIX_PATH=/home/colcon_ws/src/moveit2-humble/install/moveit_ros_occupancy_map_monitor:/home/colcon_ws/src/moveit2-humble/install/moveit_core:/home/colcon_ws/src/moveit2-humble/install/moveit_common:${AMENT_PREFIX_PATH} CMAKE_PREFIX_PATH=/home/colcon_ws/src/moveit2-humble/install/moveit_ros_occupancy_map_monitor:/home/colcon_ws/src/moveit2-humble/install/moveit_core:/home/colcon_ws/src/moveit2-humble/install/moveit_common:/home/colcon_ws/install/pilz_industrial_motion_planner_testutils:/home/colcon_ws/install/moveit_runtime:/home/colcon_ws/install/moveit2_tutorials:/home/colcon_ws/install/moveit:/home/colcon_ws/install/moveit_planners:/home/colcon_ws/install/pilz_industrial_motion_planner:/home/colcon_ws/install/origin_hybrid_planning:/home/colcon_ws/install/moveit_visual_tools:/home/colcon_ws/install/moveit_task_constructor_visualization:/home/colcon_ws/install/moveit_task_constructor_demo:/home/colcon_ws/install/moveit_task_constructor_capabilities:/home/colcon_ws/install/moveit_task_constructor_core:/home/colcon_ws/install/moveit_ros_control_interface:/home/colcon_ws/install/moveit_plugins:/home/colcon_ws/install/moveit_simple_controller_manager:/home/colcon_ws/install/moveit_setup_assistant:/home/colcon_ws/install/moveit_setup_srdf_plugins:/home/colcon_ws/install/moveit_setup_core_plugins:/home/colcon_ws/install/moveit_setup_controllers:/home/colcon_ws/install/moveit_setup_app_plugins:/home/colcon_ws/install/moveit_setup_framework:/home/colcon_ws/install/moveit_servo:/home/colcon_ws/install/moveit_ros:/home/colcon_ws/install/moveit_ros_visualization:/home/colcon_ws/install/moveit_hybrid_planning:/home/colcon_ws/install/moveit_ros_planning_interface:/home/colcon_ws/install/moveit_ros_benchmarks:/home/colcon_ws/install/moveit_ros_warehouse:/home/colcon_ws/install/moveit_ros_robot_interaction:/home/colcon_ws/install/moveit_ros_perception:/home/colcon_ws/install/moveit_resources_prbt_pg70_support:/home/colcon_ws/install/moveit_resources_prbt_moveit_config:/home/colcon_ws/install/moveit_ros_move_group:/home/colcon_ws/install/moveit_planners_ompl:/home/colcon_ws/install/moveit_ros_planning:/home/colcon_ws/install/moveit_ros_occupancy_map_monitor:/home/colcon_ws/install/moveit_resources_prbt_ikfast_manipulator_plugin:/home/colcon_ws/install/moveit_planners_chomp:/home/colcon_ws/install/moveit_kinematics:/home/colcon_ws/install/moveit_chomp_optimizer_adapter:/home/colcon_ws/install/chomp_motion_planner:/home/colcon_ws/install/moveit_core:/home/colcon_ws/install/srdfdom:/home/colcon_ws/install/rviz_marker_tools:/home/colcon_ws/install/rosparam_shortcuts:/home/colcon_ws/install/my_messages:/home/colcon_ws/install/moveit_task_constructor_msgs:/home/colcon_ws/install/moveit_resources_prbt_support:/home/colcon_ws/install/moveit_resources:/home/colcon_ws/install/moveit_resources_pr2_description:/home/colcon_ws/install/moveit_resources_panda_moveit_config:/home/colcon_ws/install/moveit_resources_panda_description:/home/colcon_ws/install/moveit_resources_fanuc_moveit_config:/home/colcon_ws/install/moveit_resources_fanuc_description:/home/colcon_ws/install/moveit_common:/home/colcon_ws/install/goal_change_interfaces:/home/colcon_ws/install/cpp_srvcli:/home/colcon_ws/install/moveit_configs_utils:/home/colcon_ws/install/launch_param_builder:/opt/ros/humble LD_LIBRARY_PATH=/home/colcon_ws/src/moveit2-humble/install/moveit_ros_occupancy_map_monitor/lib:/home/colcon_ws/src/moveit2-humble/install/moveit_core/lib:${LD_LIBRARY_PATH} PATH=/home/colcon_ws/src/moveit2-humble/install/moveit_core/bin:${PATH} /usr/bin/cmake --install /home/colcon_ws/src/moveit2-humble/build/moveit_ros_planning
