[0.030s] Invoking command in '/home/colcon_ws/src/moveit2-humble/build/moveit_kinematics': AMENT_PREFIX_PATH=/home/colcon_ws/src/moveit2-humble/install/moveit_ros_planning:/home/colcon_ws/src/moveit2-humble/install/moveit_ros_occupancy_map_monitor:/home/colcon_ws/src/moveit2-humble/install/moveit_core:/home/colcon_ws/src/moveit2-humble/install/moveit_configs_utils:/home/colcon_ws/src/moveit2-humble/install/moveit_common:${AMENT_PREFIX_PATH} CMAKE_PREFIX_PATH=/home/colcon_ws/src/moveit2-humble/install/moveit_ros_planning:/home/colcon_ws/src/moveit2-humble/install/moveit_ros_occupancy_map_monitor:/home/colcon_ws/src/moveit2-humble/install/moveit_core:/home/colcon_ws/src/moveit2-humble/install/moveit_common:/home/colcon_ws/install/pilz_industrial_motion_planner_testutils:/home/colcon_ws/install/moveit_runtime:/home/colcon_ws/install/moveit2_tutorials:/home/colcon_ws/install/moveit:/home/colcon_ws/install/moveit_planners:/home/colcon_ws/install/pilz_industrial_motion_planner:/home/colcon_ws/install/origin_hybrid_planning:/home/colcon_ws/install/moveit_visual_tools:/home/colcon_ws/install/moveit_task_constructor_visualization:/home/colcon_ws/install/moveit_task_constructor_demo:/home/colcon_ws/install/moveit_task_constructor_capabilities:/home/colcon_ws/install/moveit_task_constructor_core:/home/colcon_ws/install/moveit_ros_control_interface:/home/colcon_ws/install/moveit_plugins:/home/colcon_ws/install/moveit_simple_controller_manager:/home/colcon_ws/install/moveit_setup_assistant:/home/colcon_ws/install/moveit_setup_srdf_plugins:/home/colcon_ws/install/moveit_setup_core_plugins:/home/colcon_ws/install/moveit_setup_controllers:/home/colcon_ws/install/moveit_setup_app_plugins:/home/colcon_ws/install/moveit_setup_framework:/home/colcon_ws/install/moveit_servo:/home/colcon_ws/install/moveit_ros:/home/colcon_ws/install/moveit_ros_visualization:/home/colcon_ws/install/moveit_hybrid_planning:/home/colcon_ws/install/moveit_ros_planning_interface:/home/colcon_ws/install/moveit_ros_benchmarks:/home/colcon_ws/install/moveit_ros_warehouse:/home/colcon_ws/install/moveit_ros_robot_interaction:/home/colcon_ws/install/moveit_ros_perception:/home/colcon_ws/install/moveit_resources_prbt_pg70_support:/home/colcon_ws/install/moveit_resources_prbt_moveit_config:/home/colcon_ws/install/moveit_ros_move_group:/home/colcon_ws/install/moveit_planners_ompl:/home/colcon_ws/install/moveit_ros_planning:/home/colcon_ws/install/moveit_ros_occupancy_map_monitor:/home/colcon_ws/install/moveit_resources_prbt_ikfast_manipulator_plugin:/home/colcon_ws/install/moveit_planners_chomp:/home/colcon_ws/install/moveit_kinematics:/home/colcon_ws/install/moveit_chomp_optimizer_adapter:/home/colcon_ws/install/chomp_motion_planner:/home/colcon_ws/install/moveit_core:/home/colcon_ws/install/srdfdom:/home/colcon_ws/install/rviz_marker_tools:/home/colcon_ws/install/rosparam_shortcuts:/home/colcon_ws/install/my_messages:/home/colcon_ws/install/moveit_task_constructor_msgs:/home/colcon_ws/install/moveit_resources_prbt_support:/home/colcon_ws/install/moveit_resources:/home/colcon_ws/install/moveit_resources_pr2_description:/home/colcon_ws/install/moveit_resources_panda_moveit_config:/home/colcon_ws/install/moveit_resources_panda_description:/home/colcon_ws/install/moveit_resources_fanuc_moveit_config:/home/colcon_ws/install/moveit_resources_fanuc_description:/home/colcon_ws/install/moveit_common:/home/colcon_ws/install/goal_change_interfaces:/home/colcon_ws/install/cpp_srvcli:/home/colcon_ws/install/moveit_configs_utils:/home/colcon_ws/install/launch_param_builder:/opt/ros/humble LD_LIBRARY_PATH=/home/colcon_ws/src/moveit2-humble/install/moveit_ros_planning/lib:/home/colcon_ws/src/moveit2-humble/install/moveit_ros_occupancy_map_monitor/lib:/home/colcon_ws/src/moveit2-humble/install/moveit_core/lib:${LD_LIBRARY_PATH} PATH=/home/colcon_ws/src/moveit2-humble/install/moveit_core/bin:${PATH} PYTHONPATH=/home/colcon_ws/src/moveit2-humble/install/moveit_configs_utils/lib/python3.10/site-packages:${PYTHONPATH} /usr/bin/cmake /home/colcon_ws/src/moveit2-humble/moveit_kinematics -DCMAKE_INSTALL_PREFIX=/home/colcon_ws/src/moveit2-humble/install/moveit_kinematics
[0.046s] -- Found moveit_common: 2.5.4 (/home/colcon_ws/src/moveit2-humble/install/moveit_common/share/moveit_common/cmake)
[0.046s] -- Found ament_cmake: 1.3.4 (/opt/ros/humble/share/ament_cmake/cmake)
[0.239s] -- Could NOT find libbfd (missing: LIBBFD_LIBRARY LIBBFD_INCLUDE_DIR) 
[0.239s] -- BACKWARD_HAS_UNWIND=1
[0.240s] -- BACKWARD_HAS_BACKTRACE=0
[0.240s] -- BACKWARD_HAS_BACKTRACE_SYMBOL=0
[0.240s] -- BACKWARD_HAS_DW=1
[0.240s] -- BACKWARD_HAS_BFD=0
[0.240s] -- Found Backward: /opt/ros/humble/share/backward_ros/cmake  
[0.241s] -- Found tf2_kdl: 0.25.2 (/opt/ros/humble/share/tf2_kdl/cmake)
[0.262s] -- Found rosidl_generator_c: 3.1.4 (/opt/ros/humble/share/rosidl_generator_c/cmake)
[0.264s] -- Found rosidl_adapter: 3.1.4 (/opt/ros/humble/share/rosidl_adapter/cmake)
[0.269s] -- Found rosidl_generator_cpp: 3.1.4 (/opt/ros/humble/share/rosidl_generator_cpp/cmake)
[0.281s] -- Using all available rosidl_typesupport_c: rosidl_typesupport_fastrtps_c;rosidl_typesupport_introspection_c
[0.297s] -- Using all available rosidl_typesupport_cpp: rosidl_typesupport_fastrtps_cpp;rosidl_typesupport_introspection_cpp
[0.397s] -- Found eigen3_cmake_module: 0.1.1 (/opt/ros/humble/share/eigen3_cmake_module/cmake)
[0.398s] -- Ensuring Eigen3 include directory is part of orocos-kdl CMake target
[0.497s] -- Found rmw_implementation_cmake: 6.1.1 (/opt/ros/humble/share/rmw_implementation_cmake/cmake)
[0.500s] -- Found rmw_fastrtps_cpp: 6.2.2 (/opt/ros/humble/share/rmw_fastrtps_cpp/cmake)
[0.639s] -- Using RMW implementation 'rmw_fastrtps_cpp' as default
[0.994s] -- Found kdl_parser: 2.6.4 (/opt/ros/humble/share/kdl_parser/cmake)
[0.996s] -- Found random_numbers: 2.0.1 (/opt/ros/humble/share/random_numbers/cmake)
[1.000s] -- Found pluginlib: 5.1.0 (/opt/ros/humble/share/pluginlib/cmake)
[1.020s] -- Found moveit_core: 2.5.4 (/home/colcon_ws/src/moveit2-humble/install/moveit_core/share/moveit_core/cmake)
[1.032s] -- Found Boost: /usr/lib/x86_64-linux-gnu/cmake/Boost-1.74.0/BoostConfig.cmake (found version "1.74.0") found components: chrono date_time filesystem iostreams program_options regex serialization system thread 
[1.038s] -- Found parameter_traits: 0.3.3 (/opt/ros/humble/share/parameter_traits/cmake)
[1.053s] -- Found rclcpp_lifecycle: 16.0.4 (/opt/ros/humble/share/rclcpp_lifecycle/cmake)
[1.097s] -- Found Boost: /usr/lib/x86_64-linux-gnu/cmake/Boost-1.74.0/BoostConfig.cmake (found version "1.74.0") found components: filesystem 
[1.150s] -- library: /usr/lib/x86_64-linux-gnu/libcurl.so
[2.091s] -- Found moveit_ros_planning: 2.5.4 (/home/colcon_ws/src/moveit2-humble/install/moveit_ros_planning/share/moveit_ros_planning/cmake)
[2.095s] -- Found Boost: /usr/lib/x86_64-linux-gnu/cmake/Boost-1.74.0/BoostConfig.cmake (found version "1.74.0") found components: system filesystem date_time program_options thread chrono 
[2.536s] -- Found Boost: /usr/lib/x86_64-linux-gnu/cmake/Boost-1.74.0/BoostConfig.cmake (found version "1.74.0") found components: program_options system 
[2.646s] -- Found ament_cmake_gtest: 1.3.4 (/opt/ros/humble/share/ament_cmake_gtest/cmake)
[2.647s] -- Found ros_testing: 0.4.0 (/opt/ros/humble/share/ros_testing/cmake)
[2.647s] -- Found launch_testing_ament_cmake: 1.0.4 (/opt/ros/humble/share/launch_testing_ament_cmake/cmake)
[2.647s] -- Found python_cmake_module: 0.10.0 (/opt/ros/humble/share/python_cmake_module/cmake)
[2.667s] -- Using PYTHON_EXECUTABLE: /usr/bin/python3
[2.667s] -- Using PYTHON_INCLUDE_DIRS: /usr/include/python3.10
[2.667s] -- Using PYTHON_LIBRARIES: /usr/lib/x86_64-linux-gnu/libpython3.10.so
[2.668s] -- Found moveit_resources_fanuc_description: 2.0.6 (/home/colcon_ws/install/moveit_resources_fanuc_description/share/moveit_resources_fanuc_description/cmake)
[2.668s] -- Found moveit_resources_fanuc_moveit_config: 2.0.6 (/home/colcon_ws/install/moveit_resources_fanuc_moveit_config/share/moveit_resources_fanuc_moveit_config/cmake)
[2.669s] -- Found moveit_resources_panda_description: 2.0.6 (/home/colcon_ws/install/moveit_resources_panda_description/share/moveit_resources_panda_description/cmake)
[2.669s] -- Found moveit_resources_panda_moveit_config: 2.0.6 (/home/colcon_ws/install/moveit_resources_panda_moveit_config/share/moveit_resources_panda_moveit_config/cmake)
[2.670s] -- Found gtest sources under '/opt/ros/humble/src/gtest_vendor': C++ tests using 'Google Test' will be built
[2.692s] -- Found ament_lint_auto: 0.12.6 (/opt/ros/humble/share/ament_lint_auto/cmake)
[2.696s] -- Found launch_testing_ament_cmake: 1.0.4 (/opt/ros/humble/share/launch_testing_ament_cmake/cmake)
[2.696s] -- Found python_cmake_module: 0.10.0 (/opt/ros/humble/share/python_cmake_module/cmake)
[2.718s] -- Using PYTHON_EXECUTABLE: /usr/bin/python3
[2.718s] -- Using PYTHON_INCLUDE_DIRS: /usr/include/python3.10
[2.718s] -- Using PYTHON_LIBRARIES: /usr/lib/x86_64-linux-gnu/libpython3.10.so
[2.763s] -- Added test 'cppcheck' to perform static code analysis on C / C++ code
[2.763s] -- Configured cppcheck include dirs: /home/colcon_ws/src/moveit2-humble/moveit_kinematics/kdl_kinematics_plugin/include;/home/colcon_ws/src/moveit2-humble/moveit_kinematics/lma_kinematics_plugin/include;/home/colcon_ws/src/moveit2-humble/moveit_kinematics/srv_kinematics_plugin/include;/home/colcon_ws/src/moveit2-humble/moveit_kinematics/cached_ik_kinematics_plugin/include
[2.763s] -- Configured cppcheck exclude dirs and/or files: 
[2.764s] -- Added test 'lint_cmake' to check CMake code style
[2.766s] -- Configuring done
[3.279s] -- Generating done
[3.282s] -- Build files have been written to: /home/colcon_ws/src/moveit2-humble/build/moveit_kinematics
[3.295s] Invoked command in '/home/colcon_ws/src/moveit2-humble/build/moveit_kinematics' returned '0': AMENT_PREFIX_PATH=/home/colcon_ws/src/moveit2-humble/install/moveit_ros_planning:/home/colcon_ws/src/moveit2-humble/install/moveit_ros_occupancy_map_monitor:/home/colcon_ws/src/moveit2-humble/install/moveit_core:/home/colcon_ws/src/moveit2-humble/install/moveit_configs_utils:/home/colcon_ws/src/moveit2-humble/install/moveit_common:${AMENT_PREFIX_PATH} CMAKE_PREFIX_PATH=/home/colcon_ws/src/moveit2-humble/install/moveit_ros_planning:/home/colcon_ws/src/moveit2-humble/install/moveit_ros_occupancy_map_monitor:/home/colcon_ws/src/moveit2-humble/install/moveit_core:/home/colcon_ws/src/moveit2-humble/install/moveit_common:/home/colcon_ws/install/pilz_industrial_motion_planner_testutils:/home/colcon_ws/install/moveit_runtime:/home/colcon_ws/install/moveit2_tutorials:/home/colcon_ws/install/moveit:/home/colcon_ws/install/moveit_planners:/home/colcon_ws/install/pilz_industrial_motion_planner:/home/colcon_ws/install/origin_hybrid_planning:/home/colcon_ws/install/moveit_visual_tools:/home/colcon_ws/install/moveit_task_constructor_visualization:/home/colcon_ws/install/moveit_task_constructor_demo:/home/colcon_ws/install/moveit_task_constructor_capabilities:/home/colcon_ws/install/moveit_task_constructor_core:/home/colcon_ws/install/moveit_ros_control_interface:/home/colcon_ws/install/moveit_plugins:/home/colcon_ws/install/moveit_simple_controller_manager:/home/colcon_ws/install/moveit_setup_assistant:/home/colcon_ws/install/moveit_setup_srdf_plugins:/home/colcon_ws/install/moveit_setup_core_plugins:/home/colcon_ws/install/moveit_setup_controllers:/home/colcon_ws/install/moveit_setup_app_plugins:/home/colcon_ws/install/moveit_setup_framework:/home/colcon_ws/install/moveit_servo:/home/colcon_ws/install/moveit_ros:/home/colcon_ws/install/moveit_ros_visualization:/home/colcon_ws/install/moveit_hybrid_planning:/home/colcon_ws/install/moveit_ros_planning_interface:/home/colcon_ws/install/moveit_ros_benchmarks:/home/colcon_ws/install/moveit_ros_warehouse:/home/colcon_ws/install/moveit_ros_robot_interaction:/home/colcon_ws/install/moveit_ros_perception:/home/colcon_ws/install/moveit_resources_prbt_pg70_support:/home/colcon_ws/install/moveit_resources_prbt_moveit_config:/home/colcon_ws/install/moveit_ros_move_group:/home/colcon_ws/install/moveit_planners_ompl:/home/colcon_ws/install/moveit_ros_planning:/home/colcon_ws/install/moveit_ros_occupancy_map_monitor:/home/colcon_ws/install/moveit_resources_prbt_ikfast_manipulator_plugin:/home/colcon_ws/install/moveit_planners_chomp:/home/colcon_ws/install/moveit_kinematics:/home/colcon_ws/install/moveit_chomp_optimizer_adapter:/home/colcon_ws/install/chomp_motion_planner:/home/colcon_ws/install/moveit_core:/home/colcon_ws/install/srdfdom:/home/colcon_ws/install/rviz_marker_tools:/home/colcon_ws/install/rosparam_shortcuts:/home/colcon_ws/install/my_messages:/home/colcon_ws/install/moveit_task_constructor_msgs:/home/colcon_ws/install/moveit_resources_prbt_support:/home/colcon_ws/install/moveit_resources:/home/colcon_ws/install/moveit_resources_pr2_description:/home/colcon_ws/install/moveit_resources_panda_moveit_config:/home/colcon_ws/install/moveit_resources_panda_description:/home/colcon_ws/install/moveit_resources_fanuc_moveit_config:/home/colcon_ws/install/moveit_resources_fanuc_description:/home/colcon_ws/install/moveit_common:/home/colcon_ws/install/goal_change_interfaces:/home/colcon_ws/install/cpp_srvcli:/home/colcon_ws/install/moveit_configs_utils:/home/colcon_ws/install/launch_param_builder:/opt/ros/humble LD_LIBRARY_PATH=/home/colcon_ws/src/moveit2-humble/install/moveit_ros_planning/lib:/home/colcon_ws/src/moveit2-humble/install/moveit_ros_occupancy_map_monitor/lib:/home/colcon_ws/src/moveit2-humble/install/moveit_core/lib:${LD_LIBRARY_PATH} PATH=/home/colcon_ws/src/moveit2-humble/install/moveit_core/bin:${PATH} PYTHONPATH=/home/colcon_ws/src/moveit2-humble/install/moveit_configs_utils/lib/python3.10/site-packages:${PYTHONPATH} /usr/bin/cmake /home/colcon_ws/src/moveit2-humble/moveit_kinematics -DCMAKE_INSTALL_PREFIX=/home/colcon_ws/src/moveit2-humble/install/moveit_kinematics
[3.297s] Invoking command in '/home/colcon_ws/src/moveit2-humble/build/moveit_kinematics': AMENT_PREFIX_PATH=/home/colcon_ws/src/moveit2-humble/install/moveit_ros_planning:/home/colcon_ws/src/moveit2-humble/install/moveit_ros_occupancy_map_monitor:/home/colcon_ws/src/moveit2-humble/install/moveit_core:/home/colcon_ws/src/moveit2-humble/install/moveit_configs_utils:/home/colcon_ws/src/moveit2-humble/install/moveit_common:${AMENT_PREFIX_PATH} CMAKE_PREFIX_PATH=/home/colcon_ws/src/moveit2-humble/install/moveit_ros_planning:/home/colcon_ws/src/moveit2-humble/install/moveit_ros_occupancy_map_monitor:/home/colcon_ws/src/moveit2-humble/install/moveit_core:/home/colcon_ws/src/moveit2-humble/install/moveit_common:/home/colcon_ws/install/pilz_industrial_motion_planner_testutils:/home/colcon_ws/install/moveit_runtime:/home/colcon_ws/install/moveit2_tutorials:/home/colcon_ws/install/moveit:/home/colcon_ws/install/moveit_planners:/home/colcon_ws/install/pilz_industrial_motion_planner:/home/colcon_ws/install/origin_hybrid_planning:/home/colcon_ws/install/moveit_visual_tools:/home/colcon_ws/install/moveit_task_constructor_visualization:/home/colcon_ws/install/moveit_task_constructor_demo:/home/colcon_ws/install/moveit_task_constructor_capabilities:/home/colcon_ws/install/moveit_task_constructor_core:/home/colcon_ws/install/moveit_ros_control_interface:/home/colcon_ws/install/moveit_plugins:/home/colcon_ws/install/moveit_simple_controller_manager:/home/colcon_ws/install/moveit_setup_assistant:/home/colcon_ws/install/moveit_setup_srdf_plugins:/home/colcon_ws/install/moveit_setup_core_plugins:/home/colcon_ws/install/moveit_setup_controllers:/home/colcon_ws/install/moveit_setup_app_plugins:/home/colcon_ws/install/moveit_setup_framework:/home/colcon_ws/install/moveit_servo:/home/colcon_ws/install/moveit_ros:/home/colcon_ws/install/moveit_ros_visualization:/home/colcon_ws/install/moveit_hybrid_planning:/home/colcon_ws/install/moveit_ros_planning_interface:/home/colcon_ws/install/moveit_ros_benchmarks:/home/colcon_ws/install/moveit_ros_warehouse:/home/colcon_ws/install/moveit_ros_robot_interaction:/home/colcon_ws/install/moveit_ros_perception:/home/colcon_ws/install/moveit_resources_prbt_pg70_support:/home/colcon_ws/install/moveit_resources_prbt_moveit_config:/home/colcon_ws/install/moveit_ros_move_group:/home/colcon_ws/install/moveit_planners_ompl:/home/colcon_ws/install/moveit_ros_planning:/home/colcon_ws/install/moveit_ros_occupancy_map_monitor:/home/colcon_ws/install/moveit_resources_prbt_ikfast_manipulator_plugin:/home/colcon_ws/install/moveit_planners_chomp:/home/colcon_ws/install/moveit_kinematics:/home/colcon_ws/install/moveit_chomp_optimizer_adapter:/home/colcon_ws/install/chomp_motion_planner:/home/colcon_ws/install/moveit_core:/home/colcon_ws/install/srdfdom:/home/colcon_ws/install/rviz_marker_tools:/home/colcon_ws/install/rosparam_shortcuts:/home/colcon_ws/install/my_messages:/home/colcon_ws/install/moveit_task_constructor_msgs:/home/colcon_ws/install/moveit_resources_prbt_support:/home/colcon_ws/install/moveit_resources:/home/colcon_ws/install/moveit_resources_pr2_description:/home/colcon_ws/install/moveit_resources_panda_moveit_config:/home/colcon_ws/install/moveit_resources_panda_description:/home/colcon_ws/install/moveit_resources_fanuc_moveit_config:/home/colcon_ws/install/moveit_resources_fanuc_description:/home/colcon_ws/install/moveit_common:/home/colcon_ws/install/goal_change_interfaces:/home/colcon_ws/install/cpp_srvcli:/home/colcon_ws/install/moveit_configs_utils:/home/colcon_ws/install/launch_param_builder:/opt/ros/humble LD_LIBRARY_PATH=/home/colcon_ws/src/moveit2-humble/install/moveit_ros_planning/lib:/home/colcon_ws/src/moveit2-humble/install/moveit_ros_occupancy_map_monitor/lib:/home/colcon_ws/src/moveit2-humble/install/moveit_core/lib:${LD_LIBRARY_PATH} PATH=/home/colcon_ws/src/moveit2-humble/install/moveit_core/bin:${PATH} PYTHONPATH=/home/colcon_ws/src/moveit2-humble/install/moveit_configs_utils/lib/python3.10/site-packages:${PYTHONPATH} /usr/bin/cmake --build /home/colcon_ws/src/moveit2-humble/build/moveit_kinematics -- -j16 -l16
[3.351s] [35m[1mConsolidate compiler generated dependencies of target moveit_cached_ik_kinematics_base[0m
[3.352s] [35m[1mConsolidate compiler generated dependencies of target benchmark_ik[0m
[3.352s] [35m[1mConsolidate compiler generated dependencies of target moveit_lma_kinematics_plugin[0m
[3.352s] [35m[1mConsolidate compiler generated dependencies of target moveit_kdl_kinematics_plugin[0m
[3.353s] [35m[1mConsolidate compiler generated dependencies of target gtest_main[0m
[3.354s] [35m[1mConsolidate compiler generated dependencies of target gtest[0m
[3.354s] [35m[1mConsolidate compiler generated dependencies of target moveit_srv_kinematics_plugin[0m
[3.376s] [ 10%] Built target gtest_main
[3.380s] [ 21%] Built target gtest
[3.388s] [ 26%] [32m[1mLinking CXX shared library libmoveit_cached_ik_kinematics_base.so[0m
[3.390s] [ 31%] [32m[1mLinking CXX shared library libmoveit_lma_kinematics_plugin.so[0m
[3.392s] [ 36%] [32m[1mLinking CXX shared library libmoveit_srv_kinematics_plugin.so[0m
[3.394s] [ 42%] [32m[1mLinking CXX shared library libmoveit_kdl_kinematics_plugin.so[0m
[3.398s] [ 47%] [32m[1mLinking CXX executable benchmark_ik[0m
[3.818s] [ 52%] Built target moveit_cached_ik_kinematics_base
[5.202s] [ 57%] Built target moveit_lma_kinematics_plugin
[5.292s] [ 63%] Built target moveit_srv_kinematics_plugin
[5.806s] [ 73%] Built target moveit_kdl_kinematics_plugin
[5.824s] [35m[1mConsolidate compiler generated dependencies of target test_kinematics_plugin[0m
[5.828s] [35m[1mConsolidate compiler generated dependencies of target moveit_cached_ik_kinematics_plugin[0m
[5.860s] [ 78%] [32m[1mLinking CXX executable test_kinematics_plugin[0m
[5.871s] [ 84%] [32m[1mLinking CXX shared library libmoveit_cached_ik_kinematics_plugin.so[0m
[5.953s] [ 89%] Built target benchmark_ik
[7.285s] [ 94%] Built target moveit_cached_ik_kinematics_plugin
[10.857s] [100%] Built target test_kinematics_plugin
[10.871s] Invoked command in '/home/colcon_ws/src/moveit2-humble/build/moveit_kinematics' returned '0': AMENT_PREFIX_PATH=/home/colcon_ws/src/moveit2-humble/install/moveit_ros_planning:/home/colcon_ws/src/moveit2-humble/install/moveit_ros_occupancy_map_monitor:/home/colcon_ws/src/moveit2-humble/install/moveit_core:/home/colcon_ws/src/moveit2-humble/install/moveit_configs_utils:/home/colcon_ws/src/moveit2-humble/install/moveit_common:${AMENT_PREFIX_PATH} CMAKE_PREFIX_PATH=/home/colcon_ws/src/moveit2-humble/install/moveit_ros_planning:/home/colcon_ws/src/moveit2-humble/install/moveit_ros_occupancy_map_monitor:/home/colcon_ws/src/moveit2-humble/install/moveit_core:/home/colcon_ws/src/moveit2-humble/install/moveit_common:/home/colcon_ws/install/pilz_industrial_motion_planner_testutils:/home/colcon_ws/install/moveit_runtime:/home/colcon_ws/install/moveit2_tutorials:/home/colcon_ws/install/moveit:/home/colcon_ws/install/moveit_planners:/home/colcon_ws/install/pilz_industrial_motion_planner:/home/colcon_ws/install/origin_hybrid_planning:/home/colcon_ws/install/moveit_visual_tools:/home/colcon_ws/install/moveit_task_constructor_visualization:/home/colcon_ws/install/moveit_task_constructor_demo:/home/colcon_ws/install/moveit_task_constructor_capabilities:/home/colcon_ws/install/moveit_task_constructor_core:/home/colcon_ws/install/moveit_ros_control_interface:/home/colcon_ws/install/moveit_plugins:/home/colcon_ws/install/moveit_simple_controller_manager:/home/colcon_ws/install/moveit_setup_assistant:/home/colcon_ws/install/moveit_setup_srdf_plugins:/home/colcon_ws/install/moveit_setup_core_plugins:/home/colcon_ws/install/moveit_setup_controllers:/home/colcon_ws/install/moveit_setup_app_plugins:/home/colcon_ws/install/moveit_setup_framework:/home/colcon_ws/install/moveit_servo:/home/colcon_ws/install/moveit_ros:/home/colcon_ws/install/moveit_ros_visualization:/home/colcon_ws/install/moveit_hybrid_planning:/home/colcon_ws/install/moveit_ros_planning_interface:/home/colcon_ws/install/moveit_ros_benchmarks:/home/colcon_ws/install/moveit_ros_warehouse:/home/colcon_ws/install/moveit_ros_robot_interaction:/home/colcon_ws/install/moveit_ros_perception:/home/colcon_ws/install/moveit_resources_prbt_pg70_support:/home/colcon_ws/install/moveit_resources_prbt_moveit_config:/home/colcon_ws/install/moveit_ros_move_group:/home/colcon_ws/install/moveit_planners_ompl:/home/colcon_ws/install/moveit_ros_planning:/home/colcon_ws/install/moveit_ros_occupancy_map_monitor:/home/colcon_ws/install/moveit_resources_prbt_ikfast_manipulator_plugin:/home/colcon_ws/install/moveit_planners_chomp:/home/colcon_ws/install/moveit_kinematics:/home/colcon_ws/install/moveit_chomp_optimizer_adapter:/home/colcon_ws/install/chomp_motion_planner:/home/colcon_ws/install/moveit_core:/home/colcon_ws/install/srdfdom:/home/colcon_ws/install/rviz_marker_tools:/home/colcon_ws/install/rosparam_shortcuts:/home/colcon_ws/install/my_messages:/home/colcon_ws/install/moveit_task_constructor_msgs:/home/colcon_ws/install/moveit_resources_prbt_support:/home/colcon_ws/install/moveit_resources:/home/colcon_ws/install/moveit_resources_pr2_description:/home/colcon_ws/install/moveit_resources_panda_moveit_config:/home/colcon_ws/install/moveit_resources_panda_description:/home/colcon_ws/install/moveit_resources_fanuc_moveit_config:/home/colcon_ws/install/moveit_resources_fanuc_description:/home/colcon_ws/install/moveit_common:/home/colcon_ws/install/goal_change_interfaces:/home/colcon_ws/install/cpp_srvcli:/home/colcon_ws/install/moveit_configs_utils:/home/colcon_ws/install/launch_param_builder:/opt/ros/humble LD_LIBRARY_PATH=/home/colcon_ws/src/moveit2-humble/install/moveit_ros_planning/lib:/home/colcon_ws/src/moveit2-humble/install/moveit_ros_occupancy_map_monitor/lib:/home/colcon_ws/src/moveit2-humble/install/moveit_core/lib:${LD_LIBRARY_PATH} PATH=/home/colcon_ws/src/moveit2-humble/install/moveit_core/bin:${PATH} PYTHONPATH=/home/colcon_ws/src/moveit2-humble/install/moveit_configs_utils/lib/python3.10/site-packages:${PYTHONPATH} /usr/bin/cmake --build /home/colcon_ws/src/moveit2-humble/build/moveit_kinematics -- -j16 -l16
[10.928s] Invoking command in '/home/colcon_ws/src/moveit2-humble/build/moveit_kinematics': AMENT_PREFIX_PATH=/home/colcon_ws/src/moveit2-humble/install/moveit_ros_planning:/home/colcon_ws/src/moveit2-humble/install/moveit_ros_occupancy_map_monitor:/home/colcon_ws/src/moveit2-humble/install/moveit_core:/home/colcon_ws/src/moveit2-humble/install/moveit_configs_utils:/home/colcon_ws/src/moveit2-humble/install/moveit_common:${AMENT_PREFIX_PATH} CMAKE_PREFIX_PATH=/home/colcon_ws/src/moveit2-humble/install/moveit_ros_planning:/home/colcon_ws/src/moveit2-humble/install/moveit_ros_occupancy_map_monitor:/home/colcon_ws/src/moveit2-humble/install/moveit_core:/home/colcon_ws/src/moveit2-humble/install/moveit_common:/home/colcon_ws/install/pilz_industrial_motion_planner_testutils:/home/colcon_ws/install/moveit_runtime:/home/colcon_ws/install/moveit2_tutorials:/home/colcon_ws/install/moveit:/home/colcon_ws/install/moveit_planners:/home/colcon_ws/install/pilz_industrial_motion_planner:/home/colcon_ws/install/origin_hybrid_planning:/home/colcon_ws/install/moveit_visual_tools:/home/colcon_ws/install/moveit_task_constructor_visualization:/home/colcon_ws/install/moveit_task_constructor_demo:/home/colcon_ws/install/moveit_task_constructor_capabilities:/home/colcon_ws/install/moveit_task_constructor_core:/home/colcon_ws/install/moveit_ros_control_interface:/home/colcon_ws/install/moveit_plugins:/home/colcon_ws/install/moveit_simple_controller_manager:/home/colcon_ws/install/moveit_setup_assistant:/home/colcon_ws/install/moveit_setup_srdf_plugins:/home/colcon_ws/install/moveit_setup_core_plugins:/home/colcon_ws/install/moveit_setup_controllers:/home/colcon_ws/install/moveit_setup_app_plugins:/home/colcon_ws/install/moveit_setup_framework:/home/colcon_ws/install/moveit_servo:/home/colcon_ws/install/moveit_ros:/home/colcon_ws/install/moveit_ros_visualization:/home/colcon_ws/install/moveit_hybrid_planning:/home/colcon_ws/install/moveit_ros_planning_interface:/home/colcon_ws/install/moveit_ros_benchmarks:/home/colcon_ws/install/moveit_ros_warehouse:/home/colcon_ws/install/moveit_ros_robot_interaction:/home/colcon_ws/install/moveit_ros_perception:/home/colcon_ws/install/moveit_resources_prbt_pg70_support:/home/colcon_ws/install/moveit_resources_prbt_moveit_config:/home/colcon_ws/install/moveit_ros_move_group:/home/colcon_ws/install/moveit_planners_ompl:/home/colcon_ws/install/moveit_ros_planning:/home/colcon_ws/install/moveit_ros_occupancy_map_monitor:/home/colcon_ws/install/moveit_resources_prbt_ikfast_manipulator_plugin:/home/colcon_ws/install/moveit_planners_chomp:/home/colcon_ws/install/moveit_kinematics:/home/colcon_ws/install/moveit_chomp_optimizer_adapter:/home/colcon_ws/install/chomp_motion_planner:/home/colcon_ws/install/moveit_core:/home/colcon_ws/install/srdfdom:/home/colcon_ws/install/rviz_marker_tools:/home/colcon_ws/install/rosparam_shortcuts:/home/colcon_ws/install/my_messages:/home/colcon_ws/install/moveit_task_constructor_msgs:/home/colcon_ws/install/moveit_resources_prbt_support:/home/colcon_ws/install/moveit_resources:/home/colcon_ws/install/moveit_resources_pr2_description:/home/colcon_ws/install/moveit_resources_panda_moveit_config:/home/colcon_ws/install/moveit_resources_panda_description:/home/colcon_ws/install/moveit_resources_fanuc_moveit_config:/home/colcon_ws/install/moveit_resources_fanuc_description:/home/colcon_ws/install/moveit_common:/home/colcon_ws/install/goal_change_interfaces:/home/colcon_ws/install/cpp_srvcli:/home/colcon_ws/install/moveit_configs_utils:/home/colcon_ws/install/launch_param_builder:/opt/ros/humble LD_LIBRARY_PATH=/home/colcon_ws/src/moveit2-humble/install/moveit_ros_planning/lib:/home/colcon_ws/src/moveit2-humble/install/moveit_ros_occupancy_map_monitor/lib:/home/colcon_ws/src/moveit2-humble/install/moveit_core/lib:${LD_LIBRARY_PATH} PATH=/home/colcon_ws/src/moveit2-humble/install/moveit_core/bin:${PATH} PYTHONPATH=/home/colcon_ws/src/moveit2-humble/install/moveit_configs_utils/lib/python3.10/site-packages:${PYTHONPATH} /usr/bin/cmake --install /home/colcon_ws/src/moveit2-humble/build/moveit_kinematics
[10.939s] -- Install configuration: "Debug"
[10.939s] -- Up-to-date: /home/colcon_ws/src/moveit2-humble/install/moveit_kinematics/share/moveit_kinematics/kdl_kinematics_plugin_description.xml
[10.939s] -- Up-to-date: /home/colcon_ws/src/moveit2-humble/install/moveit_kinematics/share/moveit_kinematics/lma_kinematics_plugin_description.xml
[10.939s] -- Up-to-date: /home/colcon_ws/src/moveit2-humble/install/moveit_kinematics/share/moveit_kinematics/srv_kinematics_plugin_description.xml
[10.939s] -- Up-to-date: /home/colcon_ws/src/moveit2-humble/install/moveit_kinematics/share/moveit_kinematics/cached_ik_kinematics_plugin_description.xml
[10.939s] -- Up-to-date: /home/colcon_ws/src/moveit2-humble/install/moveit_kinematics/include
[10.940s] -- Up-to-date: /home/colcon_ws/src/moveit2-humble/install/moveit_kinematics/include/moveit
[10.940s] -- Up-to-date: /home/colcon_ws/src/moveit2-humble/install/moveit_kinematics/include/moveit/cached_ik_kinematics_plugin
[10.940s] -- Up-to-date: /home/colcon_ws/src/moveit2-humble/install/moveit_kinematics/include/moveit/cached_ik_kinematics_plugin/cached_ik_kinematics_plugin.h
[10.940s] -- Up-to-date: /home/colcon_ws/src/moveit2-humble/install/moveit_kinematics/include/moveit/cached_ik_kinematics_plugin/detail
[10.940s] -- Up-to-date: /home/colcon_ws/src/moveit2-humble/install/moveit_kinematics/include/moveit/cached_ik_kinematics_plugin/detail/GreedyKCenters.h
[10.940s] -- Up-to-date: /home/colcon_ws/src/moveit2-humble/install/moveit_kinematics/include/moveit/cached_ik_kinematics_plugin/detail/NearestNeighborsGNAT.h
[10.940s] -- Up-to-date: /home/colcon_ws/src/moveit2-humble/install/moveit_kinematics/include/moveit/cached_ik_kinematics_plugin/detail/NearestNeighbors.h
[10.941s] -- Up-to-date: /home/colcon_ws/src/moveit2-humble/install/moveit_kinematics/include/moveit/cached_ik_kinematics_plugin/cached_ik_kinematics_plugin-inl.h
[10.941s] -- Up-to-date: /home/colcon_ws/src/moveit2-humble/install/moveit_kinematics/share/moveit_kinematics/launch
[10.941s] -- Up-to-date: /home/colcon_ws/src/moveit2-humble/install/moveit_kinematics/share/moveit_kinematics/launch/measure_ik_call_cost.launch
[10.941s] -- Up-to-date: /home/colcon_ws/src/moveit2-humble/install/moveit_kinematics/lib/moveit_kinematics/auto_create_ikfast_moveit_plugin.sh
[10.941s] -- Up-to-date: /home/colcon_ws/src/moveit2-humble/install/moveit_kinematics/lib/moveit_kinematics/create_ikfast_moveit_plugin.py
[10.941s] -- Up-to-date: /home/colcon_ws/src/moveit2-humble/install/moveit_kinematics/lib/moveit_kinematics/round_collada_numbers.py
[10.941s] -- Up-to-date: /home/colcon_ws/src/moveit2-humble/install/moveit_kinematics/share/moveit_kinematics/ikfast_kinematics_plugin/templates
[10.941s] -- Up-to-date: /home/colcon_ws/src/moveit2-humble/install/moveit_kinematics/share/moveit_kinematics/ikfast_kinematics_plugin/templates/ikfast.h
[10.941s] -- Up-to-date: /home/colcon_ws/src/moveit2-humble/install/moveit_kinematics/share/moveit_kinematics/ikfast_kinematics_plugin/templates/ikfast61_moveit_plugin_template.cpp
[10.941s] -- Up-to-date: /home/colcon_ws/src/moveit2-humble/install/moveit_kinematics/share/moveit_kinematics/ikfast_kinematics_plugin/templates/CMakeLists.txt
[10.941s] -- Up-to-date: /home/colcon_ws/src/moveit2-humble/install/moveit_kinematics/include
[10.942s] -- Up-to-date: /home/colcon_ws/src/moveit2-humble/install/moveit_kinematics/include/moveit
[10.942s] -- Up-to-date: /home/colcon_ws/src/moveit2-humble/install/moveit_kinematics/include/moveit/kdl_kinematics_plugin
[10.942s] -- Up-to-date: /home/colcon_ws/src/moveit2-humble/install/moveit_kinematics/include/moveit/kdl_kinematics_plugin/chainiksolver_vel_mimic_svd.hpp
[10.942s] -- Up-to-date: /home/colcon_ws/src/moveit2-humble/install/moveit_kinematics/include/moveit/kdl_kinematics_plugin/joint_mimic.hpp
[10.942s] -- Up-to-date: /home/colcon_ws/src/moveit2-humble/install/moveit_kinematics/include/moveit/kdl_kinematics_plugin/kdl_kinematics_plugin.h
[10.942s] -- Up-to-date: /home/colcon_ws/src/moveit2-humble/install/moveit_kinematics/include
[10.942s] -- Up-to-date: /home/colcon_ws/src/moveit2-humble/install/moveit_kinematics/include/moveit
[10.942s] -- Up-to-date: /home/colcon_ws/src/moveit2-humble/install/moveit_kinematics/include/moveit/lma_kinematics_plugin
[10.942s] -- Up-to-date: /home/colcon_ws/src/moveit2-humble/install/moveit_kinematics/include/moveit/lma_kinematics_plugin/lma_kinematics_plugin.h
[10.942s] -- Up-to-date: /home/colcon_ws/src/moveit2-humble/install/moveit_kinematics/include
[10.942s] -- Up-to-date: /home/colcon_ws/src/moveit2-humble/install/moveit_kinematics/include/moveit
[10.942s] -- Up-to-date: /home/colcon_ws/src/moveit2-humble/install/moveit_kinematics/include/moveit/srv_kinematics_plugin
[10.942s] -- Up-to-date: /home/colcon_ws/src/moveit2-humble/install/moveit_kinematics/include/moveit/srv_kinematics_plugin/srv_kinematics_plugin.h
[10.943s] -- Up-to-date: /home/colcon_ws/src/moveit2-humble/install/moveit_kinematics/share/moveit_kinematics/config
[10.943s] -- Up-to-date: /home/colcon_ws/src/moveit2-humble/install/moveit_kinematics/share/moveit_kinematics/config/fanuc-lma-test.yaml
[10.943s] -- Up-to-date: /home/colcon_ws/src/moveit2-humble/install/moveit_kinematics/share/moveit_kinematics/config/panda-kdl-singular-test.yaml
[10.943s] -- Up-to-date: /home/colcon_ws/src/moveit2-humble/install/moveit_kinematics/share/moveit_kinematics/config/panda-lma-singular-test.yaml
[10.943s] -- Up-to-date: /home/colcon_ws/src/moveit2-humble/install/moveit_kinematics/share/moveit_kinematics/config/panda-lma-test.yaml
[10.943s] -- Up-to-date: /home/colcon_ws/src/moveit2-humble/install/moveit_kinematics/share/moveit_kinematics/config/fanuc-kdl-test.yaml
[10.943s] -- Up-to-date: /home/colcon_ws/src/moveit2-humble/install/moveit_kinematics/share/moveit_kinematics/config/panda-kdl-test.yaml
[10.943s] -- Up-to-date: /home/colcon_ws/src/moveit2-humble/install/moveit_kinematics/share/moveit_kinematics/config/fanuc-kdl-singular-test.yaml
[10.943s] -- Up-to-date: /home/colcon_ws/src/moveit2-humble/install/moveit_kinematics/share/moveit_kinematics/config/fanuc-lma-singular-test.yaml
[10.943s] -- Up-to-date: /home/colcon_ws/src/moveit2-humble/install/moveit_kinematics/share/moveit_kinematics/launch
[10.943s] -- Up-to-date: /home/colcon_ws/src/moveit2-humble/install/moveit_kinematics/share/moveit_kinematics/launch/fanuc-lma.test.py
[10.943s] -- Up-to-date: /home/colcon_ws/src/moveit2-humble/install/moveit_kinematics/share/moveit_kinematics/launch/fanuc-kdl.test.py
[10.943s] -- Up-to-date: /home/colcon_ws/src/moveit2-humble/install/moveit_kinematics/share/moveit_kinematics/launch/fanuc-kdl-singular.test.py
[10.944s] -- Up-to-date: /home/colcon_ws/src/moveit2-humble/install/moveit_kinematics/share/moveit_kinematics/launch/panda-lma.test.py
[10.944s] -- Up-to-date: /home/colcon_ws/src/moveit2-humble/install/moveit_kinematics/share/moveit_kinematics/launch/panda-lma-singular.test.py
[10.944s] -- Up-to-date: /home/colcon_ws/src/moveit2-humble/install/moveit_kinematics/share/moveit_kinematics/launch/panda-kdl-singular.test.py
[10.944s] -- Up-to-date: /home/colcon_ws/src/moveit2-humble/install/moveit_kinematics/share/moveit_kinematics/launch/panda-kdl.test.py
[10.944s] -- Up-to-date: /home/colcon_ws/src/moveit2-humble/install/moveit_kinematics/share/moveit_kinematics/launch/fanuc-lma-singular.test.py
[10.944s] -- Installing: /home/colcon_ws/src/moveit2-humble/install/moveit_kinematics/lib/moveit_kinematics/benchmark_ik
[10.951s] -- Set runtime path of "/home/colcon_ws/src/moveit2-humble/install/moveit_kinematics/lib/moveit_kinematics/benchmark_ik" to ""
[10.952s] -- Installing: /home/colcon_ws/src/moveit2-humble/install/moveit_kinematics/lib/moveit_kinematics/test_kinematics_plugin
[10.971s] -- Set runtime path of "/home/colcon_ws/src/moveit2-humble/install/moveit_kinematics/lib/moveit_kinematics/test_kinematics_plugin" to ""
[10.972s] -- Installing: /home/colcon_ws/src/moveit2-humble/install/moveit_kinematics/lib/libmoveit_cached_ik_kinematics_base.so.2.5.4
[10.976s] -- Set runtime path of "/home/colcon_ws/src/moveit2-humble/install/moveit_kinematics/lib/libmoveit_cached_ik_kinematics_base.so.2.5.4" to ""
[10.976s] -- Up-to-date: /home/colcon_ws/src/moveit2-humble/install/moveit_kinematics/lib/libmoveit_cached_ik_kinematics_base.so
[10.977s] -- Installing: /home/colcon_ws/src/moveit2-humble/install/moveit_kinematics/lib/libmoveit_cached_ik_kinematics_plugin.so.2.5.4
[10.982s] -- Set runtime path of "/home/colcon_ws/src/moveit2-humble/install/moveit_kinematics/lib/libmoveit_cached_ik_kinematics_plugin.so.2.5.4" to ""
[10.982s] -- Up-to-date: /home/colcon_ws/src/moveit2-humble/install/moveit_kinematics/lib/libmoveit_cached_ik_kinematics_plugin.so
[10.984s] -- Installing: /home/colcon_ws/src/moveit2-humble/install/moveit_kinematics/lib/libmoveit_kdl_kinematics_plugin.so
[11.008s] -- Set runtime path of "/home/colcon_ws/src/moveit2-humble/install/moveit_kinematics/lib/libmoveit_kdl_kinematics_plugin.so" to ""
[11.008s] -- Installing: /home/colcon_ws/src/moveit2-humble/install/moveit_kinematics/lib/libmoveit_lma_kinematics_plugin.so.2.5.4
[11.017s] -- Set runtime path of "/home/colcon_ws/src/moveit2-humble/install/moveit_kinematics/lib/libmoveit_lma_kinematics_plugin.so.2.5.4" to ""
[11.017s] -- Up-to-date: /home/colcon_ws/src/moveit2-humble/install/moveit_kinematics/lib/libmoveit_lma_kinematics_plugin.so
[11.017s] -- Installing: /home/colcon_ws/src/moveit2-humble/install/moveit_kinematics/lib/libmoveit_srv_kinematics_plugin.so.2.5.4
[11.027s] -- Set runtime path of "/home/colcon_ws/src/moveit2-humble/install/moveit_kinematics/lib/libmoveit_srv_kinematics_plugin.so.2.5.4" to ""
[11.028s] -- Up-to-date: /home/colcon_ws/src/moveit2-humble/install/moveit_kinematics/lib/libmoveit_srv_kinematics_plugin.so
[11.028s] -- Up-to-date: /home/colcon_ws/src/moveit2-humble/install/moveit_kinematics/share/moveit_kinematics/environment/library_path.sh
[11.028s] -- Installing: /home/colcon_ws/src/moveit2-humble/install/moveit_kinematics/share/moveit_kinematics/environment/library_path.dsv
[11.028s] -- Up-to-date: /home/colcon_ws/src/moveit2-humble/install/moveit_kinematics/share/ament_index/resource_index/package_run_dependencies/moveit_kinematics
[11.028s] -- Installing: /home/colcon_ws/src/moveit2-humble/install/moveit_kinematics/share/ament_index/resource_index/parent_prefix_path/moveit_kinematics
[11.028s] -- Up-to-date: /home/colcon_ws/src/moveit2-humble/install/moveit_kinematics/share/moveit_kinematics/environment/ament_prefix_path.sh
[11.028s] -- Installing: /home/colcon_ws/src/moveit2-humble/install/moveit_kinematics/share/moveit_kinematics/environment/ament_prefix_path.dsv
[11.028s] -- Up-to-date: /home/colcon_ws/src/moveit2-humble/install/moveit_kinematics/share/moveit_kinematics/environment/path.sh
[11.028s] -- Installing: /home/colcon_ws/src/moveit2-humble/install/moveit_kinematics/share/moveit_kinematics/environment/path.dsv
[11.029s] -- Up-to-date: /home/colcon_ws/src/moveit2-humble/install/moveit_kinematics/share/moveit_kinematics/local_setup.bash
[11.029s] -- Up-to-date: /home/colcon_ws/src/moveit2-humble/install/moveit_kinematics/share/moveit_kinematics/local_setup.sh
[11.029s] -- Up-to-date: /home/colcon_ws/src/moveit2-humble/install/moveit_kinematics/share/moveit_kinematics/local_setup.zsh
[11.029s] -- Installing: /home/colcon_ws/src/moveit2-humble/install/moveit_kinematics/share/moveit_kinematics/local_setup.dsv
[11.029s] -- Installing: /home/colcon_ws/src/moveit2-humble/install/moveit_kinematics/share/moveit_kinematics/package.dsv
[11.029s] -- Up-to-date: /home/colcon_ws/src/moveit2-humble/install/moveit_kinematics/share/ament_index/resource_index/packages/moveit_kinematics
[11.029s] -- Up-to-date: /home/colcon_ws/src/moveit2-humble/install/moveit_kinematics/share/ament_index/resource_index/moveit_core__pluginlib__plugin/moveit_kinematics
[11.030s] -- Up-to-date: /home/colcon_ws/src/moveit2-humble/install/moveit_kinematics/share/moveit_kinematics/cmake/export_moveit_kinematicsExport.cmake
[11.030s] -- Up-to-date: /home/colcon_ws/src/moveit2-humble/install/moveit_kinematics/share/moveit_kinematics/cmake/export_moveit_kinematicsExport-debug.cmake
[11.030s] -- Up-to-date: /home/colcon_ws/src/moveit2-humble/install/moveit_kinematics/share/moveit_kinematics/cmake/ConfigExtras.cmake
[11.030s] -- Up-to-date: /home/colcon_ws/src/moveit2-humble/install/moveit_kinematics/share/moveit_kinematics/cmake/ament_cmake_export_targets-extras.cmake
[11.030s] -- Up-to-date: /home/colcon_ws/src/moveit2-humble/install/moveit_kinematics/share/moveit_kinematics/cmake/ament_cmake_export_dependencies-extras.cmake
[11.030s] -- Up-to-date: /home/colcon_ws/src/moveit2-humble/install/moveit_kinematics/share/moveit_kinematics/cmake/moveit_kinematicsConfig.cmake
[11.030s] -- Up-to-date: /home/colcon_ws/src/moveit2-humble/install/moveit_kinematics/share/moveit_kinematics/cmake/moveit_kinematicsConfig-version.cmake
[11.030s] -- Up-to-date: /home/colcon_ws/src/moveit2-humble/install/moveit_kinematics/share/moveit_kinematics/package.xml
[11.034s] Invoked command in '/home/colcon_ws/src/moveit2-humble/build/moveit_kinematics' returned '0': AMENT_PREFIX_PATH=/home/colcon_ws/src/moveit2-humble/install/moveit_ros_planning:/home/colcon_ws/src/moveit2-humble/install/moveit_ros_occupancy_map_monitor:/home/colcon_ws/src/moveit2-humble/install/moveit_core:/home/colcon_ws/src/moveit2-humble/install/moveit_configs_utils:/home/colcon_ws/src/moveit2-humble/install/moveit_common:${AMENT_PREFIX_PATH} CMAKE_PREFIX_PATH=/home/colcon_ws/src/moveit2-humble/install/moveit_ros_planning:/home/colcon_ws/src/moveit2-humble/install/moveit_ros_occupancy_map_monitor:/home/colcon_ws/src/moveit2-humble/install/moveit_core:/home/colcon_ws/src/moveit2-humble/install/moveit_common:/home/colcon_ws/install/pilz_industrial_motion_planner_testutils:/home/colcon_ws/install/moveit_runtime:/home/colcon_ws/install/moveit2_tutorials:/home/colcon_ws/install/moveit:/home/colcon_ws/install/moveit_planners:/home/colcon_ws/install/pilz_industrial_motion_planner:/home/colcon_ws/install/origin_hybrid_planning:/home/colcon_ws/install/moveit_visual_tools:/home/colcon_ws/install/moveit_task_constructor_visualization:/home/colcon_ws/install/moveit_task_constructor_demo:/home/colcon_ws/install/moveit_task_constructor_capabilities:/home/colcon_ws/install/moveit_task_constructor_core:/home/colcon_ws/install/moveit_ros_control_interface:/home/colcon_ws/install/moveit_plugins:/home/colcon_ws/install/moveit_simple_controller_manager:/home/colcon_ws/install/moveit_setup_assistant:/home/colcon_ws/install/moveit_setup_srdf_plugins:/home/colcon_ws/install/moveit_setup_core_plugins:/home/colcon_ws/install/moveit_setup_controllers:/home/colcon_ws/install/moveit_setup_app_plugins:/home/colcon_ws/install/moveit_setup_framework:/home/colcon_ws/install/moveit_servo:/home/colcon_ws/install/moveit_ros:/home/colcon_ws/install/moveit_ros_visualization:/home/colcon_ws/install/moveit_hybrid_planning:/home/colcon_ws/install/moveit_ros_planning_interface:/home/colcon_ws/install/moveit_ros_benchmarks:/home/colcon_ws/install/moveit_ros_warehouse:/home/colcon_ws/install/moveit_ros_robot_interaction:/home/colcon_ws/install/moveit_ros_perception:/home/colcon_ws/install/moveit_resources_prbt_pg70_support:/home/colcon_ws/install/moveit_resources_prbt_moveit_config:/home/colcon_ws/install/moveit_ros_move_group:/home/colcon_ws/install/moveit_planners_ompl:/home/colcon_ws/install/moveit_ros_planning:/home/colcon_ws/install/moveit_ros_occupancy_map_monitor:/home/colcon_ws/install/moveit_resources_prbt_ikfast_manipulator_plugin:/home/colcon_ws/install/moveit_planners_chomp:/home/colcon_ws/install/moveit_kinematics:/home/colcon_ws/install/moveit_chomp_optimizer_adapter:/home/colcon_ws/install/chomp_motion_planner:/home/colcon_ws/install/moveit_core:/home/colcon_ws/install/srdfdom:/home/colcon_ws/install/rviz_marker_tools:/home/colcon_ws/install/rosparam_shortcuts:/home/colcon_ws/install/my_messages:/home/colcon_ws/install/moveit_task_constructor_msgs:/home/colcon_ws/install/moveit_resources_prbt_support:/home/colcon_ws/install/moveit_resources:/home/colcon_ws/install/moveit_resources_pr2_description:/home/colcon_ws/install/moveit_resources_panda_moveit_config:/home/colcon_ws/install/moveit_resources_panda_description:/home/colcon_ws/install/moveit_resources_fanuc_moveit_config:/home/colcon_ws/install/moveit_resources_fanuc_description:/home/colcon_ws/install/moveit_common:/home/colcon_ws/install/goal_change_interfaces:/home/colcon_ws/install/cpp_srvcli:/home/colcon_ws/install/moveit_configs_utils:/home/colcon_ws/install/launch_param_builder:/opt/ros/humble LD_LIBRARY_PATH=/home/colcon_ws/src/moveit2-humble/install/moveit_ros_planning/lib:/home/colcon_ws/src/moveit2-humble/install/moveit_ros_occupancy_map_monitor/lib:/home/colcon_ws/src/moveit2-humble/install/moveit_core/lib:${LD_LIBRARY_PATH} PATH=/home/colcon_ws/src/moveit2-humble/install/moveit_core/bin:${PATH} PYTHONPATH=/home/colcon_ws/src/moveit2-humble/install/moveit_configs_utils/lib/python3.10/site-packages:${PYTHONPATH} /usr/bin/cmake --install /home/colcon_ws/src/moveit2-humble/build/moveit_kinematics
