[0.549s] Invoking command in '/home/colcon_ws/src/moveit2-humble/moveit_configs_utils': PYTHONPATH=/home/colcon_ws/src/moveit2-humble/build/moveit_configs_utils/prefix_override:/home/colcon_ws/src/moveit2-humble/install/moveit_configs_utils/lib/python3.10/site-packages:${PYTHONPATH} /usr/bin/python3 setup.py egg_info --egg-base ../build/moveit_configs_utils build --build-base /home/colcon_ws/src/moveit2-humble/build/moveit_configs_utils/build install --record /home/colcon_ws/src/moveit2-humble/build/moveit_configs_utils/install.log --single-version-externally-managed
[0.743s] running egg_info
[0.743s] writing ../build/moveit_configs_utils/moveit_configs_utils.egg-info/PKG-INFO
[0.744s] writing dependency_links to ../build/moveit_configs_utils/moveit_configs_utils.egg-info/dependency_links.txt
[0.744s] writing entry points to ../build/moveit_configs_utils/moveit_configs_utils.egg-info/entry_points.txt
[0.744s] writing requirements to ../build/moveit_configs_utils/moveit_configs_utils.egg-info/requires.txt
[0.744s] writing top-level names to ../build/moveit_configs_utils/moveit_configs_utils.egg-info/top_level.txt
[0.745s] reading manifest file '../build/moveit_configs_utils/moveit_configs_utils.egg-info/SOURCES.txt'
[0.746s] writing manifest file '../build/moveit_configs_utils/moveit_configs_utils.egg-info/SOURCES.txt'
[0.747s] running build
[0.747s] running build_py
[0.747s] running install
[0.747s] /usr/lib/python3/dist-packages/setuptools/command/install.py:34: SetuptoolsDeprecationWarning: setup.py install is deprecated. Use build and pip and other standards-based tools.
[0.747s]   warnings.warn(
[0.747s] running install_lib
[0.748s] running install_data
[0.749s] running install_egg_info
[0.750s] removing '/home/colcon_ws/src/moveit2-humble/install/moveit_configs_utils/lib/python3.10/site-packages/moveit_configs_utils-2.5.3-py3.10.egg-info' (and everything under it)
[0.750s] Copying ../build/moveit_configs_utils/moveit_configs_utils.egg-info to /home/colcon_ws/src/moveit2-humble/install/moveit_configs_utils/lib/python3.10/site-packages/moveit_configs_utils-2.5.3-py3.10.egg-info
[0.751s] running install_scripts
[0.768s] writing list of installed files to '/home/colcon_ws/src/moveit2-humble/build/moveit_configs_utils/install.log'
[0.784s] Invoked command in '/home/colcon_ws/src/moveit2-humble/moveit_configs_utils' returned '0': PYTHONPATH=/home/colcon_ws/src/moveit2-humble/build/moveit_configs_utils/prefix_override:/home/colcon_ws/src/moveit2-humble/install/moveit_configs_utils/lib/python3.10/site-packages:${PYTHONPATH} /usr/bin/python3 setup.py egg_info --egg-base ../build/moveit_configs_utils build --build-base /home/colcon_ws/src/moveit2-humble/build/moveit_configs_utils/build install --record /home/colcon_ws/src/moveit2-humble/build/moveit_configs_utils/install.log --single-version-externally-managed
